2025-01-20 12:10:58,139 - device          : cuda:1
2025-01-20 12:10:58,139 - model           : resnet101
2025-01-20 12:10:58,139 - mlp             : 0
2025-01-20 12:10:58,139 - vae             : False
2025-01-20 12:10:58,139 - epochs          : 50
2025-01-20 12:10:58,140 - batch           : 10
2025-01-20 12:10:58,140 - lr              : 0.0001
2025-01-20 12:10:58,140 - crop            : 512
2025-01-20 12:10:58,140 - optimizer       : adam
2025-01-20 12:10:58,140 - biases          : False
2025-01-20 12:10:58,140 - focal_loss      : 0
2025-01-20 12:10:58,140 - activation      : softmax
2025-01-20 12:10:58,140 - class_weights   : True
2025-01-20 12:10:58,140 - norm_weights    : True
2025-01-20 12:10:58,140 - p               : 0.3
2025-01-20 12:10:58,140 - entropy         : 0
2025-01-20 12:10:58,148 - Dataset Creati
2025-01-20 12:10:58,148 - Training images: 5125
2025-01-20 12:10:58,148 - Validation images: 1031

2025-01-20 12:10:58,149 - Dataloader Creati
2025-01-20 12:10:58,149 - Training batches: 512
2025-01-20 12:10:58,149 - Validation batches: 128

2025-01-20 12:11:01,756 - Model: deeplabv3plus_resnet101

2025-01-20 12:11:01,820 - Modello caricato correttamente su cuda:1

2025-01-20 12:11:01,822 - Inizio del training
2025-01-20 12:11:01,823 - optimizer: Adam (
Parameter Group 0
    amsgrad: False
    betas: (0.9, 0.999)
    capturable: False
    differentiable: False
    eps: 1e-08
    foreach: None
    fused: False
    lr: 0.0001
    maximize: False
    weight_decay: 0.0001

Parameter Group 1
    amsgrad: False
    betas: (0.9, 0.999)
    capturable: False
    differentiable: False
    eps: 1e-08
    foreach: None
    fused: False
    lr: 1e-05
    maximize: False
    weight_decay: 0.0001
)
2025-01-20 12:11:01,823 - loss:      ArcFaceLoss(
  (loss): CrossEntropyLoss()
)
2025-01-20 12:11:01,823 - epochs:    15
2025-01-20 12:11:01,823 - name:      weights_0

2025-01-20 12:17:45,726 - Epoch    Loss       Val Loss   mIoU       minIoU     maxIoU     LR      
2025-01-20 12:17:45,727 - 0        21.999972  19.293585  0.159326   0.000152   0.809571   1.0e-04 , 1.0e-05 
2025-01-20 12:24:29,333 - 1        18.132942  17.889989  0.174015   0.000174   0.822515   1.0e-04 , 1.0e-05 
2025-01-20 12:24:29,333 - > saved mIoU
2025-01-20 12:31:15,011 - 2        16.344466  16.857264  0.219093   0.000716   0.831777   1.0e-04 , 1.0e-05 
2025-01-20 12:31:15,011 - > saved mIoU
2025-01-20 12:38:00,406 - 3        14.839370  15.787091  0.242347   0.001327   0.839503   1.0e-04 , 1.0e-05 
2025-01-20 12:38:00,407 - > saved mIoU
2025-01-20 12:44:46,325 - 4        13.954911  15.472323  0.243184   0.001832   0.832012   1.0e-04 , 1.0e-05 
2025-01-20 12:44:46,325 - > saved mIoU
2025-01-20 12:51:31,038 - 5        13.145186  15.268039  0.251387   0.001858   0.834878   1.0e-04 , 1.0e-05 
2025-01-20 12:51:31,038 - > saved mIoU
2025-01-20 12:58:15,231 - 6        12.566572  14.924005  0.252593   0.004016   0.835354   1.0e-04 , 1.0e-05 
2025-01-20 12:58:15,231 - > saved mIoU
2025-01-20 13:05:00,948 - 7        12.156089  14.755793  0.265522   0.004524   0.837046   1.0e-04 , 1.0e-05 
2025-01-20 13:05:00,949 - > saved mIoU
2025-01-20 13:11:45,298 - 8        11.776840  14.457330  0.259072   0.004210   0.833695   1.0e-04 , 1.0e-05 
2025-01-20 13:18:28,939 - 9        11.292184  14.378626  0.260092   0.004076   0.827375   1.0e-04 , 1.0e-05 
2025-01-20 13:25:13,760 - 10       11.001763  13.963269  0.265137   0.004061   0.829567   1.0e-04 , 1.0e-05 
2025-01-20 13:31:57,562 - 11       10.763357  13.863557  0.269444   0.004307   0.834743   1.0e-04 , 1.0e-05 
2025-01-20 13:31:57,563 - > saved mIoU
2025-01-20 13:38:41,518 - 12       10.301618  13.521478  0.270210   0.003440   0.828218   1.0e-04 , 1.0e-05 
2025-01-20 13:38:41,519 - > saved mIoU
2025-01-20 13:45:25,361 - 13       10.124576  13.409672  0.268544   0.003971   0.824173   1.0e-04 , 1.0e-05 
2025-01-20 13:52:08,863 - 14       9.874546   13.114625  0.285093   0.003085   0.834316   1.0e-04 , 1.0e-05 
2025-01-20 13:52:08,864 - > saved mIoU
2025-01-20 13:52:09,366 - Fine del training

2025-01-20 13:52:09,620 - 
Caricati i pesi in: /raid/homespace/piecestola/space/ML4CV/results/train_10/ckpts/weights_mIoU_0.pt

2025-01-20 13:52:09,627 - Inizio del training
2025-01-20 13:52:09,627 - optimizer: Adam (
Parameter Group 0
    amsgrad: False
    betas: (0.9, 0.999)
    capturable: False
    differentiable: False
    eps: 1e-08
    foreach: None
    fused: False
    lr: 0.0001
    maximize: False
    weight_decay: 0.0001

Parameter Group 1
    amsgrad: False
    betas: (0.9, 0.999)
    capturable: False
    differentiable: False
    eps: 1e-08
    foreach: None
    fused: False
    lr: 1e-05
    maximize: False
    weight_decay: 0.0001
)
2025-01-20 13:52:09,627 - loss:      ArcFaceLoss(
  (loss): CrossEntropyLoss()
)
2025-01-20 13:52:09,628 - epochs:    50
2025-01-20 13:52:09,628 - name:      weights_1

2025-01-20 14:10:35,887 - Epoch    Loss       Val Loss   mIoU       minIoU     maxIoU     LR      
2025-01-20 14:10:35,887 - 0        8.655113   13.207552  0.270017   0.014108   0.821570   1.0e-04 , 1.0e-05 
2025-01-20 14:29:01,999 - 1        6.508956   11.391078  0.341574   0.005543   0.834355   1.0e-04 , 1.0e-05 
2025-01-20 14:29:01,999 - > saved mIoU
2025-01-20 14:47:29,243 - 2        5.153273   10.923491  0.376550   0.004636   0.849103   1.0e-04 , 1.0e-05 
2025-01-20 14:47:29,243 - > saved mIoU
2025-01-20 15:05:57,146 - 3        4.278332   10.629741  0.399616   0.004364   0.850885   1.0e-04 , 1.0e-05 
2025-01-20 15:05:57,147 - > saved mIoU
2025-01-20 15:24:28,333 - 4        3.689359   9.571355   0.398857   0.003242   0.853502   1.0e-04 , 1.0e-05 
2025-01-20 15:24:28,333 - > saved minIoU
2025-01-20 15:42:56,921 - 5        3.220312   9.813205   0.435634   0.003207   0.872242   1.0e-04 , 1.0e-05 
2025-01-20 15:42:56,922 - > saved mIoU
2025-01-20 16:01:25,995 - 6        2.825892   9.035331   0.431162   0.004382   0.869188   1.0e-04 , 1.0e-05 
2025-01-20 16:19:52,071 - 7        2.553301   8.928342   0.444972   0.005331   0.869550   1.0e-04 , 1.0e-05 
2025-01-20 16:19:52,072 - > saved mIoU
2025-01-20 16:38:21,945 - 8        2.362045   8.596585   0.450065   0.004229   0.875655   1.0e-04 , 1.0e-05 
2025-01-20 16:38:21,946 - > saved mIoU
2025-01-20 16:56:48,756 - 9        2.186740   8.406258   0.433279   0.005628   0.861662   1.0e-04 , 1.0e-05 
2025-01-20 17:15:14,500 - 10       2.101084   8.294872   0.456139   0.006548   0.868846   1.0e-04 , 1.0e-05 
2025-01-20 17:15:14,501 - > saved mIoU
2025-01-20 17:33:44,006 - 11       1.991542   8.236908   0.459734   0.007260   0.889243   1.0e-04 , 1.0e-05 
2025-01-20 17:33:44,007 - > saved mIoU
2025-01-20 17:52:10,978 - 12       1.947325   7.802063   0.470574   0.006938   0.867133   1.0e-04 , 1.0e-05 
2025-01-20 17:52:10,979 - > saved mIoU
2025-01-20 18:10:38,571 - 13       1.870721   7.587761   0.475364   0.005516   0.869095   1.0e-04 , 1.0e-05 
2025-01-20 18:10:38,572 - > saved mIoU
2025-01-20 18:29:06,128 - 14       1.786005   8.531160   0.452884   0.010944   0.875006   1.0e-04 , 1.0e-05 
2025-01-20 18:47:32,166 - Epoch    Loss       Val Loss   mIoU       minIoU     maxIoU     LR      
2025-01-20 18:47:32,166 - 15       1.748559   7.585308   0.461585   0.007118   0.872183   1.0e-04 , 1.0e-05 
2025-01-20 19:05:58,667 - 16       1.730720   9.111556   0.453490   0.008910   0.882791   1.0e-04 , 1.0e-05 
2025-01-20 19:24:25,109 - 17       1.652541   7.582554   0.468178   0.009269   0.863589   1.0e-04 , 1.0e-05 
2025-01-20 19:42:51,254 - 18       1.602214   9.213460   0.451080   0.010843   0.892292   1.0e-04 , 1.0e-05 
2025-01-20 20:01:17,846 - 19       1.572986   8.363743   0.470143   0.011655   0.900287   1.0e-04 , 1.0e-05 
2025-01-20 20:19:44,016 - 20       1.553883   8.773396   0.453151   0.012686   0.874640   1.0e-04 , 1.0e-05 
2025-01-20 20:38:10,403 - 21       1.539112   8.575702   0.471020   0.011452   0.894138   1.0e-04 , 1.0e-05 
2025-01-20 20:56:37,805 - 22       1.485337   7.192747   0.479229   0.011522   0.868414   1.0e-04 , 1.0e-05 
2025-01-20 20:56:37,806 - > saved mIoU
2025-01-20 21:15:05,748 - 23       1.482431   9.689268   0.445973   0.010964   0.867114   1.0e-04 , 1.0e-05 
2025-01-20 21:33:32,750 - 24       1.454486   8.745444   0.452610   0.014261   0.873077   1.0e-04 , 1.0e-05 
2025-01-20 21:52:00,305 - 25       1.420343   8.538757   0.466201   0.012382   0.876218   1.0e-04 , 1.0e-05 
2025-01-20 22:10:26,961 - 26       1.417784   8.042721   0.471845   0.010345   0.898152   1.0e-04 , 1.0e-05 
2025-01-20 22:28:53,787 - 27       1.378617   9.003884   0.454755   0.019643   0.886551   1.0e-04 , 1.0e-05 
2025-01-20 22:47:20,854 - 28       1.381935   10.287830  0.456414   0.019208   0.905507   1.0e-04 , 1.0e-05 
2025-01-20 23:05:47,115 - 29       1.392498   8.205173   0.471187   0.020356   0.894353   5.0e-05 , 5.0e-06 
2025-01-20 23:24:14,302 - Epoch    Loss       Val Loss   mIoU       minIoU     maxIoU     LR      
2025-01-20 23:24:14,302 - 30       1.310356   8.489764   0.479038   0.017002   0.894612   5.0e-05 , 5.0e-06 
2025-01-20 23:42:41,404 - 31       1.294162   8.275892   0.483606   0.020252   0.896074   5.0e-05 , 5.0e-06 
2025-01-20 23:42:41,405 - > saved mIoU
2025-01-21 00:01:08,775 - 32       1.293128   8.940840   0.474185   0.019986   0.899333   5.0e-05 , 5.0e-06 
2025-01-21 00:19:38,878 - 33       1.266208   9.289733   0.473739   0.016401   0.905153   5.0e-05 , 5.0e-06 
2025-01-21 00:38:05,579 - 34       1.258713   8.411236   0.483059   0.022923   0.903554   5.0e-05 , 5.0e-06 
2025-01-21 00:56:31,979 - 35       1.251445   8.839074   0.480934   0.026841   0.905728   2.5e-05 , 2.5e-06 
2025-01-21 01:14:58,229 - 36       1.222887   8.648766   0.488321   0.019616   0.905796   2.5e-05 , 2.5e-06 
2025-01-21 01:14:58,229 - > saved mIoU
2025-01-21 01:33:27,043 - 37       1.223745   8.428316   0.491777   0.017224   0.905828   2.5e-05 , 2.5e-06 
2025-01-21 01:33:27,044 - > saved mIoU
2025-01-21 01:51:55,529 - 38       1.216832   8.349616   0.491561   0.018143   0.905230   2.5e-05 , 2.5e-06 
2025-01-21 02:10:22,811 - 39       1.204242   8.314042   0.486918   0.015335   0.901884   2.5e-05 , 2.5e-06 
2025-01-21 02:28:50,084 - 40       1.219693   8.495670   0.485794   0.024275   0.904141   2.5e-05 , 2.5e-06 
2025-01-21 02:47:16,675 - 41       1.196036   8.491780   0.483283   0.016266   0.899943   1.3e-05 , 1.3e-06 
2025-01-21 03:05:43,334 - 42       1.198758   8.277409   0.484293   0.016944   0.898798   1.3e-05 , 1.3e-06 
2025-01-21 03:24:09,639 - 43       1.195006   8.273316   0.485097   0.021056   0.899144   1.3e-05 , 1.3e-06 
2025-01-21 03:42:36,243 - 44       1.179753   8.465974   0.483166   0.019096   0.898623   1.3e-05 , 1.3e-06 
2025-01-21 04:01:03,272 - Epoch    Loss       Val Loss   mIoU       minIoU     maxIoU     LR      
2025-01-21 04:01:03,273 - 45       1.187870   8.325542   0.483866   0.017842   0.902431   1.3e-05 , 1.3e-06 
2025-01-21 04:19:30,084 - 46       1.183983   8.417733   0.483182   0.018231   0.900903   1.3e-05 , 1.3e-06 
2025-01-21 04:37:56,231 - 47       1.185930   8.412245   0.483268   0.021360   0.902102   6.3e-06 , 6.3e-07 
2025-01-21 04:56:22,736 - 48       1.183888   8.269516   0.485825   0.020199   0.901930   6.3e-06 , 6.3e-07 
2025-01-21 05:14:48,020 - 49       1.171077   8.431501   0.483772   0.020370   0.901701   6.3e-06 , 6.3e-07 
2025-01-21 05:14:48,021 - Fine del training

