2024-12-21 13:13:00,045 - device          : cuda:3
2024-12-21 13:13:00,045 - model           : resnet101
2024-12-21 13:13:00,045 - epochs          : 50
2024-12-21 13:13:00,045 - batch           : 16
2024-12-21 13:13:00,045 - lr              : 0.0001
2024-12-21 13:13:00,045 - crop            : 450
2024-12-21 13:13:00,045 - optimizer       : adam
2024-12-21 13:13:00,045 - biases          : False
2024-12-21 13:13:00,045 - focal_loss      : 0
2024-12-21 13:13:00,046 - activation      : sigmoid
2024-12-21 13:13:00,046 - class_weights   : False
2024-12-21 13:13:00,046 - norm_weights    : True
2024-12-21 13:13:00,054 - Dataset Creati
2024-12-21 13:13:00,054 - Training images: 5125
2024-12-21 13:13:00,054 - Validation images: 1031

2024-12-21 13:13:00,055 - Dataloader Creati
2024-12-21 13:13:00,055 - Training batches: 320
2024-12-21 13:13:00,055 - Validation batches: 128

2024-12-21 13:13:04,033 - Model: deeplabv3plus_resnet101

2024-12-21 13:13:04,100 - Modello caricato correttamente su cuda:3

2024-12-21 13:13:04,103 - Inizio del training
2024-12-21 13:13:04,103 - optimizer: Adam (
Parameter Group 0
    amsgrad: False
    betas: (0.9, 0.999)
    capturable: False
    differentiable: False
    eps: 1e-08
    foreach: None
    fused: False
    lr: 0.0001
    maximize: False
    weight_decay: 0.0001

Parameter Group 1
    amsgrad: False
    betas: (0.9, 0.999)
    capturable: False
    differentiable: False
    eps: 1e-08
    foreach: None
    fused: False
    lr: 1e-05
    maximize: False
    weight_decay: 0.0001
)
2024-12-21 13:13:04,103 - loss:      ArcFaceLoss(
  (loss): BCELossModified()
)
2024-12-21 13:13:04,103 - epochs:    15
2024-12-21 13:13:04,104 - name:      weights_0

2024-12-21 13:19:37,770 - Epoch    Loss       Val Loss   mIoU       minIoU     maxIoU     LR      
2024-12-21 13:19:37,771 - 0        0.926087   0.587782   0.233972   0.000000   0.803828   1.0e-04 , 1.0e-05 
2024-12-21 13:26:12,619 - 1        0.667214   0.508482   0.253919   0.000000   0.811456   1.0e-04 , 1.0e-05 
2024-12-21 13:26:12,620 - > saved mIoU
2024-12-21 13:32:48,002 - 2        0.625213   0.482699   0.263137   0.000000   0.815800   1.0e-04 , 1.0e-05 
2024-12-21 13:32:48,003 - > saved mIoU
2024-12-21 13:39:22,964 - 3        0.600445   0.474107   0.268871   0.000000   0.821045   1.0e-04 , 1.0e-05 
2024-12-21 13:39:22,965 - > saved mIoU
2024-12-21 13:45:59,701 - 4        0.583992   0.470388   0.273504   0.000000   0.826006   1.0e-04 , 1.0e-05 
2024-12-21 13:45:59,701 - > saved mIoU
2024-12-21 13:52:33,967 - 5        0.575237   0.474629   0.275949   0.000000   0.823397   1.0e-04 , 1.0e-05 
2024-12-21 13:52:33,968 - > saved mIoU
2024-12-21 13:59:10,468 - 6        0.565438   0.480256   0.276368   0.000000   0.820136   1.0e-04 , 1.0e-05 
2024-12-21 13:59:10,469 - > saved mIoU
2024-12-21 14:05:45,799 - 7        0.558497   0.462779   0.280856   0.000000   0.823347   1.0e-04 , 1.0e-05 
2024-12-21 14:05:45,800 - > saved mIoU
2024-12-21 14:12:21,118 - 8        0.546042   0.463997   0.279573   0.000000   0.825430   1.0e-04 , 1.0e-05 
2024-12-21 14:18:55,509 - 9        0.549043   0.452630   0.282964   0.000000   0.821162   1.0e-04 , 1.0e-05 
2024-12-21 14:18:55,509 - > saved mIoU
2024-12-21 14:25:29,484 - 10       0.535496   0.473763   0.283206   0.000000   0.824579   1.0e-04 , 1.0e-05 
2024-12-21 14:25:29,485 - > saved mIoU
2024-12-21 14:32:05,579 - 11       0.531393   0.463598   0.285539   0.000000   0.826937   1.0e-04 , 1.0e-05 
2024-12-21 14:32:05,579 - > saved mIoU
2024-12-21 14:38:38,788 - 12       0.531056   0.455827   0.289167   0.000000   0.827995   1.0e-04 , 1.0e-05 
2024-12-21 14:38:38,789 - > saved mIoU
2024-12-21 14:45:12,713 - 13       0.524228   0.461351   0.286546   0.000000   0.824974   1.0e-04 , 1.0e-05 
2024-12-21 14:51:45,861 - 14       0.524447   0.456616   0.290526   0.000000   0.825656   1.0e-04 , 1.0e-05 
2024-12-21 14:51:45,861 - > saved mIoU
2024-12-21 14:51:46,376 - Fine del training

2024-12-21 14:51:46,667 - 
Caricati i pesi in: /home/piecestola/space/ML4CV/results/train_7/ckpts/weights_mIoU_0.pt

2024-12-21 14:51:46,669 - Inizio del training
2024-12-21 14:51:46,669 - optimizer: Adam (
Parameter Group 0
    amsgrad: False
    betas: (0.9, 0.999)
    capturable: False
    differentiable: False
    eps: 1e-08
    foreach: None
    fused: False
    lr: 0.0001
    maximize: False
    weight_decay: 0.0001

Parameter Group 1
    amsgrad: False
    betas: (0.9, 0.999)
    capturable: False
    differentiable: False
    eps: 1e-08
    foreach: None
    fused: False
    lr: 1e-05
    maximize: False
    weight_decay: 0.0001
)
2024-12-21 14:51:46,669 - loss:      ArcFaceLoss(
  (loss): BCELossModified()
)
2024-12-21 14:51:46,669 - epochs:    50
2024-12-21 14:51:46,669 - name:      weights_1

2024-12-21 15:06:27,090 - Epoch    Loss       Val Loss   mIoU       minIoU     maxIoU     LR      
2024-12-21 15:06:27,090 - 0        0.422321   0.334516   0.336336   0.000000   0.899523   1.0e-04 , 1.0e-05 
2024-12-21 15:21:06,671 - 1        0.319595   0.319841   0.359783   0.000000   0.906251   1.0e-04 , 1.0e-05 
2024-12-21 15:21:06,672 - > saved mIoU
2024-12-21 15:35:47,802 - 2        0.262412   0.306179   0.395367   0.000000   0.913825   1.0e-04 , 1.0e-05 
2024-12-21 15:35:47,802 - > saved mIoU
2024-12-21 15:50:25,507 - 3        0.233216   0.324664   0.411076   0.000000   0.878718   1.0e-04 , 1.0e-05 
2024-12-21 15:50:25,507 - > saved mIoU
2024-12-21 16:05:10,361 - 4        0.208432   0.289043   0.454045   0.000000   0.915056   1.0e-04 , 1.0e-05 
2024-12-21 16:05:10,362 - > saved mIoU
2024-12-21 16:19:52,544 - 5        0.191268   0.317271   0.450505   0.000000   0.900887   1.0e-04 , 1.0e-05 
2024-12-21 16:34:30,540 - 6        0.173647   0.298528   0.460791   0.000443   0.919346   1.0e-04 , 1.0e-05 
2024-12-21 16:34:30,540 - > saved mIoU
2024-12-21 16:49:13,555 - 7        0.164720   0.295787   0.454011   0.001279   0.919854   1.0e-04 , 1.0e-05 
2024-12-21 17:03:51,792 - 8        0.155226   0.275138   0.460147   0.007574   0.917347   1.0e-04 , 1.0e-05 
2024-12-21 17:18:31,481 - 9        0.146625   0.275569   0.478519   0.027369   0.917290   1.0e-04 , 1.0e-05 
2024-12-21 17:18:31,481 - > saved mIoU
2024-12-21 17:33:14,446 - 10       0.142798   0.290431   0.467092   0.045949   0.921502   1.0e-04 , 1.0e-05 
2024-12-21 17:47:52,994 - 11       0.138759   0.264642   0.499214   0.136376   0.918706   1.0e-04 , 1.0e-05 
2024-12-21 17:47:52,994 - > saved mIoU
2024-12-21 18:02:32,796 - 12       0.131936   0.267476   0.494752   0.123748   0.921767   1.0e-04 , 1.0e-05 
2024-12-21 18:17:11,420 - 13       0.130571   0.267098   0.510540   0.179325   0.916468   1.0e-04 , 1.0e-05 
2024-12-21 18:17:11,420 - > saved mIoU
2024-12-21 18:31:53,570 - 14       0.127249   0.263809   0.529129   0.197893   0.913650   1.0e-04 , 1.0e-05 
2024-12-21 18:31:53,570 - > saved mIoU
2024-12-21 18:46:36,022 - Epoch    Loss       Val Loss   mIoU       minIoU     maxIoU     LR      
2024-12-21 18:46:36,022 - 15       0.127771   0.280525   0.520083   0.201220   0.915353   1.0e-04 , 1.0e-05 
2024-12-21 19:01:15,543 - 16       0.122595   0.286902   0.522988   0.209877   0.918618   1.0e-04 , 1.0e-05 
2024-12-21 19:15:56,076 - 17       0.118461   0.250462   0.551119   0.219368   0.918854   1.0e-04 , 1.0e-05 
2024-12-21 19:15:56,076 - > saved mIoU
2024-12-21 19:30:36,285 - 18       0.116522   0.267800   0.529003   0.217092   0.919971   1.0e-04 , 1.0e-05 
2024-12-21 19:45:15,014 - 19       0.116228   0.278384   0.528106   0.209611   0.912380   1.0e-04 , 1.0e-05 
2024-12-21 19:59:53,473 - 20       0.115172   0.270504   0.527945   0.217088   0.912449   1.0e-04 , 1.0e-05 
2024-12-21 20:14:32,249 - 21       0.111790   0.281803   0.529901   0.215178   0.913781   1.0e-04 , 1.0e-05 
2024-12-21 20:29:10,694 - 22       0.110817   0.293469   0.519722   0.231300   0.913746   1.0e-04 , 1.0e-05 
2024-12-21 20:43:52,711 - 23       0.111023   0.270544   0.547118   0.252800   0.909369   1.0e-04 , 1.0e-05 
2024-12-21 20:58:31,777 - 24       0.108764   0.252172   0.568658   0.255882   0.919812   5.0e-05 , 5.0e-06 
2024-12-21 20:58:31,777 - > saved mIoU
2024-12-21 21:13:13,231 - 25       0.105750   0.256100   0.568820   0.250674   0.916536   5.0e-05 , 5.0e-06 
2024-12-21 21:13:13,231 - > saved mIoU
2024-12-21 21:27:56,571 - 26       0.104100   0.255176   0.562989   0.255447   0.917371   5.0e-05 , 5.0e-06 
2024-12-21 21:42:35,741 - 27       0.102314   0.255350   0.565855   0.257732   0.919320   5.0e-05 , 5.0e-06 
2024-12-21 21:57:14,925 - 28       0.101132   0.264221   0.560689   0.248820   0.917750   5.0e-05 , 5.0e-06 
2024-12-21 22:11:55,171 - 29       0.100273   0.253654   0.563429   0.257709   0.918984   5.0e-05 , 5.0e-06 
2024-12-21 22:26:34,241 - Epoch    Loss       Val Loss   mIoU       minIoU     maxIoU     LR      
2024-12-21 22:26:34,242 - 30       0.100681   0.269891   0.553548   0.243719   0.915416   2.5e-05 , 2.5e-06 
2024-12-21 22:41:14,163 - 31       0.098937   0.262291   0.564878   0.244848   0.919196   2.5e-05 , 2.5e-06 
2024-12-21 22:55:53,281 - 32       0.098749   0.260511   0.559192   0.251004   0.919513   2.5e-05 , 2.5e-06 
2024-12-21 23:10:33,338 - 33       0.097676   0.256404   0.563897   0.256689   0.917126   2.5e-05 , 2.5e-06 
2024-12-21 23:25:13,859 - 34       0.097206   0.257679   0.562029   0.251535   0.917989   2.5e-05 , 2.5e-06 
2024-12-21 23:39:52,902 - 35       0.096240   0.257740   0.563297   0.253581   0.918154   2.5e-05 , 2.5e-06 
2024-12-21 23:54:33,098 - 36       0.096900   0.254475   0.569125   0.246874   0.917007   1.3e-05 , 1.3e-06 
2024-12-21 23:54:33,099 - > saved mIoU
2024-12-22 00:09:13,860 - 37       0.095355   0.257348   0.565742   0.251904   0.918017   1.3e-05 , 1.3e-06 
2024-12-22 00:23:54,519 - 38       0.095767   0.256527   0.564016   0.251022   0.918645   1.3e-05 , 1.3e-06 
2024-12-22 00:38:34,838 - 39       0.094917   0.253144   0.572744   0.248656   0.918591   1.3e-05 , 1.3e-06 
2024-12-22 00:38:34,839 - > saved mIoU
2024-12-22 00:53:16,259 - 40       0.095246   0.254698   0.566716   0.251855   0.919064   1.3e-05 , 1.3e-06 
2024-12-22 01:07:56,749 - 41       0.095080   0.254507   0.567560   0.249767   0.919724   1.3e-05 , 1.3e-06 
2024-12-22 01:22:36,661 - 42       0.093413   0.255225   0.566319   0.244300   0.918916   6.3e-06 , 6.3e-07 
2024-12-22 01:37:17,378 - 43       0.093457   0.257519   0.568543   0.250586   0.918349   6.3e-06 , 6.3e-07 
2024-12-22 01:51:58,553 - 44       0.093469   0.257994   0.568409   0.250589   0.917595   6.3e-06 , 6.3e-07 
2024-12-22 02:06:40,259 - Epoch    Loss       Val Loss   mIoU       minIoU     maxIoU     LR      
2024-12-22 02:06:40,260 - 45       0.093486   0.256777   0.569369   0.258672   0.917697   6.3e-06 , 6.3e-07 
2024-12-22 02:21:19,436 - 46       0.092676   0.258490   0.567905   0.261300   0.917529   6.3e-06 , 6.3e-07 
2024-12-22 02:35:58,961 - 47       0.093362   0.256826   0.566171   0.258986   0.918629   6.3e-06 , 6.3e-07 
2024-12-22 02:50:39,751 - 48       0.091746   0.254808   0.569797   0.250965   0.918034   3.1e-06 , 3.1e-07 
2024-12-22 03:05:19,606 - 49       0.091947   0.254244   0.570589   0.256578   0.918131   3.1e-06 , 3.1e-07 
2024-12-22 03:05:19,606 - Fine del training

