2024-12-14 02:04:51,770 - device          : cuda:0
2024-12-14 02:04:51,770 - epochs          : 150
2024-12-14 02:04:51,770 - batch           : 16
2024-12-14 02:04:51,770 - lr              : 0.0001
2024-12-14 02:04:51,770 - crop            : 512
2024-12-14 02:04:51,770 - optimizer       : adam
2024-12-14 02:04:51,770 - biases          : False
2024-12-14 02:04:51,771 - focal_loss      : 0
2024-12-14 02:04:51,771 - activation      : softmax
2024-12-14 02:04:51,771 - class_weights   : False
2024-12-14 02:04:51,771 - norm_weights    : False
2024-12-14 02:04:51,779 - Dataset Creati
2024-12-14 02:04:51,779 - Training images: 5125
2024-12-14 02:04:51,779 - Validation images: 1031

2024-12-14 02:04:51,780 - Dataloader Creati
2024-12-14 02:04:51,780 - Training batches: 320
2024-12-14 02:04:51,780 - Validation batches: 128

2024-12-14 02:04:53,378 - Modello caricato correttamente su cuda:0

2024-12-14 02:04:53,380 - Inizio del training
2024-12-14 02:04:53,380 - optimizer: Adam (
Parameter Group 0
    amsgrad: False
    betas: (0.9, 0.999)
    capturable: False
    differentiable: False
    eps: 1e-08
    foreach: None
    fused: False
    lr: 0.0001
    maximize: False
    weight_decay: 0.0001

Parameter Group 1
    amsgrad: False
    betas: (0.9, 0.999)
    capturable: False
    differentiable: False
    eps: 1e-08
    foreach: None
    fused: False
    lr: 1e-05
    maximize: False
    weight_decay: 0.0001
)
2024-12-14 02:04:53,380 - loss:      CrossEntropyLoss()
2024-12-14 02:04:53,380 - epochs:    15
2024-12-14 02:04:53,380 - name:      weights_0

2024-12-14 02:08:30,380 - Epoch    Loss       Val Loss   mIoU       minIoU     maxIoU     LR      
2024-12-14 02:08:30,380 - 0        0.052450   0.074223   0.326121   0.000000   0.860863   1.0e-04 , 1.0e-05 
2024-12-14 02:12:31,251 - 1        0.038426   0.069870   0.358325   0.000000   0.868392   1.0e-04 , 1.0e-05 
2024-12-14 02:16:38,085 - 2        0.034675   0.067684   0.371407   0.000000   0.869349   1.0e-04 , 1.0e-05 
2024-12-14 02:20:42,186 - 3        0.033441   0.067130   0.381532   0.000000   0.870012   1.0e-04 , 1.0e-05 
2024-12-14 02:24:49,969 - 4        0.032492   0.065549   0.386018   0.000000   0.873970   1.0e-04 , 1.0e-05 
2024-12-14 02:28:57,043 - 5        0.031322   0.065392   0.389723   0.000000   0.873307   1.0e-04 , 1.0e-05 
2024-12-14 02:33:07,515 - 6        0.030877   0.065081   0.396246   0.000000   0.877960   1.0e-04 , 1.0e-05 
2024-12-14 02:37:13,482 - 7        0.030062   0.064788   0.396075   0.000000   0.876738   1.0e-04 , 1.0e-05 
2024-12-14 02:41:19,360 - 8        0.029838   0.064427   0.402812   0.000000   0.876104   1.0e-04 , 1.0e-05 
2024-12-14 02:45:30,469 - 9        0.029167   0.065117   0.403876   0.000000   0.875964   1.0e-04 , 1.0e-05 
2024-12-14 02:49:38,498 - 10       0.028676   0.064577   0.403078   0.000000   0.879665   1.0e-04 , 1.0e-05 
2024-12-14 02:53:43,726 - 11       0.028669   0.063395   0.405787   0.000000   0.877993   1.0e-04 , 1.0e-05 
2024-12-14 02:57:55,919 - 12       0.028072   0.064490   0.408478   0.000000   0.879984   1.0e-04 , 1.0e-05 
2024-12-14 03:02:02,190 - 13       0.027667   0.063386   0.409053   0.001083   0.882098   1.0e-04 , 1.0e-05 
2024-12-14 03:06:12,322 - 14       0.027887   0.063887   0.413360   0.002067   0.879993   1.0e-04 , 1.0e-05 
2024-12-14 03:06:12,405 - Fine del training

2024-12-14 03:06:12,490 - 
Caricati i pesi in: /home/piecestola/space/ML4CV/results/train_0/ckpts/weights_0.pt

2024-12-14 03:06:12,491 - Inizio del training
2024-12-14 03:06:12,491 - optimizer: Adam (
Parameter Group 0
    amsgrad: False
    betas: (0.9, 0.999)
    capturable: False
    differentiable: False
    eps: 1e-08
    foreach: None
    fused: False
    lr: 1.0000000000000002e-06
    maximize: False
    weight_decay: 0.0001

Parameter Group 1
    amsgrad: False
    betas: (0.9, 0.999)
    capturable: False
    differentiable: False
    eps: 1e-08
    foreach: None
    fused: False
    lr: 1e-05
    maximize: False
    weight_decay: 0.0001
)
2024-12-14 03:06:12,492 - loss:      CrossEntropyLoss()
2024-12-14 03:06:12,492 - epochs:    150
2024-12-14 03:06:12,492 - name:      weights_1

2024-12-14 03:10:57,001 - Epoch    Loss       Val Loss   mIoU       minIoU     maxIoU     LR      
2024-12-14 03:10:57,001 - 0        0.026727   0.055926   0.436653   0.000197   0.905571   1.0e-06 , 1.0e-05 
2024-12-14 03:15:37,928 - 1        0.023444   0.052511   0.454154   0.000935   0.910334   1.0e-06 , 1.0e-05 
2024-12-14 03:20:22,121 - 2        0.021707   0.050862   0.463267   0.001378   0.914029   1.0e-06 , 1.0e-05 
2024-12-14 03:25:03,796 - 3        0.020749   0.050410   0.470859   0.001525   0.915425   1.0e-06 , 1.0e-05 
2024-12-14 03:29:46,697 - 4        0.019732   0.049371   0.474700   0.000246   0.918044   1.0e-06 , 1.0e-05 
2024-12-14 03:34:28,608 - 5        0.018898   0.048494   0.482404   0.000443   0.919269   1.0e-06 , 1.0e-05 
2024-12-14 03:39:08,572 - 6        0.018547   0.048829   0.485312   0.001132   0.920874   1.0e-06 , 1.0e-05 
2024-12-14 03:43:50,804 - 7        0.017971   0.047270   0.490139   0.001968   0.922826   1.0e-06 , 1.0e-05 
2024-12-14 03:48:32,436 - 8        0.017430   0.047169   0.491406   0.004576   0.924594   1.0e-06 , 1.0e-05 
2024-12-14 03:53:13,460 - 9        0.016987   0.046872   0.496182   0.007578   0.922857   1.0e-06 , 1.0e-05 
2024-12-14 03:57:53,559 - 10       0.016281   0.047084   0.491646   0.006939   0.919878   1.0e-06 , 1.0e-05 
2024-12-14 04:02:39,089 - 11       0.015945   0.046640   0.495945   0.008760   0.922655   1.0e-06 , 1.0e-05 
2024-12-14 04:07:20,156 - 12       0.015622   0.045988   0.499829   0.017911   0.924852   1.0e-06 , 1.0e-05 
2024-12-14 04:12:02,318 - 13       0.015286   0.046092   0.500365   0.025413   0.923588   1.0e-06 , 1.0e-05 
2024-12-14 04:16:45,936 - 14       0.014853   0.045654   0.502903   0.027161   0.924417   1.0e-06 , 1.0e-05 
2024-12-14 04:21:30,813 - Epoch    Loss       Val Loss   mIoU       minIoU     maxIoU     LR      
2024-12-14 04:21:30,813 - 15       0.014602   0.046285   0.503130   0.044702   0.924699   1.0e-06 , 1.0e-05 
2024-12-14 04:26:16,962 - 16       0.014511   0.045664   0.504992   0.037281   0.924940   1.0e-06 , 1.0e-05 
2024-12-14 04:31:00,062 - 17       0.014023   0.044917   0.507890   0.047348   0.924351   1.0e-06 , 1.0e-05 
2024-12-14 04:35:42,354 - 18       0.013758   0.044758   0.505032   0.063033   0.923593   1.0e-06 , 1.0e-05 
2024-12-14 04:40:24,175 - 19       0.013458   0.044944   0.507776   0.076765   0.923382   1.0e-06 , 1.0e-05 
2024-12-14 04:45:06,722 - 20       0.013018   0.043740   0.512845   0.078118   0.923669   1.0e-06 , 1.0e-05 
2024-12-14 04:49:50,714 - 21       0.013244   0.043798   0.513179   0.088286   0.923092   1.0e-06 , 1.0e-05 
2024-12-14 04:54:34,553 - 22       0.013093   0.044195   0.514639   0.088702   0.924924   1.0e-06 , 1.0e-05 
2024-12-14 04:59:17,737 - 23       0.012743   0.044161   0.513778   0.109360   0.921859   1.0e-06 , 1.0e-05 
2024-12-14 05:04:00,111 - 24       0.012489   0.043653   0.519625   0.111220   0.923348   1.0e-06 , 1.0e-05 
2024-12-14 05:08:44,872 - 25       0.012166   0.043943   0.517413   0.156630   0.924700   1.0e-06 , 1.0e-05 
2024-12-14 05:13:30,815 - 26       0.012140   0.043423   0.519531   0.138847   0.923217   1.0e-06 , 1.0e-05 
2024-12-14 05:18:14,583 - 27       0.011751   0.043818   0.524826   0.164024   0.921985   1.0e-06 , 1.0e-05 
2024-12-14 05:22:58,315 - 28       0.011827   0.043333   0.527106   0.192243   0.923628   1.0e-06 , 1.0e-05 
2024-12-14 05:27:45,192 - 29       0.011603   0.043190   0.529945   0.207860   0.927383   1.0e-06 , 1.0e-05 
2024-12-14 05:32:31,316 - Epoch    Loss       Val Loss   mIoU       minIoU     maxIoU     LR      
2024-12-14 05:32:31,317 - 30       0.011346   0.043183   0.528774   0.223320   0.923316   1.0e-06 , 1.0e-05 
2024-12-14 05:37:17,734 - 31       0.011366   0.042135   0.534208   0.234867   0.924902   1.0e-06 , 1.0e-05 
2024-12-14 05:42:06,041 - 32       0.011256   0.041825   0.537371   0.225666   0.926783   1.0e-06 , 1.0e-05 
2024-12-14 05:46:51,677 - 33       0.011128   0.043077   0.536471   0.237295   0.921578   1.0e-06 , 1.0e-05 
2024-12-14 05:51:35,021 - 34       0.010916   0.042576   0.539640   0.247263   0.920349   1.0e-06 , 1.0e-05 
2024-12-14 05:56:20,440 - 35       0.010865   0.042075   0.542612   0.223753   0.926068   1.0e-06 , 1.0e-05 
2024-12-14 06:01:06,259 - 36       0.010607   0.041873   0.550357   0.247992   0.923845   1.0e-06 , 1.0e-05 
2024-12-14 06:05:49,022 - 37       0.010547   0.042086   0.548170   0.233527   0.921789   5.0e-07 , 5.0e-06 
2024-12-14 06:10:29,335 - 38       0.010463   0.042075   0.549429   0.238485   0.921404   5.0e-07 , 5.0e-06 
2024-12-14 06:15:09,700 - 39       0.010296   0.041895   0.550283   0.249230   0.922371   5.0e-07 , 5.0e-06 
2024-12-14 06:19:47,443 - 40       0.010346   0.041658   0.553738   0.255618   0.922690   5.0e-07 , 5.0e-06 
2024-12-14 06:24:29,001 - 41       0.010353   0.042002   0.551246   0.255795   0.922811   5.0e-07 , 5.0e-06 
2024-12-14 06:29:09,400 - 42       0.010168   0.041668   0.551508   0.250096   0.923597   5.0e-07 , 5.0e-06 
2024-12-14 06:33:46,943 - 43       0.010204   0.041481   0.554161   0.249821   0.925735   5.0e-07 , 5.0e-06 
2024-12-14 06:38:25,233 - 44       0.010151   0.041692   0.555175   0.257840   0.921235   5.0e-07 , 5.0e-06 
2024-12-14 06:43:06,032 - Epoch    Loss       Val Loss   mIoU       minIoU     maxIoU     LR      
2024-12-14 06:43:06,032 - 45       0.010184   0.041917   0.554742   0.261689   0.921792   5.0e-07 , 5.0e-06 
2024-12-14 06:47:50,630 - 46       0.009912   0.042220   0.556222   0.256955   0.921944   5.0e-07 , 5.0e-06 
2024-12-14 06:52:33,642 - 47       0.010098   0.042417   0.554577   0.253528   0.923038   5.0e-07 , 5.0e-06 
2024-12-14 06:57:15,068 - 48       0.009917   0.041868   0.558353   0.254097   0.923000   2.5e-07 , 2.5e-06 
2024-12-14 07:01:59,269 - 49       0.010045   0.041344   0.558482   0.242945   0.921061   2.5e-07 , 2.5e-06 
2024-12-14 07:06:42,693 - 50       0.009849   0.041347   0.558030   0.241587   0.921744   2.5e-07 , 2.5e-06 
2024-12-14 07:11:27,271 - 51       0.009944   0.041436   0.556462   0.237911   0.922014   2.5e-07 , 2.5e-06 
2024-12-14 07:16:10,561 - 52       0.009847   0.041514   0.556755   0.247523   0.919101   2.5e-07 , 2.5e-06 
2024-12-14 07:20:54,222 - 53       0.009738   0.041463   0.560479   0.248195   0.922716   2.5e-07 , 2.5e-06 
2024-12-14 07:25:36,983 - 54       0.009765   0.041476   0.557563   0.250661   0.919300   1.3e-07 , 1.3e-06 
2024-12-14 07:30:18,787 - 55       0.009775   0.041157   0.559243   0.253081   0.919892   1.3e-07 , 1.3e-06 
2024-12-14 07:35:01,752 - 56       0.009767   0.041400   0.558841   0.250617   0.920089   1.3e-07 , 1.3e-06 
2024-12-14 07:39:44,602 - 57       0.009728   0.041325   0.559498   0.251956   0.920603   1.3e-07 , 1.3e-06 
2024-12-14 07:44:25,223 - 58       0.009772   0.041101   0.560256   0.255044   0.921021   1.3e-07 , 1.3e-06 
2024-12-14 07:49:07,707 - 59       0.009723   0.041773   0.555468   0.241153   0.919130   1.3e-07 , 1.3e-06 
2024-12-14 07:53:52,124 - Epoch    Loss       Val Loss   mIoU       minIoU     maxIoU     LR      
2024-12-14 07:53:52,124 - 60       0.009684   0.041428   0.560244   0.251207   0.919768   1.3e-07 , 1.3e-06 
2024-12-14 07:58:31,930 - 61       0.009893   0.041052   0.560092   0.254600   0.922003   1.3e-07 , 1.3e-06 
2024-12-14 08:03:11,880 - 62       0.009744   0.040991   0.562972   0.260079   0.920089   1.3e-07 , 1.3e-06 
2024-12-14 08:07:56,213 - 63       0.009592   0.041586   0.559743   0.252898   0.919341   1.3e-07 , 1.3e-06 
2024-12-14 08:12:38,509 - 64       0.009579   0.041379   0.560652   0.255801   0.918945   1.3e-07 , 1.3e-06 
2024-12-14 08:17:22,913 - 65       0.009658   0.042016   0.558924   0.240806   0.917459   1.3e-07 , 1.3e-06 
2024-12-14 08:22:03,404 - 66       0.009559   0.041585   0.560788   0.255314   0.919505   1.3e-07 , 1.3e-06 
2024-12-14 08:26:44,582 - 67       0.009781   0.041692   0.559358   0.244506   0.918540   6.3e-08 , 6.3e-07 
2024-12-14 08:31:23,589 - 68       0.009614   0.041303   0.560964   0.254447   0.919627   6.3e-08 , 6.3e-07 
2024-12-14 08:36:02,839 - 69       0.009501   0.041303   0.562359   0.257614   0.919313   6.3e-08 , 6.3e-07 
2024-12-14 08:40:45,830 - 70       0.009559   0.041349   0.560376   0.254445   0.920076   6.3e-08 , 6.3e-07 
2024-12-14 08:45:28,356 - 71       0.009618   0.041429   0.560305   0.248205   0.920206   3.1e-08 , 3.1e-07 
2024-12-14 08:50:12,993 - 72       0.009567   0.041380   0.561266   0.249050   0.921065   3.1e-08 , 3.1e-07 
2024-12-14 08:54:58,855 - 73       0.009396   0.041357   0.562589   0.257544   0.921211   3.1e-08 , 3.1e-07 
2024-12-14 08:59:42,344 - 74       0.009499   0.041453   0.560815   0.249558   0.918457   3.1e-08 , 3.1e-07 
2024-12-14 09:04:28,457 - Epoch    Loss       Val Loss   mIoU       minIoU     maxIoU     LR      
2024-12-14 09:04:28,457 - 75       0.009491   0.041073   0.562956   0.257623   0.921420   1.6e-08 , 1.6e-07 
2024-12-14 09:09:10,280 - 76       0.009572   0.041523   0.560185   0.244020   0.916529   1.6e-08 , 1.6e-07 
2024-12-14 09:13:52,978 - 77       0.009596   0.041596   0.560001   0.241869   0.920148   1.6e-08 , 1.6e-07 
2024-12-14 09:18:35,583 - 78       0.009590   0.041400   0.560184   0.249320   0.918631   1.6e-08 , 1.6e-07 
2024-12-14 09:23:16,705 - 79       0.009445   0.041230   0.562050   0.251683   0.919062   1.6e-08 , 7.8e-08 
2024-12-14 09:27:59,352 - 80       0.009381   0.041196   0.563512   0.253812   0.920593   1.6e-08 , 7.8e-08 
2024-12-14 09:32:42,800 - 81       0.009587   0.041265   0.560577   0.251956   0.918594   1.6e-08 , 7.8e-08 
2024-12-14 09:37:25,585 - 82       0.009446   0.041410   0.561057   0.251063   0.916509   1.6e-08 , 7.8e-08 
2024-12-14 09:42:07,465 - 83       0.009513   0.041065   0.563330   0.252990   0.920558   1.6e-08 , 3.9e-08 
2024-12-14 09:46:46,828 - 84       0.009538   0.040755   0.564308   0.261616   0.920769   1.6e-08 , 3.9e-08 
2024-12-14 09:51:29,292 - 85       0.009527   0.041473   0.561271   0.249262   0.921207   1.6e-08 , 3.9e-08 
2024-12-14 09:56:11,611 - 86       0.009459   0.041156   0.562279   0.254471   0.920253   1.6e-08 , 3.9e-08 
2024-12-14 10:00:54,531 - 87       0.009425   0.041175   0.562711   0.258248   0.918019   1.6e-08 , 3.9e-08 
2024-12-14 10:05:40,458 - 88       0.009656   0.041213   0.563394   0.257296   0.918769   1.6e-08 , 3.9e-08 
2024-12-14 10:10:30,123 - 89       0.009629   0.041682   0.557898   0.235805   0.920510   1.6e-08 , 2.0e-08 
2024-12-14 10:15:15,221 - Epoch    Loss       Val Loss   mIoU       minIoU     maxIoU     LR      
2024-12-14 10:15:15,221 - 90       0.009519   0.041049   0.565434   0.263369   0.921509   1.6e-08 , 2.0e-08 
2024-12-14 10:19:59,208 - 91       0.009480   0.041243   0.561528   0.256813   0.921062   1.6e-08 , 2.0e-08 
2024-12-14 10:24:42,834 - 92       0.009419   0.041321   0.561108   0.252678   0.919016   1.6e-08 , 2.0e-08 
2024-12-14 10:29:27,578 - 93       0.009686   0.041392   0.561341   0.258200   0.917582   1.6e-08 , 2.0e-08 
2024-12-14 10:34:12,139 - 94       0.009476   0.041434   0.560774   0.254368   0.919554   1.6e-08 , 2.0e-08 
2024-12-14 10:38:55,683 - 95       0.009527   0.041244   0.562159   0.256614   0.919625   1.6e-08 , 2.0e-08 
2024-12-14 10:43:38,403 - 96       0.009600   0.041014   0.563680   0.257713   0.919912   1.6e-08 , 2.0e-08 
2024-12-14 10:48:19,917 - 97       0.009531   0.041305   0.560816   0.251398   0.918795   1.6e-08 , 2.0e-08 
2024-12-14 10:53:03,836 - 98       0.009411   0.041506   0.559631   0.249249   0.917043   1.6e-08 , 2.0e-08 
2024-12-14 10:57:46,507 - 99       0.009600   0.041225   0.562005   0.254732   0.916561   1.6e-08 , 2.0e-08 
2024-12-14 11:02:30,287 - 100      0.009512   0.041328   0.561667   0.248885   0.919265   1.6e-08 , 2.0e-08 
2024-12-14 11:07:12,167 - 101      0.009501   0.041333   0.560410   0.244531   0.919608   1.6e-08 , 2.0e-08 
2024-12-14 11:11:54,683 - 102      0.009411   0.041422   0.560029   0.249068   0.920530   1.6e-08 , 2.0e-08 
2024-12-14 11:16:38,886 - 103      0.009386   0.041078   0.562286   0.258957   0.920885   1.6e-08 , 2.0e-08 
2024-12-14 11:21:20,291 - 104      0.009477   0.041705   0.557492   0.233867   0.921297   1.6e-08 , 2.0e-08 
2024-12-14 11:26:07,064 - Epoch    Loss       Val Loss   mIoU       minIoU     maxIoU     LR      
2024-12-14 11:26:07,065 - 105      0.009627   0.041291   0.561436   0.250464   0.919450   1.6e-08 , 2.0e-08 
2024-12-14 11:30:52,705 - 106      0.009475   0.041097   0.562799   0.256235   0.918828   1.6e-08 , 2.0e-08 
2024-12-14 11:35:39,982 - 107      0.009543   0.041424   0.561403   0.255677   0.916917   1.6e-08 , 2.0e-08 
2024-12-14 11:40:26,157 - 108      0.009482   0.041557   0.561884   0.246375   0.919213   1.6e-08 , 2.0e-08 
2024-12-14 11:45:14,126 - 109      0.009510   0.040957   0.563664   0.259340   0.920498   1.6e-08 , 2.0e-08 
2024-12-14 11:50:03,189 - 110      0.009619   0.041283   0.561985   0.254029   0.918312   1.6e-08 , 2.0e-08 
2024-12-14 11:54:52,265 - 111      0.009566   0.041682   0.560505   0.238646   0.918086   1.6e-08 , 2.0e-08 
2024-12-14 11:59:35,420 - 112      0.009444   0.041483   0.561632   0.239977   0.918889   1.6e-08 , 2.0e-08 
2024-12-14 12:04:18,250 - 113      0.009535   0.041330   0.561831   0.247675   0.916941   1.6e-08 , 2.0e-08 
2024-12-14 12:09:03,331 - 114      0.009522   0.041155   0.562800   0.255350   0.918602   1.6e-08 , 2.0e-08 
2024-12-14 12:13:47,547 - 115      0.009444   0.041266   0.561516   0.254857   0.916355   1.6e-08 , 2.0e-08 
2024-12-14 12:18:31,737 - 116      0.009496   0.041140   0.562421   0.254704   0.921826   1.6e-08 , 2.0e-08 
2024-12-14 12:23:14,879 - 117      0.009559   0.041387   0.561589   0.253781   0.919550   1.6e-08 , 2.0e-08 
2024-12-14 12:28:00,097 - 118      0.009648   0.041210   0.562776   0.251576   0.920059   1.6e-08 , 2.0e-08 
2024-12-14 12:32:44,872 - 119      0.009366   0.041201   0.563159   0.255775   0.920364   1.6e-08 , 2.0e-08 
2024-12-14 12:37:30,511 - Epoch    Loss       Val Loss   mIoU       minIoU     maxIoU     LR      
2024-12-14 12:37:30,512 - 120      0.009522   0.041451   0.559937   0.248191   0.917306   1.6e-08 , 2.0e-08 
2024-12-14 12:42:14,581 - 121      0.009395   0.041256   0.561901   0.259102   0.919502   1.6e-08 , 2.0e-08 
2024-12-14 12:47:01,533 - 122      0.009453   0.041455   0.561694   0.245980   0.918068   1.6e-08 , 2.0e-08 
2024-12-14 12:51:46,004 - 123      0.009533   0.041343   0.563110   0.252288   0.916783   1.6e-08 , 2.0e-08 
2024-12-14 12:56:29,188 - 124      0.009541   0.041269   0.562586   0.256968   0.920072   1.6e-08 , 2.0e-08 
2024-12-14 13:01:16,363 - 125      0.009436   0.041141   0.563398   0.259491   0.920902   1.6e-08 , 2.0e-08 
2024-12-14 13:06:01,514 - 126      0.009532   0.041162   0.562561   0.255271   0.918811   1.6e-08 , 2.0e-08 
2024-12-14 13:10:47,794 - 127      0.009383   0.040832   0.564927   0.261184   0.921365   1.6e-08 , 2.0e-08 
2024-12-14 13:15:33,487 - 128      0.009437   0.041347   0.562120   0.255773   0.918249   1.6e-08 , 2.0e-08 
2024-12-14 13:20:20,878 - 129      0.009565   0.041391   0.563229   0.251894   0.918352   1.6e-08 , 2.0e-08 
2024-12-14 13:25:08,667 - 130      0.009609   0.041598   0.559246   0.243003   0.918931   1.6e-08 , 2.0e-08 
2024-12-14 13:29:54,622 - 131      0.009701   0.041724   0.559506   0.241264   0.916434   1.6e-08 , 2.0e-08 
2024-12-14 13:34:39,649 - 132      0.009475   0.041238   0.563206   0.259755   0.922163   1.6e-08 , 2.0e-08 
2024-12-14 13:39:21,798 - 133      0.009595   0.041157   0.562816   0.258174   0.919046   1.6e-08 , 2.0e-08 
2024-12-14 13:44:02,796 - 134      0.009512   0.041455   0.561055   0.246806   0.918824   1.6e-08 , 2.0e-08 
2024-12-14 13:48:48,510 - Epoch    Loss       Val Loss   mIoU       minIoU     maxIoU     LR      
2024-12-14 13:48:48,510 - 135      0.009589   0.041392   0.563377   0.251284   0.918556   1.6e-08 , 2.0e-08 
2024-12-14 13:53:31,764 - 136      0.009473   0.041233   0.561308   0.256573   0.918276   1.6e-08 , 2.0e-08 
2024-12-14 13:58:14,418 - 137      0.009581   0.041276   0.562126   0.254168   0.920473   1.6e-08 , 2.0e-08 
2024-12-14 14:02:55,816 - 138      0.009605   0.041394   0.561989   0.249849   0.918964   1.6e-08 , 2.0e-08 
2024-12-14 14:07:38,583 - 139      0.009442   0.041347   0.561942   0.253747   0.919750   1.6e-08 , 2.0e-08 
2024-12-14 14:12:25,554 - 140      0.009673   0.041618   0.559848   0.249063   0.916607   1.6e-08 , 2.0e-08 
2024-12-14 14:17:10,720 - 141      0.009385   0.041372   0.561588   0.253965   0.920199   1.6e-08 , 2.0e-08 
2024-12-14 14:21:52,824 - 142      0.009461   0.041180   0.563680   0.256554   0.919112   1.6e-08 , 2.0e-08 
2024-12-14 14:26:38,189 - 143      0.009451   0.041422   0.561624   0.249678   0.919046   1.6e-08 , 2.0e-08 
2024-12-14 14:31:22,993 - 144      0.009497   0.041570   0.559076   0.241149   0.919941   1.6e-08 , 2.0e-08 
2024-12-14 14:36:12,298 - 145      0.009444   0.041198   0.563129   0.257203   0.916654   1.6e-08 , 2.0e-08 
2024-12-14 14:40:58,926 - 146      0.009481   0.041181   0.562921   0.258514   0.920204   1.6e-08 , 2.0e-08 
2024-12-14 14:45:45,052 - 147      0.009443   0.041390   0.562309   0.257851   0.919813   1.6e-08 , 2.0e-08 
2024-12-14 14:50:28,792 - 148      0.009397   0.041470   0.562162   0.255698   0.917603   1.6e-08 , 2.0e-08 
2024-12-14 14:55:08,025 - 149      0.009339   0.041003   0.564025   0.260692   0.920810   1.6e-08 , 2.0e-08 
2024-12-14 14:55:08,026 - Fine del training

