2025-01-14 21:31:40,508 - device          : cuda:1
2025-01-14 21:31:40,508 - model           : resnet101
2025-01-14 21:31:40,508 - mlp             : 0
2025-01-14 21:31:40,508 - vae             : False
2025-01-14 21:31:40,509 - epochs          : 50
2025-01-14 21:31:40,509 - batch           : 10
2025-01-14 21:31:40,509 - lr              : 0.0001
2025-01-14 21:31:40,509 - crop            : 512
2025-01-14 21:31:40,509 - optimizer       : adam
2025-01-14 21:31:40,509 - biases          : False
2025-01-14 21:31:40,509 - focal_loss      : 0
2025-01-14 21:31:40,509 - activation      : softmax
2025-01-14 21:31:40,509 - class_weights   : False
2025-01-14 21:31:40,509 - norm_weights    : True
2025-01-14 21:31:40,509 - p               : 0.3
2025-01-14 21:31:40,509 - entropy         : 0
2025-01-14 21:31:40,517 - Dataset Creati
2025-01-14 21:31:40,517 - Training images: 5125
2025-01-14 21:31:40,517 - Validation images: 1031

2025-01-14 21:31:40,517 - Dataloader Creati
2025-01-14 21:31:40,517 - Training batches: 512
2025-01-14 21:31:40,518 - Validation batches: 128

2025-01-14 21:31:44,232 - Model: deeplabv3plus_resnet101

2025-01-14 21:31:44,297 - Modello caricato correttamente su cuda:1

2025-01-14 21:31:44,299 - Inizio del training
2025-01-14 21:31:44,300 - optimizer: Adam (
Parameter Group 0
    amsgrad: False
    betas: (0.9, 0.999)
    capturable: False
    differentiable: False
    eps: 1e-08
    foreach: None
    fused: False
    lr: 0.0001
    maximize: False
    weight_decay: 0.0001

Parameter Group 1
    amsgrad: False
    betas: (0.9, 0.999)
    capturable: False
    differentiable: False
    eps: 1e-08
    foreach: None
    fused: False
    lr: 1e-05
    maximize: False
    weight_decay: 0.0001
)
2025-01-14 21:31:44,300 - loss:      ArcFaceLoss(
  (loss): CrossEntropyLoss()
)
2025-01-14 21:31:44,300 - epochs:    15
2025-01-14 21:31:44,300 - name:      weights_0

2025-01-14 21:38:28,178 - Epoch    Loss       Val Loss   mIoU       minIoU     maxIoU     LR      
2025-01-14 21:38:28,179 - 0        16.185815  12.271255  0.108571   0.000000   0.533908   1.0e-04 , 1.0e-05 
2025-01-14 21:45:11,568 - 1        12.036559  11.563810  0.115195   0.000000   0.539011   1.0e-04 , 1.0e-05 
2025-01-14 21:45:11,569 - > saved mIoU
2025-01-14 21:51:55,988 - 2        11.055803  10.526319  0.136222   0.000045   0.613953   1.0e-04 , 1.0e-05 
2025-01-14 21:51:55,988 - > saved mIoU
2025-01-14 21:58:39,875 - 3        10.402892  9.504714   0.144479   0.000031   0.719345   1.0e-04 , 1.0e-05 
2025-01-14 21:58:39,875 - > saved mIoU
2025-01-14 22:05:24,091 - 4        9.837117   9.009792   0.173581   0.000335   0.733379   1.0e-04 , 1.0e-05 
2025-01-14 22:05:24,091 - > saved mIoU
2025-01-14 22:12:09,005 - 5        9.469026   8.545585   0.165145   0.000126   0.769035   1.0e-04 , 1.0e-05 
2025-01-14 22:18:53,095 - 6        8.994692   8.127831   0.172802   0.000182   0.776512   1.0e-04 , 1.0e-05 
2025-01-14 22:25:37,371 - 7        8.621913   7.583788   0.171923   0.000246   0.788455   1.0e-04 , 1.0e-05 
2025-01-14 22:32:21,435 - 8        8.155652   7.541399   0.178502   0.000395   0.776525   1.0e-04 , 1.0e-05 
2025-01-14 22:32:21,435 - > saved mIoU
2025-01-14 22:39:06,156 - 9        7.845731   7.416128   0.174601   0.000438   0.773204   1.0e-04 , 1.0e-05 
2025-01-14 22:45:50,463 - 10       7.536339   7.453700   0.177211   0.000361   0.761441   1.0e-04 , 1.0e-05 
2025-01-14 22:52:34,698 - 11       7.366386   7.341784   0.177600   0.000448   0.767271   1.0e-04 , 1.0e-05 
2025-01-14 22:59:18,338 - 12       7.230027   7.495452   0.175239   0.000562   0.751594   1.0e-04 , 1.0e-05 
2025-01-14 23:06:02,335 - 13       7.062429   6.894104   0.179564   0.000648   0.786652   1.0e-04 , 1.0e-05 
2025-01-14 23:06:02,336 - > saved mIoU
2025-01-14 23:12:46,497 - 14       6.997769   7.125644   0.183176   0.000889   0.762223   1.0e-04 , 1.0e-05 
2025-01-14 23:12:46,497 - > saved mIoU
2025-01-14 23:12:46,982 - Fine del training

2025-01-14 23:12:47,242 - 
Caricati i pesi in: /raid/homespace/piecestola/space/ML4CV/results/train_7/ckpts/weights_mIoU_0.pt

2025-01-14 23:12:47,249 - Inizio del training
2025-01-14 23:12:47,249 - optimizer: Adam (
Parameter Group 0
    amsgrad: False
    betas: (0.9, 0.999)
    capturable: False
    differentiable: False
    eps: 1e-08
    foreach: None
    fused: False
    lr: 0.0001
    maximize: False
    weight_decay: 0.0001

Parameter Group 1
    amsgrad: False
    betas: (0.9, 0.999)
    capturable: False
    differentiable: False
    eps: 1e-08
    foreach: None
    fused: False
    lr: 1e-05
    maximize: False
    weight_decay: 0.0001
)
2025-01-14 23:12:47,249 - loss:      ArcFaceLoss(
  (loss): CrossEntropyLoss()
)
2025-01-14 23:12:47,249 - epochs:    50
2025-01-14 23:12:47,249 - name:      weights_1

2025-01-14 23:31:11,025 - Epoch    Loss       Val Loss   mIoU       minIoU     maxIoU     LR      
2025-01-14 23:31:11,026 - 0        5.440912   5.001335   0.238687   0.000171   0.894001   1.0e-04 , 1.0e-05 
2025-01-14 23:49:35,650 - 1        4.601430   5.058195   0.269242   0.003285   0.868506   1.0e-04 , 1.0e-05 
2025-01-14 23:49:35,650 - > saved mIoU
2025-01-15 00:08:01,011 - 2        4.171477   4.619631   0.277563   0.002075   0.885100   1.0e-04 , 1.0e-05 
2025-01-15 00:08:01,012 - > saved mIoU
2025-01-15 00:26:28,435 - 3        3.853919   4.667547   0.301623   0.002625   0.893316   1.0e-04 , 1.0e-05 
2025-01-15 00:26:28,436 - > saved mIoU
2025-01-15 00:44:55,429 - 4        3.609361   4.060765   0.333184   0.001856   0.921513   1.0e-04 , 1.0e-05 
2025-01-15 00:44:55,429 - > saved mIoU
2025-01-15 01:03:22,567 - 5        3.451944   4.152645   0.358488   0.002963   0.903462   1.0e-04 , 1.0e-05 
2025-01-15 01:03:22,567 - > saved mIoU
2025-01-15 01:21:49,686 - 6        3.292595   4.085471   0.382121   0.001993   0.919792   1.0e-04 , 1.0e-05 
2025-01-15 01:21:49,687 - > saved mIoU
2025-01-15 01:40:16,505 - 7        3.164676   4.156209   0.382122   0.002147   0.914451   1.0e-04 , 1.0e-05 
2025-01-15 01:40:16,505 - > saved mIoU
2025-01-15 01:58:43,448 - 8        3.010087   3.709679   0.395961   0.001575   0.927885   1.0e-04 , 1.0e-05 
2025-01-15 01:58:43,449 - > saved mIoU
2025-01-15 02:17:10,171 - 9        2.825308   3.970840   0.385851   0.000631   0.906043   1.0e-04 , 1.0e-05 
2025-01-15 02:35:36,886 - 10       2.732177   3.594600   0.412414   0.001800   0.922431   1.0e-04 , 1.0e-05 
2025-01-15 02:35:36,887 - > saved mIoU
2025-01-15 02:54:03,272 - 11       2.615928   3.605037   0.416518   0.001206   0.923203   1.0e-04 , 1.0e-05 
2025-01-15 02:54:03,273 - > saved mIoU
2025-01-15 03:12:28,368 - 12       2.527011   3.726744   0.404030   0.000877   0.914025   1.0e-04 , 1.0e-05 
2025-01-15 03:30:52,182 - 13       2.423382   3.652504   0.414088   0.001637   0.920169   1.0e-04 , 1.0e-05 
2025-01-15 03:49:15,698 - 14       2.326542   3.436642   0.422813   0.001327   0.923241   1.0e-04 , 1.0e-05 
2025-01-15 03:49:15,699 - > saved mIoU
2025-01-15 04:07:40,839 - Epoch    Loss       Val Loss   mIoU       minIoU     maxIoU     LR      
2025-01-15 04:07:40,839 - 15       2.213596   3.371907   0.406207   0.006767   0.911213   1.0e-04 , 1.0e-05 
2025-01-15 04:26:06,568 - 16       2.098876   3.243042   0.422965   0.003805   0.924808   1.0e-04 , 1.0e-05 
2025-01-15 04:26:06,568 - > saved mIoU
2025-01-15 04:44:33,784 - 17       1.983550   3.279410   0.415369   0.009170   0.921530   1.0e-04 , 1.0e-05 
2025-01-15 05:02:59,024 - 18       1.930094   3.173045   0.414727   0.004056   0.927986   1.0e-04 , 1.0e-05 
2025-01-15 05:21:25,017 - 19       1.850517   3.105837   0.416495   0.006813   0.927016   1.0e-04 , 1.0e-05 
2025-01-15 05:39:50,367 - 20       1.815118   3.425197   0.409057   0.005477   0.928154   1.0e-04 , 1.0e-05 
2025-01-15 05:58:15,731 - 21       1.790202   3.366660   0.405274   0.004201   0.911515   1.0e-04 , 1.0e-05 
2025-01-15 06:16:41,036 - 22       1.740304   3.075398   0.417705   0.001187   0.928965   1.0e-04 , 1.0e-05 
2025-01-15 06:35:06,683 - 23       1.724912   3.134254   0.418044   0.002486   0.926795   1.0e-04 , 1.0e-05 
2025-01-15 06:53:32,160 - 24       1.709502   3.272127   0.391465   0.006911   0.922354   1.0e-04 , 1.0e-05 
2025-01-15 07:11:57,313 - 25       1.698665   3.335493   0.398703   0.005277   0.922813   1.0e-04 , 1.0e-05 
2025-01-15 07:30:20,701 - 26       1.666667   3.130535   0.402983   0.006074   0.928658   1.0e-04 , 1.0e-05 
2025-01-15 07:48:44,977 - 27       1.646869   3.227390   0.404866   0.007575   0.927429   1.0e-04 , 1.0e-05 
2025-01-15 08:07:12,655 - 28       1.660188   3.281347   0.386949   0.009979   0.921650   1.0e-04 , 1.0e-05 
2025-01-15 08:25:36,568 - 29       1.641576   2.993811   0.431089   0.002938   0.932303   5.0e-05 , 5.0e-06 
2025-01-15 08:25:36,569 - > saved mIoU
2025-01-15 08:44:00,828 - Epoch    Loss       Val Loss   mIoU       minIoU     maxIoU     LR      
2025-01-15 08:44:00,828 - 30       1.625438   3.108640   0.420996   0.003911   0.929454   5.0e-05 , 5.0e-06 
2025-01-15 09:02:22,767 - 31       1.606824   3.015332   0.431170   0.002169   0.931265   5.0e-05 , 5.0e-06 
2025-01-15 09:02:22,767 - > saved mIoU
2025-01-15 09:20:46,515 - 32       1.600118   2.968183   0.428043   0.005020   0.935079   5.0e-05 , 5.0e-06 
2025-01-15 09:39:09,016 - 33       1.592377   3.209680   0.421132   0.003819   0.931257   5.0e-05 , 5.0e-06 
2025-01-15 09:57:33,683 - 34       1.588017   3.105765   0.427169   0.004082   0.932006   5.0e-05 , 5.0e-06 
2025-01-15 10:15:56,068 - 35       1.582403   3.016634   0.429142   0.004424   0.934469   5.0e-05 , 5.0e-06 
2025-01-15 10:34:18,093 - 36       1.584711   3.258593   0.415308   0.004887   0.930375   5.0e-05 , 5.0e-06 
2025-01-15 10:52:40,176 - 37       1.577368   3.076617   0.427680   0.005042   0.932763   5.0e-05 , 5.0e-06 
2025-01-15 11:11:02,239 - 38       1.559102   3.095305   0.429188   0.002949   0.932483   5.0e-05 , 5.0e-06 
2025-01-15 11:29:24,833 - 39       1.550766   3.118158   0.432926   0.003694   0.933322   2.5e-05 , 2.5e-06 
2025-01-15 11:29:24,833 - > saved mIoU
2025-01-15 11:47:48,013 - 40       1.552437   3.108761   0.435152   0.004627   0.930926   2.5e-05 , 2.5e-06 
2025-01-15 11:47:48,013 - > saved mIoU
2025-01-15 12:06:11,800 - 41       1.538822   3.154622   0.435952   0.003676   0.933793   2.5e-05 , 2.5e-06 
2025-01-15 12:06:11,800 - > saved mIoU
2025-01-15 12:24:34,890 - 42       1.531645   3.165470   0.436412   0.004073   0.931043   2.5e-05 , 2.5e-06 
2025-01-15 12:24:34,890 - > saved mIoU
2025-01-15 12:42:59,022 - 43       1.532319   3.158930   0.433541   0.003479   0.933724   2.5e-05 , 2.5e-06 
2025-01-15 13:01:21,233 - 44       1.530112   3.171173   0.433780   0.002741   0.932519   2.5e-05 , 2.5e-06 
2025-01-15 13:19:42,898 - Epoch    Loss       Val Loss   mIoU       minIoU     maxIoU     LR      
2025-01-15 13:19:42,898 - 45       1.536242   3.152512   0.427911   0.004345   0.931787   1.3e-05 , 1.3e-06 
2025-01-15 13:38:05,142 - 46       1.520138   3.197034   0.431807   0.004077   0.932887   1.3e-05 , 1.3e-06 
2025-01-15 13:56:27,184 - 47       1.522686   3.082889   0.438662   0.003908   0.934601   1.3e-05 , 1.3e-06 
2025-01-15 13:56:27,185 - > saved mIoU
2025-01-15 14:14:51,328 - 48       1.520111   3.130447   0.438275   0.003935   0.934221   1.3e-05 , 1.3e-06 
2025-01-15 14:33:13,889 - 49       1.516325   3.057510   0.444270   0.003409   0.934126   1.3e-05 , 1.3e-06 
2025-01-15 14:33:13,890 - > saved mIoU
2025-01-15 14:33:15,857 - Fine del training

