2024-12-20 15:04:44,312 - device          : cuda:1
2024-12-20 15:04:44,312 - model           : resnet101
2024-12-20 15:04:44,312 - epochs          : 50
2024-12-20 15:04:44,312 - batch           : 16
2024-12-20 15:04:44,312 - lr              : 0.0001
2024-12-20 15:04:44,312 - crop            : 512
2024-12-20 15:04:44,312 - optimizer       : adam
2024-12-20 15:04:44,312 - biases          : False
2024-12-20 15:04:44,312 - focal_loss      : 0
2024-12-20 15:04:44,312 - activation      : softmax
2024-12-20 15:04:44,312 - class_weights   : True
2024-12-20 15:04:44,312 - norm_weights    : False
2024-12-20 15:04:44,321 - Dataset Creati
2024-12-20 15:04:44,321 - Training images: 5125
2024-12-20 15:04:44,321 - Validation images: 1031

2024-12-20 15:04:44,321 - Dataloader Creati
2024-12-20 15:04:44,321 - Training batches: 320
2024-12-20 15:04:44,321 - Validation batches: 128

2024-12-20 15:04:47,961 - Model: deeplabv3plus_resnet101

2024-12-20 15:04:48,026 - Modello caricato correttamente su cuda:1

2024-12-20 15:04:48,029 - Inizio del training
2024-12-20 15:04:48,029 - optimizer: Adam (
Parameter Group 0
    amsgrad: False
    betas: (0.9, 0.999)
    capturable: False
    differentiable: False
    eps: 1e-08
    foreach: None
    fused: False
    lr: 0.0001
    maximize: False
    weight_decay: 0.0001

Parameter Group 1
    amsgrad: False
    betas: (0.9, 0.999)
    capturable: False
    differentiable: False
    eps: 1e-08
    foreach: None
    fused: False
    lr: 1e-05
    maximize: False
    weight_decay: 0.0001
)
2024-12-20 15:04:48,029 - loss:      CrossEntropyLoss()
2024-12-20 15:04:48,029 - epochs:    15
2024-12-20 15:04:48,029 - name:      weights_0

2024-12-20 15:11:06,834 - Epoch    Loss       Val Loss   mIoU       minIoU     maxIoU     LR      
2024-12-20 15:11:06,834 - 0        1.542177   1.368057   0.300525   0.006747   0.823102   1.0e-04 , 1.0e-05 
2024-12-20 15:17:25,976 - 1        1.153855   1.319667   0.323694   0.007985   0.822417   1.0e-04 , 1.0e-05 
2024-12-20 15:17:26,833 - Modello salvato
2024-12-20 15:23:47,641 - 2        1.046862   1.291996   0.328163   0.011044   0.818257   1.0e-04 , 1.0e-05 
2024-12-20 15:23:48,643 - Modello salvato
2024-12-20 15:30:07,196 - 3        0.969876   1.278478   0.335902   0.014030   0.809721   1.0e-04 , 1.0e-05 
2024-12-20 15:30:08,157 - Modello salvato
2024-12-20 15:36:25,459 - 4        0.934372   1.265739   0.337067   0.019797   0.817105   1.0e-04 , 1.0e-05 
2024-12-20 15:36:26,428 - Modello salvato
2024-12-20 15:42:44,170 - 5        0.899562   1.279537   0.340881   0.018660   0.814010   1.0e-04 , 1.0e-05 
2024-12-20 15:42:44,669 - Modello salvato
2024-12-20 15:49:03,489 - 6        0.868251   1.266485   0.342604   0.016318   0.813998   1.0e-04 , 1.0e-05 
2024-12-20 15:49:03,966 - Modello salvato
2024-12-20 15:55:21,170 - 7        0.840003   1.258233   0.348062   0.013369   0.820368   1.0e-04 , 1.0e-05 
2024-12-20 15:55:22,152 - Modello salvato
2024-12-20 16:01:39,607 - 8        0.824517   1.250673   0.345671   0.019761   0.820001   1.0e-04 , 1.0e-05 
2024-12-20 16:07:57,301 - 9        0.798606   1.263976   0.344673   0.018628   0.817381   1.0e-04 , 1.0e-05 
2024-12-20 16:14:15,235 - 10       0.782173   1.249671   0.343254   0.019132   0.819217   1.0e-04 , 1.0e-05 
2024-12-20 16:20:33,618 - 11       0.771315   1.258212   0.343858   0.023517   0.818009   1.0e-04 , 1.0e-05 
2024-12-20 16:26:50,252 - 12       0.763782   1.264684   0.343965   0.016490   0.820858   1.0e-04 , 1.0e-05 
2024-12-20 16:33:07,447 - 13       0.745020   1.275483   0.345566   0.018065   0.817654   1.0e-04 , 1.0e-05 
2024-12-20 16:39:24,691 - 14       0.732283   1.276237   0.342039   0.019541   0.812641   1.0e-04 , 1.0e-05 
2024-12-20 16:39:24,692 - Fine del training

2024-12-20 16:39:24,987 - 
Caricati i pesi in: /home/piecestola/space/ML4CV/results/train_1/ckpts/weights_0.pt

2024-12-20 16:39:24,988 - Inizio del training
2024-12-20 16:39:24,988 - optimizer: Adam (
Parameter Group 0
    amsgrad: False
    betas: (0.9, 0.999)
    capturable: False
    differentiable: False
    eps: 1e-08
    foreach: None
    fused: False
    lr: 0.0001
    maximize: False
    weight_decay: 0.0001

Parameter Group 1
    amsgrad: False
    betas: (0.9, 0.999)
    capturable: False
    differentiable: False
    eps: 1e-08
    foreach: None
    fused: False
    lr: 1e-05
    maximize: False
    weight_decay: 0.0001
)
2024-12-20 16:39:24,989 - loss:      CrossEntropyLoss()
2024-12-20 16:39:24,989 - epochs:    50
2024-12-20 16:39:24,989 - name:      weights_1

2024-12-20 16:55:18,803 - Epoch    Loss       Val Loss   mIoU       minIoU     maxIoU     LR      
2024-12-20 16:55:18,803 - 0        0.701949   1.190840   0.381750   0.053428   0.833239   1.0e-04 , 1.0e-05 
2024-12-20 17:11:12,944 - 1        0.475629   1.008623   0.401649   0.043195   0.845860   1.0e-04 , 1.0e-05 
2024-12-20 17:11:15,175 - Modello salvato
2024-12-20 17:27:09,387 - 2        0.371903   0.871207   0.464111   0.163403   0.853628   1.0e-04 , 1.0e-05 
2024-12-20 17:27:12,509 - Modello salvato
2024-12-20 17:43:07,261 - 3        0.315015   0.830852   0.474016   0.158618   0.858009   1.0e-04 , 1.0e-05 
2024-12-20 17:43:09,979 - Modello salvato
2024-12-20 17:59:04,931 - 4        0.269238   0.799489   0.484176   0.220606   0.861053   1.0e-04 , 1.0e-05 
2024-12-20 17:59:07,736 - Modello salvato
2024-12-20 18:15:02,241 - 5        0.243078   0.783238   0.502635   0.205819   0.876281   1.0e-04 , 1.0e-05 
2024-12-20 18:15:05,018 - Modello salvato
2024-12-20 18:30:58,593 - 6        0.225789   0.851641   0.506108   0.201717   0.871843   1.0e-04 , 1.0e-05 
2024-12-20 18:31:00,039 - Modello salvato
2024-12-20 18:46:53,420 - 7        0.212072   0.862860   0.489528   0.099654   0.884588   1.0e-04 , 1.0e-05 
2024-12-20 19:02:47,320 - 8        0.199829   0.839123   0.506934   0.242303   0.885114   1.0e-04 , 1.0e-05 
2024-12-20 19:02:48,558 - Modello salvato
2024-12-20 19:18:43,426 - 9        0.185235   0.826471   0.520856   0.244156   0.886681   1.0e-04 , 1.0e-05 
2024-12-20 19:18:44,847 - Modello salvato
2024-12-20 19:34:37,602 - 10       0.175264   0.812733   0.536738   0.256469   0.890091   1.0e-04 , 1.0e-05 
2024-12-20 19:34:38,991 - Modello salvato
2024-12-20 19:50:29,848 - 11       0.167867   0.877568   0.523727   0.181311   0.883965   1.0e-04 , 1.0e-05 
2024-12-20 20:06:20,534 - 12       0.161369   0.855944   0.537755   0.274107   0.892392   5.0e-05 , 5.0e-06 
2024-12-20 20:06:21,923 - Modello salvato
2024-12-20 20:22:13,050 - 13       0.151335   0.829944   0.555471   0.274337   0.889685   5.0e-05 , 5.0e-06 
2024-12-20 20:22:14,504 - Modello salvato
2024-12-20 20:38:06,443 - 14       0.147057   0.833804   0.529920   0.193470   0.892980   5.0e-05 , 5.0e-06 
2024-12-20 20:53:59,693 - Epoch    Loss       Val Loss   mIoU       minIoU     maxIoU     LR      
2024-12-20 20:53:59,694 - 15       0.141174   0.789554   0.560663   0.252329   0.893614   5.0e-05 , 5.0e-06 
2024-12-20 20:54:01,072 - Modello salvato
2024-12-20 21:09:53,739 - 16       0.137566   0.852286   0.541221   0.261526   0.889291   5.0e-05 , 5.0e-06 
2024-12-20 21:25:46,116 - 17       0.135932   0.860829   0.588447   0.277300   0.895398   5.0e-05 , 5.0e-06 
2024-12-20 21:25:47,524 - Modello salvato
2024-12-20 21:41:39,377 - 18       0.135068   0.857500   0.534159   0.259175   0.887617   2.5e-05 , 2.5e-06 
2024-12-20 21:57:30,347 - 19       0.128108   0.854436   0.562571   0.284947   0.895191   2.5e-05 , 2.5e-06 
2024-12-20 22:13:21,161 - 20       0.126332   0.839035   0.563607   0.282859   0.895792   2.5e-05 , 2.5e-06 
2024-12-20 22:29:12,868 - 21       0.121715   0.839849   0.578833   0.295048   0.898486   2.5e-05 , 2.5e-06 
2024-12-20 22:45:03,543 - 22       0.121320   0.845206   0.559489   0.296745   0.896103   2.5e-05 , 2.5e-06 
2024-12-20 23:00:53,794 - 23       0.119798   0.827702   0.579255   0.304296   0.900421   2.5e-05 , 2.5e-06 
2024-12-20 23:16:44,366 - 24       0.117440   0.862189   0.579391   0.317430   0.902286   1.3e-05 , 1.3e-06 
2024-12-20 23:32:35,315 - 25       0.114844   0.846379   0.581556   0.294229   0.902433   1.3e-05 , 1.3e-06 
2024-12-20 23:48:31,350 - 26       0.114102   0.855884   0.583229   0.303517   0.905754   1.3e-05 , 1.3e-06 
2024-12-21 00:04:27,989 - 27       0.112712   0.865149   0.587485   0.299683   0.902957   1.3e-05 , 1.3e-06 
2024-12-21 00:20:20,434 - 28       0.111457   0.866965   0.570678   0.293482   0.904033   1.3e-05 , 1.3e-06 
2024-12-21 00:36:13,729 - 29       0.111394   0.870833   0.582206   0.303607   0.903954   1.3e-05 , 1.3e-06 
2024-12-21 00:52:05,074 - Epoch    Loss       Val Loss   mIoU       minIoU     maxIoU     LR      
2024-12-21 00:52:05,075 - 30       0.109300   0.865094   0.584500   0.303769   0.906529   6.3e-06 , 6.3e-07 
2024-12-21 01:07:56,816 - 31       0.110187   0.859915   0.586715   0.309550   0.906038   6.3e-06 , 6.3e-07 
2024-12-21 01:23:48,883 - 32       0.109002   0.857268   0.585295   0.313553   0.907519   6.3e-06 , 6.3e-07 
2024-12-21 01:39:40,216 - 33       0.108072   0.872955   0.585109   0.311055   0.906514   6.3e-06 , 6.3e-07 
2024-12-21 01:55:33,571 - 34       0.107631   0.871396   0.581405   0.309323   0.907121   6.3e-06 , 6.3e-07 
2024-12-21 02:11:24,667 - 35       0.106669   0.886780   0.586627   0.309490   0.906372   6.3e-06 , 6.3e-07 
2024-12-21 02:27:17,677 - 36       0.106691   0.855979   0.584477   0.306540   0.909067   3.1e-06 , 3.1e-07 
2024-12-21 02:43:09,441 - 37       0.105877   0.876353   0.585668   0.307448   0.906691   3.1e-06 , 3.1e-07 
2024-12-21 02:59:00,110 - 38       0.105990   0.873207   0.583460   0.308345   0.907477   3.1e-06 , 3.1e-07 
2024-12-21 03:14:51,666 - 39       0.106538   0.867598   0.586513   0.309383   0.908903   3.1e-06 , 3.1e-07 
2024-12-21 03:30:43,941 - 40       0.105870   0.881076   0.586037   0.312001   0.906834   3.1e-06 , 3.1e-07 
2024-12-21 03:46:34,818 - 41       0.104685   0.883196   0.583859   0.309220   0.906885   3.1e-06 , 3.1e-07 
2024-12-21 04:02:25,956 - 42       0.104456   0.883523   0.583257   0.305377   0.905835   1.6e-06 , 1.6e-07 
2024-12-21 04:18:17,549 - 43       0.104780   0.891037   0.587085   0.309868   0.907262   1.6e-06 , 1.6e-07 
2024-12-21 04:34:10,834 - 44       0.105107   0.884569   0.585024   0.307991   0.907946   1.6e-06 , 1.6e-07 
2024-12-21 04:50:03,433 - Epoch    Loss       Val Loss   mIoU       minIoU     maxIoU     LR      
2024-12-21 04:50:03,433 - 45       0.103578   0.896003   0.585405   0.312830   0.906623   1.6e-06 , 1.6e-07 
2024-12-21 05:05:55,773 - 46       0.103971   0.892863   0.586228   0.308973   0.906128   1.6e-06 , 1.6e-07 
2024-12-21 05:21:47,682 - 47       0.104147   0.896591   0.584992   0.311346   0.906590   1.6e-06 , 1.6e-07 
2024-12-21 05:37:39,624 - 48       0.103560   0.894952   0.586431   0.313889   0.906900   7.8e-07 , 7.8e-08 
2024-12-21 05:53:31,313 - 49       0.103221   0.904237   0.585863   0.311834   0.906944   7.8e-07 , 7.8e-08 
2024-12-21 05:53:31,313 - Fine del training

