2024-12-19 16:22:09,915 - device          : cuda:1
2024-12-19 16:22:09,915 - epochs          : 100
2024-12-19 16:22:09,915 - batch           : 32
2024-12-19 16:22:09,915 - lr              : 0.0001
2024-12-19 16:22:09,915 - crop            : 256
2024-12-19 16:22:09,915 - optimizer       : adam
2024-12-19 16:22:09,915 - biases          : False
2024-12-19 16:22:09,915 - focal_loss      : 0
2024-12-19 16:22:09,915 - activation      : softmax
2024-12-19 16:22:09,916 - class_weights   : False
2024-12-19 16:22:09,916 - norm_weights    : False
2024-12-19 16:22:09,924 - Dataset Creati
2024-12-19 16:22:09,924 - Training images: 5125
2024-12-19 16:22:09,924 - Validation images: 1031

2024-12-19 16:22:09,925 - Dataloader Creati
2024-12-19 16:22:09,925 - Training batches: 160
2024-12-19 16:22:09,925 - Validation batches: 128

2024-12-19 16:22:11,725 - Modello caricato correttamente su cuda:1

2024-12-19 16:22:11,727 - Inizio del training
2024-12-19 16:22:11,727 - optimizer: Adam (
Parameter Group 0
    amsgrad: False
    betas: (0.9, 0.999)
    capturable: False
    differentiable: False
    eps: 1e-08
    foreach: None
    fused: False
    lr: 0.0001
    maximize: False
    weight_decay: 0.0001

Parameter Group 1
    amsgrad: False
    betas: (0.9, 0.999)
    capturable: False
    differentiable: False
    eps: 1e-08
    foreach: None
    fused: False
    lr: 1e-05
    maximize: False
    weight_decay: 0.0001
)
2024-12-19 16:22:11,727 - loss:      CrossEntropyLoss()
2024-12-19 16:22:11,727 - epochs:    15
2024-12-19 16:22:11,727 - name:      weights_0

2024-12-19 16:25:22,573 - Epoch    Loss       Val Loss   mIoU       minIoU     maxIoU     LR      
2024-12-19 16:25:22,574 - 0        1.069007   0.774129   0.271387   0.000000   0.765677   1.0e-04 , 1.0e-05 
2024-12-19 16:28:40,913 - 1        0.737119   0.694147   0.289558   0.000000   0.775599   1.0e-04 , 1.0e-05 
2024-12-19 16:28:41,000 - Modello salvato
2024-12-19 16:28:41,071 - Modello salvato
2024-12-19 16:32:01,114 - 2        0.673408   0.654931   0.301999   0.000000   0.781106   1.0e-04 , 1.0e-05 
2024-12-19 16:32:01,200 - Modello salvato
2024-12-19 16:32:01,280 - Modello salvato
2024-12-19 16:35:19,130 - 3        0.633627   0.634077   0.311913   0.000000   0.794256   1.0e-04 , 1.0e-05 
2024-12-19 16:35:19,212 - Modello salvato
2024-12-19 16:35:19,292 - Modello salvato
2024-12-19 16:38:37,230 - 4        0.611916   0.629060   0.315717   0.000000   0.796125   1.0e-04 , 1.0e-05 
2024-12-19 16:38:37,314 - Modello salvato
2024-12-19 16:38:37,394 - Modello salvato
2024-12-19 16:41:56,003 - 5        0.585448   0.631897   0.316192   0.000000   0.789924   1.0e-04 , 1.0e-05 
2024-12-19 16:41:56,082 - Modello salvato
2024-12-19 16:45:12,773 - 6        0.577330   0.617764   0.326991   0.000000   0.803867   1.0e-04 , 1.0e-05 
2024-12-19 16:45:12,850 - Modello salvato
2024-12-19 16:45:12,927 - Modello salvato
2024-12-19 16:48:30,812 - 7        0.562226   0.637874   0.319699   0.000000   0.789622   1.0e-04 , 1.0e-05 
2024-12-19 16:51:48,600 - 8        0.559373   0.613496   0.330264   0.000000   0.799783   1.0e-04 , 1.0e-05 
2024-12-19 16:51:48,680 - Modello salvato
2024-12-19 16:51:48,759 - Modello salvato
2024-12-19 16:55:06,946 - 9        0.545674   0.607236   0.340848   0.000000   0.822541   1.0e-04 , 1.0e-05 
2024-12-19 16:55:07,032 - Modello salvato
2024-12-19 16:55:07,111 - Modello salvato
2024-12-19 16:58:19,471 - 10       0.539932   0.621073   0.334056   0.000000   0.801346   1.0e-04 , 1.0e-05 
2024-12-19 17:01:35,942 - 11       0.538335   0.600449   0.344266   0.000000   0.825175   1.0e-04 , 1.0e-05 
2024-12-19 17:01:36,079 - Modello salvato
2024-12-19 17:01:36,158 - Modello salvato
2024-12-19 17:04:55,707 - 12       0.531722   0.606833   0.345237   0.000000   0.820699   1.0e-04 , 1.0e-05 
2024-12-19 17:04:55,789 - Modello salvato
2024-12-19 17:08:10,330 - 13       0.517721   0.604639   0.347608   0.000000   0.826459   1.0e-04 , 1.0e-05 
2024-12-19 17:08:10,432 - Modello salvato
2024-12-19 17:11:29,839 - 14       0.519474   0.613643   0.348970   0.000000   0.820656   1.0e-04 , 1.0e-05 
2024-12-19 17:11:29,927 - Modello salvato
2024-12-19 17:11:29,927 - Fine del training

2024-12-19 17:11:30,031 - 
Caricati i pesi in: /home/piecestola/space/ML4CV/results/train_6/ckpts/weights_0.pt

2024-12-19 17:11:30,032 - Inizio del training
2024-12-19 17:11:30,032 - optimizer: Adam (
Parameter Group 0
    amsgrad: False
    betas: (0.9, 0.999)
    capturable: False
    differentiable: False
    eps: 1e-08
    foreach: None
    fused: False
    lr: 0.0001
    maximize: False
    weight_decay: 0.0001

Parameter Group 1
    amsgrad: False
    betas: (0.9, 0.999)
    capturable: False
    differentiable: False
    eps: 1e-08
    foreach: None
    fused: False
    lr: 1e-05
    maximize: False
    weight_decay: 0.0001
)
2024-12-19 17:11:30,033 - loss:      CrossEntropyLoss()
2024-12-19 17:11:30,033 - epochs:    100
2024-12-19 17:11:30,033 - name:      weights_1

2024-12-19 17:14:45,568 - Epoch    Loss       Val Loss   mIoU       minIoU     maxIoU     LR      
2024-12-19 17:14:45,568 - 0        0.498646   0.619497   0.357661   0.000000   0.795783   1.0e-04 , 1.0e-05 
2024-12-19 17:17:52,502 - 1        0.423726   0.526459   0.401022   0.000000   0.865748   1.0e-04 , 1.0e-05 
2024-12-19 17:17:52,676 - Modello salvato
2024-12-19 17:17:52,819 - Modello salvato
2024-12-19 17:20:53,757 - 2        0.382438   0.503608   0.407816   0.000000   0.863208   1.0e-04 , 1.0e-05 
2024-12-19 17:20:53,930 - Modello salvato
2024-12-19 17:20:54,092 - Modello salvato
2024-12-19 17:23:52,948 - 3        0.347381   0.513890   0.407356   0.000000   0.829365   1.0e-04 , 1.0e-05 
2024-12-19 17:26:54,341 - 4        0.324211   0.547851   0.411756   0.000000   0.801504   1.0e-04 , 1.0e-05 
2024-12-19 17:26:54,517 - Modello salvato
2024-12-19 17:29:55,211 - 5        0.303675   0.469482   0.441428   0.000000   0.898552   1.0e-04 , 1.0e-05 
2024-12-19 17:29:55,407 - Modello salvato
2024-12-19 17:29:55,577 - Modello salvato
2024-12-19 17:32:54,180 - 6        0.282984   0.442464   0.449509   0.000788   0.899511   1.0e-04 , 1.0e-05 
2024-12-19 17:32:54,373 - Modello salvato
2024-12-19 17:32:54,553 - Modello salvato
2024-12-19 17:35:58,925 - 7        0.271772   0.460712   0.456150   0.043914   0.894605   1.0e-04 , 1.0e-05 
2024-12-19 17:35:59,098 - Modello salvato
2024-12-19 17:39:01,799 - 8        0.261643   0.454281   0.465482   0.076051   0.894099   1.0e-04 , 1.0e-05 
2024-12-19 17:39:01,973 - Modello salvato
2024-12-19 17:42:01,796 - 9        0.253841   0.464836   0.462423   0.091741   0.855412   1.0e-04 , 1.0e-05 
2024-12-19 17:45:04,308 - 10       0.235814   0.447278   0.478148   0.090913   0.899437   1.0e-04 , 1.0e-05 
2024-12-19 17:45:04,492 - Modello salvato
2024-12-19 17:48:06,679 - 11       0.232739   0.442954   0.483597   0.104967   0.906359   5.0e-05 , 5.0e-06 
2024-12-19 17:48:06,854 - Modello salvato
2024-12-19 17:51:06,487 - 12       0.222646   0.449863   0.488314   0.112456   0.903486   5.0e-05 , 5.0e-06 
2024-12-19 17:51:06,657 - Modello salvato
2024-12-19 17:54:06,362 - 13       0.217585   0.439212   0.497653   0.095445   0.899591   5.0e-05 , 5.0e-06 
2024-12-19 17:54:06,534 - Modello salvato
2024-12-19 17:54:06,701 - Modello salvato
2024-12-19 17:57:05,609 - 14       0.211308   0.418929   0.505189   0.122400   0.909710   5.0e-05 , 5.0e-06 
2024-12-19 17:57:05,770 - Modello salvato
2024-12-19 17:57:05,937 - Modello salvato
2024-12-19 18:00:13,290 - Epoch    Loss       Val Loss   mIoU       minIoU     maxIoU     LR      
2024-12-19 18:00:13,290 - 15       0.208071   0.432573   0.501515   0.073595   0.908067   5.0e-05 , 5.0e-06 
2024-12-19 18:03:12,805 - 16       0.208252   0.436092   0.505684   0.110773   0.906472   5.0e-05 , 5.0e-06 
2024-12-19 18:03:12,979 - Modello salvato
2024-12-19 18:06:13,972 - 17       0.203293   0.443526   0.510126   0.097902   0.906394   5.0e-05 , 5.0e-06 
2024-12-19 18:06:14,143 - Modello salvato
2024-12-19 18:09:15,051 - 18       0.200377   0.452037   0.508998   0.114133   0.899497   5.0e-05 , 5.0e-06 
2024-12-19 18:12:14,806 - 19       0.196855   0.434079   0.512805   0.123378   0.899010   2.5e-05 , 2.5e-06 
2024-12-19 18:12:14,971 - Modello salvato
2024-12-19 18:15:17,757 - 20       0.192129   0.437563   0.508083   0.110338   0.896983   2.5e-05 , 2.5e-06 
2024-12-19 18:18:19,677 - 21       0.194012   0.433980   0.508532   0.111834   0.907284   2.5e-05 , 2.5e-06 
2024-12-19 18:21:20,321 - 22       0.188854   0.427748   0.511140   0.115922   0.904774   2.5e-05 , 2.5e-06 
2024-12-19 18:24:22,654 - 23       0.185669   0.413561   0.515149   0.113876   0.904662   1.3e-05 , 1.3e-06 
2024-12-19 18:24:22,832 - Modello salvato
2024-12-19 18:24:23,002 - Modello salvato
2024-12-19 18:27:23,783 - 24       0.185810   0.412275   0.517185   0.120777   0.907746   1.3e-05 , 1.3e-06 
2024-12-19 18:27:23,965 - Modello salvato
2024-12-19 18:27:24,144 - Modello salvato
2024-12-19 18:30:18,268 - 25       0.182555   0.422639   0.515268   0.116314   0.904571   1.3e-05 , 1.3e-06 
2024-12-19 18:33:17,010 - 26       0.183616   0.425567   0.514013   0.119372   0.905307   1.3e-05 , 1.3e-06 
2024-12-19 18:36:19,406 - 27       0.181444   0.425598   0.514848   0.118484   0.899752   1.3e-05 , 1.3e-06 
2024-12-19 18:39:16,787 - 28       0.180712   0.424356   0.517511   0.122304   0.903569   1.3e-05 , 1.3e-06 
2024-12-19 18:39:16,957 - Modello salvato
2024-12-19 18:42:13,313 - 29       0.180351   0.420567   0.520347   0.125740   0.906125   6.3e-06 , 6.3e-07 
2024-12-19 18:42:13,518 - Modello salvato
2024-12-19 18:45:10,527 - Epoch    Loss       Val Loss   mIoU       minIoU     maxIoU     LR      
2024-12-19 18:45:10,528 - 30       0.180183   0.420497   0.520764   0.125982   0.906865   6.3e-06 , 6.3e-07 
2024-12-19 18:45:10,698 - Modello salvato
2024-12-19 18:48:05,750 - 31       0.177170   0.422104   0.518024   0.123870   0.903374   6.3e-06 , 6.3e-07 
2024-12-19 18:51:05,219 - 32       0.178621   0.423450   0.517511   0.116508   0.904642   6.3e-06 , 6.3e-07 
2024-12-19 18:53:56,824 - 33       0.178404   0.423681   0.517656   0.117573   0.905154   3.1e-06 , 3.1e-07 
2024-12-19 18:56:52,769 - 34       0.174359   0.418502   0.518758   0.114205   0.904987   3.1e-06 , 3.1e-07 
2024-12-19 18:59:54,139 - 35       0.177593   0.420220   0.518178   0.121452   0.905114   3.1e-06 , 3.1e-07 
2024-12-19 19:02:53,448 - 36       0.175468   0.421741   0.517610   0.119415   0.905701   3.1e-06 , 3.1e-07 
2024-12-19 19:05:55,705 - 37       0.176115   0.420640   0.517723   0.121612   0.905957   1.6e-06 , 1.6e-07 
2024-12-19 19:08:56,782 - 38       0.176730   0.432347   0.513182   0.120280   0.896786   1.6e-06 , 1.6e-07 
2024-12-19 19:11:55,548 - 39       0.175453   0.427085   0.515455   0.118646   0.901255   1.6e-06 , 1.6e-07 
2024-12-19 19:14:55,645 - 40       0.175678   0.424966   0.516535   0.118364   0.904582   1.6e-06 , 1.6e-07 
2024-12-19 19:17:58,155 - 41       0.175425   0.421896   0.517408   0.118076   0.905086   7.8e-07 , 7.8e-08 
2024-12-19 19:21:01,045 - 42       0.175139   0.426636   0.516540   0.116365   0.904216   7.8e-07 , 7.8e-08 
2024-12-19 19:24:00,113 - 43       0.175946   0.421138   0.516320   0.116673   0.905569   7.8e-07 , 7.8e-08 
2024-12-19 19:27:03,940 - 44       0.175637   0.426435   0.516951   0.119616   0.901881   7.8e-07 , 7.8e-08 
2024-12-19 19:29:57,697 - Epoch    Loss       Val Loss   mIoU       minIoU     maxIoU     LR      
2024-12-19 19:29:57,697 - 45       0.173629   0.423049   0.517587   0.120954   0.905106   3.9e-07 , 3.9e-08 
2024-12-19 19:32:49,627 - 46       0.175317   0.435592   0.513800   0.120533   0.891775   3.9e-07 , 3.9e-08 
2024-12-19 19:35:48,053 - 47       0.177526   0.424303   0.516352   0.116535   0.906485   3.9e-07 , 3.9e-08 
2024-12-19 19:38:42,786 - 48       0.174192   0.422337   0.517799   0.121972   0.905868   3.9e-07 , 3.9e-08 
2024-12-19 19:41:35,668 - 49       0.176199   0.420325   0.517274   0.120065   0.905575   2.0e-07 , 2.0e-08 
2024-12-19 19:44:31,648 - 50       0.173489   0.426073   0.515558   0.120560   0.902549   2.0e-07 , 2.0e-08 
2024-12-19 19:47:26,875 - 51       0.174335   0.423129   0.517146   0.116528   0.905164   2.0e-07 , 2.0e-08 
2024-12-19 19:50:26,491 - 52       0.175208   0.429581   0.514360   0.115097   0.901851   2.0e-07 , 2.0e-08 
2024-12-19 19:53:25,577 - 53       0.175399   0.422210   0.516737   0.124082   0.906820   9.8e-08 , 2.0e-08 
2024-12-19 19:56:29,577 - 54       0.173397   0.423895   0.517252   0.121147   0.903287   9.8e-08 , 2.0e-08 
2024-12-19 19:59:29,293 - 55       0.176666   0.436457   0.513102   0.119996   0.891596   9.8e-08 , 2.0e-08 
2024-12-19 20:02:22,457 - 56       0.174614   0.431698   0.514320   0.118154   0.898167   9.8e-08 , 2.0e-08 
2024-12-19 20:05:14,927 - 57       0.174058   0.422007   0.517938   0.121493   0.904863   4.9e-08 , 2.0e-08 
2024-12-19 20:08:10,806 - 58       0.173998   0.423242   0.516807   0.116835   0.904171   4.9e-08 , 2.0e-08 
2024-12-19 20:11:04,516 - 59       0.173737   0.431193   0.514130   0.117408   0.895997   4.9e-08 , 2.0e-08 
2024-12-19 20:14:03,471 - Epoch    Loss       Val Loss   mIoU       minIoU     maxIoU     LR      
2024-12-19 20:14:03,471 - 60       0.174883   0.422551   0.517290   0.119949   0.905718   4.9e-08 , 2.0e-08 
2024-12-19 20:17:02,996 - 61       0.176861   0.420638   0.516567   0.117893   0.906457   2.4e-08 , 2.0e-08 
2024-12-19 20:20:03,946 - 62       0.176885   0.423206   0.518109   0.122248   0.904510   2.4e-08 , 2.0e-08 
2024-12-19 20:23:00,138 - 63       0.174322   0.424847   0.517606   0.121081   0.904480   2.4e-08 , 2.0e-08 
2024-12-19 20:25:55,759 - 64       0.175350   0.424747   0.515961   0.116990   0.904916   2.4e-08 , 2.0e-08 
2024-12-19 20:28:57,361 - 65       0.175939   0.423091   0.517149   0.116770   0.906981   1.2e-08 , 2.0e-08 
2024-12-19 20:31:57,039 - 66       0.173424   0.427593   0.515752   0.119864   0.901258   1.2e-08 , 2.0e-08 
2024-12-19 20:34:53,191 - 67       0.175112   0.423920   0.516654   0.118682   0.905181   1.2e-08 , 2.0e-08 
2024-12-19 20:37:50,733 - 68       0.174529   0.430024   0.515224   0.119393   0.898479   1.2e-08 , 2.0e-08 
2024-12-19 20:40:44,258 - 69       0.174601   0.437904   0.513369   0.118766   0.887749   1.2e-08 , 2.0e-08 
2024-12-19 20:43:36,080 - 70       0.175548   0.424177   0.517436   0.119411   0.905469   1.2e-08 , 2.0e-08 
2024-12-19 20:46:33,340 - 71       0.175011   0.418956   0.518026   0.122336   0.907644   1.2e-08 , 2.0e-08 
2024-12-19 20:49:25,426 - 72       0.173973   0.428090   0.515412   0.120946   0.903335   1.2e-08 , 2.0e-08 
2024-12-19 20:52:24,403 - 73       0.173537   0.423562   0.516203   0.118644   0.906780   1.2e-08 , 2.0e-08 
2024-12-19 20:55:18,678 - 74       0.173381   0.422638   0.517397   0.118527   0.906632   1.2e-08 , 2.0e-08 
2024-12-19 20:58:11,023 - Epoch    Loss       Val Loss   mIoU       minIoU     maxIoU     LR      
2024-12-19 20:58:11,023 - 75       0.173630   0.416792   0.519138   0.118940   0.907452   1.2e-08 , 2.0e-08 
2024-12-19 21:01:08,146 - 76       0.176191   0.425342   0.517611   0.119866   0.904547   1.2e-08 , 2.0e-08 
2024-12-19 21:04:02,066 - 77       0.175573   0.423208   0.516470   0.120380   0.905734   1.2e-08 , 2.0e-08 
2024-12-19 21:06:56,676 - 78       0.175387   0.425003   0.516279   0.120898   0.903156   1.2e-08 , 2.0e-08 
2024-12-19 21:09:52,326 - 79       0.174053   0.426941   0.516315   0.117202   0.903543   1.2e-08 , 2.0e-08 
2024-12-19 21:12:47,332 - 80       0.172386   0.422575   0.517961   0.120652   0.905793   1.2e-08 , 2.0e-08 
2024-12-19 21:15:46,745 - 81       0.174034   0.424312   0.517855   0.116235   0.904600   1.2e-08 , 2.0e-08 
2024-12-19 21:18:51,621 - 82       0.173446   0.424668   0.517168   0.119966   0.905070   1.2e-08 , 2.0e-08 
2024-12-19 21:21:47,092 - 83       0.175158   0.422315   0.516540   0.119334   0.905757   1.2e-08 , 2.0e-08 
2024-12-19 21:24:46,656 - 84       0.174151   0.423515   0.516536   0.120218   0.905652   1.2e-08 , 2.0e-08 
2024-12-19 21:27:42,069 - 85       0.174624   0.422661   0.517087   0.120958   0.906515   1.2e-08 , 2.0e-08 
2024-12-19 21:30:43,089 - 86       0.172082   0.421791   0.517511   0.119153   0.906357   1.2e-08 , 2.0e-08 
2024-12-19 21:33:46,516 - 87       0.173895   0.432754   0.515162   0.118442   0.897524   1.2e-08 , 2.0e-08 
2024-12-19 21:36:46,177 - 88       0.176753   0.430685   0.515170   0.115725   0.900233   1.2e-08 , 2.0e-08 
2024-12-19 21:39:49,595 - 89       0.175720   0.420982   0.517516   0.119379   0.906695   1.2e-08 , 2.0e-08 
2024-12-19 21:42:46,375 - Epoch    Loss       Val Loss   mIoU       minIoU     maxIoU     LR      
2024-12-19 21:42:46,376 - 90       0.176285   0.422908   0.518022   0.118990   0.905742   1.2e-08 , 2.0e-08 
2024-12-19 21:45:38,713 - 91       0.175421   0.425803   0.515758   0.119367   0.905799   1.2e-08 , 2.0e-08 
2024-12-19 21:48:38,534 - 92       0.173611   0.425493   0.515898   0.117295   0.903779   1.2e-08 , 2.0e-08 
2024-12-19 21:51:35,716 - 93       0.174760   0.439801   0.512860   0.117322   0.892584   1.2e-08 , 2.0e-08 
2024-12-19 21:54:37,303 - 94       0.176463   0.433211   0.514137   0.118185   0.896360   1.2e-08 , 2.0e-08 
2024-12-19 21:57:36,607 - 95       0.175258   0.423088   0.517720   0.122546   0.905945   1.2e-08 , 2.0e-08 
2024-12-19 22:00:33,665 - 96       0.175025   0.418034   0.519261   0.123243   0.906893   1.2e-08 , 2.0e-08 
2024-12-19 22:03:32,474 - 97       0.174780   0.425908   0.516030   0.116083   0.903913   1.2e-08 , 2.0e-08 
2024-12-19 22:06:30,006 - 98       0.174332   0.432815   0.513707   0.116943   0.897310   1.2e-08 , 2.0e-08 
2024-12-19 22:09:28,421 - 99       0.175726   0.433474   0.514314   0.121601   0.891849   1.2e-08 , 2.0e-08 
2024-12-19 22:09:28,422 - Fine del training

