2024-12-14 02:07:18,324 - device          : cuda:5
2024-12-14 02:07:18,324 - epochs          : 150
2024-12-14 02:07:18,324 - batch           : 16
2024-12-14 02:07:18,325 - lr              : 0.0001
2024-12-14 02:07:18,325 - crop            : 512
2024-12-14 02:07:18,325 - optimizer       : adam
2024-12-14 02:07:18,325 - biases          : False
2024-12-14 02:07:18,325 - focal_loss      : 0
2024-12-14 02:07:18,325 - activation      : softmax
2024-12-14 02:07:18,325 - class_weights   : True
2024-12-14 02:07:18,325 - norm_weights    : True
2024-12-14 02:07:18,334 - Dataset Creati
2024-12-14 02:07:18,334 - Training images: 5125
2024-12-14 02:07:18,334 - Validation images: 1031

2024-12-14 02:07:18,335 - Dataloader Creati
2024-12-14 02:07:18,335 - Training batches: 320
2024-12-14 02:07:18,335 - Validation batches: 128

2024-12-14 02:07:20,337 - Modello caricato correttamente su cuda:5

2024-12-14 02:07:20,340 - Inizio del training
2024-12-14 02:07:20,340 - optimizer: Adam (
Parameter Group 0
    amsgrad: False
    betas: (0.9, 0.999)
    capturable: False
    differentiable: False
    eps: 1e-08
    foreach: None
    fused: False
    lr: 0.0001
    maximize: False
    weight_decay: 0.0001

Parameter Group 1
    amsgrad: False
    betas: (0.9, 0.999)
    capturable: False
    differentiable: False
    eps: 1e-08
    foreach: None
    fused: False
    lr: 1e-05
    maximize: False
    weight_decay: 0.0001
)
2024-12-14 02:07:20,340 - loss:      ArcFaceLoss(
  (loss): CrossEntropyLoss()
)
2024-12-14 02:07:20,340 - epochs:    15
2024-12-14 02:07:20,340 - name:      weights_0

2024-12-14 02:11:36,624 - Epoch    Loss       Val Loss   mIoU       minIoU     maxIoU     LR      
2024-12-14 02:11:36,624 - 0        0.804303   1.579414   0.313737   0.004781   0.835136   1.0e-04 , 1.0e-05 
2024-12-14 02:15:48,347 - 1        0.690552   1.518397   0.322041   0.003746   0.832684   1.0e-04 , 1.0e-05 
2024-12-14 02:19:57,860 - 2        0.645550   1.487924   0.321936   0.006359   0.839275   1.0e-04 , 1.0e-05 
2024-12-14 02:24:05,723 - 3        0.633030   1.463113   0.325073   0.008458   0.840107   1.0e-04 , 1.0e-05 
2024-12-14 02:28:12,201 - 4        0.613100   1.445613   0.324663   0.005869   0.834870   1.0e-04 , 1.0e-05 
2024-12-14 02:32:21,582 - 5        0.603399   1.447795   0.325925   0.009494   0.839208   1.0e-04 , 1.0e-05 
2024-12-14 02:36:30,308 - 6        0.586669   1.427510   0.329635   0.007362   0.842514   1.0e-04 , 1.0e-05 
2024-12-14 02:40:36,785 - 7        0.578736   1.435294   0.329760   0.008370   0.840512   1.0e-04 , 1.0e-05 
2024-12-14 02:44:49,569 - 8        0.564069   1.423986   0.333748   0.010056   0.846374   1.0e-04 , 1.0e-05 
2024-12-14 02:48:58,198 - 9        0.558299   1.423033   0.332739   0.010979   0.846025   1.0e-04 , 1.0e-05 
2024-12-14 02:52:59,460 - 10       0.550181   1.413748   0.335667   0.012593   0.848931   1.0e-04 , 1.0e-05 
2024-12-14 02:56:58,130 - 11       0.550124   1.406474   0.337005   0.008013   0.847942   1.0e-04 , 1.0e-05 
2024-12-14 03:00:57,238 - 12       0.540835   1.396262   0.336836   0.010902   0.850774   1.0e-04 , 1.0e-05 
2024-12-14 03:04:57,532 - 13       0.531664   1.409853   0.334173   0.011051   0.850535   1.0e-04 , 1.0e-05 
2024-12-14 03:08:54,935 - 14       0.539774   1.383867   0.339885   0.014529   0.851732   1.0e-04 , 1.0e-05 
2024-12-14 03:08:55,091 - Fine del training

2024-12-14 03:08:55,179 - 
Caricati i pesi in: /home/piecestola/space/ML4CV/results/train_4/ckpts/weights_0.pt

2024-12-14 03:08:55,180 - Inizio del training
2024-12-14 03:08:55,181 - optimizer: Adam (
Parameter Group 0
    amsgrad: False
    betas: (0.9, 0.999)
    capturable: False
    differentiable: False
    eps: 1e-08
    foreach: None
    fused: False
    lr: 1.0000000000000002e-06
    maximize: False
    weight_decay: 0.0001

Parameter Group 1
    amsgrad: False
    betas: (0.9, 0.999)
    capturable: False
    differentiable: False
    eps: 1e-08
    foreach: None
    fused: False
    lr: 1e-05
    maximize: False
    weight_decay: 0.0001
)
2024-12-14 03:08:55,181 - loss:      ArcFaceLoss(
  (loss): CrossEntropyLoss()
)
2024-12-14 03:08:55,181 - epochs:    150
2024-12-14 03:08:55,181 - name:      weights_1

2024-12-14 03:13:50,056 - Epoch    Loss       Val Loss   mIoU       minIoU     maxIoU     LR      
2024-12-14 03:13:50,056 - 0        0.510862   1.238656   0.367410   0.021447   0.860020   1.0e-06 , 1.0e-05 
2024-12-14 03:18:46,801 - 1        0.448265   1.193115   0.377337   0.019946   0.860653   1.0e-06 , 1.0e-05 
2024-12-14 03:23:40,093 - 2        0.428290   1.147359   0.386295   0.024127   0.860125   1.0e-06 , 1.0e-05 
2024-12-14 03:28:34,536 - 3        0.405564   1.123780   0.392547   0.027125   0.862493   1.0e-06 , 1.0e-05 
2024-12-14 03:33:32,462 - 4        0.384077   1.105538   0.396963   0.025965   0.866137   1.0e-06 , 1.0e-05 
2024-12-14 03:38:29,915 - 5        0.370881   1.071596   0.400610   0.027500   0.864978   1.0e-06 , 1.0e-05 
2024-12-14 03:43:25,925 - 6        0.359763   1.041794   0.406226   0.034683   0.866194   1.0e-06 , 1.0e-05 
2024-12-14 03:48:22,996 - 7        0.349233   1.016475   0.409240   0.030655   0.865546   1.0e-06 , 1.0e-05 
2024-12-14 03:53:21,487 - 8        0.333830   0.993698   0.412817   0.033910   0.867480   1.0e-06 , 1.0e-05 
2024-12-14 03:58:20,938 - 9        0.326420   0.976067   0.415287   0.033674   0.867460   1.0e-06 , 1.0e-05 
2024-12-14 04:03:14,785 - 10       0.318293   0.980477   0.417477   0.033900   0.868772   1.0e-06 , 1.0e-05 
2024-12-14 04:08:10,623 - 11       0.312461   0.979491   0.415236   0.033865   0.869980   1.0e-06 , 1.0e-05 
2024-12-14 04:13:09,139 - 12       0.302460   0.957385   0.418947   0.030371   0.871875   1.0e-06 , 1.0e-05 
2024-12-14 04:18:04,033 - 13       0.293946   0.933396   0.424413   0.028635   0.870895   1.0e-06 , 1.0e-05 
2024-12-14 04:23:01,285 - 14       0.287614   0.945259   0.425818   0.029367   0.873207   1.0e-06 , 1.0e-05 
2024-12-14 04:27:56,708 - Epoch    Loss       Val Loss   mIoU       minIoU     maxIoU     LR      
2024-12-14 04:27:56,708 - 15       0.285908   0.943201   0.424576   0.032233   0.873190   1.0e-06 , 1.0e-05 
2024-12-14 04:32:54,499 - 16       0.280699   0.943506   0.431631   0.034523   0.872189   1.0e-06 , 1.0e-05 
2024-12-14 04:37:53,390 - 17       0.275392   0.934872   0.429250   0.034842   0.874339   1.0e-06 , 1.0e-05 
2024-12-14 04:42:48,914 - 18       0.266214   0.919947   0.432311   0.035365   0.875057   5.0e-07 , 5.0e-06 
2024-12-14 04:47:45,459 - 19       0.259165   0.917599   0.434255   0.032446   0.875074   5.0e-07 , 5.0e-06 
2024-12-14 04:52:39,260 - 20       0.262803   0.921005   0.436567   0.041812   0.876818   5.0e-07 , 5.0e-06 
2024-12-14 04:57:33,150 - 21       0.262913   0.899093   0.438474   0.037042   0.875927   5.0e-07 , 5.0e-06 
2024-12-14 05:02:33,353 - 22       0.250083   0.909313   0.437734   0.032981   0.876593   5.0e-07 , 5.0e-06 
2024-12-14 05:07:31,584 - 23       0.254058   0.893164   0.440751   0.035722   0.876477   5.0e-07 , 5.0e-06 
2024-12-14 05:12:31,624 - 24       0.249994   0.888961   0.441123   0.041092   0.876070   5.0e-07 , 5.0e-06 
2024-12-14 05:17:30,747 - 25       0.250905   0.891270   0.441881   0.038269   0.877028   5.0e-07 , 5.0e-06 
2024-12-14 05:22:29,841 - 26       0.246479   0.891843   0.442467   0.037057   0.877027   5.0e-07 , 5.0e-06 
2024-12-14 05:27:29,451 - 27       0.248490   0.899534   0.444165   0.042416   0.878571   5.0e-07 , 5.0e-06 
2024-12-14 05:32:30,024 - 28       0.243439   0.887656   0.442606   0.036421   0.876009   5.0e-07 , 5.0e-06 
2024-12-14 05:37:30,421 - 29       0.241762   0.881462   0.446319   0.038989   0.878364   5.0e-07 , 5.0e-06 
2024-12-14 05:42:29,266 - Epoch    Loss       Val Loss   mIoU       minIoU     maxIoU     LR      
2024-12-14 05:42:29,267 - 30       0.240596   0.875549   0.445699   0.039279   0.876567   5.0e-07 , 5.0e-06 
2024-12-14 05:47:26,345 - 31       0.236606   0.891546   0.447640   0.037106   0.876878   5.0e-07 , 5.0e-06 
2024-12-14 05:52:25,089 - 32       0.233329   0.873806   0.448639   0.041232   0.877343   5.0e-07 , 5.0e-06 
2024-12-14 05:57:20,055 - 33       0.232289   0.887331   0.447180   0.040801   0.876838   5.0e-07 , 5.0e-06 
2024-12-14 06:02:14,426 - 34       0.232260   0.885740   0.450646   0.043107   0.877485   5.0e-07 , 5.0e-06 
2024-12-14 06:07:09,642 - 35       0.227963   0.876178   0.451812   0.041893   0.877659   5.0e-07 , 5.0e-06 
2024-12-14 06:12:03,608 - 36       0.227127   0.853657   0.453109   0.039915   0.879810   5.0e-07 , 5.0e-06 
2024-12-14 06:16:58,414 - 37       0.227824   0.861815   0.451770   0.036749   0.879432   5.0e-07 , 5.0e-06 
2024-12-14 06:21:54,658 - 38       0.224551   0.871432   0.450635   0.038634   0.879468   5.0e-07 , 5.0e-06 
2024-12-14 06:26:50,492 - 39       0.221353   0.858097   0.454733   0.042383   0.879774   5.0e-07 , 5.0e-06 
2024-12-14 06:31:45,474 - 40       0.221515   0.870825   0.451992   0.040453   0.880175   5.0e-07 , 5.0e-06 
2024-12-14 06:36:39,786 - 41       0.219406   0.876585   0.453644   0.046459   0.880078   2.5e-07 , 2.5e-06 
2024-12-14 06:41:35,730 - 42       0.218097   0.861250   0.457518   0.044563   0.880104   2.5e-07 , 2.5e-06 
2024-12-14 06:46:31,295 - 43       0.217716   0.867480   0.454807   0.045549   0.879459   2.5e-07 , 2.5e-06 
2024-12-14 06:51:26,099 - 44       0.214204   0.856638   0.459086   0.041464   0.880245   2.5e-07 , 2.5e-06 
2024-12-14 06:56:26,450 - Epoch    Loss       Val Loss   mIoU       minIoU     maxIoU     LR      
2024-12-14 06:56:26,450 - 45       0.214888   0.869709   0.457208   0.041206   0.879136   1.3e-07 , 1.3e-06 
2024-12-14 07:01:24,754 - 46       0.212266   0.861720   0.459114   0.040679   0.880088   1.3e-07 , 1.3e-06 
2024-12-14 07:06:21,895 - 47       0.212444   0.868767   0.458015   0.041206   0.880546   1.3e-07 , 1.3e-06 
2024-12-14 07:11:18,270 - 48       0.214987   0.857306   0.459458   0.042994   0.879623   1.3e-07 , 1.3e-06 
2024-12-14 07:16:14,003 - 49       0.212520   0.863477   0.458407   0.041670   0.881186   6.3e-08 , 6.3e-07 
2024-12-14 07:21:12,469 - 50       0.215523   0.861276   0.459564   0.041874   0.880508   6.3e-08 , 6.3e-07 
2024-12-14 07:26:09,571 - 51       0.210942   0.863418   0.458581   0.042210   0.881429   6.3e-08 , 6.3e-07 
2024-12-14 07:31:04,264 - 52       0.213743   0.865751   0.457449   0.042762   0.879791   6.3e-08 , 6.3e-07 
2024-12-14 07:36:03,290 - 53       0.209984   0.853436   0.460719   0.043557   0.880202   3.1e-08 , 3.1e-07 
2024-12-14 07:41:02,967 - 54       0.212800   0.866417   0.458296   0.038066   0.880629   3.1e-08 , 3.1e-07 
2024-12-14 07:46:01,706 - 55       0.210435   0.864800   0.459536   0.040576   0.881212   3.1e-08 , 3.1e-07 
2024-12-14 07:50:55,251 - 56       0.211567   0.865085   0.459127   0.040183   0.880220   3.1e-08 , 3.1e-07 
2024-12-14 07:55:47,852 - 57       0.208734   0.856438   0.458185   0.039455   0.880242   3.1e-08 , 3.1e-07 
2024-12-14 08:00:41,033 - 58       0.209143   0.865471   0.458122   0.040926   0.880440   1.6e-08 , 1.6e-07 
2024-12-14 08:05:37,276 - 59       0.210492   0.857007   0.461700   0.040739   0.880694   1.6e-08 , 1.6e-07 
2024-12-14 08:10:33,440 - Epoch    Loss       Val Loss   mIoU       minIoU     maxIoU     LR      
2024-12-14 08:10:33,440 - 60       0.214268   0.862951   0.458436   0.038472   0.879508   1.6e-08 , 1.6e-07 
2024-12-14 08:15:29,318 - 61       0.208929   0.865468   0.459728   0.039338   0.880637   1.6e-08 , 1.6e-07 
2024-12-14 08:20:27,166 - 62       0.211532   0.868033   0.457884   0.038450   0.880426   1.6e-08 , 7.8e-08 
2024-12-14 08:25:23,543 - 63       0.213061   0.863600   0.459077   0.041309   0.879227   1.6e-08 , 7.8e-08 
2024-12-14 08:30:21,714 - 64       0.212269   0.859617   0.459975   0.038102   0.880985   1.6e-08 , 7.8e-08 
2024-12-14 08:35:21,774 - 65       0.207948   0.860138   0.460322   0.042755   0.880251   1.6e-08 , 7.8e-08 
2024-12-14 08:40:21,735 - 66       0.212633   0.854114   0.459573   0.042224   0.880216   1.6e-08 , 3.9e-08 
2024-12-14 08:45:22,088 - 67       0.208769   0.868373   0.459593   0.041442   0.881340   1.6e-08 , 3.9e-08 
2024-12-14 08:50:22,036 - 68       0.210848   0.865300   0.459299   0.038481   0.881615   1.6e-08 , 3.9e-08 
2024-12-14 08:55:20,398 - 69       0.211051   0.858686   0.459811   0.042291   0.880792   1.6e-08 , 3.9e-08 
2024-12-14 09:00:17,780 - 70       0.210208   0.851777   0.462399   0.041301   0.880779   1.6e-08 , 2.0e-08 
2024-12-14 09:05:17,395 - 71       0.213997   0.868770   0.458663   0.041146   0.881273   1.6e-08 , 2.0e-08 
2024-12-14 09:10:15,031 - 72       0.210523   0.860818   0.460169   0.040567   0.881525   1.6e-08 , 2.0e-08 
2024-12-14 09:15:12,486 - 73       0.211358   0.850773   0.460857   0.040540   0.880703   1.6e-08 , 2.0e-08 
2024-12-14 09:20:13,751 - 74       0.208374   0.860999   0.459069   0.041126   0.880946   1.6e-08 , 2.0e-08 
2024-12-14 09:25:13,956 - Epoch    Loss       Val Loss   mIoU       minIoU     maxIoU     LR      
2024-12-14 09:25:13,956 - 75       0.209575   0.864849   0.460052   0.040779   0.881203   1.6e-08 , 2.0e-08 
2024-12-14 09:30:12,662 - 76       0.210990   0.868293   0.459050   0.045339   0.880827   1.6e-08 , 2.0e-08 
2024-12-14 09:35:13,063 - 77       0.211794   0.857365   0.458287   0.041250   0.880038   1.6e-08 , 2.0e-08 
2024-12-14 09:40:12,050 - 78       0.210687   0.861597   0.459415   0.041409   0.880562   1.6e-08 , 2.0e-08 
2024-12-14 09:45:13,832 - 79       0.208608   0.859981   0.460550   0.041569   0.880693   1.6e-08 , 2.0e-08 
2024-12-14 09:50:19,450 - 80       0.211735   0.862151   0.460101   0.042819   0.880132   1.6e-08 , 2.0e-08 
2024-12-14 09:55:23,735 - 81       0.209605   0.871906   0.458510   0.039086   0.881011   1.6e-08 , 2.0e-08 
2024-12-14 10:00:26,714 - 82       0.212003   0.859813   0.460692   0.041457   0.880387   1.6e-08 , 2.0e-08 
2024-12-14 10:05:30,823 - 83       0.211412   0.864565   0.459793   0.038140   0.879925   1.6e-08 , 2.0e-08 
2024-12-14 10:10:36,398 - 84       0.208861   0.853412   0.461067   0.041335   0.880647   1.6e-08 , 2.0e-08 
2024-12-14 10:15:37,618 - 85       0.211353   0.857824   0.460161   0.040184   0.881062   1.6e-08 , 2.0e-08 
2024-12-14 10:20:37,446 - 86       0.206911   0.847680   0.462295   0.040811   0.880516   1.6e-08 , 2.0e-08 
2024-12-14 10:25:36,844 - 87       0.209100   0.861012   0.459350   0.041638   0.880713   1.6e-08 , 2.0e-08 
2024-12-14 10:30:33,683 - 88       0.212272   0.868978   0.459383   0.041092   0.881109   1.6e-08 , 2.0e-08 
2024-12-14 10:35:31,467 - 89       0.212502   0.861231   0.458620   0.039033   0.880361   1.6e-08 , 2.0e-08 
2024-12-14 10:40:29,708 - Epoch    Loss       Val Loss   mIoU       minIoU     maxIoU     LR      
2024-12-14 10:40:29,708 - 90       0.207816   0.859859   0.459752   0.041605   0.879717   1.6e-08 , 2.0e-08 
2024-12-14 10:45:30,016 - 91       0.209359   0.865878   0.460541   0.039371   0.881629   1.6e-08 , 2.0e-08 
2024-12-14 10:50:27,376 - 92       0.214334   0.859714   0.459608   0.040264   0.881101   1.6e-08 , 2.0e-08 
2024-12-14 10:55:27,534 - 93       0.208802   0.852782   0.461081   0.042352   0.880836   1.6e-08 , 2.0e-08 
2024-12-14 11:00:27,131 - 94       0.209703   0.853492   0.461441   0.042811   0.880042   1.6e-08 , 2.0e-08 
2024-12-14 11:05:31,067 - 95       0.211817   0.874374   0.458766   0.039013   0.880589   1.6e-08 , 2.0e-08 
2024-12-14 11:10:32,840 - 96       0.210920   0.853673   0.460515   0.039797   0.880885   1.6e-08 , 2.0e-08 
2024-12-14 11:15:33,986 - 97       0.209985   0.871033   0.458964   0.039900   0.881319   1.6e-08 , 2.0e-08 
2024-12-14 11:20:37,625 - 98       0.210048   0.859643   0.459545   0.041666   0.880873   1.6e-08 , 2.0e-08 
2024-12-14 11:25:41,011 - 99       0.212008   0.851361   0.461474   0.040478   0.881107   1.6e-08 , 2.0e-08 
2024-12-14 11:30:44,363 - 100      0.209089   0.860624   0.459852   0.041064   0.880533   1.6e-08 , 2.0e-08 
2024-12-14 11:35:48,126 - 101      0.215384   0.853317   0.461633   0.044286   0.880837   1.6e-08 , 2.0e-08 
2024-12-14 11:40:50,682 - 102      0.210415   0.864069   0.459723   0.040604   0.881324   1.6e-08 , 2.0e-08 
2024-12-14 11:45:51,417 - 103      0.209582   0.858054   0.459941   0.040451   0.879992   1.6e-08 , 2.0e-08 
2024-12-14 11:50:55,150 - 104      0.211122   0.878564   0.457443   0.041198   0.880705   1.6e-08 , 2.0e-08 
2024-12-14 11:55:57,027 - Epoch    Loss       Val Loss   mIoU       minIoU     maxIoU     LR      
2024-12-14 11:55:57,028 - 105      0.207497   0.867224   0.458952   0.039651   0.881034   1.6e-08 , 2.0e-08 
2024-12-14 12:00:55,499 - 106      0.210515   0.858720   0.461105   0.042428   0.881599   1.6e-08 , 2.0e-08 
2024-12-14 12:05:53,623 - 107      0.210430   0.859688   0.459825   0.043257   0.880968   1.6e-08 , 2.0e-08 
2024-12-14 12:10:52,213 - 108      0.211829   0.862342   0.459586   0.042292   0.881462   1.6e-08 , 2.0e-08 
2024-12-14 12:15:51,618 - 109      0.210108   0.867386   0.460776   0.039855   0.881152   1.6e-08 , 2.0e-08 
2024-12-14 12:20:50,568 - 110      0.210942   0.856045   0.459984   0.042807   0.880245   1.6e-08 , 2.0e-08 
2024-12-14 12:25:50,523 - 111      0.208852   0.864101   0.457532   0.040380   0.879527   1.6e-08 , 2.0e-08 
2024-12-14 12:30:49,791 - 112      0.209401   0.854779   0.462550   0.040813   0.880717   1.6e-08 , 2.0e-08 
2024-12-14 12:35:49,616 - 113      0.213132   0.859807   0.459665   0.038783   0.880239   1.6e-08 , 2.0e-08 
2024-12-14 12:40:46,881 - 114      0.209859   0.861740   0.458763   0.041525   0.880866   1.6e-08 , 2.0e-08 
2024-12-14 12:45:47,668 - 115      0.212467   0.856951   0.459388   0.040292   0.880651   1.6e-08 , 2.0e-08 
2024-12-14 12:50:48,095 - 116      0.207619   0.866751   0.460315   0.041646   0.880612   1.6e-08 , 2.0e-08 
2024-12-14 12:55:49,023 - 117      0.211229   0.860778   0.461341   0.039031   0.881759   1.6e-08 , 2.0e-08 
2024-12-14 13:00:54,302 - 118      0.206902   0.856275   0.461418   0.040772   0.880999   1.6e-08 , 2.0e-08 
2024-12-14 13:05:56,439 - 119      0.211039   0.864877   0.459149   0.040321   0.880656   1.6e-08 , 2.0e-08 
2024-12-14 13:10:57,064 - Epoch    Loss       Val Loss   mIoU       minIoU     maxIoU     LR      
2024-12-14 13:10:57,064 - 120      0.210903   0.860554   0.460475   0.040231   0.881827   1.6e-08 , 2.0e-08 
2024-12-14 13:16:01,492 - 121      0.207498   0.855531   0.461755   0.042580   0.881454   1.6e-08 , 2.0e-08 
2024-12-14 13:21:07,028 - 122      0.211493   0.856866   0.460382   0.041177   0.880662   1.6e-08 , 2.0e-08 
2024-12-14 13:26:08,948 - 123      0.209744   0.865096   0.459769   0.041817   0.880357   1.6e-08 , 2.0e-08 
2024-12-14 13:31:09,948 - 124      0.210119   0.868802   0.459587   0.041831   0.880820   1.6e-08 , 2.0e-08 
2024-12-14 13:36:09,198 - 125      0.213093   0.870593   0.457841   0.039300   0.881047   1.6e-08 , 2.0e-08 
2024-12-14 13:41:09,129 - 126      0.212197   0.858391   0.461007   0.039169   0.880367   1.6e-08 , 2.0e-08 
2024-12-14 13:46:08,828 - 127      0.208091   0.857560   0.461825   0.038238   0.880526   1.6e-08 , 2.0e-08 
2024-12-14 13:51:05,914 - 128      0.209978   0.857233   0.459105   0.040368   0.879963   1.6e-08 , 2.0e-08 
2024-12-14 13:56:05,098 - 129      0.210068   0.864094   0.459863   0.039789   0.880995   1.6e-08 , 2.0e-08 
2024-12-14 14:01:02,659 - 130      0.211330   0.864712   0.458611   0.040138   0.880037   1.6e-08 , 2.0e-08 
2024-12-14 14:06:02,041 - 131      0.210098   0.860287   0.460427   0.040607   0.880751   1.6e-08 , 2.0e-08 
2024-12-14 14:11:07,961 - 132      0.204864   0.859504   0.460836   0.041296   0.880671   1.6e-08 , 2.0e-08 
2024-12-14 14:16:09,516 - 133      0.209007   0.862223   0.459773   0.042740   0.881189   1.6e-08 , 2.0e-08 
2024-12-14 14:21:08,801 - 134      0.207254   0.860603   0.462047   0.040063   0.881388   1.6e-08 , 2.0e-08 
2024-12-14 14:26:09,956 - Epoch    Loss       Val Loss   mIoU       minIoU     maxIoU     LR      
2024-12-14 14:26:09,956 - 135      0.207853   0.855371   0.460288   0.040654   0.880763   1.6e-08 , 2.0e-08 
2024-12-14 14:31:11,777 - 136      0.209491   0.859263   0.460932   0.042103   0.880930   1.6e-08 , 2.0e-08 
2024-12-14 14:36:16,328 - 137      0.207059   0.861423   0.459249   0.038894   0.881115   1.6e-08 , 2.0e-08 
2024-12-14 14:41:20,348 - 138      0.210247   0.856674   0.461472   0.041176   0.881114   1.6e-08 , 2.0e-08 
2024-12-14 14:46:22,635 - 139      0.210702   0.859789   0.459566   0.042806   0.880836   1.6e-08 , 2.0e-08 
2024-12-14 14:51:25,170 - 140      0.207475   0.857491   0.460876   0.040277   0.880078   1.6e-08 , 2.0e-08 
2024-12-14 14:56:18,777 - 141      0.210963   0.858944   0.460007   0.039830   0.881117   1.6e-08 , 2.0e-08 
2024-12-14 15:01:09,861 - 142      0.208697   0.864580   0.459763   0.037675   0.880775   1.6e-08 , 2.0e-08 
2024-12-14 15:06:02,742 - 143      0.208351   0.857908   0.461859   0.041063   0.880655   1.6e-08 , 2.0e-08 
2024-12-14 15:10:47,820 - 144      0.208515   0.863409   0.460065   0.038182   0.881041   1.6e-08 , 2.0e-08 
2024-12-14 15:15:32,342 - 145      0.206747   0.863576   0.460200   0.038872   0.881735   1.6e-08 , 2.0e-08 
2024-12-14 15:20:17,546 - 146      0.208957   0.872597   0.458927   0.039439   0.879691   1.6e-08 , 2.0e-08 
2024-12-14 15:25:00,565 - 147      0.206547   0.859092   0.459982   0.041820   0.880640   1.6e-08 , 2.0e-08 
2024-12-14 15:29:45,760 - 148      0.207611   0.872133   0.459402   0.037500   0.881847   1.6e-08 , 2.0e-08 
2024-12-14 15:34:29,926 - 149      0.211927   0.858458   0.462127   0.042423   0.881077   1.6e-08 , 2.0e-08 
2024-12-14 15:34:29,926 - Fine del training

