2025-01-02 18:47:02,925 - device          : cuda:5
2025-01-02 18:47:02,926 - name            : train_4
2025-01-02 18:47:02,926 - folder          : 4
2025-01-02 18:47:02,926 - end

2025-01-02 18:47:02,933 - Dataset Creato
2025-01-02 18:47:02,933 - Training images: 5125
2025-01-02 18:47:02,934 - Dataloader Creato
2025-01-02 18:47:02,934 - Training batches: 1281
2025-01-02 18:47:07,599 - Caricati i pesi: /home/piecestola/space/ML4CV/results_4/train_4/ckpts/weights_mIoU_1.pt
2025-01-02 18:47:07,599 - Modello caricato correttamente su cuda:5

2025-01-03 01:23:27,783 - Dataset Creati
2025-01-03 01:23:27,783 - Test images: 1024
2025-01-03 01:23:27,783 - Anomalies images: 476

2025-01-03 01:23:27,784 - Dataloader Creati
2025-01-03 01:23:27,784 - Test batches: 256
2025-01-03 01:23:27,784 - Anomalies batches: 119

2025-01-03 01:23:32,227 - Caricati i pesi: /home/piecestola/space/ML4CV/results_4/train_4/ckpts/weights_mIoU_1.pt
2025-01-03 01:23:32,227 - Modello caricato correttamente su cuda:5

2025-01-03 01:31:42,823 - AUPR t5: 0.009772196412086487
2025-01-03 01:35:24,866 - AUPR t6: 0.010134849697351456
