2024-12-21 13:12:49,812 - device          : cuda:0
2024-12-21 13:12:49,812 - model           : resnet101
2024-12-21 13:12:49,812 - epochs          : 50
2024-12-21 13:12:49,812 - batch           : 16
2024-12-21 13:12:49,812 - lr              : 0.0001
2024-12-21 13:12:49,812 - crop            : 450
2024-12-21 13:12:49,812 - optimizer       : adam
2024-12-21 13:12:49,812 - biases          : False
2024-12-21 13:12:49,812 - focal_loss      : 0
2024-12-21 13:12:49,812 - activation      : softmax
2024-12-21 13:12:49,812 - class_weights   : False
2024-12-21 13:12:49,812 - norm_weights    : True
2024-12-21 13:12:49,820 - Dataset Creati
2024-12-21 13:12:49,820 - Training images: 5125
2024-12-21 13:12:49,820 - Validation images: 1031

2024-12-21 13:12:49,821 - Dataloader Creati
2024-12-21 13:12:49,821 - Training batches: 320
2024-12-21 13:12:49,821 - Validation batches: 128

2024-12-21 13:12:53,618 - Model: deeplabv3plus_resnet101

2024-12-21 13:12:53,688 - Modello caricato correttamente su cuda:0

2024-12-21 13:12:53,691 - Inizio del training
2024-12-21 13:12:53,691 - optimizer: Adam (
Parameter Group 0
    amsgrad: False
    betas: (0.9, 0.999)
    capturable: False
    differentiable: False
    eps: 1e-08
    foreach: None
    fused: False
    lr: 0.0001
    maximize: False
    weight_decay: 0.0001

Parameter Group 1
    amsgrad: False
    betas: (0.9, 0.999)
    capturable: False
    differentiable: False
    eps: 1e-08
    foreach: None
    fused: False
    lr: 1e-05
    maximize: False
    weight_decay: 0.0001
)
2024-12-21 13:12:53,691 - loss:      ArcFaceLoss(
  (loss): CrossEntropyLoss()
)
2024-12-21 13:12:53,691 - epochs:    15
2024-12-21 13:12:53,691 - name:      weights_0

2024-12-21 13:19:27,245 - Epoch    Loss       Val Loss   mIoU       minIoU     maxIoU     LR      
2024-12-21 13:19:27,246 - 0        9.948303   6.571986   0.240584   0.000000   0.806405   1.0e-04 , 1.0e-05 
2024-12-21 13:26:00,679 - 1        7.892237   5.846577   0.263706   0.000000   0.812344   1.0e-04 , 1.0e-05 
2024-12-21 13:26:00,679 - > saved mIoU
2024-12-21 13:32:33,241 - 2        7.471999   5.672242   0.271349   0.000000   0.816642   1.0e-04 , 1.0e-05 
2024-12-21 13:32:33,242 - > saved mIoU
2024-12-21 13:39:05,375 - 3        7.207670   5.638789   0.276525   0.000000   0.821988   1.0e-04 , 1.0e-05 
2024-12-21 13:39:05,375 - > saved mIoU
2024-12-21 13:45:38,406 - 4        7.023596   5.640007   0.279779   0.000000   0.826912   1.0e-04 , 1.0e-05 
2024-12-21 13:45:38,407 - > saved mIoU
2024-12-21 13:52:10,687 - 5        6.928089   5.703552   0.282263   0.000000   0.824138   1.0e-04 , 1.0e-05 
2024-12-21 13:52:10,687 - > saved mIoU
2024-12-21 13:58:43,291 - 6        6.814101   5.801583   0.282434   0.000000   0.820723   1.0e-04 , 1.0e-05 
2024-12-21 13:58:43,291 - > saved mIoU
2024-12-21 14:05:15,403 - 7        6.731354   5.596807   0.288195   0.000000   0.824964   1.0e-04 , 1.0e-05 
2024-12-21 14:05:15,403 - > saved mIoU
2024-12-21 14:11:48,681 - 8        6.579502   5.618434   0.287170   0.000000   0.826990   1.0e-04 , 1.0e-05 
2024-12-21 14:18:19,229 - 9        6.617244   5.499842   0.289410   0.000000   0.822870   1.0e-04 , 1.0e-05 
2024-12-21 14:18:19,229 - > saved mIoU
2024-12-21 14:24:50,956 - 10       6.452678   5.726005   0.290361   0.000000   0.825844   1.0e-04 , 1.0e-05 
2024-12-21 14:24:50,956 - > saved mIoU
2024-12-21 14:31:23,914 - 11       6.397977   5.647391   0.291900   0.000000   0.828013   1.0e-04 , 1.0e-05 
2024-12-21 14:31:23,914 - > saved mIoU
2024-12-21 14:37:55,523 - 12       6.391801   5.546893   0.295859   0.000000   0.829754   1.0e-04 , 1.0e-05 
2024-12-21 14:37:55,523 - > saved mIoU
2024-12-21 14:44:27,986 - 13       6.304618   5.615558   0.293262   0.000062   0.826942   1.0e-04 , 1.0e-05 
2024-12-21 14:50:59,637 - 14       6.312870   5.557706   0.297564   0.000127   0.827984   1.0e-04 , 1.0e-05 
2024-12-21 14:50:59,638 - > saved mIoU
2024-12-21 14:51:00,149 - Fine del training

2024-12-21 14:51:00,414 - 
Caricati i pesi in: /home/piecestola/space/ML4CV/results/train_5/ckpts/weights_mIoU_0.pt

2024-12-21 14:51:00,415 - Inizio del training
2024-12-21 14:51:00,416 - optimizer: Adam (
Parameter Group 0
    amsgrad: False
    betas: (0.9, 0.999)
    capturable: False
    differentiable: False
    eps: 1e-08
    foreach: None
    fused: False
    lr: 0.0001
    maximize: False
    weight_decay: 0.0001

Parameter Group 1
    amsgrad: False
    betas: (0.9, 0.999)
    capturable: False
    differentiable: False
    eps: 1e-08
    foreach: None
    fused: False
    lr: 1e-05
    maximize: False
    weight_decay: 0.0001
)
2024-12-21 14:51:00,416 - loss:      ArcFaceLoss(
  (loss): CrossEntropyLoss()
)
2024-12-21 14:51:00,416 - epochs:    50
2024-12-21 14:51:00,416 - name:      weights_1

2024-12-21 15:05:47,226 - Epoch    Loss       Val Loss   mIoU       minIoU     maxIoU     LR      
2024-12-21 15:05:47,227 - 0        5.064690   4.123885   0.334032   0.000000   0.899737   1.0e-04 , 1.0e-05 
2024-12-21 15:20:35,354 - 1        3.814537   3.830456   0.368548   0.000098   0.910101   1.0e-04 , 1.0e-05 
2024-12-21 15:20:35,354 - > saved mIoU
2024-12-21 15:35:22,698 - 2        3.122778   3.771385   0.413515   0.000832   0.916107   1.0e-04 , 1.0e-05 
2024-12-21 15:35:22,698 - > saved mIoU
2024-12-21 15:50:11,356 - 3        2.767123   3.646609   0.431079   0.001372   0.899993   1.0e-04 , 1.0e-05 
2024-12-21 15:50:11,356 - > saved mIoU
2024-12-21 16:04:57,774 - 4        2.476038   3.347597   0.463397   0.013855   0.917309   1.0e-04 , 1.0e-05 
2024-12-21 16:04:57,775 - > saved mIoU
2024-12-21 16:19:46,450 - 5        2.268566   3.752152   0.472101   0.023504   0.911515   1.0e-04 , 1.0e-05 
2024-12-21 16:19:46,450 - > saved mIoU
2024-12-21 16:34:34,871 - 6        2.063302   3.548512   0.485218   0.041563   0.918562   1.0e-04 , 1.0e-05 
2024-12-21 16:34:34,872 - > saved mIoU
2024-12-21 16:49:22,647 - 7        1.961109   3.424439   0.484193   0.077035   0.919172   1.0e-04 , 1.0e-05 
2024-12-21 17:04:10,186 - 8        1.843387   3.253784   0.505786   0.106685   0.916341   1.0e-04 , 1.0e-05 
2024-12-21 17:04:10,186 - > saved mIoU
2024-12-21 17:18:58,689 - 9        1.752729   4.042715   0.492228   0.110273   0.876914   1.0e-04 , 1.0e-05 
2024-12-21 17:33:44,396 - 10       1.723995   3.358055   0.502677   0.170412   0.920478   1.0e-04 , 1.0e-05 
2024-12-21 17:48:30,806 - 11       1.698511   3.336866   0.511778   0.186391   0.916291   1.0e-04 , 1.0e-05 
2024-12-21 17:48:30,806 - > saved mIoU
2024-12-21 18:03:19,087 - 12       1.587950   3.241703   0.527212   0.200358   0.921783   1.0e-04 , 1.0e-05 
2024-12-21 18:03:19,087 - > saved mIoU
2024-12-21 18:18:07,199 - 13       1.556756   3.189359   0.531222   0.201882   0.914404   1.0e-04 , 1.0e-05 
2024-12-21 18:18:07,200 - > saved mIoU
2024-12-21 18:32:55,974 - 14       1.495707   3.117415   0.551973   0.192000   0.918961   1.0e-04 , 1.0e-05 
2024-12-21 18:32:55,975 - > saved mIoU
2024-12-21 18:47:43,567 - Epoch    Loss       Val Loss   mIoU       minIoU     maxIoU     LR      
2024-12-21 18:47:43,568 - 15       1.494387   3.193132   0.543856   0.211252   0.918311   1.0e-04 , 1.0e-05 
2024-12-21 19:02:29,687 - 16       1.453065   3.279369   0.543669   0.205057   0.916571   1.0e-04 , 1.0e-05 
2024-12-21 19:17:16,139 - 17       1.413272   3.097395   0.552612   0.222216   0.914313   1.0e-04 , 1.0e-05 
2024-12-21 19:17:16,140 - > saved mIoU
2024-12-21 19:32:05,498 - 18       1.393386   3.597227   0.522508   0.220811   0.893800   1.0e-04 , 1.0e-05 
2024-12-21 19:46:51,567 - 19       1.365763   3.131617   0.559083   0.229231   0.914337   1.0e-04 , 1.0e-05 
2024-12-21 19:46:51,567 - > saved mIoU
2024-12-21 20:01:39,390 - 20       1.353041   3.205926   0.546841   0.223908   0.915252   1.0e-04 , 1.0e-05 
2024-12-21 20:16:27,088 - 21       1.309217   3.266451   0.546301   0.226739   0.917616   1.0e-04 , 1.0e-05 
2024-12-21 20:31:14,930 - 22       1.277833   3.113294   0.563130   0.257372   0.919942   1.0e-04 , 1.0e-05 
2024-12-21 20:31:14,930 - > saved mIoU
2024-12-21 20:46:04,496 - 23       1.291296   3.228217   0.546809   0.242609   0.911858   1.0e-04 , 1.0e-05 
2024-12-21 21:00:52,310 - 24       1.254479   3.106654   0.559251   0.241417   0.917811   5.0e-05 , 5.0e-06 
2024-12-21 21:15:39,659 - 25       1.207670   3.116120   0.566744   0.250137   0.917596   5.0e-05 , 5.0e-06 
2024-12-21 21:15:39,659 - > saved mIoU
2024-12-21 21:30:29,750 - 26       1.191178   3.102890   0.563812   0.248741   0.917020   5.0e-05 , 5.0e-06 
2024-12-21 21:45:16,783 - 27       1.164013   3.107150   0.560248   0.254472   0.916607   5.0e-05 , 5.0e-06 
2024-12-21 22:00:04,882 - 28       1.145174   3.165474   0.556244   0.236197   0.915136   5.0e-05 , 5.0e-06 
2024-12-21 22:14:50,864 - 29       1.132558   3.026745   0.570659   0.258739   0.917212   5.0e-05 , 5.0e-06 
2024-12-21 22:14:50,864 - > saved mIoU
2024-12-21 22:29:38,935 - Epoch    Loss       Val Loss   mIoU       minIoU     maxIoU     LR      
2024-12-21 22:29:38,936 - 30       1.123240   3.104770   0.561561   0.250704   0.915318   5.0e-05 , 5.0e-06 
2024-12-21 22:44:25,085 - 31       1.102041   2.995502   0.569228   0.247352   0.917748   5.0e-05 , 5.0e-06 
2024-12-21 22:59:12,368 - 32       1.092872   3.006203   0.562471   0.244068   0.916608   5.0e-05 , 5.0e-06 
2024-12-21 23:13:58,452 - 33       1.077285   2.969082   0.569285   0.263113   0.915715   5.0e-05 , 5.0e-06 
2024-12-21 23:28:46,049 - 34       1.065485   2.960225   0.564114   0.251344   0.916978   5.0e-05 , 5.0e-06 
2024-12-21 23:43:33,392 - 35       1.049034   2.938431   0.563918   0.258372   0.917215   5.0e-05 , 5.0e-06 
2024-12-21 23:58:20,845 - 36       1.043612   2.912583   0.563525   0.243653   0.915782   5.0e-05 , 5.0e-06 
2024-12-22 00:13:08,791 - 37       1.025202   2.950776   0.552385   0.251734   0.916384   5.0e-05 , 5.0e-06 
2024-12-22 00:27:55,775 - 38       1.034294   2.811092   0.556469   0.248088   0.916889   5.0e-05 , 5.0e-06 
2024-12-22 00:42:43,274 - 39       1.017639   2.773042   0.568985   0.235055   0.918816   5.0e-05 , 5.0e-06 
2024-12-22 00:57:30,894 - 40       1.016736   2.792773   0.559517   0.230842   0.918280   5.0e-05 , 5.0e-06 
2024-12-22 01:12:19,144 - 41       1.008822   2.722241   0.562707   0.248253   0.917859   5.0e-05 , 5.0e-06 
2024-12-22 01:27:06,579 - 42       0.985806   2.701969   0.555185   0.253763   0.916860   5.0e-05 , 5.0e-06 
2024-12-22 01:41:53,910 - 43       0.978866   2.746849   0.561854   0.246748   0.919808   5.0e-05 , 5.0e-06 
2024-12-22 01:56:40,437 - 44       0.981959   2.705205   0.566678   0.240911   0.915397   5.0e-05 , 5.0e-06 
2024-12-22 02:11:27,052 - Epoch    Loss       Val Loss   mIoU       minIoU     maxIoU     LR      
2024-12-22 02:11:27,052 - 45       0.985559   2.785234   0.579489   0.262988   0.914038   5.0e-05 , 5.0e-06 
2024-12-22 02:11:27,052 - > saved mIoU
2024-12-22 02:26:15,043 - 46       0.970875   2.783589   0.557790   0.236325   0.916451   5.0e-05 , 5.0e-06 
2024-12-22 02:41:02,043 - 47       0.968499   2.759155   0.570864   0.263708   0.917100   5.0e-05 , 5.0e-06 
2024-12-22 02:55:49,277 - 48       0.940851   2.762828   0.565431   0.252578   0.915423   5.0e-05 , 5.0e-06 
2024-12-22 03:10:36,380 - 49       0.948383   2.720922   0.567947   0.246818   0.920597   2.5e-05 , 2.5e-06 
2024-12-22 03:10:36,380 - Fine del training

