2024-12-14 02:07:05,795 - device          : cuda:3
2024-12-14 02:07:05,796 - epochs          : 150
2024-12-14 02:07:05,796 - batch           : 16
2024-12-14 02:07:05,796 - lr              : 0.0001
2024-12-14 02:07:05,796 - crop            : 512
2024-12-14 02:07:05,796 - optimizer       : adam
2024-12-14 02:07:05,796 - biases          : False
2024-12-14 02:07:05,796 - focal_loss      : 0
2024-12-14 02:07:05,796 - activation      : sigmoid
2024-12-14 02:07:05,796 - class_weights   : False
2024-12-14 02:07:05,796 - norm_weights    : False
2024-12-14 02:07:05,805 - Dataset Creati
2024-12-14 02:07:05,805 - Training images: 5125
2024-12-14 02:07:05,805 - Validation images: 1031

2024-12-14 02:07:05,806 - Dataloader Creati
2024-12-14 02:07:05,806 - Training batches: 320
2024-12-14 02:07:05,806 - Validation batches: 128

2024-12-14 02:07:07,556 - Modello caricato correttamente su cuda:3

2024-12-14 02:07:07,558 - Inizio del training
2024-12-14 02:07:07,558 - optimizer: Adam (
Parameter Group 0
    amsgrad: False
    betas: (0.9, 0.999)
    capturable: False
    differentiable: False
    eps: 1e-08
    foreach: None
    fused: False
    lr: 0.0001
    maximize: False
    weight_decay: 0.0001

Parameter Group 1
    amsgrad: False
    betas: (0.9, 0.999)
    capturable: False
    differentiable: False
    eps: 1e-08
    foreach: None
    fused: False
    lr: 1e-05
    maximize: False
    weight_decay: 0.0001
)
2024-12-14 02:07:07,558 - loss:      BCELossModified()
2024-12-14 02:07:07,559 - epochs:    15
2024-12-14 02:07:07,559 - name:      weights_0

2024-12-14 02:11:21,898 - Epoch    Loss       Val Loss   mIoU       minIoU     maxIoU     LR      
2024-12-14 02:11:21,899 - 0        0.020281   0.019866   0.299842   0.000000   0.863618   1.0e-04 , 1.0e-05 
2024-12-14 02:15:31,621 - 1        0.008281   0.012201   0.330163   0.000000   0.865385   1.0e-04 , 1.0e-05 
2024-12-14 02:19:36,235 - 2        0.006002   0.010172   0.341628   0.000000   0.865688   1.0e-04 , 1.0e-05 
2024-12-14 02:23:42,106 - 3        0.005274   0.009412   0.351213   0.000000   0.866354   1.0e-04 , 1.0e-05 
2024-12-14 02:27:55,349 - 4        0.004903   0.008896   0.355317   0.000000   0.868218   1.0e-04 , 1.0e-05 
2024-12-14 02:32:05,366 - 5        0.004667   0.008693   0.358539   0.000000   0.867528   1.0e-04 , 1.0e-05 
2024-12-14 02:36:13,801 - 6        0.004536   0.008511   0.365928   0.000000   0.872196   1.0e-04 , 1.0e-05 
2024-12-14 02:40:19,150 - 7        0.004402   0.008456   0.365765   0.000000   0.870470   1.0e-04 , 1.0e-05 
2024-12-14 02:44:27,458 - 8        0.004354   0.008413   0.372813   0.000000   0.869974   1.0e-04 , 1.0e-05 
2024-12-14 02:48:37,924 - 9        0.004272   0.008520   0.374725   0.000000   0.868996   1.0e-04 , 1.0e-05 
2024-12-14 02:52:42,699 - 10       0.004204   0.008357   0.371687   0.000000   0.873696   1.0e-04 , 1.0e-05 
2024-12-14 02:56:49,254 - 11       0.004199   0.008235   0.373747   0.000000   0.873170   1.0e-04 , 1.0e-05 
2024-12-14 03:00:55,595 - 12       0.004135   0.008401   0.377370   0.000000   0.874396   1.0e-04 , 1.0e-05 
2024-12-14 03:05:04,160 - 13       0.004083   0.008209   0.376667   0.000000   0.877392   1.0e-04 , 1.0e-05 
2024-12-14 03:09:07,666 - 14       0.004115   0.008229   0.380565   0.000000   0.876491   1.0e-04 , 1.0e-05 
2024-12-14 03:09:07,751 - Fine del training

2024-12-14 03:09:07,840 - 
Caricati i pesi in: /home/piecestola/space/ML4CV/results/train_2/ckpts/weights_0.pt

2024-12-14 03:09:07,841 - Inizio del training
2024-12-14 03:09:07,841 - optimizer: Adam (
Parameter Group 0
    amsgrad: False
    betas: (0.9, 0.999)
    capturable: False
    differentiable: False
    eps: 1e-08
    foreach: None
    fused: False
    lr: 1.0000000000000002e-06
    maximize: False
    weight_decay: 0.0001

Parameter Group 1
    amsgrad: False
    betas: (0.9, 0.999)
    capturable: False
    differentiable: False
    eps: 1e-08
    foreach: None
    fused: False
    lr: 1e-05
    maximize: False
    weight_decay: 0.0001
)
2024-12-14 03:09:07,842 - loss:      BCELossModified()
2024-12-14 03:09:07,842 - epochs:    150
2024-12-14 03:09:07,842 - name:      weights_1

2024-12-14 03:13:53,286 - Epoch    Loss       Val Loss   mIoU       minIoU     maxIoU     LR      
2024-12-14 03:13:53,287 - 0        0.003978   0.007169   0.406046   0.000000   0.903512   1.0e-06 , 1.0e-05 
2024-12-14 03:18:37,215 - 1        0.003526   0.006811   0.423713   0.000000   0.908676   1.0e-06 , 1.0e-05 
2024-12-14 03:23:25,069 - 2        0.003284   0.006559   0.431969   0.000000   0.911994   1.0e-06 , 1.0e-05 
2024-12-14 03:28:10,984 - 3        0.003162   0.006472   0.443997   0.000000   0.914152   1.0e-06 , 1.0e-05 
2024-12-14 03:32:54,804 - 4        0.003014   0.006350   0.449219   0.000000   0.916156   1.0e-06 , 1.0e-05 
2024-12-14 03:37:39,580 - 5        0.002903   0.006310   0.457184   0.000000   0.917284   1.0e-06 , 1.0e-05 
2024-12-14 03:42:24,728 - 6        0.002838   0.006351   0.462890   0.000000   0.919703   1.0e-06 , 1.0e-05 
2024-12-14 03:47:10,517 - 7        0.002758   0.006104   0.467047   0.000000   0.920881   1.0e-06 , 1.0e-05 
2024-12-14 03:51:56,713 - 8        0.002681   0.006102   0.468289   0.000000   0.922772   1.0e-06 , 1.0e-05 
2024-12-14 03:56:44,644 - 9        0.002625   0.006086   0.473133   0.000000   0.921337   1.0e-06 , 1.0e-05 
2024-12-14 04:01:33,793 - 10       0.002525   0.006050   0.469804   0.000000   0.918008   1.0e-06 , 1.0e-05 
2024-12-14 04:06:20,322 - 11       0.002483   0.005988   0.475607   0.000000   0.920390   1.0e-06 , 1.0e-05 
2024-12-14 04:11:06,140 - 12       0.002432   0.005931   0.481149   0.000000   0.922662   1.0e-06 , 1.0e-05 
2024-12-14 04:15:54,956 - 13       0.002385   0.005939   0.480505   0.000000   0.921320   1.0e-06 , 1.0e-05 
2024-12-14 04:20:42,568 - 14       0.002320   0.005869   0.484343   0.000000   0.922394   1.0e-06 , 1.0e-05 
2024-12-14 04:25:29,856 - Epoch    Loss       Val Loss   mIoU       minIoU     maxIoU     LR      
2024-12-14 04:25:29,857 - 15       0.002280   0.005916   0.485139   0.000000   0.923330   1.0e-06 , 1.0e-05 
2024-12-14 04:30:15,820 - 16       0.002264   0.005817   0.487527   0.000000   0.923266   1.0e-06 , 1.0e-05 
2024-12-14 04:35:02,359 - 17       0.002211   0.005728   0.490520   0.000000   0.922434   1.0e-06 , 1.0e-05 
2024-12-14 04:39:48,829 - 18       0.002166   0.005693   0.486371   0.000000   0.921387   1.0e-06 , 1.0e-05 
2024-12-14 04:44:35,730 - 19       0.002125   0.005720   0.490826   0.000000   0.922474   1.0e-06 , 1.0e-05 
2024-12-14 04:49:23,668 - 20       0.002064   0.005581   0.493956   0.000000   0.922409   1.0e-06 , 1.0e-05 
2024-12-14 04:54:13,853 - 21       0.002090   0.005559   0.493362   0.000000   0.922835   1.0e-06 , 1.0e-05 
2024-12-14 04:59:02,926 - 22       0.002062   0.005612   0.495360   0.000000   0.923830   1.0e-06 , 1.0e-05 
2024-12-14 05:03:50,875 - 23       0.002017   0.005565   0.496116   0.000000   0.921964   1.0e-06 , 1.0e-05 
2024-12-14 05:08:36,299 - 24       0.001993   0.005530   0.499445   0.000000   0.922458   1.0e-06 , 1.0e-05 
2024-12-14 05:13:24,842 - 25       0.001941   0.005515   0.497467   0.000000   0.925965   1.0e-06 , 1.0e-05 
2024-12-14 05:18:11,095 - 26       0.001939   0.005480   0.501163   0.000000   0.923492   1.0e-06 , 1.0e-05 
2024-12-14 05:22:59,144 - 27       0.001877   0.005517   0.500458   0.000000   0.921965   1.0e-06 , 1.0e-05 
2024-12-14 05:27:46,461 - 28       0.001887   0.005437   0.503837   0.000000   0.924039   1.0e-06 , 1.0e-05 
2024-12-14 05:32:32,878 - 29       0.001860   0.005434   0.502140   0.000000   0.928267   1.0e-06 , 1.0e-05 
2024-12-14 05:37:19,369 - Epoch    Loss       Val Loss   mIoU       minIoU     maxIoU     LR      
2024-12-14 05:37:19,369 - 30       0.001825   0.005422   0.501381   0.000000   0.924782   1.0e-06 , 1.0e-05 
2024-12-14 05:42:05,045 - 31       0.001823   0.005305   0.506845   0.000000   0.926188   1.0e-06 , 1.0e-05 
2024-12-14 05:46:53,762 - 32       0.001799   0.005319   0.508453   0.000000   0.927225   1.0e-06 , 1.0e-05 
2024-12-14 05:51:41,190 - 33       0.001781   0.005376   0.508448   0.000000   0.923694   1.0e-06 , 1.0e-05 
2024-12-14 05:56:26,495 - 34       0.001750   0.005337   0.511666   0.000000   0.921255   1.0e-06 , 1.0e-05 
2024-12-14 06:01:12,666 - 35       0.001744   0.005260   0.510862   0.000000   0.927268   1.0e-06 , 1.0e-05 
2024-12-14 06:06:01,559 - 36       0.001708   0.005270   0.515142   0.000000   0.926048   1.0e-06 , 1.0e-05 
2024-12-14 06:10:50,088 - 37       0.001705   0.005217   0.514834   0.000000   0.924160   1.0e-06 , 1.0e-05 
2024-12-14 06:15:38,485 - 38       0.001689   0.005241   0.515773   0.000000   0.923949   1.0e-06 , 1.0e-05 
2024-12-14 06:20:27,050 - 39       0.001655   0.005212   0.519145   0.000000   0.925912   1.0e-06 , 1.0e-05 
2024-12-14 06:25:14,271 - 40       0.001659   0.005248   0.520714   0.000000   0.925493   1.0e-06 , 1.0e-05 
2024-12-14 06:30:02,362 - 41       0.001651   0.005249   0.516118   0.000000   0.927024   1.0e-06 , 1.0e-05 
2024-12-14 06:34:50,796 - 42       0.001625   0.005246   0.517515   0.000000   0.925506   1.0e-06 , 1.0e-05 
2024-12-14 06:39:35,341 - 43       0.001618   0.005174   0.522813   0.000000   0.928836   1.0e-06 , 1.0e-05 
2024-12-14 06:44:21,978 - 44       0.001617   0.005222   0.522298   0.000000   0.923301   1.0e-06 , 1.0e-05 
2024-12-14 06:49:09,337 - Epoch    Loss       Val Loss   mIoU       minIoU     maxIoU     LR      
2024-12-14 06:49:09,337 - 45       0.001604   0.005218   0.518788   0.000000   0.925802   1.0e-06 , 1.0e-05 
2024-12-14 06:53:55,171 - 46       0.001562   0.005242   0.521925   0.000000   0.926760   1.0e-06 , 1.0e-05 
2024-12-14 06:58:42,162 - 47       0.001582   0.005239   0.519183   0.000000   0.922525   1.0e-06 , 1.0e-05 
2024-12-14 07:03:29,045 - 48       0.001547   0.005169   0.525904   0.000000   0.927928   5.0e-07 , 5.0e-06 
2024-12-14 07:08:13,458 - 49       0.001557   0.005082   0.528187   0.000000   0.925804   5.0e-07 , 5.0e-06 
2024-12-14 07:12:59,212 - 50       0.001531   0.005090   0.525909   0.000000   0.927808   5.0e-07 , 5.0e-06 
2024-12-14 07:17:42,793 - 51       0.001538   0.005119   0.524089   0.000000   0.927231   5.0e-07 , 5.0e-06 
2024-12-14 07:22:25,450 - 52       0.001529   0.005083   0.525227   0.000000   0.923398   5.0e-07 , 5.0e-06 
2024-12-14 07:27:09,654 - 53       0.001510   0.005075   0.531667   0.000000   0.927346   5.0e-07 , 5.0e-06 
2024-12-14 07:31:57,239 - 54       0.001508   0.005090   0.525186   0.000000   0.926059   5.0e-07 , 5.0e-06 
2024-12-14 07:36:39,292 - 55       0.001508   0.005082   0.526896   0.000000   0.926366   5.0e-07 , 5.0e-06 
2024-12-14 07:41:23,558 - 56       0.001505   0.005099   0.526526   0.000000   0.925492   5.0e-07 , 5.0e-06 
2024-12-14 07:46:06,848 - 57       0.001490   0.005117   0.525688   0.000000   0.927341   5.0e-07 , 5.0e-06 
2024-12-14 07:50:54,620 - 58       0.001491   0.005062   0.527744   0.000000   0.927017   2.5e-07 , 2.5e-06 
2024-12-14 07:55:42,815 - 59       0.001483   0.005128   0.522280   0.000000   0.924277   2.5e-07 , 2.5e-06 
2024-12-14 08:00:31,169 - Epoch    Loss       Val Loss   mIoU       minIoU     maxIoU     LR      
2024-12-14 08:00:31,169 - 60       0.001480   0.005078   0.527823   0.000000   0.925474   2.5e-07 , 2.5e-06 
2024-12-14 08:05:15,742 - 61       0.001508   0.005041   0.527540   0.000000   0.927235   2.5e-07 , 2.5e-06 
2024-12-14 08:10:02,908 - 62       0.001485   0.005071   0.531772   0.000000   0.925186   2.5e-07 , 2.5e-06 
2024-12-14 08:14:50,899 - 63       0.001457   0.005120   0.527712   0.000000   0.924806   2.5e-07 , 2.5e-06 
2024-12-14 08:19:40,057 - 64       0.001457   0.005115   0.527198   0.000000   0.923519   2.5e-07 , 2.5e-06 
2024-12-14 08:24:27,996 - 65       0.001467   0.005150   0.526472   0.000000   0.922977   2.5e-07 , 2.5e-06 
2024-12-14 08:29:15,877 - 66       0.001455   0.005103   0.528582   0.000000   0.925057   1.3e-07 , 1.3e-06 
2024-12-14 08:33:58,297 - 67       0.001480   0.005090   0.526973   0.000000   0.924635   1.3e-07 , 1.3e-06 
2024-12-14 08:38:42,156 - 68       0.001461   0.005063   0.530313   0.000000   0.925493   1.3e-07 , 1.3e-06 
2024-12-14 08:43:29,343 - 69       0.001444   0.005064   0.530145   0.000000   0.924392   1.3e-07 , 1.3e-06 
2024-12-14 08:48:11,468 - 70       0.001449   0.005059   0.527624   0.000000   0.924896   6.3e-08 , 6.3e-07 
2024-12-14 08:52:55,949 - 71       0.001459   0.005072   0.527992   0.000000   0.926022   6.3e-08 , 6.3e-07 
2024-12-14 08:57:42,480 - 72       0.001451   0.005066   0.529206   0.000000   0.926787   6.3e-08 , 6.3e-07 
2024-12-14 09:02:25,540 - 73       0.001433   0.005074   0.529299   0.000000   0.926333   6.3e-08 , 6.3e-07 
2024-12-14 09:07:10,068 - 74       0.001444   0.005065   0.527317   0.000000   0.922979   3.1e-08 , 3.1e-07 
2024-12-14 09:11:53,712 - Epoch    Loss       Val Loss   mIoU       minIoU     maxIoU     LR      
2024-12-14 09:11:53,712 - 75       0.001442   0.005047   0.530233   0.000000   0.926321   3.1e-08 , 3.1e-07 
2024-12-14 09:16:36,351 - 76       0.001452   0.005071   0.526992   0.000000   0.922110   3.1e-08 , 3.1e-07 
2024-12-14 09:21:21,602 - 77       0.001453   0.005075   0.527411   0.000000   0.925664   3.1e-08 , 3.1e-07 
2024-12-14 09:26:06,631 - 78       0.001447   0.005060   0.527575   0.000000   0.923361   1.6e-08 , 1.6e-07 
2024-12-14 09:30:49,623 - 79       0.001435   0.005052   0.529059   0.000000   0.923966   1.6e-08 , 1.6e-07 
2024-12-14 09:35:33,310 - 80       0.001429   0.005041   0.531491   0.000000   0.925985   1.6e-08 , 1.6e-07 
2024-12-14 09:40:19,404 - 81       0.001448   0.005063   0.526087   0.000000   0.922692   1.6e-08 , 1.6e-07 
2024-12-14 09:45:08,868 - 82       0.001433   0.005050   0.528791   0.000000   0.921134   1.6e-08 , 7.8e-08 
2024-12-14 09:49:59,473 - 83       0.001442   0.005033   0.531138   0.000000   0.925551   1.6e-08 , 7.8e-08 
2024-12-14 09:54:52,311 - 84       0.001447   0.004999   0.532423   0.000000   0.925623   1.6e-08 , 7.8e-08 
2024-12-14 09:59:43,655 - 85       0.001444   0.005076   0.529427   0.000000   0.926477   1.6e-08 , 7.8e-08 
2024-12-14 10:04:34,480 - 86       0.001436   0.005036   0.530598   0.000000   0.925264   1.6e-08 , 7.8e-08 
2024-12-14 10:09:24,392 - 87       0.001428   0.005051   0.529285   0.000000   0.922655   1.6e-08 , 7.8e-08 
2024-12-14 10:14:13,751 - 88       0.001463   0.005054   0.530285   0.000000   0.923089   1.6e-08 , 7.8e-08 
2024-12-14 10:19:00,111 - 89       0.001454   0.005085   0.525267   0.000000   0.925909   1.6e-08 , 3.9e-08 
2024-12-14 10:23:49,450 - Epoch    Loss       Val Loss   mIoU       minIoU     maxIoU     LR      
2024-12-14 10:23:49,451 - 90       0.001443   0.005041   0.532541   0.000000   0.926030   1.6e-08 , 3.9e-08 
2024-12-14 10:28:42,014 - 91       0.001436   0.005060   0.529393   0.000000   0.925739   1.6e-08 , 3.9e-08 
2024-12-14 10:33:29,174 - 92       0.001432   0.005057   0.528339   0.000000   0.924055   1.6e-08 , 3.9e-08 
2024-12-14 10:38:16,853 - 93       0.001463   0.005068   0.528327   0.000000   0.922040   1.6e-08 , 2.0e-08 
2024-12-14 10:43:02,492 - 94       0.001440   0.005075   0.527588   0.000000   0.924387   1.6e-08 , 2.0e-08 
2024-12-14 10:47:48,999 - 95       0.001441   0.005048   0.530018   0.000000   0.924486   1.6e-08 , 2.0e-08 
2024-12-14 10:52:33,612 - 96       0.001455   0.005034   0.530376   0.000000   0.924646   1.6e-08 , 2.0e-08 
2024-12-14 10:57:20,654 - 97       0.001441   0.005053   0.528723   0.000000   0.923635   1.6e-08 , 2.0e-08 
2024-12-14 11:02:04,892 - 98       0.001431   0.005065   0.526288   0.000000   0.921619   1.6e-08 , 2.0e-08 
2024-12-14 11:06:53,226 - 99       0.001453   0.005044   0.529872   0.000000   0.921538   1.6e-08 , 2.0e-08 
2024-12-14 11:11:36,891 - 100      0.001440   0.005046   0.529904   0.000000   0.924417   1.6e-08 , 2.0e-08 
2024-12-14 11:16:22,246 - 101      0.001442   0.005056   0.528751   0.000000   0.925269   1.6e-08 , 2.0e-08 
2024-12-14 11:21:11,066 - 102      0.001432   0.005072   0.527349   0.000000   0.925208   1.6e-08 , 2.0e-08 
2024-12-14 11:25:58,857 - 103      0.001429   0.005037   0.530842   0.000000   0.925864   1.6e-08 , 2.0e-08 
2024-12-14 11:30:47,335 - 104      0.001442   0.005093   0.525611   0.000000   0.926604   1.6e-08 , 2.0e-08 
2024-12-14 11:35:37,254 - Epoch    Loss       Val Loss   mIoU       minIoU     maxIoU     LR      
2024-12-14 11:35:37,254 - 105      0.001455   0.005056   0.529124   0.000000   0.924578   1.6e-08 , 2.0e-08 
2024-12-14 11:40:26,398 - 106      0.001435   0.005046   0.528537   0.000000   0.922574   1.6e-08 , 2.0e-08 
2024-12-14 11:45:17,495 - 107      0.001442   0.005077   0.527373   0.000000   0.921372   1.6e-08 , 2.0e-08 
2024-12-14 11:50:09,737 - 108      0.001441   0.005071   0.528879   0.000000   0.923744   1.6e-08 , 2.0e-08 
2024-12-14 11:54:59,773 - 109      0.001442   0.005034   0.531045   0.000000   0.925131   1.6e-08 , 2.0e-08 
2024-12-14 11:59:46,037 - 110      0.001454   0.005052   0.529378   0.000000   0.922853   1.6e-08 , 2.0e-08 
2024-12-14 12:04:34,545 - 111      0.001449   0.005069   0.528301   0.000000   0.923056   1.6e-08 , 2.0e-08 
2024-12-14 12:09:22,873 - 112      0.001435   0.005065   0.528568   0.000000   0.924027   1.6e-08 , 2.0e-08 
2024-12-14 12:14:09,229 - 113      0.001443   0.005045   0.528663   0.000000   0.921780   1.6e-08 , 2.0e-08 
2024-12-14 12:18:54,039 - 114      0.001444   0.005040   0.531017   0.000000   0.923513   1.6e-08 , 2.0e-08 
2024-12-14 12:23:38,440 - 115      0.001431   0.005054   0.528771   0.000000   0.921148   1.6e-08 , 2.0e-08 
2024-12-14 12:28:27,359 - 116      0.001440   0.005049   0.529983   0.000000   0.926343   1.6e-08 , 2.0e-08 
2024-12-14 12:33:13,564 - 117      0.001447   0.005068   0.528185   0.000000   0.923925   1.6e-08 , 2.0e-08 
2024-12-14 12:37:58,893 - 118      0.001457   0.005047   0.530807   0.000000   0.925397   1.6e-08 , 2.0e-08 
2024-12-14 12:42:46,536 - 119      0.001424   0.005051   0.529266   0.000000   0.924751   1.6e-08 , 2.0e-08 
2024-12-14 12:47:33,930 - Epoch    Loss       Val Loss   mIoU       minIoU     maxIoU     LR      
2024-12-14 12:47:33,930 - 120      0.001444   0.005076   0.526036   0.000000   0.921861   1.6e-08 , 2.0e-08 
2024-12-14 12:52:19,962 - 121      0.001426   0.005060   0.529210   0.000000   0.924159   1.6e-08 , 2.0e-08 
2024-12-14 12:57:05,586 - 122      0.001432   0.005070   0.528146   0.000000   0.922885   1.6e-08 , 2.0e-08 
2024-12-14 13:01:55,590 - 123      0.001441   0.005053   0.529816   0.000000   0.921482   1.6e-08 , 2.0e-08 
2024-12-14 13:06:40,325 - 124      0.001447   0.005067   0.529136   0.000000   0.924605   1.6e-08 , 2.0e-08 
2024-12-14 13:11:25,727 - 125      0.001434   0.005045   0.531203   0.000000   0.925882   1.6e-08 , 2.0e-08 
2024-12-14 13:16:14,162 - 126      0.001444   0.005042   0.530180   0.000000   0.923404   1.6e-08 , 2.0e-08 
2024-12-14 13:21:06,386 - 127      0.001426   0.005020   0.532533   0.000000   0.926174   1.6e-08 , 2.0e-08 
2024-12-14 13:25:55,652 - 128      0.001433   0.005066   0.528621   0.000000   0.923156   1.6e-08 , 2.0e-08 
2024-12-14 13:30:44,515 - 129      0.001449   0.005054   0.530183   0.000000   0.923378   1.6e-08 , 2.0e-08 
2024-12-14 13:35:33,766 - 130      0.001451   0.005076   0.526511   0.000000   0.923735   1.6e-08 , 2.0e-08 
2024-12-14 13:40:21,360 - 131      0.001462   0.005086   0.525716   0.000000   0.920914   1.6e-08 , 2.0e-08 
2024-12-14 13:45:09,056 - 132      0.001437   0.005071   0.530504   0.000000   0.926924   1.6e-08 , 2.0e-08 
2024-12-14 13:49:56,493 - 133      0.001453   0.005047   0.528963   0.000000   0.923133   1.6e-08 , 2.0e-08 
2024-12-14 13:54:43,868 - 134      0.001444   0.005062   0.528296   0.000000   0.923711   1.6e-08 , 2.0e-08 
2024-12-14 13:59:32,353 - Epoch    Loss       Val Loss   mIoU       minIoU     maxIoU     LR      
2024-12-14 13:59:32,353 - 135      0.001446   0.005072   0.530137   0.000000   0.923656   1.6e-08 , 2.0e-08 
2024-12-14 14:04:17,253 - 136      0.001438   0.005049   0.528642   0.000000   0.922585   1.6e-08 , 2.0e-08 
2024-12-14 14:09:04,279 - 137      0.001452   0.005052   0.529723   0.000000   0.925093   1.6e-08 , 2.0e-08 
2024-12-14 14:13:48,442 - 138      0.001453   0.005071   0.528886   0.000000   0.924731   1.6e-08 , 2.0e-08 
2024-12-14 14:18:34,411 - 139      0.001433   0.005072   0.528018   0.000000   0.924242   1.6e-08 , 2.0e-08 
2024-12-14 14:23:20,632 - 140      0.001459   0.005077   0.526565   0.000000   0.921008   1.6e-08 , 2.0e-08 
2024-12-14 14:28:07,223 - 141      0.001428   0.005055   0.529148   0.000000   0.924888   1.6e-08 , 2.0e-08 
2024-12-14 14:32:53,599 - 142      0.001434   0.005051   0.530621   0.000000   0.923596   1.6e-08 , 2.0e-08 
2024-12-14 14:37:38,813 - 143      0.001431   0.005061   0.528780   0.000000   0.923373   1.6e-08 , 2.0e-08 
2024-12-14 14:42:24,875 - 144      0.001440   0.005073   0.525880   0.000000   0.924485   1.6e-08 , 2.0e-08 
2024-12-14 14:47:12,494 - 145      0.001433   0.005058   0.528283   0.000000   0.920516   1.6e-08 , 2.0e-08 
2024-12-14 14:51:56,764 - 146      0.001439   0.005054   0.529283   0.000000   0.924660   1.6e-08 , 2.0e-08 
2024-12-14 14:56:33,404 - 147      0.001436   0.005071   0.529159   0.000000   0.924237   1.6e-08 , 2.0e-08 
2024-12-14 15:01:11,856 - 148      0.001428   0.005072   0.527814   0.000000   0.920978   1.6e-08 , 2.0e-08 
2024-12-14 15:05:47,877 - 149      0.001421   0.005031   0.531336   0.000000   0.925568   1.6e-08 , 2.0e-08 
2024-12-14 15:05:47,877 - Fine del training

