2025-01-18 15:26:55,094 - device          : cuda:1
2025-01-18 15:26:55,094 - model           : resnet101
2025-01-18 15:26:55,095 - mlp             : 0
2025-01-18 15:26:55,095 - vae             : False
2025-01-18 15:26:55,095 - epochs          : 50
2025-01-18 15:26:55,095 - batch           : 10
2025-01-18 15:26:55,095 - lr              : 0.0001
2025-01-18 15:26:55,095 - crop            : 512
2025-01-18 15:26:55,095 - optimizer       : adam
2025-01-18 15:26:55,095 - biases          : False
2025-01-18 15:26:55,095 - focal_loss      : 0
2025-01-18 15:26:55,095 - activation      : softmax
2025-01-18 15:26:55,095 - class_weights   : True
2025-01-18 15:26:55,095 - norm_weights    : True
2025-01-18 15:26:55,095 - p               : 0.3
2025-01-18 15:26:55,095 - entropy         : 0
2025-01-18 15:26:55,103 - Dataset Creati
2025-01-18 15:26:55,103 - Training images: 5125
2025-01-18 15:26:55,103 - Validation images: 1031

2025-01-18 15:26:55,104 - Dataloader Creati
2025-01-18 15:26:55,104 - Training batches: 512
2025-01-18 15:26:55,104 - Validation batches: 128

2025-01-18 15:26:58,613 - Model: deeplabv3plus_resnet101

2025-01-18 15:26:58,679 - Modello caricato correttamente su cuda:1

2025-01-18 15:26:58,682 - Inizio del training
2025-01-18 15:26:58,682 - optimizer: Adam (
Parameter Group 0
    amsgrad: False
    betas: (0.9, 0.999)
    capturable: False
    differentiable: False
    eps: 1e-08
    foreach: None
    fused: False
    lr: 0.0001
    maximize: False
    weight_decay: 0.0001

Parameter Group 1
    amsgrad: False
    betas: (0.9, 0.999)
    capturable: False
    differentiable: False
    eps: 1e-08
    foreach: None
    fused: False
    lr: 1e-05
    maximize: False
    weight_decay: 0.0001
)
2025-01-18 15:26:58,682 - loss:      ArcFaceLoss(
  (loss): CrossEntropyLoss()
)
2025-01-18 15:26:58,682 - epochs:    15
2025-01-18 15:26:58,682 - name:      weights_0

2025-01-18 15:33:41,114 - Epoch    Loss       Val Loss   mIoU       minIoU     maxIoU     LR      
2025-01-18 15:33:41,114 - 0        22.117437  20.211565  0.106476   0.000169   0.324078   1.0e-04 , 1.0e-05 
2025-01-18 15:40:23,686 - 1        18.745702  19.768797  0.110850   0.000151   0.346100   1.0e-04 , 1.0e-05 
2025-01-18 15:40:23,686 - > saved mIoU
2025-01-18 15:47:06,584 - 2        17.360938  19.829762  0.112580   0.000112   0.346669   1.0e-04 , 1.0e-05 
2025-01-18 15:47:06,584 - > saved mIoU
2025-01-18 15:53:49,777 - 3        16.583680  18.929511  0.110985   0.000123   0.337259   1.0e-04 , 1.0e-05 
2025-01-18 15:53:49,777 - > saved minIoU
2025-01-18 16:00:33,124 - 4        15.705480  18.960631  0.114771   0.000116   0.314711   1.0e-04 , 1.0e-05 
2025-01-18 16:00:33,124 - > saved mIoU
2025-01-18 16:07:16,472 - 5        15.139055  18.706836  0.118661   0.000122   0.372375   1.0e-04 , 1.0e-05 
2025-01-18 16:07:16,472 - > saved mIoU
2025-01-18 16:14:00,026 - 6        14.519117  18.526197  0.120341   0.000133   0.368439   1.0e-04 , 1.0e-05 
2025-01-18 16:14:00,027 - > saved mIoU
2025-01-18 16:20:43,391 - 7        13.959286  18.091029  0.128383   0.000140   0.419255   1.0e-04 , 1.0e-05 
2025-01-18 16:20:43,391 - > saved mIoU
2025-01-18 16:27:26,532 - 8        13.366472  17.547610  0.141477   0.000163   0.448257   1.0e-04 , 1.0e-05 
2025-01-18 16:27:26,533 - > saved mIoU
2025-01-18 16:34:09,749 - 9        13.004871  16.868833  0.131136   0.000125   0.404839   1.0e-04 , 1.0e-05 
2025-01-18 16:40:52,455 - 10       12.698127  16.513690  0.135275   0.000175   0.450452   1.0e-04 , 1.0e-05 
2025-01-18 16:47:35,032 - 11       12.335182  16.491209  0.136911   0.000158   0.475305   1.0e-04 , 1.0e-05 
2025-01-18 16:54:17,315 - 12       12.013681  15.924263  0.140451   0.000147   0.465999   1.0e-04 , 1.0e-05 
2025-01-18 17:01:00,056 - 13       11.679914  15.650667  0.139086   0.000174   0.521425   1.0e-04 , 1.0e-05 
2025-01-18 17:07:42,424 - 14       11.451555  15.366732  0.131003   0.000169   0.509126   1.0e-04 , 1.0e-05 
2025-01-18 17:07:42,424 - Fine del training

2025-01-18 17:07:42,677 - 
Caricati i pesi in: /raid/homespace/piecestola/space/ML4CV/results/train_8/ckpts/weights_mIoU_0.pt

2025-01-18 17:07:42,678 - Inizio del training
2025-01-18 17:07:42,678 - optimizer: Adam (
Parameter Group 0
    amsgrad: False
    betas: (0.9, 0.999)
    capturable: False
    differentiable: False
    eps: 1e-08
    foreach: None
    fused: False
    lr: 0.0001
    maximize: False
    weight_decay: 0.0001

Parameter Group 1
    amsgrad: False
    betas: (0.9, 0.999)
    capturable: False
    differentiable: False
    eps: 1e-08
    foreach: None
    fused: False
    lr: 1e-05
    maximize: False
    weight_decay: 0.0001
)
2025-01-18 17:07:42,678 - loss:      ArcFaceLoss(
  (loss): CrossEntropyLoss()
)
2025-01-18 17:07:42,678 - epochs:    50
2025-01-18 17:07:42,678 - name:      weights_1

2025-01-18 17:26:06,196 - Epoch    Loss       Val Loss   mIoU       minIoU     maxIoU     LR      
2025-01-18 17:26:06,196 - 0        11.395786  14.371208  0.187138   0.001821   0.751732   1.0e-04 , 1.0e-05 
2025-01-18 17:44:30,613 - 1        8.536456   12.687218  0.214532   0.009045   0.784848   1.0e-04 , 1.0e-05 
2025-01-18 17:44:30,613 - > saved mIoU
2025-01-18 18:02:58,730 - 2        7.246189   10.770055  0.256060   0.005243   0.816261   1.0e-04 , 1.0e-05 
2025-01-18 18:02:58,731 - > saved mIoU
2025-01-18 18:21:24,407 - 3        6.480823   10.602842  0.266813   0.005915   0.844484   1.0e-04 , 1.0e-05 
2025-01-18 18:21:24,407 - > saved mIoU
2025-01-18 18:39:50,051 - 4        5.943076   10.036882  0.262249   0.004372   0.869382   1.0e-04 , 1.0e-05 
2025-01-18 18:58:14,068 - 5        5.544466   9.342887   0.269785   0.004886   0.849442   1.0e-04 , 1.0e-05 
2025-01-18 18:58:14,068 - > saved mIoU
2025-01-18 19:16:39,839 - 6        5.173025   8.803886   0.246327   0.008768   0.832138   1.0e-04 , 1.0e-05 
2025-01-18 19:35:04,639 - 7        4.904212   8.169578   0.263629   0.008493   0.855080   1.0e-04 , 1.0e-05 
2025-01-18 19:53:28,880 - 8        4.656791   9.574101   0.250940   0.006154   0.899384   1.0e-04 , 1.0e-05 
2025-01-18 20:11:52,491 - 9        4.537746   8.330545   0.277006   0.009800   0.872949   1.0e-04 , 1.0e-05 
2025-01-18 20:11:52,491 - > saved mIoU
2025-01-18 20:30:17,307 - 10       4.343948   8.752931   0.249699   0.014385   0.875847   1.0e-04 , 1.0e-05 
2025-01-18 20:48:41,705 - 11       4.188454   8.471441   0.251902   0.015865   0.874540   1.0e-04 , 1.0e-05 
2025-01-18 21:07:06,367 - 12       4.097281   8.855759   0.269498   0.010026   0.872567   1.0e-04 , 1.0e-05 
2025-01-18 21:25:30,753 - 13       3.998770   9.091734   0.267728   0.012560   0.877526   1.0e-04 , 1.0e-05 
2025-01-18 21:43:55,054 - 14       3.908095   8.157129   0.284952   0.028102   0.878483   5.0e-05 , 5.0e-06 
2025-01-18 21:43:55,055 - > saved mIoU
2025-01-18 22:02:24,857 - Epoch    Loss       Val Loss   mIoU       minIoU     maxIoU     LR      
2025-01-18 22:02:24,858 - 15       3.803066   7.780357   0.285628   0.021995   0.886653   5.0e-05 , 5.0e-06 
2025-01-18 22:02:24,858 - > saved mIoU
2025-01-18 22:20:49,866 - 16       3.757747   7.532851   0.285953   0.026846   0.872994   5.0e-05 , 5.0e-06 
2025-01-18 22:20:49,867 - > saved mIoU
2025-01-18 22:39:15,377 - 17       3.699608   7.800738   0.277877   0.022328   0.874555   5.0e-05 , 5.0e-06 
2025-01-18 22:57:39,108 - 18       3.694185   7.545007   0.279978   0.013128   0.874997   5.0e-05 , 5.0e-06 
2025-01-18 23:16:04,027 - 19       3.621065   7.749881   0.278044   0.024566   0.878524   5.0e-05 , 5.0e-06 
2025-01-18 23:34:27,830 - 20       3.591418   7.740717   0.284448   0.038182   0.884343   5.0e-05 , 5.0e-06 
2025-01-18 23:52:51,701 - 21       3.562489   8.153969   0.285800   0.011558   0.879919   5.0e-05 , 5.0e-06 
2025-01-19 00:11:15,166 - 22       3.532114   8.345869   0.279997   0.022839   0.890668   5.0e-05 , 5.0e-06 
2025-01-19 00:29:38,422 - 23       3.499263   7.642693   0.292200   0.021587   0.884336   2.5e-05 , 2.5e-06 
2025-01-19 00:29:38,423 - > saved mIoU
2025-01-19 00:48:03,626 - 24       3.473466   7.945803   0.288990   0.029088   0.887536   2.5e-05 , 2.5e-06 
2025-01-19 01:06:27,101 - 25       3.433678   7.641450   0.289582   0.038104   0.884187   2.5e-05 , 2.5e-06 
2025-01-19 01:24:50,284 - 26       3.445594   7.570632   0.294645   0.040360   0.884255   2.5e-05 , 2.5e-06 
2025-01-19 01:24:50,284 - > saved mIoU
2025-01-19 01:43:15,525 - 27       3.400391   7.959233   0.289204   0.042617   0.885326   2.5e-05 , 2.5e-06 
2025-01-19 02:01:38,148 - 28       3.403409   7.763546   0.287596   0.023437   0.883186   2.5e-05 , 2.5e-06 
2025-01-19 02:20:01,757 - 29       3.400101   8.198842   0.290475   0.046791   0.885232   1.3e-05 , 1.3e-06 
2025-01-19 02:38:25,323 - Epoch    Loss       Val Loss   mIoU       minIoU     maxIoU     LR      
2025-01-19 02:38:25,323 - 30       3.374811   7.885120   0.303831   0.041679   0.882025   1.3e-05 , 1.3e-06 
2025-01-19 02:38:25,323 - > saved mIoU
2025-01-19 02:56:50,841 - 31       3.368939   7.896052   0.305514   0.039582   0.886330   1.3e-05 , 1.3e-06 
2025-01-19 02:56:50,842 - > saved mIoU
2025-01-19 03:15:16,861 - 32       3.359135   7.994869   0.308813   0.044417   0.887198   1.3e-05 , 1.3e-06 
2025-01-19 03:15:16,861 - > saved mIoU
2025-01-19 03:33:41,601 - 33       3.347234   7.858216   0.304383   0.042913   0.888220   1.3e-05 , 1.3e-06 
2025-01-19 03:52:05,588 - 34       3.348642   7.834613   0.319375   0.042654   0.889663   1.3e-05 , 1.3e-06 
2025-01-19 03:52:05,588 - > saved mIoU
2025-01-19 04:10:31,038 - 35       3.335436   7.892259   0.302758   0.041961   0.886830   6.3e-06 , 6.3e-07 
2025-01-19 04:28:55,695 - 36       3.323548   7.855729   0.309977   0.039834   0.885554   6.3e-06 , 6.3e-07 
2025-01-19 04:47:19,970 - 37       3.323739   7.925538   0.302624   0.041800   0.886638   6.3e-06 , 6.3e-07 
2025-01-19 05:05:43,622 - 38       3.317030   7.745189   0.311552   0.040918   0.890256   6.3e-06 , 6.3e-07 
2025-01-19 05:24:07,737 - 39       3.337392   7.888252   0.302339   0.046368   0.887263   6.3e-06 , 6.3e-07 
2025-01-19 05:42:31,415 - 40       3.308829   7.887713   0.303373   0.045394   0.887511   6.3e-06 , 6.3e-07 
2025-01-19 06:00:55,054 - 41       3.302979   7.642030   0.308650   0.045400   0.887663   3.1e-06 , 3.1e-07 
2025-01-19 06:19:18,798 - 42       3.321866   7.713510   0.307525   0.045785   0.888118   3.1e-06 , 3.1e-07 
2025-01-19 06:37:43,254 - 43       3.308875   7.802780   0.308658   0.043454   0.887592   3.1e-06 , 3.1e-07 
2025-01-19 06:56:07,471 - 44       3.280617   7.684460   0.311158   0.047961   0.890721   3.1e-06 , 3.1e-07 
2025-01-19 07:14:31,506 - Epoch    Loss       Val Loss   mIoU       minIoU     maxIoU     LR      
2025-01-19 07:14:31,507 - 45       3.332145   7.651351   0.311398   0.039592   0.888221   3.1e-06 , 3.1e-07 
2025-01-19 07:32:55,723 - 46       3.300083   7.679249   0.304866   0.044859   0.888380   3.1e-06 , 3.1e-07 
2025-01-19 07:51:20,012 - 47       3.313496   7.639036   0.309505   0.049938   0.889481   1.6e-06 , 1.6e-07 
2025-01-19 08:09:43,868 - 48       3.305600   7.707901   0.309450   0.042384   0.889822   1.6e-06 , 1.6e-07 
2025-01-19 08:28:07,923 - 49       3.317561   7.583751   0.307129   0.045227   0.887877   1.6e-06 , 1.6e-07 
2025-01-19 08:28:07,924 - Fine del training

