2025-01-10 21:33:26,238 - device          : cuda:4
2025-01-10 21:33:26,238 - model           : resnet101
2025-01-10 21:33:26,238 - mlp             : 0
2025-01-10 21:33:26,238 - vae             : False
2025-01-10 21:33:26,238 - epochs          : 50
2025-01-10 21:33:26,238 - batch           : 16
2025-01-10 21:33:26,238 - lr              : 0.0001
2025-01-10 21:33:26,238 - crop            : 512
2025-01-10 21:33:26,238 - optimizer       : adam
2025-01-10 21:33:26,238 - biases          : False
2025-01-10 21:33:26,238 - focal_loss      : 0
2025-01-10 21:33:26,239 - activation      : softmax
2025-01-10 21:33:26,239 - class_weights   : False
2025-01-10 21:33:26,239 - norm_weights    : False
2025-01-10 21:33:26,239 - p               : 0.3
2025-01-10 21:33:26,239 - entropy         : 10.0
2025-01-10 21:33:26,247 - Dataset Creati
2025-01-10 21:33:26,247 - Training images: 5125
2025-01-10 21:33:26,247 - Validation images: 1031

2025-01-10 21:33:26,248 - Dataloader Creati
2025-01-10 21:33:26,248 - Training batches: 320
2025-01-10 21:33:26,248 - Validation batches: 128

2025-01-10 21:33:30,131 - Model: deeplabv3plus_resnet101

2025-01-10 21:33:30,198 - Modello caricato correttamente su cuda:4

2025-01-10 21:33:30,201 - Inizio del training
2025-01-10 21:33:30,201 - optimizer: Adam (
Parameter Group 0
    amsgrad: False
    betas: (0.9, 0.999)
    capturable: False
    differentiable: False
    eps: 1e-08
    foreach: None
    fused: False
    lr: 0.0001
    maximize: False
    weight_decay: 0.0001

Parameter Group 1
    amsgrad: False
    betas: (0.9, 0.999)
    capturable: False
    differentiable: False
    eps: 1e-08
    foreach: None
    fused: False
    lr: 1e-05
    maximize: False
    weight_decay: 0.0001
)
2025-01-10 21:33:30,201 - loss:      CE_EntropyMinimization(
  (ce_loss): CrossEntropyLoss()
)
2025-01-10 21:33:30,201 - epochs:    15
2025-01-10 21:33:30,201 - name:      weights_0

2025-01-10 21:39:57,743 - Epoch    Loss       Val Loss   mIoU       minIoU     maxIoU     LR      
2025-01-10 21:39:57,744 - 0        9.150133   4.062032   0.141766   0.000000   0.761030   1.0e-04 , 1.0e-05 
2025-01-10 21:46:21,957 - 1        5.211771   3.193361   0.144205   0.000000   0.787169   1.0e-04 , 1.0e-05 
2025-01-10 21:46:21,958 - > saved mIoU
2025-01-10 21:52:45,525 - 2        4.644914   3.047817   0.144480   0.000000   0.797948   1.0e-04 , 1.0e-05 
2025-01-10 21:52:45,526 - > saved mIoU
2025-01-10 21:59:10,501 - 3        4.084134   3.191939   0.140266   0.000000   0.767043   1.0e-04 , 1.0e-05 
2025-01-10 22:05:35,377 - 4        3.409565   2.994204   0.142354   0.000000   0.783879   1.0e-04 , 1.0e-05 
2025-01-10 22:12:01,550 - 5        3.282125   2.985911   0.141714   0.000000   0.778277   1.0e-04 , 1.0e-05 
2025-01-10 22:18:25,868 - 6        3.180210   2.871803   0.142856   0.000000   0.783834   1.0e-04 , 1.0e-05 
2025-01-10 22:24:51,190 - 7        3.119240   2.821091   0.143410   0.000000   0.786055   1.0e-04 , 1.0e-05 
2025-01-10 22:31:16,590 - 8        3.065976   2.773232   0.143624   0.000000   0.784430   1.0e-04 , 1.0e-05 
2025-01-10 22:37:43,564 - 9        3.008339   2.792073   0.143177   0.000000   0.781504   1.0e-04 , 1.0e-05 
2025-01-10 22:44:08,926 - 10       2.983715   2.788020   0.143228   0.000000   0.784370   1.0e-04 , 1.0e-05 
2025-01-10 22:50:33,741 - 11       2.959354   2.851886   0.142236   0.000000   0.773048   1.0e-04 , 1.0e-05 
2025-01-10 22:57:00,463 - 12       2.938776   2.741912   0.143586   0.000000   0.782334   1.0e-04 , 1.0e-05 
2025-01-10 23:03:26,600 - 13       2.886290   2.780630   0.142876   0.000000   0.775911   1.0e-04 , 1.0e-05 
2025-01-10 23:09:51,699 - 14       2.909626   2.813449   0.142445   0.000000   0.776123   1.0e-04 , 1.0e-05 
2025-01-10 23:09:51,700 - Fine del training

2025-01-10 23:09:51,996 - 
Caricati i pesi in: /raid/homespace/piecestola/space/ML4CV/results/train_9/ckpts/weights_mIoU_0.pt

2025-01-10 23:09:51,998 - Inizio del training
2025-01-10 23:09:51,998 - optimizer: Adam (
Parameter Group 0
    amsgrad: False
    betas: (0.9, 0.999)
    capturable: False
    differentiable: False
    eps: 1e-08
    foreach: None
    fused: False
    lr: 0.0001
    maximize: False
    weight_decay: 0.0001

Parameter Group 1
    amsgrad: False
    betas: (0.9, 0.999)
    capturable: False
    differentiable: False
    eps: 1e-08
    foreach: None
    fused: False
    lr: 1e-05
    maximize: False
    weight_decay: 0.0001
)
2025-01-10 23:09:51,998 - loss:      CE_EntropyMinimization(
  (ce_loss): CrossEntropyLoss()
)
2025-01-10 23:09:51,998 - epochs:    50
2025-01-10 23:09:51,998 - name:      weights_1

2025-01-10 23:25:54,141 - Epoch    Loss       Val Loss   mIoU       minIoU     maxIoU     LR      
2025-01-10 23:25:54,141 - 0        2.886011   2.143768   0.151644   0.000000   0.841379   1.0e-04 , 1.0e-05 
2025-01-10 23:41:57,445 - 1        2.394754   2.004738   0.152928   0.000000   0.853126   1.0e-04 , 1.0e-05 
2025-01-10 23:41:57,445 - > saved mIoU
2025-01-10 23:58:00,181 - 2        2.173803   1.962483   0.154329   0.000000   0.862431   1.0e-04 , 1.0e-05 
2025-01-10 23:58:00,181 - > saved mIoU
2025-01-11 00:14:03,476 - 3        2.027411   1.927842   0.156911   0.000000   0.870172   1.0e-04 , 1.0e-05 
2025-01-11 00:14:03,477 - > saved mIoU
2025-01-11 00:30:06,643 - 4        1.935025   1.930128   0.160100   0.000000   0.869774   1.0e-04 , 1.0e-05 
2025-01-11 00:30:06,644 - > saved mIoU
2025-01-11 00:46:11,274 - 5        1.862943   1.943476   0.160760   0.000000   0.867599   1.0e-04 , 1.0e-05 
2025-01-11 00:46:11,274 - > saved mIoU
2025-01-11 01:02:15,966 - 6        1.800374   1.903329   0.161575   0.000000   0.870692   1.0e-04 , 1.0e-05 
2025-01-11 01:02:15,967 - > saved mIoU
2025-01-11 01:18:21,482 - 7        1.777096   1.974441   0.162880   0.000000   0.863974   1.0e-04 , 1.0e-05 
2025-01-11 01:18:21,483 - > saved mIoU
2025-01-11 01:34:25,556 - 8        1.747825   1.905775   0.162311   0.000000   0.874401   1.0e-04 , 1.0e-05 
2025-01-11 01:50:28,991 - 9        1.712172   1.934184   0.162278   0.000000   0.865072   1.0e-04 , 1.0e-05 
2025-01-11 02:06:32,559 - 10       1.690547   1.928050   0.159910   0.000000   0.867955   1.0e-04 , 1.0e-05 
2025-01-11 02:22:34,459 - 11       1.664300   1.935957   0.161021   0.000000   0.869991   1.0e-04 , 1.0e-05 
2025-01-11 02:38:38,200 - 12       1.662027   2.021398   0.159454   0.000000   0.854543   1.0e-04 , 1.0e-05 
2025-01-11 02:54:40,467 - 13       1.642424   1.926086   0.157050   0.000000   0.872363   5.0e-05 , 5.0e-06 
2025-01-11 03:10:43,595 - 14       1.635526   1.927734   0.157826   0.000000   0.869491   5.0e-05 , 5.0e-06 
2025-01-11 03:26:47,076 - Epoch    Loss       Val Loss   mIoU       minIoU     maxIoU     LR      
2025-01-11 03:26:47,076 - 15       1.637003   1.952526   0.156745   0.000000   0.864415   5.0e-05 , 5.0e-06 
2025-01-11 03:42:49,977 - 16       1.627538   1.927424   0.157531   0.000000   0.870022   5.0e-05 , 5.0e-06 
2025-01-11 03:58:50,761 - 17       1.599112   2.016775   0.159920   0.000000   0.857333   5.0e-05 , 5.0e-06 
2025-01-11 04:14:53,856 - 18       1.595224   1.967110   0.170467   0.000000   0.868940   5.0e-05 , 5.0e-06 
2025-01-11 04:14:53,856 - > saved mIoU
2025-01-11 04:30:57,746 - 19       1.565193   1.945341   0.196445   0.000000   0.870181   2.5e-05 , 2.5e-06 
2025-01-11 04:30:57,747 - > saved mIoU
2025-01-11 04:47:00,166 - 20       1.544199   1.943737   0.201624   0.000000   0.870872   2.5e-05 , 2.5e-06 
2025-01-11 04:47:00,166 - > saved mIoU
2025-01-11 05:03:03,324 - 21       1.304739   1.305930   0.337951   0.000000   0.865499   2.5e-05 , 2.5e-06 
2025-01-11 05:03:03,324 - > saved mIoU
2025-01-11 05:19:06,431 - 22       0.841710   1.316089   0.367054   0.000000   0.872496   2.5e-05 , 2.5e-06 
2025-01-11 05:19:06,431 - > saved mIoU
2025-01-11 05:35:09,291 - 23       0.803177   1.321131   0.375230   0.000000   0.871633   2.5e-05 , 2.5e-06 
2025-01-11 05:35:09,291 - > saved mIoU
2025-01-11 05:51:12,426 - 24       0.784820   1.309138   0.379578   0.000000   0.874650   2.5e-05 , 2.5e-06 
2025-01-11 05:51:12,427 - > saved mIoU
2025-01-11 06:07:14,595 - 25       0.776398   1.298411   0.384743   0.000000   0.874795   2.5e-05 , 2.5e-06 
2025-01-11 06:07:14,596 - > saved mIoU
2025-01-11 06:23:16,873 - 26       0.760071   1.285373   0.387719   0.000000   0.875051   2.5e-05 , 2.5e-06 
2025-01-11 06:23:16,874 - > saved mIoU
2025-01-11 06:39:19,128 - 27       0.751581   1.282267   0.401166   0.000000   0.873777   2.5e-05 , 2.5e-06 
2025-01-11 06:39:19,129 - > saved mIoU
2025-01-11 06:55:21,669 - 28       0.739306   1.273725   0.422150   0.000000   0.876265   2.5e-05 , 2.5e-06 
2025-01-11 06:55:21,670 - > saved mIoU
2025-01-11 07:11:25,228 - 29       0.745671   1.252683   0.420785   0.000000   0.877294   2.5e-05 , 2.5e-06 
2025-01-11 07:27:27,191 - Epoch    Loss       Val Loss   mIoU       minIoU     maxIoU     LR      
2025-01-11 07:27:27,192 - 30       0.724474   1.280677   0.428707   0.000000   0.874964   2.5e-05 , 2.5e-06 
2025-01-11 07:27:27,192 - > saved mIoU
2025-01-11 07:43:30,333 - 31       0.716615   1.270159   0.428741   0.000001   0.872626   2.5e-05 , 2.5e-06 
2025-01-11 07:43:30,333 - > saved mIoU
2025-01-11 07:59:33,672 - 32       0.719715   1.252147   0.440143   0.000000   0.874686   2.5e-05 , 2.5e-06 
2025-01-11 07:59:33,672 - > saved mIoU
2025-01-11 08:15:38,260 - 33       0.700441   1.233824   0.433923   0.000000   0.877685   2.5e-05 , 2.5e-06 
2025-01-11 08:31:40,837 - 34       0.703938   1.265187   0.432212   0.000000   0.875462   2.5e-05 , 2.5e-06 
2025-01-11 08:47:43,369 - 35       0.706478   1.264963   0.433799   0.000000   0.871998   2.5e-05 , 2.5e-06 
2025-01-11 09:03:46,570 - 36       0.696027   1.243839   0.432074   0.000000   0.875746   2.5e-05 , 2.5e-06 
2025-01-11 09:19:49,976 - 37       0.690850   1.242865   0.436302   0.000006   0.876565   2.5e-05 , 2.5e-06 
2025-01-11 09:35:53,447 - 38       0.685797   1.264817   0.433611   0.000000   0.874704   2.5e-05 , 2.5e-06 
2025-01-11 09:51:55,803 - 39       0.681467   1.247130   0.442935   0.000001   0.874943   2.5e-05 , 2.5e-06 
2025-01-11 09:51:55,804 - > saved mIoU
2025-01-11 10:07:59,969 - 40       0.661464   1.241459   0.441033   0.000000   0.878996   1.3e-05 , 1.3e-06 
2025-01-11 10:24:02,873 - 41       0.665341   1.234538   0.441454   0.000000   0.877575   1.3e-05 , 1.3e-06 
2025-01-11 10:40:03,875 - 42       0.665097   1.239681   0.438382   0.000000   0.878951   1.3e-05 , 1.3e-06 
2025-01-11 10:56:04,330 - 43       0.661021   1.248304   0.436693   0.000000   0.878063   1.3e-05 , 1.3e-06 
2025-01-11 11:12:06,937 - 44       0.662142   1.277957   0.439696   0.000000   0.876451   1.3e-05 , 1.3e-06 
2025-01-11 11:28:09,060 - Epoch    Loss       Val Loss   mIoU       minIoU     maxIoU     LR      
2025-01-11 11:28:09,060 - 45       0.662262   1.269911   0.437067   0.000000   0.879688   1.3e-05 , 1.3e-06 
2025-01-11 11:44:09,304 - 46       0.663597   1.258284   0.438822   0.000000   0.879157   6.3e-06 , 6.3e-07 
2025-01-11 12:00:10,120 - 47       0.653876   1.253009   0.439875   0.000000   0.878425   6.3e-06 , 6.3e-07 
2025-01-11 12:16:11,477 - 48       0.657685   1.250939   0.440590   0.000001   0.879894   6.3e-06 , 6.3e-07 
2025-01-11 12:32:11,718 - 49       0.656179   1.245331   0.440426   0.000000   0.879843   6.3e-06 , 6.3e-07 
2025-01-11 12:32:11,718 - Fine del training

