2024-12-19 16:22:50,406 - device          : cuda:6
2024-12-19 16:22:50,407 - epochs          : 100
2024-12-19 16:22:50,407 - batch           : 32
2024-12-19 16:22:50,407 - lr              : 0.0001
2024-12-19 16:22:50,407 - crop            : 450
2024-12-19 16:22:50,407 - optimizer       : adam
2024-12-19 16:22:50,407 - biases          : False
2024-12-19 16:22:50,407 - focal_loss      : 0
2024-12-19 16:22:50,407 - activation      : sigmoid
2024-12-19 16:22:50,407 - class_weights   : True
2024-12-19 16:22:50,407 - norm_weights    : False
2024-12-19 16:22:50,416 - Dataset Creati
2024-12-19 16:22:50,417 - Training images: 5125
2024-12-19 16:22:50,417 - Validation images: 1031

2024-12-19 16:22:50,417 - Dataloader Creati
2024-12-19 16:22:50,417 - Training batches: 160
2024-12-19 16:22:50,417 - Validation batches: 128

2024-12-19 16:22:52,422 - Modello caricato correttamente su cuda:6

2024-12-19 16:22:52,424 - Inizio del training
2024-12-19 16:22:52,425 - optimizer: Adam (
Parameter Group 0
    amsgrad: False
    betas: (0.9, 0.999)
    capturable: False
    differentiable: False
    eps: 1e-08
    foreach: None
    fused: False
    lr: 0.0001
    maximize: False
    weight_decay: 0.0001

Parameter Group 1
    amsgrad: False
    betas: (0.9, 0.999)
    capturable: False
    differentiable: False
    eps: 1e-08
    foreach: None
    fused: False
    lr: 1e-05
    maximize: False
    weight_decay: 0.0001
)
2024-12-19 16:22:52,425 - loss:      BCELossModified()
2024-12-19 16:22:52,425 - epochs:    15
2024-12-19 16:22:52,425 - name:      weights_0

2024-12-19 16:26:22,614 - Epoch    Loss       Val Loss   mIoU       minIoU     maxIoU     LR      
2024-12-19 16:26:22,614 - 0        0.832079   0.664156   0.330369   0.005216   0.847536   1.0e-04 , 1.0e-05 
2024-12-19 16:29:49,879 - 1        0.637656   0.603094   0.348471   0.004580   0.859106   1.0e-04 , 1.0e-05 
2024-12-19 16:29:49,963 - Modello salvato
2024-12-19 16:29:50,031 - Modello salvato
2024-12-19 16:33:23,606 - 2        0.549669   0.581359   0.355118   0.010444   0.864657   1.0e-04 , 1.0e-05 
2024-12-19 16:33:23,701 - Modello salvato
2024-12-19 16:33:23,784 - Modello salvato
2024-12-19 16:36:57,462 - 3        0.505726   0.571683   0.361303   0.014674   0.867084   1.0e-04 , 1.0e-05 
2024-12-19 16:36:57,542 - Modello salvato
2024-12-19 16:36:57,619 - Modello salvato
2024-12-19 16:40:23,140 - 4        0.477472   0.579976   0.368295   0.018714   0.868596   1.0e-04 , 1.0e-05 
2024-12-19 16:40:23,227 - Modello salvato
2024-12-19 16:43:50,280 - 5        0.450873   0.573679   0.369560   0.017355   0.867670   1.0e-04 , 1.0e-05 
2024-12-19 16:43:50,369 - Modello salvato
2024-12-19 16:47:20,681 - 6        0.440254   0.581615   0.371280   0.022110   0.867555   1.0e-04 , 1.0e-05 
2024-12-19 16:47:20,768 - Modello salvato
2024-12-19 16:50:53,695 - 7        0.426063   0.574836   0.371286   0.019824   0.868002   1.0e-04 , 1.0e-05 
2024-12-19 16:50:53,779 - Modello salvato
2024-12-19 16:54:25,674 - 8        0.470414   0.581046   0.381781   0.023859   0.870971   5.0e-05 , 5.0e-06 
2024-12-19 16:54:25,756 - Modello salvato
2024-12-19 16:57:57,005 - 9        0.408024   0.565863   0.385317   0.009081   0.872588   5.0e-05 , 5.0e-06 
2024-12-19 16:57:57,090 - Modello salvato
2024-12-19 16:57:57,170 - Modello salvato
2024-12-19 17:01:27,837 - 10       0.402949   0.568126   0.383656   0.011018   0.873461   5.0e-05 , 5.0e-06 
2024-12-19 17:04:57,068 - 11       0.403878   0.558036   0.382268   0.011470   0.873318   5.0e-05 , 5.0e-06 
2024-12-19 17:04:57,150 - Modello salvato
2024-12-19 17:08:26,206 - 12       0.400123   0.570392   0.384555   0.009903   0.873247   5.0e-05 , 5.0e-06 
2024-12-19 17:11:58,225 - 13       0.404403   0.565903   0.382166   0.017039   0.872534   5.0e-05 , 5.0e-06 
2024-12-19 17:15:30,746 - 14       0.395029   0.574248   0.385526   0.018756   0.872944   5.0e-05 , 5.0e-06 
2024-12-19 17:15:30,824 - Modello salvato
2024-12-19 17:15:30,825 - Fine del training

2024-12-19 17:15:30,906 - 
Caricati i pesi in: /home/piecestola/space/ML4CV/results/train_10/ckpts/weights_0.pt

2024-12-19 17:15:30,907 - Inizio del training
2024-12-19 17:15:30,907 - optimizer: Adam (
Parameter Group 0
    amsgrad: False
    betas: (0.9, 0.999)
    capturable: False
    differentiable: False
    eps: 1e-08
    foreach: None
    fused: False
    lr: 5e-05
    maximize: False
    weight_decay: 0.0001

Parameter Group 1
    amsgrad: False
    betas: (0.9, 0.999)
    capturable: False
    differentiable: False
    eps: 1e-08
    foreach: None
    fused: False
    lr: 5e-06
    maximize: False
    weight_decay: 0.0001
)
2024-12-19 17:15:30,908 - loss:      BCELossModified()
2024-12-19 17:15:30,908 - epochs:    100
2024-12-19 17:15:30,908 - name:      weights_1

