2025-01-20 12:10:41,020 - device          : cuda:0
2025-01-20 12:10:41,020 - model           : resnet101
2025-01-20 12:10:41,020 - mlp             : 0
2025-01-20 12:10:41,020 - vae             : False
2025-01-20 12:10:41,020 - epochs          : 50
2025-01-20 12:10:41,020 - batch           : 10
2025-01-20 12:10:41,020 - lr              : 0.0001
2025-01-20 12:10:41,020 - crop            : 512
2025-01-20 12:10:41,020 - optimizer       : adam
2025-01-20 12:10:41,020 - biases          : False
2025-01-20 12:10:41,020 - focal_loss      : 0
2025-01-20 12:10:41,020 - activation      : softmax
2025-01-20 12:10:41,020 - class_weights   : False
2025-01-20 12:10:41,020 - norm_weights    : True
2025-01-20 12:10:41,020 - p               : 0.3
2025-01-20 12:10:41,020 - entropy         : 0
2025-01-20 12:10:41,028 - Dataset Creati
2025-01-20 12:10:41,028 - Training images: 5125
2025-01-20 12:10:41,028 - Validation images: 1031

2025-01-20 12:10:41,029 - Dataloader Creati
2025-01-20 12:10:41,029 - Training batches: 512
2025-01-20 12:10:41,029 - Validation batches: 128

2025-01-20 12:10:44,625 - Model: deeplabv3plus_resnet101

2025-01-20 12:10:44,691 - Modello caricato correttamente su cuda:0

2025-01-20 12:10:44,694 - Inizio del training
2025-01-20 12:10:44,694 - optimizer: Adam (
Parameter Group 0
    amsgrad: False
    betas: (0.9, 0.999)
    capturable: False
    differentiable: False
    eps: 1e-08
    foreach: None
    fused: False
    lr: 0.0001
    maximize: False
    weight_decay: 0.0001

Parameter Group 1
    amsgrad: False
    betas: (0.9, 0.999)
    capturable: False
    differentiable: False
    eps: 1e-08
    foreach: None
    fused: False
    lr: 1e-05
    maximize: False
    weight_decay: 0.0001
)
2025-01-20 12:10:44,694 - loss:      ArcFaceLoss(
  (loss): CrossEntropyLoss()
)
2025-01-20 12:10:44,694 - epochs:    15
2025-01-20 12:10:44,694 - name:      weights_0

2025-01-20 12:17:28,548 - Epoch    Loss       Val Loss   mIoU       minIoU     maxIoU     LR      
2025-01-20 12:17:28,548 - 0        13.910193  9.716295   0.222015   0.000129   0.828695   1.0e-04 , 1.0e-05 
2025-01-20 12:24:12,165 - 1        9.738170   8.720156   0.233380   0.000002   0.836934   1.0e-04 , 1.0e-05 
2025-01-20 12:24:12,165 - > saved mIoU
2025-01-20 12:30:57,056 - 2        8.518170   7.606904   0.236740   0.000002   0.833573   1.0e-04 , 1.0e-05 
2025-01-20 12:30:57,056 - > saved mIoU
2025-01-20 12:37:42,477 - 3        7.598841   6.815670   0.246222   0.000007   0.828929   1.0e-04 , 1.0e-05 
2025-01-20 12:37:42,477 - > saved mIoU
2025-01-20 12:44:28,354 - 4        7.159315   6.577170   0.252648   0.000008   0.827062   1.0e-04 , 1.0e-05 
2025-01-20 12:44:28,354 - > saved mIoU
2025-01-20 12:51:13,161 - 5        6.859932   6.601984   0.258616   0.000028   0.826655   1.0e-04 , 1.0e-05 
2025-01-20 12:51:13,162 - > saved mIoU
2025-01-20 12:57:57,754 - 6        6.472194   6.498037   0.260049   0.000029   0.829193   1.0e-04 , 1.0e-05 
2025-01-20 12:57:57,755 - > saved mIoU
2025-01-20 13:04:43,645 - 7        6.330222   6.235903   0.268927   0.000113   0.831940   1.0e-04 , 1.0e-05 
2025-01-20 13:04:43,645 - > saved mIoU
2025-01-20 13:11:28,124 - 8        6.121058   6.315338   0.267099   0.000046   0.829623   1.0e-04 , 1.0e-05 
2025-01-20 13:11:28,124 - > saved minIoU
2025-01-20 13:18:12,575 - 9        5.881179   6.318842   0.269815   0.000098   0.824343   1.0e-04 , 1.0e-05 
2025-01-20 13:18:12,575 - > saved mIoU
2025-01-20 13:24:57,852 - 10       5.782015   6.176938   0.273735   0.000271   0.824107   1.0e-04 , 1.0e-05 
2025-01-20 13:24:57,852 - > saved mIoU
2025-01-20 13:31:42,291 - 11       5.701881   6.177182   0.275968   0.000144   0.828232   1.0e-04 , 1.0e-05 
2025-01-20 13:31:42,292 - > saved mIoU
2025-01-20 13:38:26,563 - 12       5.529152   6.226748   0.274981   0.000197   0.825523   1.0e-04 , 1.0e-05 
2025-01-20 13:45:10,294 - 13       5.493417   6.299209   0.274668   0.000129   0.823256   1.0e-04 , 1.0e-05 
2025-01-20 13:51:53,865 - 14       5.364991   5.878142   0.274232   0.000113   0.834165   1.0e-04 , 1.0e-05 
2025-01-20 13:51:53,865 - Fine del training

2025-01-20 13:51:54,135 - 
Caricati i pesi in: /raid/homespace/piecestola/space/ML4CV/results/train_9/ckpts/weights_mIoU_0.pt

2025-01-20 13:51:54,136 - Inizio del training
2025-01-20 13:51:54,136 - optimizer: Adam (
Parameter Group 0
    amsgrad: False
    betas: (0.9, 0.999)
    capturable: False
    differentiable: False
    eps: 1e-08
    foreach: None
    fused: False
    lr: 0.0001
    maximize: False
    weight_decay: 0.0001

Parameter Group 1
    amsgrad: False
    betas: (0.9, 0.999)
    capturable: False
    differentiable: False
    eps: 1e-08
    foreach: None
    fused: False
    lr: 1e-05
    maximize: False
    weight_decay: 0.0001
)
2025-01-20 13:51:54,136 - loss:      ArcFaceLoss(
  (loss): CrossEntropyLoss()
)
2025-01-20 13:51:54,136 - epochs:    50
2025-01-20 13:51:54,136 - name:      weights_1

2025-01-20 14:10:21,346 - Epoch    Loss       Val Loss   mIoU       minIoU     maxIoU     LR      
2025-01-20 14:10:21,347 - 0        4.442192   4.766905   0.323698   0.000070   0.899255   1.0e-04 , 1.0e-05 
2025-01-20 14:28:49,287 - 1        3.284235   4.169530   0.346541   0.000511   0.895564   1.0e-04 , 1.0e-05 
2025-01-20 14:28:49,288 - > saved mIoU
2025-01-20 14:47:17,823 - 2        2.689504   4.255627   0.377337   0.000431   0.887512   1.0e-04 , 1.0e-05 
2025-01-20 14:47:17,823 - > saved mIoU
2025-01-20 15:05:45,793 - 3        2.307176   3.861321   0.400202   0.000425   0.914403   1.0e-04 , 1.0e-05 
2025-01-20 15:05:45,794 - > saved mIoU
2025-01-20 15:24:16,720 - 4        2.053631   3.774442   0.398578   0.000520   0.909261   1.0e-04 , 1.0e-05 
2025-01-20 15:42:43,644 - 5        1.843164   3.811039   0.415671   0.002653   0.906893   1.0e-04 , 1.0e-05 
2025-01-20 15:42:43,645 - > saved mIoU
2025-01-20 16:01:12,848 - 6        1.698341   3.553549   0.439194   0.005672   0.929097   1.0e-04 , 1.0e-05 
2025-01-20 16:01:12,848 - > saved mIoU
2025-01-20 16:19:40,718 - 7        1.583096   3.534521   0.444849   0.005112   0.920024   1.0e-04 , 1.0e-05 
2025-01-20 16:19:40,718 - > saved mIoU
2025-01-20 16:38:10,566 - 8        1.487326   3.565569   0.435507   0.006264   0.920224   1.0e-04 , 1.0e-05 
2025-01-20 16:56:37,360 - 9        1.407473   3.740180   0.451523   0.013201   0.916014   1.0e-04 , 1.0e-05 
2025-01-20 16:56:37,361 - > saved mIoU
2025-01-20 17:15:04,969 - 10       1.357413   3.349235   0.471669   0.013296   0.931414   1.0e-04 , 1.0e-05 
2025-01-20 17:15:04,970 - > saved mIoU
2025-01-20 17:33:34,272 - 11       1.300394   3.538434   0.464628   0.012081   0.918924   1.0e-04 , 1.0e-05 
2025-01-20 17:52:01,295 - 12       1.244241   3.389317   0.474590   0.012528   0.930101   1.0e-04 , 1.0e-05 
2025-01-20 17:52:01,295 - > saved mIoU
2025-01-20 18:10:29,007 - 13       1.218408   3.438203   0.470385   0.015931   0.926488   1.0e-04 , 1.0e-05 
2025-01-20 18:28:56,363 - 14       1.209548   3.183180   0.478571   0.010213   0.929314   1.0e-04 , 1.0e-05 
2025-01-20 18:28:56,363 - > saved mIoU
2025-01-20 18:47:24,487 - Epoch    Loss       Val Loss   mIoU       minIoU     maxIoU     LR      
2025-01-20 18:47:24,488 - 15       1.171792   3.388305   0.469837   0.013712   0.914740   1.0e-04 , 1.0e-05 
2025-01-20 19:05:50,868 - 16       1.150144   3.480890   0.480202   0.017493   0.917518   1.0e-04 , 1.0e-05 
2025-01-20 19:05:50,868 - > saved mIoU
2025-01-20 19:24:19,115 - 17       1.114302   3.059267   0.490093   0.021244   0.936225   1.0e-04 , 1.0e-05 
2025-01-20 19:24:19,116 - > saved mIoU
2025-01-20 19:42:47,050 - 18       1.085198   3.262798   0.484870   0.021834   0.924333   1.0e-04 , 1.0e-05 
2025-01-20 20:01:13,531 - 19       1.062882   3.256408   0.493985   0.023984   0.921936   1.0e-04 , 1.0e-05 
2025-01-20 20:01:13,532 - > saved mIoU
2025-01-20 20:19:41,438 - 20       1.059334   3.265230   0.475165   0.019519   0.924333   1.0e-04 , 1.0e-05 
2025-01-20 20:38:07,966 - 21       1.044932   3.121328   0.494125   0.019211   0.931713   1.0e-04 , 1.0e-05 
2025-01-20 20:38:07,966 - > saved mIoU
2025-01-20 20:56:36,952 - 22       1.044408   3.455435   0.472258   0.014614   0.925953   1.0e-04 , 1.0e-05 
2025-01-20 21:15:03,374 - 23       1.027767   3.208113   0.497531   0.029108   0.924876   1.0e-04 , 1.0e-05 
2025-01-20 21:15:03,375 - > saved mIoU
2025-01-20 21:33:31,957 - 24       1.022466   3.240991   0.493132   0.031955   0.915460   5.0e-05 , 5.0e-06 
2025-01-20 21:51:59,570 - 25       0.988813   3.121282   0.520943   0.051996   0.930874   5.0e-05 , 5.0e-06 
2025-01-20 21:51:59,571 - > saved mIoU
2025-01-20 22:10:28,064 - 26       0.982582   3.119797   0.519928   0.050226   0.933407   5.0e-05 , 5.0e-06 
2025-01-20 22:28:54,949 - 27       0.975037   3.168983   0.513245   0.047134   0.928191   5.0e-05 , 5.0e-06 
2025-01-20 22:47:21,852 - 28       0.959309   3.135839   0.515590   0.046824   0.931574   5.0e-05 , 5.0e-06 
2025-01-20 23:05:48,273 - 29       0.955702   3.045685   0.512180   0.053185   0.930026   5.0e-05 , 5.0e-06 
2025-01-20 23:24:15,513 - Epoch    Loss       Val Loss   mIoU       minIoU     maxIoU     LR      
2025-01-20 23:24:15,513 - 30       0.947554   3.063739   0.524635   0.051920   0.935253   5.0e-05 , 5.0e-06 
2025-01-20 23:24:15,514 - > saved mIoU
2025-01-20 23:42:44,329 - 31       0.942248   3.005597   0.510165   0.038719   0.932892   5.0e-05 , 5.0e-06 
2025-01-21 00:01:11,746 - 32       0.936593   3.175183   0.509247   0.031771   0.928780   5.0e-05 , 5.0e-06 
2025-01-21 00:19:41,588 - 33       0.933515   3.027423   0.524793   0.053270   0.932310   5.0e-05 , 5.0e-06 
2025-01-21 00:19:41,589 - > saved mIoU
2025-01-21 00:38:10,182 - 34       0.938664   2.902568   0.521316   0.034058   0.931896   5.0e-05 , 5.0e-06 
2025-01-21 00:56:36,601 - 35       0.931891   2.901205   0.523771   0.024863   0.931278   5.0e-05 , 5.0e-06 
2025-01-21 01:15:02,960 - 36       0.921990   3.032038   0.524387   0.035395   0.931025   5.0e-05 , 5.0e-06 
2025-01-21 01:33:29,636 - 37       0.920101   2.966397   0.521981   0.027372   0.936270   5.0e-05 , 5.0e-06 
2025-01-21 01:51:56,536 - 38       0.914400   2.882685   0.528884   0.040535   0.935434   5.0e-05 , 5.0e-06 
2025-01-21 01:51:56,537 - > saved mIoU
2025-01-21 02:10:27,630 - 39       0.911900   3.012513   0.518735   0.042629   0.935232   5.0e-05 , 5.0e-06 
2025-01-21 02:28:54,759 - 40       0.910977   2.915084   0.519632   0.028430   0.936951   5.0e-05 , 5.0e-06 
2025-01-21 02:47:21,421 - 41       0.902027   2.956626   0.524352   0.045259   0.933460   5.0e-05 , 5.0e-06 
2025-01-21 03:05:47,870 - 42       0.901254   2.906079   0.524938   0.034821   0.935605   5.0e-05 , 5.0e-06 
2025-01-21 03:24:14,269 - 43       0.892651   3.066303   0.516847   0.021150   0.928676   5.0e-05 , 5.0e-06 
2025-01-21 03:42:41,037 - 44       0.901678   2.854434   0.527521   0.035053   0.935107   5.0e-05 , 5.0e-06 
2025-01-21 04:01:07,856 - Epoch    Loss       Val Loss   mIoU       minIoU     maxIoU     LR      
2025-01-21 04:01:07,857 - 45       0.897003   2.982559   0.517819   0.043763   0.933836   5.0e-05 , 5.0e-06 
2025-01-21 04:19:34,644 - 46       0.884919   3.015910   0.517901   0.045241   0.933217   5.0e-05 , 5.0e-06 
2025-01-21 04:38:01,102 - 47       0.922399   3.110122   0.520508   0.032789   0.929147   5.0e-05 , 5.0e-06 
2025-01-21 04:56:27,674 - 48       0.926413   3.176214   0.522448   0.038942   0.919487   5.0e-05 , 5.0e-06 
2025-01-21 05:14:54,451 - 49       0.889802   3.069191   0.528849   0.046656   0.930925   5.0e-05 , 5.0e-06 
2025-01-21 05:14:54,452 - Fine del training

