2025-02-01 17:03:58,656 - device          : cuda:3
2025-02-01 17:03:58,656 - model           : resnet101
2025-02-01 17:03:58,656 - mlp             : 0
2025-02-01 17:03:58,656 - vae             : False
2025-02-01 17:03:58,656 - epochs          : 50
2025-02-01 17:03:58,656 - batch           : 16
2025-02-01 17:03:58,656 - lr              : 0.0001
2025-02-01 17:03:58,656 - crop            : 512
2025-02-01 17:03:58,656 - optimizer       : adam
2025-02-01 17:03:58,656 - biases          : False
2025-02-01 17:03:58,656 - focal_loss      : 0
2025-02-01 17:03:58,656 - activation      : softmax
2025-02-01 17:03:58,656 - class_weights   : False
2025-02-01 17:03:58,656 - norm_weights    : False
2025-02-01 17:03:58,657 - p               : 0.3
2025-02-01 17:03:58,657 - entropy         : 0.1
2025-02-01 17:03:58,665 - Dataset Creati
2025-02-01 17:03:58,666 - Training images: 5125
2025-02-01 17:03:58,666 - Validation images: 1031

2025-02-01 17:03:58,666 - Dataloader Creati
2025-02-01 17:03:58,666 - Training batches: 320
2025-02-01 17:03:58,666 - Validation batches: 128

2025-02-01 17:04:02,484 - Model: deeplabv3plus_resnet101

2025-02-01 17:04:02,550 - Modello caricato correttamente su cuda:3

2025-02-01 17:04:02,553 - Inizio del training
2025-02-01 17:04:02,554 - optimizer: Adam (
Parameter Group 0
    amsgrad: False
    betas: (0.9, 0.999)
    capturable: False
    differentiable: False
    eps: 1e-08
    foreach: None
    fused: False
    lr: 0.0001
    maximize: False
    weight_decay: 0.0001

Parameter Group 1
    amsgrad: False
    betas: (0.9, 0.999)
    capturable: False
    differentiable: False
    eps: 1e-08
    foreach: None
    fused: False
    lr: 1e-05
    maximize: False
    weight_decay: 0.0001
)
2025-02-01 17:04:02,554 - loss:      CE_EntropyMinimization(
  (ce_loss): CrossEntropyLoss()
)
2025-02-01 17:04:02,554 - epochs:    15
2025-02-01 17:04:02,554 - name:      weights_0

2025-02-01 17:10:12,920 - Epoch    Loss       Val Loss   mIoU       minIoU     maxIoU     LR      
2025-02-01 17:10:12,920 - 0        1.246823   0.896982   0.257599   0.000000   0.777265   1.0e-04 , 1.0e-05 
2025-02-01 17:16:23,216 - 1        0.873259   0.801492   0.288305   0.000000   0.803065   1.0e-04 , 1.0e-05 
2025-02-01 17:16:23,216 - > saved mIoU
2025-02-01 17:22:33,797 - 2        0.791460   0.748759   0.303875   0.000000   0.812313   1.0e-04 , 1.0e-05 
2025-02-01 17:22:33,798 - > saved mIoU
2025-02-01 17:28:44,384 - 3        0.740034   0.738310   0.308457   0.000000   0.815635   1.0e-04 , 1.0e-05 
2025-02-01 17:28:44,385 - > saved mIoU
2025-02-01 17:34:54,833 - 4        0.720323   0.744923   0.318122   0.000000   0.814534   1.0e-04 , 1.0e-05 
2025-02-01 17:34:54,834 - > saved mIoU
2025-02-01 17:41:05,268 - 5        0.698016   0.765313   0.318910   0.000000   0.802607   1.0e-04 , 1.0e-05 
2025-02-01 17:41:05,268 - > saved mIoU
2025-02-01 17:47:15,855 - 6        0.675797   0.732509   0.328211   0.000000   0.817566   1.0e-04 , 1.0e-05 
2025-02-01 17:47:15,856 - > saved mIoU
2025-02-01 17:53:26,199 - 7        0.657759   0.728630   0.329869   0.000000   0.822676   1.0e-04 , 1.0e-05 
2025-02-01 17:53:26,199 - > saved mIoU
2025-02-01 17:59:36,974 - 8        0.645393   0.717906   0.338428   0.000000   0.823855   1.0e-04 , 1.0e-05 
2025-02-01 17:59:36,975 - > saved mIoU
2025-02-01 18:05:47,983 - 9        0.631323   0.731315   0.337175   0.000000   0.824917   1.0e-04 , 1.0e-05 
2025-02-01 18:11:58,523 - 10       0.622983   0.741300   0.344528   0.000000   0.818438   1.0e-04 , 1.0e-05 
2025-02-01 18:11:58,523 - > saved mIoU
2025-02-01 18:18:09,874 - 11       0.614135   0.751012   0.345802   0.000000   0.816220   1.0e-04 , 1.0e-05 
2025-02-01 18:18:09,875 - > saved mIoU
2025-02-01 18:24:20,983 - 12       0.610059   0.735370   0.350210   0.000000   0.817130   1.0e-04 , 1.0e-05 
2025-02-01 18:24:20,984 - > saved mIoU
2025-02-01 18:30:32,073 - 13       0.593262   0.740673   0.349253   0.000000   0.823713   1.0e-04 , 1.0e-05 
2025-02-01 18:36:42,682 - 14       0.597919   0.756556   0.350165   0.001033   0.815787   1.0e-04 , 1.0e-05 
2025-02-01 18:36:42,683 - Fine del training

2025-02-01 18:36:42,981 - 
Caricati i pesi in: /raid/homespace/piecestola/space/ML4CV/results/train_10/ckpts/weights_mIoU_0.pt

2025-02-01 18:36:42,983 - Inizio del training
2025-02-01 18:36:42,983 - optimizer: Adam (
Parameter Group 0
    amsgrad: False
    betas: (0.9, 0.999)
    capturable: False
    differentiable: False
    eps: 1e-08
    foreach: None
    fused: False
    lr: 0.0001
    maximize: False
    weight_decay: 0.0001

Parameter Group 1
    amsgrad: False
    betas: (0.9, 0.999)
    capturable: False
    differentiable: False
    eps: 1e-08
    foreach: None
    fused: False
    lr: 1e-05
    maximize: False
    weight_decay: 0.0001
)
2025-02-01 18:36:42,983 - loss:      CE_EntropyMinimization(
  (ce_loss): CrossEntropyLoss()
)
2025-02-01 18:36:42,983 - epochs:    50
2025-02-01 18:36:42,983 - name:      weights_1

2025-02-01 18:52:31,191 - Epoch    Loss       Val Loss   mIoU       minIoU     maxIoU     LR      
2025-02-01 18:52:31,191 - 0        0.494169   0.521365   0.423769   0.000000   0.885497   1.0e-04 , 1.0e-05 
2025-02-01 19:08:20,962 - 1        0.357547   0.474531   0.450836   0.000000   0.911616   1.0e-04 , 1.0e-05 
2025-02-01 19:08:20,962 - > saved mIoU
2025-02-01 19:24:15,277 - 2        0.284092   0.463508   0.469284   0.002953   0.905128   1.0e-04 , 1.0e-05 
2025-02-01 19:24:15,277 - > saved mIoU
2025-02-01 19:40:06,335 - 3        0.237728   0.453533   0.505059   0.118336   0.908600   1.0e-04 , 1.0e-05 
2025-02-01 19:40:06,336 - > saved mIoU
2025-02-01 19:55:54,717 - 4        0.206723   0.429084   0.518120   0.133612   0.912090   1.0e-04 , 1.0e-05 
2025-02-01 19:55:54,718 - > saved mIoU
2025-02-01 20:11:41,926 - 5        0.188650   0.436026   0.542781   0.219403   0.919453   1.0e-04 , 1.0e-05 
2025-02-01 20:11:41,927 - > saved mIoU
2025-02-01 20:27:29,169 - 6        0.171769   0.430947   0.547851   0.216068   0.923857   1.0e-04 , 1.0e-05 
2025-02-01 20:27:29,169 - > saved mIoU
2025-02-01 20:43:15,257 - 7        0.161443   0.428824   0.548837   0.223501   0.926305   1.0e-04 , 1.0e-05 
2025-02-01 20:43:15,258 - > saved mIoU
