2024-12-14 02:07:11,348 - device          : cuda:4
2024-12-14 02:07:11,348 - epochs          : 150
2024-12-14 02:07:11,348 - batch           : 16
2024-12-14 02:07:11,348 - lr              : 0.0001
2024-12-14 02:07:11,348 - crop            : 512
2024-12-14 02:07:11,348 - optimizer       : adam
2024-12-14 02:07:11,348 - biases          : False
2024-12-14 02:07:11,348 - focal_loss      : 0
2024-12-14 02:07:11,349 - activation      : sigmoid
2024-12-14 02:07:11,349 - class_weights   : True
2024-12-14 02:07:11,349 - norm_weights    : False
2024-12-14 02:07:11,357 - Dataset Creati
2024-12-14 02:07:11,358 - Training images: 5125
2024-12-14 02:07:11,358 - Validation images: 1031

2024-12-14 02:07:11,358 - Dataloader Creati
2024-12-14 02:07:11,358 - Training batches: 320
2024-12-14 02:07:11,358 - Validation batches: 128

2024-12-14 02:07:13,256 - Modello caricato correttamente su cuda:4

2024-12-14 02:07:13,259 - Inizio del training
2024-12-14 02:07:13,259 - optimizer: Adam (
Parameter Group 0
    amsgrad: False
    betas: (0.9, 0.999)
    capturable: False
    differentiable: False
    eps: 1e-08
    foreach: None
    fused: False
    lr: 0.0001
    maximize: False
    weight_decay: 0.0001

Parameter Group 1
    amsgrad: False
    betas: (0.9, 0.999)
    capturable: False
    differentiable: False
    eps: 1e-08
    foreach: None
    fused: False
    lr: 1e-05
    maximize: False
    weight_decay: 0.0001
)
2024-12-14 02:07:13,259 - loss:      BCELossModified()
2024-12-14 02:07:13,259 - epochs:    15
2024-12-14 02:07:13,259 - name:      weights_0

2024-12-14 02:11:08,030 - Epoch    Loss       Val Loss   mIoU       minIoU     maxIoU     LR      
2024-12-14 02:11:08,030 - 0        0.045409   0.075966   0.324281   0.006892   0.836705   1.0e-04 , 1.0e-05 
2024-12-14 02:15:04,331 - 1        0.034150   0.070810   0.342080   0.009612   0.845732   1.0e-04 , 1.0e-05 
2024-12-14 02:19:03,582 - 2        0.031748   0.069789   0.354503   0.007685   0.851742   1.0e-04 , 1.0e-05 
2024-12-14 02:23:04,411 - 3        0.028707   0.067541   0.355722   0.008548   0.852318   1.0e-04 , 1.0e-05 
2024-12-14 02:27:01,531 - 4        0.027232   0.068886   0.361530   0.014345   0.855767   1.0e-04 , 1.0e-05 
2024-12-14 02:31:01,309 - 5        0.026150   0.067861   0.361545   0.013010   0.857417   1.0e-04 , 1.0e-05 
2024-12-14 02:35:00,135 - 6        0.025543   0.070013   0.361955   0.025109   0.856352   1.0e-04 , 1.0e-05 
2024-12-14 02:38:56,592 - 7        0.024888   0.067871   0.363055   0.015934   0.857743   1.0e-04 , 1.0e-05 
2024-12-14 02:42:53,864 - 8        0.028467   0.063971   0.377006   0.009383   0.861138   5.0e-05 , 5.0e-06 
2024-12-14 02:46:49,621 - 9        0.024624   0.065130   0.380013   0.008956   0.865006   5.0e-05 , 5.0e-06 
2024-12-14 02:50:49,821 - 10       0.023620   0.066547   0.382952   0.011403   0.865085   5.0e-05 , 5.0e-06 
2024-12-14 02:54:53,139 - 11       0.023755   0.063714   0.381474   0.012289   0.864406   5.0e-05 , 5.0e-06 
2024-12-14 02:59:01,045 - 12       0.023259   0.065158   0.379351   0.014235   0.865672   5.0e-05 , 5.0e-06 
2024-12-14 03:03:04,150 - 13       0.023327   0.066348   0.379871   0.011500   0.865125   5.0e-05 , 5.0e-06 
2024-12-14 03:07:12,752 - 14       0.023468   0.065865   0.380550   0.016873   0.865585   5.0e-05 , 5.0e-06 
2024-12-14 03:07:12,752 - Fine del training

2024-12-14 03:07:12,834 - 
Caricati i pesi in: /home/piecestola/space/ML4CV/results/train_3/ckpts/weights_0.pt

2024-12-14 03:07:12,835 - Inizio del training
2024-12-14 03:07:12,835 - optimizer: Adam (
Parameter Group 0
    amsgrad: False
    betas: (0.9, 0.999)
    capturable: False
    differentiable: False
    eps: 1e-08
    foreach: None
    fused: False
    lr: 5.000000000000001e-07
    maximize: False
    weight_decay: 0.0001

Parameter Group 1
    amsgrad: False
    betas: (0.9, 0.999)
    capturable: False
    differentiable: False
    eps: 1e-08
    foreach: None
    fused: False
    lr: 5e-06
    maximize: False
    weight_decay: 0.0001
)
2024-12-14 03:07:12,835 - loss:      BCELossModified()
2024-12-14 03:07:12,835 - epochs:    150
2024-12-14 03:07:12,835 - name:      weights_1

2024-12-14 03:12:00,936 - Epoch    Loss       Val Loss   mIoU       minIoU     maxIoU     LR      
2024-12-14 03:12:00,937 - 0        0.022520   0.056879   0.405245   0.020303   0.880816   5.0e-07 , 5.0e-06 
2024-12-14 03:16:49,751 - 1        0.021075   0.053787   0.414343   0.028210   0.886053   5.0e-07 , 5.0e-06 
2024-12-14 03:21:41,151 - 2        0.020695   0.054852   0.420786   0.035240   0.893277   5.0e-07 , 5.0e-06 
2024-12-14 03:26:29,876 - 3        0.019886   0.054310   0.423749   0.039708   0.895121   5.0e-07 , 5.0e-06 
2024-12-14 03:31:20,700 - 4        0.019243   0.052873   0.428353   0.035381   0.899016   5.0e-07 , 5.0e-06 
2024-12-14 03:36:09,636 - 5        0.018790   0.051158   0.429364   0.044000   0.900522   5.0e-07 , 5.0e-06 
2024-12-14 03:40:56,963 - 6        0.018670   0.051156   0.433667   0.045546   0.899835   5.0e-07 , 5.0e-06 
2024-12-14 03:45:45,692 - 7        0.018473   0.049007   0.433085   0.038760   0.904127   5.0e-07 , 5.0e-06 
2024-12-14 03:50:36,088 - 8        0.018091   0.048809   0.432322   0.046674   0.904129   5.0e-07 , 5.0e-06 
2024-12-14 03:55:27,370 - 9        0.017863   0.048056   0.436925   0.049164   0.907382   5.0e-07 , 5.0e-06 
2024-12-14 04:00:18,469 - 10       0.017440   0.049258   0.440066   0.050159   0.908019   5.0e-07 , 5.0e-06 
2024-12-14 04:05:08,967 - 11       0.017244   0.047913   0.437097   0.050815   0.908737   5.0e-07 , 5.0e-06 
2024-12-14 04:09:53,285 - 12       0.017130   0.047878   0.439095   0.055374   0.909189   5.0e-07 , 5.0e-06 
2024-12-14 04:14:39,522 - 13       0.016806   0.048128   0.439811   0.051883   0.910149   5.0e-07 , 5.0e-06 
2024-12-14 04:19:25,645 - 14       0.016530   0.045360   0.448314   0.056165   0.908696   5.0e-07 , 5.0e-06 
2024-12-14 04:24:15,390 - Epoch    Loss       Val Loss   mIoU       minIoU     maxIoU     LR      
2024-12-14 04:24:15,390 - 15       0.016388   0.045386   0.444166   0.049739   0.907080   5.0e-07 , 5.0e-06 
2024-12-14 04:29:00,528 - 16       0.016812   0.045098   0.447133   0.053306   0.908206   5.0e-07 , 5.0e-06 
2024-12-14 04:33:53,237 - 17       0.016022   0.045714   0.447395   0.057227   0.911310   5.0e-07 , 5.0e-06 
2024-12-14 04:38:44,264 - 18       0.017941   0.045923   0.451898   0.041183   0.913692   5.0e-07 , 5.0e-06 
2024-12-14 04:43:37,039 - 19       0.015851   0.045307   0.451575   0.043353   0.910991   5.0e-07 , 5.0e-06 
2024-12-14 04:48:27,732 - 20       0.015713   0.044480   0.454663   0.051392   0.912790   5.0e-07 , 5.0e-06 
2024-12-14 04:53:22,984 - 21       0.015765   0.045611   0.451476   0.048268   0.910803   5.0e-07 , 5.0e-06 
2024-12-14 04:58:17,738 - 22       0.015870   0.044169   0.455351   0.051061   0.911063   5.0e-07 , 5.0e-06 
2024-12-14 05:03:08,374 - 23       0.015344   0.044264   0.452815   0.056132   0.910151   5.0e-07 , 5.0e-06 
2024-12-14 05:07:59,887 - 24       0.015290   0.043652   0.454164   0.053618   0.911204   5.0e-07 , 5.0e-06 
2024-12-14 05:12:53,538 - 25       0.015144   0.044897   0.451167   0.053232   0.909997   5.0e-07 , 5.0e-06 
2024-12-14 05:17:46,342 - 26       0.015093   0.043425   0.452016   0.052951   0.911419   5.0e-07 , 5.0e-06 
2024-12-14 05:22:39,856 - 27       0.014779   0.043811   0.457346   0.050712   0.908333   5.0e-07 , 5.0e-06 
2024-12-14 05:27:34,158 - 28       0.014888   0.044335   0.460813   0.052456   0.911054   5.0e-07 , 5.0e-06 
2024-12-14 05:32:28,802 - 29       0.014734   0.043980   0.462326   0.050966   0.910765   5.0e-07 , 5.0e-06 
2024-12-14 05:37:22,434 - Epoch    Loss       Val Loss   mIoU       minIoU     maxIoU     LR      
2024-12-14 05:37:22,434 - 30       0.014495   0.044215   0.457962   0.051413   0.910142   5.0e-07 , 5.0e-06 
2024-12-14 05:42:15,431 - 31       0.014478   0.043099   0.462241   0.056071   0.910397   2.5e-07 , 2.5e-06 
2024-12-14 05:47:06,377 - 32       0.014334   0.042884   0.458272   0.055210   0.911595   2.5e-07 , 2.5e-06 
2024-12-14 05:51:58,051 - 33       0.014504   0.043526   0.459817   0.055069   0.909195   2.5e-07 , 2.5e-06 
2024-12-14 05:56:47,940 - 34       0.014198   0.042814   0.461532   0.057606   0.910577   2.5e-07 , 2.5e-06 
2024-12-14 06:01:40,838 - 35       0.014327   0.042665   0.462530   0.055237   0.911706   2.5e-07 , 2.5e-06 
2024-12-14 06:06:32,000 - 36       0.014104   0.042418   0.462445   0.055993   0.911302   2.5e-07 , 2.5e-06 
2024-12-14 06:11:22,284 - 37       0.014123   0.043614   0.463615   0.055224   0.910627   2.5e-07 , 2.5e-06 
2024-12-14 06:16:12,392 - 38       0.014018   0.043679   0.462521   0.057104   0.912559   2.5e-07 , 2.5e-06 
2024-12-14 06:21:00,429 - 39       0.013782   0.044498   0.465450   0.056047   0.911159   2.5e-07 , 2.5e-06 
2024-12-14 06:25:49,310 - 40       0.013927   0.043126   0.464345   0.051319   0.910631   2.5e-07 , 2.5e-06 
2024-12-14 06:30:41,810 - 41       0.014181   0.043943   0.470293   0.058007   0.911292   1.3e-07 , 1.3e-06 
2024-12-14 06:35:33,080 - 42       0.013603   0.043107   0.468353   0.059973   0.911340   1.3e-07 , 1.3e-06 
2024-12-14 06:40:23,375 - 43       0.013831   0.042217   0.471307   0.059878   0.910636   1.3e-07 , 1.3e-06 
2024-12-14 06:45:10,868 - 44       0.013615   0.042565   0.469784   0.058876   0.911529   1.3e-07 , 1.3e-06 
2024-12-14 06:49:59,516 - Epoch    Loss       Val Loss   mIoU       minIoU     maxIoU     LR      
2024-12-14 06:49:59,517 - 45       0.013833   0.043136   0.470170   0.060018   0.910643   1.3e-07 , 1.3e-06 
2024-12-14 06:54:44,858 - 46       0.013710   0.043173   0.468672   0.057845   0.912298   1.3e-07 , 1.3e-06 
2024-12-14 06:59:34,012 - 47       0.013713   0.043677   0.470347   0.061299   0.911297   1.3e-07 , 1.3e-06 
2024-12-14 07:04:19,567 - 48       0.013615   0.042854   0.471220   0.063254   0.908647   6.3e-08 , 6.3e-07 
2024-12-14 07:09:05,172 - 49       0.014125   0.042649   0.474780   0.062193   0.912040   6.3e-08 , 6.3e-07 
2024-12-14 07:13:49,959 - 50       0.013581   0.042504   0.474812   0.061122   0.911367   6.3e-08 , 6.3e-07 
2024-12-14 07:18:34,241 - 51       0.013995   0.043391   0.472824   0.061824   0.911905   6.3e-08 , 6.3e-07 
2024-12-14 07:23:19,424 - 52       0.013666   0.043243   0.469253   0.063408   0.911903   3.1e-08 , 3.1e-07 
2024-12-14 07:28:05,443 - 53       0.013537   0.042797   0.472692   0.063473   0.909597   3.1e-08 , 3.1e-07 
2024-12-14 07:32:50,800 - 54       0.013591   0.043904   0.470471   0.063385   0.910829   3.1e-08 , 3.1e-07 
2024-12-14 07:37:38,443 - 55       0.013571   0.042878   0.468235   0.060271   0.911770   3.1e-08 , 3.1e-07 
2024-12-14 07:42:25,340 - 56       0.013605   0.043284   0.469198   0.059398   0.912198   1.6e-08 , 1.6e-07 
2024-12-14 07:47:14,451 - 57       0.013715   0.043031   0.471462   0.063406   0.911381   1.6e-08 , 1.6e-07 
2024-12-14 07:52:05,808 - 58       0.013678   0.043104   0.470480   0.062890   0.911900   1.6e-08 , 1.6e-07 
2024-12-14 07:56:56,712 - 59       0.013572   0.043543   0.470399   0.059020   0.911619   1.6e-08 , 1.6e-07 
2024-12-14 08:01:47,530 - Epoch    Loss       Val Loss   mIoU       minIoU     maxIoU     LR      
2024-12-14 08:01:47,531 - 60       0.013819   0.042814   0.472099   0.060235   0.910596   1.6e-08 , 7.8e-08 
2024-12-14 08:06:34,562 - 61       0.013769   0.042664   0.472646   0.064968   0.911262   1.6e-08 , 7.8e-08 
2024-12-14 08:11:20,736 - 62       0.013752   0.042268   0.472677   0.064715   0.912379   1.6e-08 , 7.8e-08 
2024-12-14 08:16:06,444 - 63       0.013582   0.043621   0.469683   0.061506   0.910595   1.6e-08 , 7.8e-08 
2024-12-14 08:20:56,957 - 64       0.013479   0.043143   0.470314   0.059145   0.912238   1.6e-08 , 3.9e-08 
2024-12-14 08:25:42,287 - 65       0.013578   0.043785   0.473849   0.062710   0.911590   1.6e-08 , 3.9e-08 
2024-12-14 08:30:34,568 - 66       0.013579   0.043465   0.469866   0.063853   0.910686   1.6e-08 , 3.9e-08 
2024-12-14 08:35:25,468 - 67       0.013674   0.043914   0.469864   0.060889   0.911001   1.6e-08 , 3.9e-08 
2024-12-14 08:40:19,600 - 68       0.013543   0.042958   0.470284   0.059720   0.911468   1.6e-08 , 2.0e-08 
2024-12-14 08:45:07,461 - 69       0.013453   0.042966   0.470887   0.063038   0.912192   1.6e-08 , 2.0e-08 
2024-12-14 08:49:56,419 - 70       0.013468   0.043613   0.468715   0.060512   0.910452   1.6e-08 , 2.0e-08 
2024-12-14 08:54:45,084 - 71       0.014026   0.043056   0.474076   0.063958   0.910338   1.6e-08 , 2.0e-08 
2024-12-14 08:59:33,101 - 72       0.013559   0.043247   0.471328   0.062566   0.911726   1.6e-08 , 2.0e-08 
2024-12-14 09:04:22,481 - 73       0.013352   0.043183   0.471639   0.062980   0.910259   1.6e-08 , 2.0e-08 
2024-12-14 09:09:09,804 - 74       0.013448   0.043159   0.473111   0.065387   0.911438   1.6e-08 , 2.0e-08 
2024-12-14 09:13:57,944 - Epoch    Loss       Val Loss   mIoU       minIoU     maxIoU     LR      
2024-12-14 09:13:57,945 - 75       0.013502   0.042604   0.474301   0.066183   0.911056   1.6e-08 , 2.0e-08 
2024-12-14 09:18:42,905 - 76       0.013605   0.043285   0.470078   0.059107   0.911554   1.6e-08 , 2.0e-08 
2024-12-14 09:23:29,728 - 77       0.013485   0.043510   0.472303   0.058468   0.910775   1.6e-08 , 2.0e-08 
2024-12-14 09:28:16,340 - 78       0.013685   0.043396   0.469373   0.060754   0.910778   1.6e-08 , 2.0e-08 
2024-12-14 09:33:02,188 - 79       0.013379   0.042591   0.472253   0.064456   0.910716   1.6e-08 , 2.0e-08 
2024-12-14 09:37:46,323 - 80       0.013363   0.042836   0.472792   0.063662   0.910061   1.6e-08 , 2.0e-08 
2024-12-14 09:42:32,545 - 81       0.013614   0.042888   0.472041   0.061240   0.911802   1.6e-08 , 2.0e-08 
2024-12-14 09:47:19,200 - 82       0.013458   0.043102   0.470124   0.061620   0.911941   1.6e-08 , 2.0e-08 
2024-12-14 09:52:03,734 - 83       0.013419   0.042666   0.474899   0.066124   0.911089   1.6e-08 , 2.0e-08 
2024-12-14 09:56:48,377 - 84       0.013487   0.042341   0.473772   0.063847   0.912024   1.6e-08 , 2.0e-08 
2024-12-14 10:01:34,489 - 85       0.013485   0.042487   0.471501   0.063963   0.910380   1.6e-08 , 2.0e-08 
2024-12-14 10:06:16,427 - 86       0.013446   0.042869   0.471444   0.058372   0.910440   1.6e-08 , 2.0e-08 
2024-12-14 10:10:59,027 - 87       0.013380   0.042393   0.471019   0.062159   0.911984   1.6e-08 , 2.0e-08 
2024-12-14 10:15:41,281 - 88       0.013604   0.043216   0.469608   0.058823   0.911899   1.6e-08 , 2.0e-08 
2024-12-14 10:20:23,368 - 89       0.013942   0.044515   0.474061   0.062788   0.910601   1.6e-08 , 2.0e-08 
2024-12-14 10:25:08,446 - Epoch    Loss       Val Loss   mIoU       minIoU     maxIoU     LR      
2024-12-14 10:25:08,446 - 90       0.013433   0.042654   0.473786   0.068580   0.910307   1.6e-08 , 2.0e-08 
2024-12-14 10:29:54,119 - 91       0.013361   0.043337   0.472737   0.065273   0.911104   1.6e-08 , 2.0e-08 
2024-12-14 10:34:39,979 - 92       0.013366   0.043590   0.469830   0.059848   0.911256   1.6e-08 , 2.0e-08 
2024-12-14 10:39:26,645 - 93       0.013827   0.043200   0.471824   0.065253   0.912343   1.6e-08 , 2.0e-08 
2024-12-14 10:44:10,190 - 94       0.013605   0.043125   0.470995   0.060024   0.911078   1.6e-08 , 2.0e-08 
2024-12-14 10:48:56,369 - 95       0.013341   0.042854   0.472531   0.064842   0.911600   1.6e-08 , 2.0e-08 
2024-12-14 10:53:43,405 - 96       0.013721   0.042648   0.474019   0.061208   0.910727   1.6e-08 , 2.0e-08 
2024-12-14 10:58:25,813 - 97       0.013455   0.043791   0.468584   0.060523   0.911152   1.6e-08 , 2.0e-08 
2024-12-14 11:03:12,155 - 98       0.013408   0.043474   0.468846   0.059804   0.912236   1.6e-08 , 2.0e-08 
2024-12-14 11:07:59,566 - 99       0.013590   0.042721   0.469794   0.062834   0.912260   1.6e-08 , 2.0e-08 
2024-12-14 11:12:45,906 - 100      0.013481   0.043197   0.469311   0.059801   0.910752   1.6e-08 , 2.0e-08 
2024-12-14 11:17:31,275 - 101      0.013403   0.042974   0.474320   0.065765   0.910503   1.6e-08 , 2.0e-08 
2024-12-14 11:22:14,841 - 102      0.013355   0.043082   0.472641   0.060667   0.910299   1.6e-08 , 2.0e-08 
2024-12-14 11:27:00,455 - 103      0.013378   0.043348   0.469394   0.063321   0.910673   1.6e-08 , 2.0e-08 
2024-12-14 11:31:45,871 - 104      0.013507   0.044257   0.472216   0.063859   0.910890   1.6e-08 , 2.0e-08 
2024-12-14 11:36:27,895 - Epoch    Loss       Val Loss   mIoU       minIoU     maxIoU     LR      
2024-12-14 11:36:27,895 - 105      0.013528   0.042268   0.472821   0.063143   0.910321   1.6e-08 , 2.0e-08 
2024-12-14 11:41:10,740 - 106      0.013556   0.042704   0.471399   0.060602   0.912039   1.6e-08 , 2.0e-08 
2024-12-14 11:45:53,939 - 107      0.013551   0.043267   0.470170   0.063394   0.911890   1.6e-08 , 2.0e-08 
2024-12-14 11:50:39,233 - 108      0.013413   0.043396   0.471905   0.061334   0.911044   1.6e-08 , 2.0e-08 
2024-12-14 11:55:22,575 - 109      0.013557   0.042771   0.471307   0.062569   0.911254   1.6e-08 , 2.0e-08 
2024-12-14 12:00:08,522 - 110      0.013571   0.043477   0.469967   0.061160   0.911446   1.6e-08 , 2.0e-08 
2024-12-14 12:04:52,587 - 111      0.013491   0.044176   0.470468   0.057384   0.911910   1.6e-08 , 2.0e-08 
2024-12-14 12:09:36,609 - 112      0.013388   0.043464   0.471740   0.059937   0.910785   1.6e-08 , 2.0e-08 
2024-12-14 12:14:22,719 - 113      0.013437   0.043509   0.473021   0.061883   0.911472   1.6e-08 , 2.0e-08 
2024-12-14 12:19:09,496 - 114      0.013479   0.043370   0.468814   0.063494   0.911521   1.6e-08 , 2.0e-08 
2024-12-14 12:23:56,532 - 115      0.013496   0.042997   0.469383   0.061198   0.911874   1.6e-08 , 2.0e-08 
2024-12-14 12:28:38,808 - 116      0.013379   0.042690   0.472736   0.065932   0.910763   1.6e-08 , 2.0e-08 
2024-12-14 12:33:24,980 - 117      0.013502   0.043452   0.472573   0.063429   0.910671   1.6e-08 , 2.0e-08 
2024-12-14 12:38:09,672 - 118      0.013635   0.042423   0.473154   0.061309   0.910995   1.6e-08 , 2.0e-08 
2024-12-14 12:42:52,895 - 119      0.013306   0.042878   0.472378   0.058793   0.912075   1.6e-08 , 2.0e-08 
2024-12-14 12:47:37,351 - Epoch    Loss       Val Loss   mIoU       minIoU     maxIoU     LR      
2024-12-14 12:47:37,351 - 120      0.013373   0.043510   0.473069   0.063750   0.912024   1.6e-08 , 2.0e-08 
2024-12-14 12:52:22,301 - 121      0.013479   0.042906   0.471758   0.063353   0.911318   1.6e-08 , 2.0e-08 
2024-12-14 12:57:10,649 - 122      0.013342   0.042941   0.472409   0.059294   0.910228   1.6e-08 , 2.0e-08 
2024-12-14 13:01:54,222 - 123      0.013461   0.042841   0.471302   0.058553   0.912224   1.6e-08 , 2.0e-08 
2024-12-14 13:06:42,261 - 124      0.013603   0.042897   0.472154   0.063954   0.911150   1.6e-08 , 2.0e-08 
2024-12-14 13:11:28,835 - 125      0.013477   0.042665   0.471996   0.062434   0.911272   1.6e-08 , 2.0e-08 
2024-12-14 13:16:13,288 - 126      0.013428   0.042865   0.473613   0.062265   0.911965   1.6e-08 , 2.0e-08 
2024-12-14 13:20:58,247 - 127      0.013398   0.041911   0.475749   0.062555   0.911205   1.6e-08 , 2.0e-08 
2024-12-14 13:25:46,391 - 128      0.013404   0.043047   0.472683   0.065349   0.910870   1.6e-08 , 2.0e-08 
2024-12-14 13:30:34,430 - 129      0.013443   0.043988   0.469954   0.060022   0.911144   1.6e-08 , 2.0e-08 
2024-12-14 13:35:23,545 - 130      0.013612   0.044216   0.472800   0.063101   0.911654   1.6e-08 , 2.0e-08 
2024-12-14 13:40:13,460 - 131      0.013536   0.043689   0.472681   0.060141   0.912150   1.6e-08 , 2.0e-08 
2024-12-14 13:45:03,167 - 132      0.013455   0.043244   0.468671   0.064715   0.909911   1.6e-08 , 2.0e-08 
2024-12-14 13:49:54,837 - 133      0.013551   0.042747   0.474298   0.060228   0.913141   1.6e-08 , 2.0e-08 
2024-12-14 13:54:43,006 - 134      0.013379   0.043146   0.472448   0.062809   0.911411   1.6e-08 , 2.0e-08 
2024-12-14 13:59:32,198 - Epoch    Loss       Val Loss   mIoU       minIoU     maxIoU     LR      
2024-12-14 13:59:32,198 - 135      0.013458   0.043792   0.472361   0.064246   0.911396   1.6e-08 , 2.0e-08 
2024-12-14 14:04:19,341 - 136      0.013410   0.043064   0.472795   0.066702   0.911702   1.6e-08 , 2.0e-08 
2024-12-14 14:09:06,200 - 137      0.013607   0.043582   0.474458   0.065459   0.911079   1.6e-08 , 2.0e-08 
2024-12-14 14:13:51,165 - 138      0.013748   0.043151   0.474436   0.063648   0.910147   1.6e-08 , 2.0e-08 
2024-12-14 14:18:37,852 - 139      0.013340   0.043325   0.472420   0.062103   0.909926   1.6e-08 , 2.0e-08 
2024-12-14 14:23:27,572 - 140      0.013715   0.043855   0.473466   0.064801   0.912311   1.6e-08 , 2.0e-08 
2024-12-14 14:28:15,318 - 141      0.013315   0.043852   0.471981   0.064771   0.910311   1.6e-08 , 2.0e-08 
2024-12-14 14:33:06,884 - 142      0.013445   0.043054   0.471779   0.060766   0.911311   1.6e-08 , 2.0e-08 
2024-12-14 14:37:52,953 - 143      0.013365   0.043386   0.471638   0.059312   0.912059   1.6e-08 , 2.0e-08 
2024-12-14 14:42:41,158 - 144      0.013417   0.044318   0.471371   0.062801   0.911445   1.6e-08 , 2.0e-08 
2024-12-14 14:47:28,858 - 145      0.013656   0.042887   0.470647   0.061448   0.912358   1.6e-08 , 2.0e-08 
2024-12-14 14:52:15,656 - 146      0.013398   0.042768   0.472265   0.060998   0.910944   1.6e-08 , 2.0e-08 
2024-12-14 14:56:56,276 - 147      0.013398   0.043172   0.472339   0.065673   0.911412   1.6e-08 , 2.0e-08 
2024-12-14 15:01:38,483 - 148      0.013387   0.043540   0.471272   0.062475   0.912292   1.6e-08 , 2.0e-08 
2024-12-14 15:06:16,841 - 149      0.013238   0.042204   0.473105   0.063150   0.910623   1.6e-08 , 2.0e-08 
2024-12-14 15:06:16,841 - Fine del training

