2025-01-09 22:55:55,783 - device          : cuda:3
2025-01-09 22:55:55,783 - model           : resnet101
2025-01-09 22:55:55,783 - mlp             : 0
2025-01-09 22:55:55,783 - vae             : False
2025-01-09 22:55:55,783 - epochs          : 50
2025-01-09 22:55:55,783 - batch           : 64
2025-01-09 22:55:55,783 - lr              : 0.0001
2025-01-09 22:55:55,784 - crop            : 512
2025-01-09 22:55:55,784 - optimizer       : adam
2025-01-09 22:55:55,784 - biases          : False
2025-01-09 22:55:55,784 - focal_loss      : 0
2025-01-09 22:55:55,784 - activation      : softmax
2025-01-09 22:55:55,784 - class_weights   : False
2025-01-09 22:55:55,784 - norm_weights    : False
2025-01-09 22:55:55,784 - p               : 0.3
2025-01-09 22:55:55,792 - Dataset Creati
2025-01-09 22:55:55,793 - Training images: 5125
2025-01-09 22:55:55,793 - Validation images: 1031

2025-01-09 22:55:55,793 - Dataloader Creati
2025-01-09 22:55:55,793 - Training batches: 80
2025-01-09 22:55:55,793 - Validation batches: 128

2025-01-09 22:55:59,673 - Model: deeplabv3plus_resnet101

2025-01-09 22:55:59,736 - Modello caricato correttamente su cuda:3

2025-01-09 22:55:59,739 - Inizio del training
2025-01-09 22:55:59,739 - optimizer: Adam (
Parameter Group 0
    amsgrad: False
    betas: (0.9, 0.999)
    capturable: False
    differentiable: False
    eps: 1e-08
    foreach: None
    fused: False
    lr: 0.0001
    maximize: False
    weight_decay: 0.0001

Parameter Group 1
    amsgrad: False
    betas: (0.9, 0.999)
    capturable: False
    differentiable: False
    eps: 1e-08
    foreach: None
    fused: False
    lr: 1e-05
    maximize: False
    weight_decay: 0.0001
)
2025-01-09 22:55:59,739 - loss:      CrossEntropyLoss()
2025-01-09 22:55:59,739 - epochs:    15
2025-01-09 22:55:59,739 - name:      weights_0

2025-01-09 23:05:02,215 - Epoch    Loss       Val Loss   mIoU       minIoU     maxIoU     LR      
2025-01-09 23:05:02,215 - 0        2.287593   1.579602   0.129799   0.000002   0.565391   1.0e-04 , 1.0e-05 
2025-01-09 23:14:15,371 - 1        1.886397   1.396715   0.154919   0.000028   0.615155   1.0e-04 , 1.0e-05 
2025-01-09 23:14:15,371 - > saved mIoU
2025-01-09 23:23:21,696 - 2        1.751787   1.354015   0.160733   0.000054   0.630109   1.0e-04 , 1.0e-05 
2025-01-09 23:23:21,696 - > saved mIoU
2025-01-09 23:32:34,333 - 3        1.669373   1.278134   0.171749   0.000774   0.645618   1.0e-04 , 1.0e-05 
2025-01-09 23:32:34,333 - > saved mIoU
2025-01-09 23:41:39,661 - 4        1.624630   1.297742   0.177284   0.003556   0.645172   1.0e-04 , 1.0e-05 
2025-01-09 23:41:39,662 - > saved mIoU
2025-01-09 23:50:46,714 - 5        1.595769   1.334185   0.182443   0.005794   0.655823   1.0e-04 , 1.0e-05 
2025-01-09 23:50:46,715 - > saved mIoU
2025-01-09 23:59:58,482 - 6        1.557775   1.228471   0.193716   0.009867   0.662677   1.0e-04 , 1.0e-05 
2025-01-09 23:59:58,482 - > saved mIoU
2025-01-10 00:08:56,101 - 7        1.539975   1.257687   0.186095   0.010959   0.657706   1.0e-04 , 1.0e-05 
2025-01-10 00:17:59,798 - 8        1.512335   1.168122   0.204178   0.012802   0.672149   1.0e-04 , 1.0e-05 
2025-01-10 00:17:59,798 - > saved mIoU
2025-01-10 00:27:12,718 - 9        1.498903   1.196399   0.203757   0.013352   0.676260   1.0e-04 , 1.0e-05 
2025-01-10 00:36:12,603 - 10       1.485621   1.177296   0.207275   0.014646   0.674321   1.0e-04 , 1.0e-05 
2025-01-10 00:36:12,604 - > saved mIoU
2025-01-10 00:45:10,224 - 11       1.464378   1.237275   0.204788   0.010151   0.671791   1.0e-04 , 1.0e-05 
2025-01-10 00:54:12,068 - 12       1.456929   1.217972   0.209279   0.012180   0.677216   1.0e-04 , 1.0e-05 
2025-01-10 00:54:12,068 - > saved mIoU
2025-01-10 01:03:13,917 - 13       1.435279   1.170175   0.217372   0.014631   0.676473   1.0e-04 , 1.0e-05 
2025-01-10 01:03:13,918 - > saved mIoU
2025-01-10 01:12:10,311 - 14       1.433382   1.270659   0.204911   0.011244   0.674613   1.0e-04 , 1.0e-05 
2025-01-10 01:12:10,312 - Fine del training

2025-01-10 01:12:10,585 - 
Caricati i pesi in: /raid/homespace/piecestola/space/ML4CV/results/train_3/ckpts/weights_mIoU_0.pt

2025-01-10 01:12:10,587 - Inizio del training
2025-01-10 01:12:10,587 - optimizer: Adam (
Parameter Group 0
    amsgrad: False
    betas: (0.9, 0.999)
    capturable: False
    differentiable: False
    eps: 1e-08
    foreach: None
    fused: False
    lr: 5e-05
    maximize: False
    weight_decay: 0.0001

Parameter Group 1
    amsgrad: False
    betas: (0.9, 0.999)
    capturable: False
    differentiable: False
    eps: 1e-08
    foreach: None
    fused: False
    lr: 5e-06
    maximize: False
    weight_decay: 0.0001
)
2025-01-10 01:12:10,587 - loss:      CrossEntropyLoss()
2025-01-10 01:12:10,587 - epochs:    50
2025-01-10 01:12:10,587 - name:      weights_1

2025-01-10 01:21:10,006 - Epoch    Loss       Val Loss   mIoU       minIoU     maxIoU     LR      
2025-01-10 01:21:10,006 - 0        1.406747   1.158708   0.242546   0.011098   0.702753   5.0e-05 , 5.0e-06 
2025-01-10 01:30:12,648 - 1        1.267036   1.056652   0.257733   0.011836   0.715094   5.0e-05 , 5.0e-06 
2025-01-10 01:30:12,648 - > saved mIoU
2025-01-10 01:39:11,938 - 2        1.183675   1.092192   0.258058   0.020938   0.711124   5.0e-05 , 5.0e-06 
2025-01-10 01:39:11,939 - > saved mIoU
2025-01-10 01:48:04,621 - 3        1.108840   1.124760   0.267413   0.018856   0.726942   5.0e-05 , 5.0e-06 
2025-01-10 01:48:04,622 - > saved mIoU
2025-01-10 01:57:05,270 - 4        1.035806   1.078771   0.273214   0.011628   0.741284   5.0e-05 , 5.0e-06 
2025-01-10 01:57:05,270 - > saved mIoU
2025-01-10 02:06:08,155 - 5        0.982520   1.232916   0.265772   0.010079   0.727654   5.0e-05 , 5.0e-06 
2025-01-10 02:06:08,156 - > saved minIoU
2025-01-10 02:15:09,379 - 6        0.931560   1.358694   0.262144   0.008840   0.710703   5.0e-05 , 5.0e-06 
2025-01-10 02:15:09,379 - > saved minIoU
2025-01-10 02:24:18,744 - 7        0.868421   1.441645   0.256555   0.008398   0.710805   5.0e-05 , 5.0e-06 
2025-01-10 02:24:18,744 - > saved minIoU
2025-01-10 02:33:24,407 - 8        0.817285   1.152220   0.279020   0.008118   0.731436   2.5e-05 , 2.5e-06 
2025-01-10 02:33:24,408 - > saved mIoU
2025-01-10 02:42:24,974 - 9        0.793751   1.316953   0.274938   0.005500   0.733558   2.5e-05 , 2.5e-06 
2025-01-10 02:42:24,975 - > saved minIoU
2025-01-10 02:51:27,471 - 10       0.770551   1.252515   0.276782   0.007530   0.750146   2.5e-05 , 2.5e-06 
2025-01-10 03:00:36,272 - 11       0.742016   1.176905   0.295586   0.012237   0.745059   2.5e-05 , 2.5e-06 
2025-01-10 03:00:36,273 - > saved mIoU
2025-01-10 03:09:39,706 - 12       0.729404   1.121927   0.288294   0.011621   0.754602   2.5e-05 , 2.5e-06 
2025-01-10 03:18:49,663 - 13       0.704110   1.114648   0.298978   0.013414   0.759072   2.5e-05 , 2.5e-06 
2025-01-10 03:18:49,664 - > saved mIoU
2025-01-10 03:27:57,219 - 14       0.690786   1.311342   0.283016   0.009583   0.751994   1.3e-05 , 1.3e-06 
2025-01-10 03:36:56,686 - Epoch    Loss       Val Loss   mIoU       minIoU     maxIoU     LR      
2025-01-10 03:36:56,687 - 15       0.677008   1.265751   0.281694   0.009258   0.757433   1.3e-05 , 1.3e-06 
2025-01-10 03:46:09,978 - 16       0.673828   1.234489   0.280871   0.010223   0.751094   1.3e-05 , 1.3e-06 
2025-01-10 03:55:23,218 - 17       0.667819   1.316835   0.278079   0.011936   0.747644   1.3e-05 , 1.3e-06 
2025-01-10 04:04:26,887 - 18       0.655805   1.296074   0.280448   0.011119   0.744235   1.3e-05 , 1.3e-06 
2025-01-10 04:13:33,631 - 19       0.640100   1.177578   0.280938   0.009086   0.749950   1.3e-05 , 1.3e-06 
2025-01-10 04:22:39,635 - 20       0.632766   1.259174   0.277540   0.008378   0.745196   6.3e-06 , 6.3e-07 
2025-01-10 04:31:44,060 - 21       0.629468   1.217950   0.287978   0.008717   0.751758   6.3e-06 , 6.3e-07 
2025-01-10 04:40:46,692 - 22       0.627911   1.244581   0.281829   0.007452   0.746993   6.3e-06 , 6.3e-07 
2025-01-10 04:49:55,484 - 23       0.620381   1.248834   0.280513   0.008919   0.745724   6.3e-06 , 6.3e-07 
2025-01-10 04:58:59,623 - 24       0.618526   1.370828   0.267739   0.009012   0.735717   6.3e-06 , 6.3e-07 
2025-01-10 05:08:01,961 - 25       0.614091   1.391320   0.269296   0.007292   0.737919   6.3e-06 , 6.3e-07 
2025-01-10 05:17:03,242 - 26       0.604732   1.207291   0.283024   0.008178   0.745954   3.1e-06 , 3.1e-07 
2025-01-10 05:25:55,426 - 27       0.604462   1.286665   0.278117   0.009013   0.743826   3.1e-06 , 3.1e-07 
2025-01-10 05:34:52,592 - 28       0.605620   1.409627   0.267786   0.008016   0.739954   3.1e-06 , 3.1e-07 
2025-01-10 05:43:43,325 - 29       0.601222   1.311100   0.278432   0.007405   0.740981   3.1e-06 , 3.1e-07 
2025-01-10 05:52:34,983 - Epoch    Loss       Val Loss   mIoU       minIoU     maxIoU     LR      
2025-01-10 05:52:34,983 - 30       0.600988   1.236888   0.282475   0.008864   0.743973   3.1e-06 , 3.1e-07 
2025-01-10 06:01:44,577 - 31       0.598257   1.403968   0.269929   0.008195   0.738535   3.1e-06 , 3.1e-07 
2025-01-10 06:10:47,477 - 32       0.602349   1.291345   0.272567   0.008414   0.740117   1.6e-06 , 1.6e-07 
2025-01-10 06:19:52,016 - 33       0.590519   1.185880   0.288473   0.009023   0.741822   1.6e-06 , 1.6e-07 
2025-01-10 06:28:55,228 - 34       0.590384   1.232617   0.283437   0.009094   0.742218   1.6e-06 , 1.6e-07 
2025-01-10 06:37:56,190 - 35       0.593195   1.229786   0.282604   0.008743   0.738461   1.6e-06 , 1.6e-07 
2025-01-10 06:47:02,815 - 36       0.595685   1.255664   0.277006   0.007332   0.737015   1.6e-06 , 1.6e-07 
2025-01-10 06:56:09,554 - 37       0.586421   1.265458   0.278792   0.009532   0.741518   1.6e-06 , 1.6e-07 
2025-01-10 07:05:08,068 - 38       0.587741   1.272902   0.284429   0.008865   0.740320   7.8e-07 , 7.8e-08 
2025-01-10 07:14:18,790 - 39       0.591071   1.462589   0.275507   0.007787   0.731169   7.8e-07 , 7.8e-08 
2025-01-10 07:23:25,479 - 40       0.585272   1.320729   0.271792   0.009578   0.736394   7.8e-07 , 7.8e-08 
2025-01-10 07:32:22,785 - 41       0.586942   1.213612   0.286035   0.009902   0.739637   7.8e-07 , 7.8e-08 
2025-01-10 07:41:30,498 - 42       0.583686   1.500745   0.274016   0.009300   0.732508   7.8e-07 , 7.8e-08 
2025-01-10 07:50:44,767 - 43       0.590079   1.178599   0.285787   0.008657   0.742391   7.8e-07 , 7.8e-08 
2025-01-10 07:59:45,696 - 44       0.586756   1.229708   0.278749   0.008234   0.740155   3.9e-07 , 3.9e-08 
2025-01-10 08:08:55,035 - Epoch    Loss       Val Loss   mIoU       minIoU     maxIoU     LR      
2025-01-10 08:08:55,035 - 45       0.585693   1.503217   0.267572   0.008187   0.732417   3.9e-07 , 3.9e-08 
2025-01-10 08:18:01,262 - 46       0.587058   1.235845   0.277541   0.008818   0.739795   3.9e-07 , 3.9e-08 
2025-01-10 08:27:04,400 - 47       0.580297   1.215126   0.283810   0.008479   0.742394   3.9e-07 , 3.9e-08 
2025-01-10 08:36:07,296 - 48       0.582180   1.148891   0.286771   0.010070   0.739424   3.9e-07 , 3.9e-08 
2025-01-10 08:45:06,725 - 49       0.589735   1.392669   0.265781   0.006903   0.735596   3.9e-07 , 3.9e-08 
2025-01-10 08:45:06,726 - Fine del training

