2024-12-19 16:22:45,184 - device          : cuda:5
2024-12-19 16:22:45,185 - epochs          : 100
2024-12-19 16:22:45,185 - batch           : 32
2024-12-19 16:22:45,185 - lr              : 0.0001
2024-12-19 16:22:45,185 - crop            : 256
2024-12-19 16:22:45,185 - optimizer       : adam
2024-12-19 16:22:45,185 - biases          : False
2024-12-19 16:22:45,186 - focal_loss      : 0
2024-12-19 16:22:45,186 - activation      : sigmoid
2024-12-19 16:22:45,186 - class_weights   : False
2024-12-19 16:22:45,186 - norm_weights    : False
2024-12-19 16:22:45,201 - Dataset Creati
2024-12-19 16:22:45,201 - Training images: 5125
2024-12-19 16:22:45,201 - Validation images: 1031

2024-12-19 16:22:45,202 - Dataloader Creati
2024-12-19 16:22:45,202 - Training batches: 160
2024-12-19 16:22:45,203 - Validation batches: 128

2024-12-19 16:22:47,209 - Modello caricato correttamente su cuda:5

2024-12-19 16:22:47,211 - Inizio del training
2024-12-19 16:22:47,212 - optimizer: Adam (
Parameter Group 0
    amsgrad: False
    betas: (0.9, 0.999)
    capturable: False
    differentiable: False
    eps: 1e-08
    foreach: None
    fused: False
    lr: 0.0001
    maximize: False
    weight_decay: 0.0001

Parameter Group 1
    amsgrad: False
    betas: (0.9, 0.999)
    capturable: False
    differentiable: False
    eps: 1e-08
    foreach: None
    fused: False
    lr: 1e-05
    maximize: False
    weight_decay: 0.0001
)
2024-12-19 16:22:47,212 - loss:      BCELossModified()
2024-12-19 16:22:47,212 - epochs:    15
2024-12-19 16:22:47,212 - name:      weights_0

2024-12-19 16:26:02,615 - Epoch    Loss       Val Loss   mIoU       minIoU     maxIoU     LR      
2024-12-19 16:26:02,616 - 0        0.440067   0.274702   0.263136   0.000000   0.780860   1.0e-04 , 1.0e-05 
2024-12-19 16:29:13,629 - 1        0.223630   0.163850   0.275451   0.000000   0.768759   1.0e-04 , 1.0e-05 
2024-12-19 16:29:13,711 - Modello salvato
2024-12-19 16:29:13,782 - Modello salvato
2024-12-19 16:32:22,513 - 2        0.152060   0.123284   0.286869   0.000000   0.775391   1.0e-04 , 1.0e-05 
2024-12-19 16:32:22,592 - Modello salvato
2024-12-19 16:32:22,665 - Modello salvato
2024-12-19 16:35:40,588 - 3        0.121130   0.105886   0.290893   0.000000   0.775067   1.0e-04 , 1.0e-05 
2024-12-19 16:35:40,671 - Modello salvato
2024-12-19 16:35:40,748 - Modello salvato
2024-12-19 16:38:51,059 - 4        0.105747   0.096110   0.293786   0.000000   0.783197   1.0e-04 , 1.0e-05 
2024-12-19 16:38:51,138 - Modello salvato
2024-12-19 16:38:51,213 - Modello salvato
2024-12-19 16:42:02,199 - 5        0.095981   0.091518   0.293363   0.000000   0.788378   1.0e-04 , 1.0e-05 
2024-12-19 16:42:02,278 - Modello salvato
2024-12-19 16:45:14,937 - 6        0.090600   0.087033   0.301066   0.000000   0.793032   1.0e-04 , 1.0e-05 
2024-12-19 16:45:15,016 - Modello salvato
2024-12-19 16:45:15,091 - Modello salvato
2024-12-19 16:48:31,309 - 7        0.086132   0.087600   0.293980   0.000000   0.789762   1.0e-04 , 1.0e-05 
2024-12-19 16:51:43,598 - 8        0.083976   0.082688   0.304521   0.000000   0.792835   1.0e-04 , 1.0e-05 
2024-12-19 16:51:43,676 - Modello salvato
2024-12-19 16:51:43,752 - Modello salvato
2024-12-19 16:54:56,568 - 9        0.081399   0.080251   0.312961   0.000000   0.803089   1.0e-04 , 1.0e-05 
2024-12-19 16:54:56,644 - Modello salvato
2024-12-19 16:54:56,718 - Modello salvato
2024-12-19 16:58:09,042 - 10       0.079608   0.082313   0.306187   0.000000   0.793150   1.0e-04 , 1.0e-05 
2024-12-19 17:01:23,603 - 11       0.078863   0.079102   0.315052   0.000000   0.800559   1.0e-04 , 1.0e-05 
2024-12-19 17:01:23,690 - Modello salvato
2024-12-19 17:01:23,774 - Modello salvato
2024-12-19 17:04:38,956 - 12       0.077648   0.079762   0.314466   0.000000   0.797783   1.0e-04 , 1.0e-05 
2024-12-19 17:07:53,196 - 13       0.075505   0.078701   0.316746   0.000000   0.801110   1.0e-04 , 1.0e-05 
2024-12-19 17:07:53,276 - Modello salvato
2024-12-19 17:07:53,357 - Modello salvato
2024-12-19 17:11:04,020 - 14       0.075468   0.079589   0.315558   0.000000   0.792902   1.0e-04 , 1.0e-05 
2024-12-19 17:11:04,020 - Fine del training

2024-12-19 17:11:04,102 - 
Caricati i pesi in: /home/piecestola/space/ML4CV/results/train_9/ckpts/weights_0.pt

2024-12-19 17:11:04,103 - Inizio del training
2024-12-19 17:11:04,103 - optimizer: Adam (
Parameter Group 0
    amsgrad: False
    betas: (0.9, 0.999)
    capturable: False
    differentiable: False
    eps: 1e-08
    foreach: None
    fused: False
    lr: 0.0001
    maximize: False
    weight_decay: 0.0001

Parameter Group 1
    amsgrad: False
    betas: (0.9, 0.999)
    capturable: False
    differentiable: False
    eps: 1e-08
    foreach: None
    fused: False
    lr: 1e-05
    maximize: False
    weight_decay: 0.0001
)
2024-12-19 17:11:04,104 - loss:      BCELossModified()
2024-12-19 17:11:04,104 - epochs:    100
2024-12-19 17:11:04,104 - name:      weights_1

2024-12-19 17:14:17,759 - Epoch    Loss       Val Loss   mIoU       minIoU     maxIoU     LR      
2024-12-19 17:14:17,760 - 0        0.070624   0.080636   0.330571   0.000000   0.785127   1.0e-04 , 1.0e-05 
2024-12-19 17:17:25,756 - 1        0.061666   0.066913   0.370531   0.000000   0.854360   1.0e-04 , 1.0e-05 
2024-12-19 17:17:25,952 - Modello salvato
2024-12-19 17:17:26,101 - Modello salvato
2024-12-19 17:20:27,866 - 2        0.056659   0.066805   0.376003   0.000000   0.829957   1.0e-04 , 1.0e-05 
2024-12-19 17:20:28,030 - Modello salvato
2024-12-19 17:20:28,195 - Modello salvato
2024-12-19 17:23:26,971 - 3        0.052257   0.068247   0.380462   0.000000   0.805851   1.0e-04 , 1.0e-05 
2024-12-19 17:23:27,154 - Modello salvato
2024-12-19 17:26:23,015 - 4        0.049001   0.075033   0.387045   0.000000   0.800523   1.0e-04 , 1.0e-05 
2024-12-19 17:26:23,195 - Modello salvato
2024-12-19 17:29:21,508 - 5        0.046339   0.060150   0.427907   0.000000   0.900089   1.0e-04 , 1.0e-05 
2024-12-19 17:29:21,686 - Modello salvato
2024-12-19 17:29:21,852 - Modello salvato
2024-12-19 17:32:20,307 - 6        0.043367   0.056482   0.436458   0.000000   0.904057   1.0e-04 , 1.0e-05 
2024-12-19 17:32:20,484 - Modello salvato
2024-12-19 17:32:20,650 - Modello salvato
2024-12-19 17:35:26,437 - 7        0.041764   0.058832   0.440361   0.000000   0.893846   1.0e-04 , 1.0e-05 
2024-12-19 17:35:26,605 - Modello salvato
2024-12-19 17:38:28,112 - 8        0.040243   0.055697   0.453629   0.000000   0.905232   1.0e-04 , 1.0e-05 
2024-12-19 17:38:28,298 - Modello salvato
2024-12-19 17:38:28,467 - Modello salvato
2024-12-19 17:41:21,966 - 9        0.039141   0.054415   0.443754   0.000000   0.895449   1.0e-04 , 1.0e-05 
2024-12-19 17:41:22,122 - Modello salvato
2024-12-19 17:44:18,185 - 10       0.036656   0.058690   0.452376   0.000000   0.887636   1.0e-04 , 1.0e-05 
2024-12-19 17:47:11,815 - 11       0.036506   0.056739   0.450617   0.000000   0.901527   1.0e-04 , 1.0e-05 
2024-12-19 17:50:07,539 - 12       0.034924   0.058628   0.451111   0.000000   0.894035   1.0e-04 , 1.0e-05 
2024-12-19 17:53:03,349 - 13       0.034148   0.063962   0.443742   0.000394   0.824469   1.0e-04 , 1.0e-05 
2024-12-19 17:55:55,568 - 14       0.032454   0.051349   0.473762   0.008221   0.916876   5.0e-05 , 5.0e-06 
2024-12-19 17:55:55,731 - Modello salvato
2024-12-19 17:55:55,887 - Modello salvato
2024-12-19 17:58:50,501 - Epoch    Loss       Val Loss   mIoU       minIoU     maxIoU     LR      
2024-12-19 17:58:50,501 - 15       0.031612   0.053028   0.469235   0.022889   0.915532   5.0e-05 , 5.0e-06 
2024-12-19 18:01:44,439 - 16       0.031407   0.053246   0.475138   0.018459   0.913924   5.0e-05 , 5.0e-06 
2024-12-19 18:01:44,613 - Modello salvato
2024-12-19 18:04:38,529 - 17       0.030613   0.053625   0.479069   0.026383   0.913027   5.0e-05 , 5.0e-06 
2024-12-19 18:04:38,704 - Modello salvato
2024-12-19 18:07:35,548 - 18       0.030284   0.055111   0.476782   0.027270   0.901974   5.0e-05 , 5.0e-06 
2024-12-19 18:10:28,068 - 19       0.029711   0.052689   0.487648   0.053180   0.907321   2.5e-05 , 2.5e-06 
2024-12-19 18:10:28,269 - Modello salvato
2024-12-19 18:13:24,381 - 20       0.028913   0.053425   0.479360   0.035535   0.901870   2.5e-05 , 2.5e-06 
2024-12-19 18:16:16,757 - 21       0.029258   0.053627   0.482955   0.078239   0.912635   2.5e-05 , 2.5e-06 
2024-12-19 18:19:10,662 - 22       0.028558   0.052876   0.489596   0.119692   0.909830   2.5e-05 , 2.5e-06 
2024-12-19 18:19:10,859 - Modello salvato
2024-12-19 18:22:06,617 - 23       0.028061   0.051009   0.493533   0.119949   0.910916   1.3e-05 , 1.3e-06 
2024-12-19 18:22:06,788 - Modello salvato
2024-12-19 18:22:06,953 - Modello salvato
2024-12-19 18:24:58,624 - 24       0.028067   0.050708   0.497515   0.135550   0.912946   1.3e-05 , 1.3e-06 
2024-12-19 18:24:58,789 - Modello salvato
2024-12-19 18:24:58,958 - Modello salvato
2024-12-19 18:28:01,074 - 25       0.027644   0.052151   0.495098   0.126034   0.910891   1.3e-05 , 1.3e-06 
2024-12-19 18:31:01,893 - 26       0.027758   0.052426   0.495986   0.136479   0.911389   1.3e-05 , 1.3e-06 
2024-12-19 18:33:58,398 - 27       0.027395   0.051839   0.495527   0.129683   0.908090   1.3e-05 , 1.3e-06 
2024-12-19 18:36:55,095 - 28       0.027292   0.051988   0.498660   0.130075   0.910230   1.3e-05 , 1.3e-06 
2024-12-19 18:36:55,262 - Modello salvato
2024-12-19 18:39:51,893 - 29       0.027252   0.051942   0.503714   0.125571   0.911577   6.3e-06 , 6.3e-07 
2024-12-19 18:39:52,067 - Modello salvato
2024-12-19 18:42:48,860 - Epoch    Loss       Val Loss   mIoU       minIoU     maxIoU     LR      
2024-12-19 18:42:48,860 - 30       0.027276   0.051797   0.503461   0.126314   0.911847   6.3e-06 , 6.3e-07 
2024-12-19 18:45:46,112 - 31       0.026807   0.051455   0.500769   0.128046   0.909854   6.3e-06 , 6.3e-07 
2024-12-19 18:48:44,189 - 32       0.026932   0.051981   0.499265   0.126665   0.910208   6.3e-06 , 6.3e-07 
2024-12-19 18:51:44,340 - 33       0.026931   0.052107   0.499928   0.125524   0.911146   3.1e-06 , 3.1e-07 
2024-12-19 18:54:43,837 - 34       0.026352   0.051392   0.500315   0.122729   0.909509   3.1e-06 , 3.1e-07 
2024-12-19 18:57:39,234 - 35       0.026795   0.051700   0.500084   0.126924   0.910224   3.1e-06 , 3.1e-07 
2024-12-19 19:00:34,108 - 36       0.026527   0.051907   0.499463   0.125170   0.910714   3.1e-06 , 3.1e-07 
2024-12-19 19:03:28,282 - 37       0.026638   0.051826   0.500673   0.122672   0.910353   1.6e-06 , 1.6e-07 
2024-12-19 19:06:23,993 - 38       0.026702   0.053371   0.496766   0.123410   0.905715   1.6e-06 , 1.6e-07 
2024-12-19 19:09:17,998 - 39       0.026490   0.052773   0.498106   0.126772   0.908391   1.6e-06 , 1.6e-07 
2024-12-19 19:12:12,671 - 40       0.026490   0.052234   0.499185   0.122512   0.910095   1.6e-06 , 1.6e-07 
2024-12-19 19:15:11,588 - 41       0.026500   0.051989   0.499682   0.122263   0.910012   7.8e-07 , 7.8e-08 
2024-12-19 19:18:03,930 - 42       0.026481   0.052483   0.499315   0.120819   0.910042   7.8e-07 , 7.8e-08 
2024-12-19 19:21:02,217 - 43       0.026475   0.052179   0.499250   0.126930   0.911054   7.8e-07 , 7.8e-08 
2024-12-19 19:23:59,565 - 44       0.026519   0.052225   0.500377   0.126317   0.908880   7.8e-07 , 7.8e-08 
2024-12-19 19:26:52,164 - Epoch    Loss       Val Loss   mIoU       minIoU     maxIoU     LR      
2024-12-19 19:26:52,164 - 45       0.026223   0.051928   0.500951   0.124977   0.911478   3.9e-07 , 3.9e-08 
2024-12-19 19:29:58,744 - 46       0.026395   0.053406   0.497972   0.124632   0.903394   3.9e-07 , 3.9e-08 
2024-12-19 19:33:02,791 - 47       0.026783   0.052418   0.499195   0.122965   0.911434   3.9e-07 , 3.9e-08 
2024-12-19 19:36:02,279 - 48       0.026280   0.051825   0.501640   0.125786   0.911469   3.9e-07 , 3.9e-08 
2024-12-19 19:39:04,814 - 49       0.026531   0.051620   0.500297   0.126130   0.910985   2.0e-07 , 2.0e-08 
2024-12-19 19:42:04,172 - 50       0.026203   0.052446   0.498892   0.122706   0.908868   2.0e-07 , 2.0e-08 
2024-12-19 19:45:07,356 - 51       0.026347   0.052125   0.499798   0.126316   0.910642   2.0e-07 , 2.0e-08 
2024-12-19 19:48:06,444 - 52       0.026442   0.052660   0.498368   0.121468   0.908438   2.0e-07 , 2.0e-08 
2024-12-19 19:51:01,435 - 53       0.026443   0.052230   0.500402   0.123765   0.912156   9.8e-08 , 2.0e-08 
2024-12-19 19:54:01,503 - 54       0.026256   0.052093   0.500345   0.123524   0.908782   9.8e-08 , 2.0e-08 
2024-12-19 19:57:06,213 - 55       0.026660   0.053541   0.497548   0.125807   0.904116   9.8e-08 , 2.0e-08 
2024-12-19 20:00:06,866 - 56       0.026405   0.052929   0.498825   0.123871   0.907077   9.8e-08 , 2.0e-08 
2024-12-19 20:03:10,103 - 57       0.026304   0.051950   0.500754   0.124220   0.910151   4.9e-08 , 2.0e-08 
2024-12-19 20:06:09,903 - 58       0.026250   0.051911   0.501064   0.126502   0.909853   4.9e-08 , 2.0e-08 
2024-12-19 20:09:12,277 - 59       0.026225   0.052734   0.498800   0.126217   0.906137   4.9e-08 , 2.0e-08 
2024-12-19 20:12:13,558 - Epoch    Loss       Val Loss   mIoU       minIoU     maxIoU     LR      
2024-12-19 20:12:13,558 - 60       0.026402   0.052055   0.500375   0.123699   0.910764   4.9e-08 , 2.0e-08 
2024-12-19 20:15:10,981 - 61       0.026636   0.051923   0.500189   0.125456   0.911697   2.4e-08 , 2.0e-08 
2024-12-19 20:18:12,838 - 62       0.026697   0.052056   0.501535   0.124222   0.909738   2.4e-08 , 2.0e-08 
2024-12-19 20:21:12,863 - 63       0.026313   0.052190   0.500789   0.125797   0.909939   2.4e-08 , 2.0e-08 
2024-12-19 20:24:12,797 - 64       0.026441   0.052128   0.500217   0.124428   0.909995   2.4e-08 , 2.0e-08 
2024-12-19 20:27:14,348 - 65       0.026506   0.052070   0.500497   0.125981   0.911987   1.2e-08 , 2.0e-08 
2024-12-19 20:30:14,467 - 66       0.026240   0.052486   0.499256   0.125225   0.907900   1.2e-08 , 2.0e-08 
2024-12-19 20:33:17,159 - 67       0.026411   0.052009   0.499867   0.123514   0.910307   1.2e-08 , 2.0e-08 
2024-12-19 20:36:15,547 - 68       0.026315   0.052694   0.499228   0.128409   0.908482   1.2e-08 , 2.0e-08 
2024-12-19 20:39:16,146 - 69       0.026348   0.053649   0.498671   0.127326   0.900584   1.2e-08 , 2.0e-08 
2024-12-19 20:42:18,646 - 70       0.026440   0.052174   0.500285   0.123917   0.911370   1.2e-08 , 2.0e-08 
2024-12-19 20:45:18,737 - 71       0.026382   0.051779   0.500688   0.123831   0.912480   1.2e-08 , 2.0e-08 
2024-12-19 20:48:18,561 - 72       0.026312   0.052520   0.500023   0.125276   0.910093   1.2e-08 , 2.0e-08 
2024-12-19 20:51:20,070 - 73       0.026236   0.052151   0.499736   0.124204   0.912127   1.2e-08 , 2.0e-08 
2024-12-19 20:54:18,216 - 74       0.026143   0.051835   0.500588   0.124403   0.911445   1.2e-08 , 2.0e-08 
2024-12-19 20:57:18,955 - Epoch    Loss       Val Loss   mIoU       minIoU     maxIoU     LR      
2024-12-19 20:57:18,956 - 75       0.026303   0.051550   0.501751   0.125383   0.911780   1.2e-08 , 2.0e-08 
2024-12-19 21:00:19,880 - 76       0.026638   0.051960   0.501712   0.124287   0.910293   1.2e-08 , 2.0e-08 
2024-12-19 21:03:17,546 - 77       0.026508   0.052524   0.499124   0.122260   0.910552   1.2e-08 , 2.0e-08 
2024-12-19 21:06:20,759 - 78       0.026434   0.052269   0.499722   0.127169   0.909736   1.2e-08 , 2.0e-08 
2024-12-19 21:09:21,867 - 79       0.026215   0.052650   0.499038   0.123958   0.909761   1.2e-08 , 2.0e-08 
2024-12-19 21:12:24,338 - 80       0.026072   0.052145   0.500830   0.125726   0.911007   1.2e-08 , 2.0e-08 
2024-12-19 21:15:26,912 - 81       0.026276   0.052239   0.500181   0.124243   0.909582   1.2e-08 , 2.0e-08 
2024-12-19 21:18:29,633 - 82       0.026165   0.052168   0.500433   0.124515   0.910769   1.2e-08 , 2.0e-08 
2024-12-19 21:21:32,067 - 83       0.026367   0.051913   0.499970   0.123277   0.911037   1.2e-08 , 2.0e-08 
2024-12-19 21:24:33,583 - 84       0.026260   0.052342   0.499266   0.125525   0.910446   1.2e-08 , 2.0e-08 
2024-12-19 21:27:32,991 - 85       0.026374   0.052270   0.500347   0.123763   0.911119   1.2e-08 , 2.0e-08 
2024-12-19 21:30:33,938 - 86       0.026041   0.051859   0.501081   0.121071   0.911169   1.2e-08 , 2.0e-08 
2024-12-19 21:33:38,767 - 87       0.026168   0.053089   0.499043   0.125104   0.907209   1.2e-08 , 2.0e-08 
2024-12-19 21:36:32,019 - 88       0.026530   0.052594   0.499939   0.125610   0.907827   1.2e-08 , 2.0e-08 
2024-12-19 21:39:28,112 - 89       0.026444   0.052005   0.500714   0.124649   0.911229   1.2e-08 , 2.0e-08 
2024-12-19 21:42:28,515 - Epoch    Loss       Val Loss   mIoU       minIoU     maxIoU     LR      
2024-12-19 21:42:28,515 - 90       0.026580   0.052223   0.500704   0.125757   0.910711   1.2e-08 , 2.0e-08 
2024-12-19 21:45:32,638 - 91       0.026422   0.052673   0.499328   0.122825   0.911568   1.2e-08 , 2.0e-08 
2024-12-19 21:48:33,312 - 92       0.026221   0.052458   0.499276   0.125476   0.909787   1.2e-08 , 2.0e-08 
2024-12-19 21:51:32,142 - 93       0.026357   0.053640   0.498160   0.122531   0.904471   1.2e-08 , 2.0e-08 
2024-12-19 21:54:30,775 - 94       0.026568   0.053177   0.498166   0.124955   0.906680   1.2e-08 , 2.0e-08 
2024-12-19 21:57:25,221 - 95       0.026408   0.052033   0.500643   0.126002   0.910909   1.2e-08 , 2.0e-08 
2024-12-19 22:00:24,423 - 96       0.026398   0.051549   0.502201   0.126513   0.911502   1.2e-08 , 2.0e-08 
2024-12-19 22:03:26,378 - 97       0.026362   0.052420   0.499392   0.123065   0.909516   1.2e-08 , 2.0e-08 
2024-12-19 22:06:26,019 - 98       0.026337   0.052892   0.498365   0.126115   0.906992   1.2e-08 , 2.0e-08 
2024-12-19 22:09:26,214 - 99       0.026464   0.052889   0.499690   0.130183   0.904591   1.2e-08 , 2.0e-08 
2024-12-19 22:09:26,214 - Fine del training

