2024-12-20 15:05:23,904 - device          : cuda:4
2024-12-20 15:05:23,904 - model           : resnet101
2024-12-20 15:05:23,904 - epochs          : 50
2024-12-20 15:05:23,905 - batch           : 16
2024-12-20 15:05:23,905 - lr              : 0.0001
2024-12-20 15:05:23,905 - crop            : 512
2024-12-20 15:05:23,905 - optimizer       : adam
2024-12-20 15:05:23,905 - biases          : False
2024-12-20 15:05:23,905 - focal_loss      : 0
2024-12-20 15:05:23,905 - activation      : sigmoid
2024-12-20 15:05:23,905 - class_weights   : True
2024-12-20 15:05:23,905 - norm_weights    : False
2024-12-20 15:05:23,914 - Dataset Creati
2024-12-20 15:05:23,914 - Training images: 5125
2024-12-20 15:05:23,914 - Validation images: 1031

2024-12-20 15:05:23,915 - Dataloader Creati
2024-12-20 15:05:23,915 - Training batches: 320
2024-12-20 15:05:23,915 - Validation batches: 128

2024-12-20 15:05:28,012 - Model: deeplabv3plus_resnet101

2024-12-20 15:05:28,082 - Modello caricato correttamente su cuda:4

2024-12-20 15:05:28,086 - Inizio del training
2024-12-20 15:05:28,086 - optimizer: Adam (
Parameter Group 0
    amsgrad: False
    betas: (0.9, 0.999)
    capturable: False
    differentiable: False
    eps: 1e-08
    foreach: None
    fused: False
    lr: 0.0001
    maximize: False
    weight_decay: 0.0001

Parameter Group 1
    amsgrad: False
    betas: (0.9, 0.999)
    capturable: False
    differentiable: False
    eps: 1e-08
    foreach: None
    fused: False
    lr: 1e-05
    maximize: False
    weight_decay: 0.0001
)
2024-12-20 15:05:28,086 - loss:      BCELossModified()
2024-12-20 15:05:28,086 - epochs:    15
2024-12-20 15:05:28,086 - name:      weights_0

2024-12-20 15:11:59,763 - Epoch    Loss       Val Loss   mIoU       minIoU     maxIoU     LR      
2024-12-20 15:11:59,764 - 0        0.809038   0.627581   0.296706   0.012800   0.818806   1.0e-04 , 1.0e-05 
2024-12-20 15:18:32,533 - 1        0.574102   0.601131   0.324540   0.010852   0.832265   1.0e-04 , 1.0e-05 
2024-12-20 15:18:33,384 - Modello salvato
2024-12-20 15:25:05,214 - 2        0.509190   0.590940   0.336732   0.011940   0.834323   1.0e-04 , 1.0e-05 
2024-12-20 15:25:06,250 - Modello salvato
2024-12-20 15:31:38,953 - 3        0.470104   0.590098   0.344642   0.029385   0.830760   1.0e-04 , 1.0e-05 
2024-12-20 15:31:39,971 - Modello salvato
2024-12-20 15:38:12,421 - 4        0.453222   0.588878   0.347898   0.051829   0.833654   1.0e-04 , 1.0e-05 
2024-12-20 15:38:13,413 - Modello salvato
2024-12-20 15:44:45,401 - 5        0.434226   0.603131   0.355837   0.033642   0.830333   1.0e-04 , 1.0e-05 
2024-12-20 15:44:45,912 - Modello salvato
2024-12-20 15:51:18,603 - 6        0.415352   0.610526   0.354706   0.034898   0.828352   1.0e-04 , 1.0e-05 
2024-12-20 15:57:51,014 - 7        0.404475   0.601823   0.357635   0.011247   0.830828   1.0e-04 , 1.0e-05 
2024-12-20 15:57:51,532 - Modello salvato
2024-12-20 16:04:23,188 - 8        0.392587   0.601824   0.361979   0.031451   0.830468   1.0e-04 , 1.0e-05 
2024-12-20 16:04:23,717 - Modello salvato
2024-12-20 16:10:55,722 - 9        0.385185   0.610071   0.363319   0.037553   0.826946   1.0e-04 , 1.0e-05 
2024-12-20 16:10:56,245 - Modello salvato
2024-12-20 16:17:27,692 - 10       0.376269   0.602903   0.361870   0.031230   0.828234   1.0e-04 , 1.0e-05 
2024-12-20 16:23:59,800 - 11       0.371857   0.587316   0.370345   0.044397   0.827747   5.0e-05 , 5.0e-06 
2024-12-20 16:24:00,818 - Modello salvato
2024-12-20 16:30:32,738 - 12       0.364268   0.594753   0.371737   0.031325   0.830458   5.0e-05 , 5.0e-06 
2024-12-20 16:30:33,256 - Modello salvato
2024-12-20 16:37:05,328 - 13       0.356220   0.612647   0.370770   0.037686   0.826305   5.0e-05 , 5.0e-06 
2024-12-20 16:43:37,341 - 14       0.357600   0.609766   0.369581   0.036908   0.822651   5.0e-05 , 5.0e-06 
2024-12-20 16:43:37,342 - Fine del training

2024-12-20 16:43:37,610 - 
Caricati i pesi in: /home/piecestola/space/ML4CV/results/train_3/ckpts/weights_0.pt

2024-12-20 16:43:37,616 - Inizio del training
2024-12-20 16:43:37,616 - optimizer: Adam (
Parameter Group 0
    amsgrad: False
    betas: (0.9, 0.999)
    capturable: False
    differentiable: False
    eps: 1e-08
    foreach: None
    fused: False
    lr: 5e-05
    maximize: False
    weight_decay: 0.0001

Parameter Group 1
    amsgrad: False
    betas: (0.9, 0.999)
    capturable: False
    differentiable: False
    eps: 1e-08
    foreach: None
    fused: False
    lr: 5e-06
    maximize: False
    weight_decay: 0.0001
)
2024-12-20 16:43:37,616 - loss:      BCELossModified()
2024-12-20 16:43:37,616 - epochs:    50
2024-12-20 16:43:37,616 - name:      weights_1

2024-12-20 16:59:34,888 - Epoch    Loss       Val Loss   mIoU       minIoU     maxIoU     LR      
2024-12-20 16:59:34,889 - 0        0.327264   0.502877   0.434654   0.096383   0.887369   5.0e-05 , 5.0e-06 
2024-12-20 17:15:31,544 - 1        0.245836   0.436344   0.443385   0.115896   0.901682   5.0e-05 , 5.0e-06 
2024-12-20 17:15:33,850 - Modello salvato
2024-12-20 17:31:30,442 - 2        0.207862   0.427048   0.468999   0.126130   0.900469   5.0e-05 , 5.0e-06 
2024-12-20 17:31:33,175 - Modello salvato
2024-12-20 17:47:30,706 - 3        0.181175   0.424604   0.475824   0.163267   0.902254   5.0e-05 , 5.0e-06 
2024-12-20 17:47:33,549 - Modello salvato
2024-12-20 18:03:32,684 - 4        0.161554   0.381010   0.493209   0.194681   0.908869   5.0e-05 , 5.0e-06 
2024-12-20 18:03:35,593 - Modello salvato
2024-12-20 18:19:32,999 - 5        0.144917   0.382324   0.499057   0.186111   0.906260   5.0e-05 , 5.0e-06 
2024-12-20 18:19:34,385 - Modello salvato
2024-12-20 18:35:32,248 - 6        0.131997   0.402050   0.514369   0.211051   0.904744   5.0e-05 , 5.0e-06 
2024-12-20 18:35:33,690 - Modello salvato
2024-12-20 18:51:31,191 - 7        0.122452   0.392082   0.518094   0.231843   0.908228   5.0e-05 , 5.0e-06 
2024-12-20 18:51:32,603 - Modello salvato
2024-12-20 19:07:30,505 - 8        0.114678   0.392159   0.517123   0.203797   0.909769   5.0e-05 , 5.0e-06 
2024-12-20 19:23:31,191 - 9        0.104775   0.411908   0.520594   0.189783   0.909068   5.0e-05 , 5.0e-06 
2024-12-20 19:23:32,570 - Modello salvato
2024-12-20 19:39:28,268 - 10       0.097751   0.432253   0.522752   0.186298   0.909828   5.0e-05 , 5.0e-06 
2024-12-20 19:39:29,653 - Modello salvato
2024-12-20 19:55:25,312 - 11       0.092273   0.436373   0.535023   0.269263   0.913393   2.5e-05 , 2.5e-06 
2024-12-20 19:55:26,719 - Modello salvato
2024-12-20 20:11:22,906 - 12       0.088132   0.430009   0.541592   0.263607   0.912370   2.5e-05 , 2.5e-06 
2024-12-20 20:11:24,325 - Modello salvato
2024-12-20 20:27:20,189 - 13       0.084661   0.438522   0.544618   0.265216   0.911601   2.5e-05 , 2.5e-06 
2024-12-20 20:27:21,644 - Modello salvato
2024-12-20 20:43:18,996 - 14       0.082476   0.440749   0.541853   0.233869   0.910600   2.5e-05 , 2.5e-06 
2024-12-20 20:59:17,082 - Epoch    Loss       Val Loss   mIoU       minIoU     maxIoU     LR      
2024-12-20 20:59:17,083 - 15       0.080560   0.420890   0.557392   0.246365   0.913114   2.5e-05 , 2.5e-06 
2024-12-20 20:59:18,529 - Modello salvato
2024-12-20 21:15:14,404 - 16       0.078112   0.428919   0.553997   0.243293   0.912675   2.5e-05 , 2.5e-06 
2024-12-20 21:31:10,244 - 17       0.075568   0.437599   0.568753   0.275435   0.914383   1.3e-05 , 1.3e-06 
2024-12-20 21:31:11,696 - Modello salvato
2024-12-20 21:47:08,810 - 18       0.073916   0.444637   0.563246   0.264514   0.910558   1.3e-05 , 1.3e-06 
2024-12-20 22:03:05,817 - 19       0.072174   0.453908   0.563264   0.272431   0.909786   1.3e-05 , 1.3e-06 
2024-12-20 22:19:01,562 - 20       0.071033   0.462065   0.565512   0.277672   0.911122   1.3e-05 , 1.3e-06 
2024-12-20 22:34:58,582 - 21       0.069373   0.456460   0.569478   0.281475   0.912745   1.3e-05 , 1.3e-06 
2024-12-20 22:34:59,996 - Modello salvato
2024-12-20 22:50:56,361 - 22       0.068699   0.478813   0.562730   0.274845   0.911283   1.3e-05 , 1.3e-06 
2024-12-20 23:06:53,643 - 23       0.068230   0.467065   0.577600   0.280325   0.914687   6.3e-06 , 6.3e-07 
2024-12-20 23:06:55,053 - Modello salvato
2024-12-20 23:22:50,916 - 24       0.066839   0.504906   0.573145   0.295425   0.914047   6.3e-06 , 6.3e-07 
2024-12-20 23:38:49,788 - 25       0.066804   0.456599   0.577155   0.274868   0.914976   6.3e-06 , 6.3e-07 
2024-12-20 23:54:52,162 - 26       0.065352   0.460205   0.579230   0.273624   0.917072   6.3e-06 , 6.3e-07 
2024-12-20 23:54:53,501 - Modello salvato
2024-12-21 00:10:51,906 - 27       0.064522   0.474238   0.579128   0.278800   0.914955   6.3e-06 , 6.3e-07 
2024-12-21 00:26:49,466 - 28       0.064311   0.468643   0.576781   0.281291   0.915818   6.3e-06 , 6.3e-07 
2024-12-21 00:42:47,543 - 29       0.064318   0.478138   0.577729   0.278166   0.915675   3.1e-06 , 3.1e-07 
2024-12-21 00:58:46,091 - Epoch    Loss       Val Loss   mIoU       minIoU     maxIoU     LR      
2024-12-21 00:58:46,091 - 30       0.063068   0.489723   0.579775   0.278276   0.915695   3.1e-06 , 3.1e-07 
2024-12-21 00:58:47,484 - Modello salvato
2024-12-21 01:14:45,556 - 31       0.063014   0.475020   0.580065   0.277120   0.916418   3.1e-06 , 3.1e-07 
2024-12-21 01:14:46,918 - Modello salvato
2024-12-21 01:30:44,271 - 32       0.063150   0.477043   0.580806   0.280942   0.918287   3.1e-06 , 3.1e-07 
2024-12-21 01:30:45,610 - Modello salvato
2024-12-21 01:46:43,297 - 33       0.062014   0.492246   0.580161   0.278318   0.916283   3.1e-06 , 3.1e-07 
2024-12-21 02:02:40,951 - 34       0.062562   0.480684   0.578663   0.275004   0.916231   3.1e-06 , 3.1e-07 
2024-12-21 02:18:39,598 - 35       0.061967   0.483726   0.581211   0.277456   0.915576   1.6e-06 , 1.6e-07 
2024-12-21 02:18:40,962 - Modello salvato
2024-12-21 02:34:39,200 - 36       0.061727   0.476445   0.583573   0.278587   0.918179   1.6e-06 , 1.6e-07 
2024-12-21 02:34:40,568 - Modello salvato
2024-12-21 02:50:37,981 - 37       0.061254   0.490704   0.580932   0.279838   0.915897   1.6e-06 , 1.6e-07 
2024-12-21 03:06:35,935 - 38       0.061496   0.491126   0.580831   0.281153   0.916652   1.6e-06 , 1.6e-07 
2024-12-21 03:22:33,110 - 39       0.062264   0.488628   0.583110   0.283858   0.917466   1.6e-06 , 1.6e-07 
2024-12-21 03:38:30,078 - 40       0.060749   0.500776   0.581362   0.281574   0.915407   1.6e-06 , 1.6e-07 
2024-12-21 03:54:26,635 - 41       0.060765   0.491169   0.580588   0.279702   0.915732   7.8e-07 , 7.8e-08 
2024-12-21 04:10:22,898 - 42       0.060647   0.490525   0.580262   0.276909   0.915750   7.8e-07 , 7.8e-08 
2024-12-21 04:26:20,387 - 43       0.060866   0.496943   0.582031   0.281074   0.916319   7.8e-07 , 7.8e-08 
2024-12-21 04:42:17,933 - 44       0.061017   0.496077   0.581714   0.279013   0.916375   7.8e-07 , 7.8e-08 
2024-12-21 04:58:15,129 - Epoch    Loss       Val Loss   mIoU       minIoU     maxIoU     LR      
2024-12-21 04:58:15,129 - 45       0.060932   0.498241   0.581170   0.279782   0.915801   7.8e-07 , 7.8e-08 
2024-12-21 05:14:11,715 - 46       0.060903   0.499078   0.580307   0.279472   0.915155   7.8e-07 , 7.8e-08 
2024-12-21 05:30:09,069 - 47       0.060313   0.500567   0.580389   0.279182   0.915554   3.9e-07 , 3.9e-08 
2024-12-21 05:46:07,337 - 48       0.060876   0.500974   0.582071   0.280706   0.916311   3.9e-07 , 3.9e-08 
2024-12-21 06:02:03,836 - 49       0.060298   0.509839   0.581110   0.281186   0.915357   3.9e-07 , 3.9e-08 
2024-12-21 06:02:03,837 - Fine del training

