2025-02-01 18:01:58,050 - device          : cuda:4
2025-02-01 18:01:58,051 - model           : resnet101
2025-02-01 18:01:58,051 - mlp             : 0
2025-02-01 18:01:58,051 - vae             : False
2025-02-01 18:01:58,051 - epochs          : 50
2025-02-01 18:01:58,051 - batch           : 16
2025-02-01 18:01:58,051 - lr              : 0.0001
2025-02-01 18:01:58,051 - crop            : 512
2025-02-01 18:01:58,051 - optimizer       : adam
2025-02-01 18:01:58,051 - biases          : False
2025-02-01 18:01:58,051 - focal_loss      : 0
2025-02-01 18:01:58,051 - activation      : softmax
2025-02-01 18:01:58,051 - class_weights   : False
2025-02-01 18:01:58,051 - norm_weights    : False
2025-02-01 18:01:58,051 - p               : 0.3
2025-02-01 18:01:58,051 - entropy         : 0.1
2025-02-01 18:01:58,060 - Dataset Creati
2025-02-01 18:01:58,060 - Training images: 5125
2025-02-01 18:01:58,060 - Validation images: 1031

2025-02-01 18:01:58,061 - Dataloader Creati
2025-02-01 18:01:58,061 - Training batches: 320
2025-02-01 18:01:58,061 - Validation batches: 128

2025-02-01 18:02:02,168 - Model: deeplabv3plus_resnet101

2025-02-01 18:02:02,239 - Modello caricato correttamente su cuda:4

2025-02-01 18:02:02,242 - Inizio del training
2025-02-01 18:02:02,242 - optimizer: Adam (
Parameter Group 0
    amsgrad: False
    betas: (0.9, 0.999)
    capturable: False
    differentiable: False
    eps: 1e-08
    foreach: None
    fused: False
    lr: 0.0001
    maximize: False
    weight_decay: 0.0001

Parameter Group 1
    amsgrad: False
    betas: (0.9, 0.999)
    capturable: False
    differentiable: False
    eps: 1e-08
    foreach: None
    fused: False
    lr: 1e-05
    maximize: False
    weight_decay: 0.0001
)
2025-02-01 18:02:02,243 - loss:      CE_EntropyMinimization(
  (ce_loss): CrossEntropyLoss()
)
2025-02-01 18:02:02,243 - epochs:    15
2025-02-01 18:02:02,243 - name:      weights_0

2025-02-01 18:08:27,883 - Epoch    Loss       Val Loss   mIoU       minIoU     maxIoU     LR      
2025-02-01 18:08:27,883 - 0        1.246823   0.896982   0.257599   0.000000   0.777264   1.0e-04 , 1.0e-05 
2025-02-01 18:14:53,660 - 1        0.873259   0.801492   0.288305   0.000000   0.803065   1.0e-04 , 1.0e-05 
2025-02-01 18:14:53,660 - > saved mIoU
2025-02-01 18:21:20,636 - 2        0.791460   0.748760   0.303875   0.000000   0.812313   1.0e-04 , 1.0e-05 
2025-02-01 18:21:20,637 - > saved mIoU
2025-02-01 18:27:46,866 - 3        0.740034   0.738310   0.308457   0.000000   0.815635   1.0e-04 , 1.0e-05 
2025-02-01 18:27:46,866 - > saved mIoU
2025-02-01 18:34:12,831 - 4        0.720323   0.744923   0.318121   0.000000   0.814534   1.0e-04 , 1.0e-05 
2025-02-01 18:34:12,831 - > saved mIoU
2025-02-01 18:40:38,363 - 5        0.698016   0.765312   0.318910   0.000000   0.802607   1.0e-04 , 1.0e-05 
2025-02-01 18:40:38,363 - > saved mIoU
2025-02-01 18:47:04,496 - 6        0.675797   0.732509   0.328211   0.000000   0.817566   1.0e-04 , 1.0e-05 
2025-02-01 18:47:04,497 - > saved mIoU
2025-02-01 18:53:31,672 - 7        0.657759   0.728630   0.329869   0.000000   0.822675   1.0e-04 , 1.0e-05 
2025-02-01 18:53:31,672 - > saved mIoU
2025-02-01 18:59:58,108 - 8        0.645393   0.717907   0.338428   0.000000   0.823855   1.0e-04 , 1.0e-05 
2025-02-01 18:59:58,109 - > saved mIoU
2025-02-01 19:06:25,028 - 9        0.631323   0.731315   0.337175   0.000000   0.824917   1.0e-04 , 1.0e-05 
2025-02-01 19:12:50,772 - 10       0.622983   0.741301   0.344528   0.000000   0.818438   1.0e-04 , 1.0e-05 
2025-02-01 19:12:50,773 - > saved mIoU
2025-02-01 19:19:17,008 - 11       0.614135   0.751013   0.345803   0.000000   0.816220   1.0e-04 , 1.0e-05 
2025-02-01 19:19:17,008 - > saved mIoU
2025-02-01 19:25:43,933 - 12       0.610059   0.735371   0.350209   0.000000   0.817129   1.0e-04 , 1.0e-05 
2025-02-01 19:25:43,933 - > saved mIoU
2025-02-01 19:32:10,151 - 13       0.593262   0.740674   0.349252   0.000000   0.823713   1.0e-04 , 1.0e-05 
2025-02-01 19:38:35,021 - 14       0.597919   0.756556   0.350166   0.001033   0.815787   1.0e-04 , 1.0e-05 
2025-02-01 19:38:35,022 - Fine del training

2025-02-01 19:38:35,326 - 
Caricati i pesi in: /raid/homespace/piecestola/space/ML4CV/results/train_11/ckpts/weights_mIoU_0.pt

2025-02-01 19:38:35,327 - Inizio del training
2025-02-01 19:38:35,327 - optimizer: Adam (
Parameter Group 0
    amsgrad: False
    betas: (0.9, 0.999)
    capturable: False
    differentiable: False
    eps: 1e-08
    foreach: None
    fused: False
    lr: 5e-05
    maximize: False
    weight_decay: 0.0001

Parameter Group 1
    amsgrad: False
    betas: (0.9, 0.999)
    capturable: False
    differentiable: False
    eps: 1e-08
    foreach: None
    fused: False
    lr: 5e-06
    maximize: False
    weight_decay: 0.0001
)
2025-02-01 19:38:35,327 - loss:      CE_EntropyMinimization(
  (ce_loss): CrossEntropyLoss()
)
2025-02-01 19:38:35,328 - epochs:    50
2025-02-01 19:38:35,328 - name:      weights_1

2025-02-01 19:54:38,148 - Epoch    Loss       Val Loss   mIoU       minIoU     maxIoU     LR      
2025-02-01 19:54:38,149 - 0        0.494237   0.536038   0.412307   0.000000   0.877133   5.0e-05 , 5.0e-06 
2025-02-01 20:10:41,825 - 1        0.368943   0.490432   0.442682   0.000000   0.903483   5.0e-05 , 5.0e-06 
2025-02-01 20:10:41,825 - > saved mIoU
2025-02-01 20:26:45,917 - 2        0.308562   0.484674   0.454538   0.000000   0.899476   5.0e-05 , 5.0e-06 
2025-02-01 20:26:45,917 - > saved mIoU
2025-02-01 20:42:47,989 - 3        0.266505   0.465489   0.471327   0.040385   0.908155   5.0e-05 , 5.0e-06 
2025-02-01 20:42:47,989 - > saved mIoU
