2024-12-29 18:57:55,608 - device          : cuda:6
2024-12-29 18:57:55,608 - model           : resnet101
2024-12-29 18:57:55,608 - mlp             : 1
2024-12-29 18:57:55,608 - vae             : False
2024-12-29 18:57:55,608 - epochs          : 50
2024-12-29 18:57:55,608 - batch           : 16
2024-12-29 18:57:55,608 - lr              : 0.0001
2024-12-29 18:57:55,608 - crop            : 512
2024-12-29 18:57:55,608 - optimizer       : adam
2024-12-29 18:57:55,608 - biases          : False
2024-12-29 18:57:55,608 - focal_loss      : 0
2024-12-29 18:57:55,608 - activation      : sigmoid
2024-12-29 18:57:55,608 - class_weights   : False
2024-12-29 18:57:55,608 - norm_weights    : False
2024-12-29 18:57:55,617 - Dataset Creati
2024-12-29 18:57:55,617 - Training images: 5125
2024-12-29 18:57:55,617 - Validation images: 1031

2024-12-29 18:57:55,618 - Dataloader Creati
2024-12-29 18:57:55,618 - Training batches: 320
2024-12-29 18:57:55,618 - Validation batches: 128

2024-12-29 18:58:00,579 - Model: deeplabv3plus_resnet101

2024-12-29 18:58:00,645 - Modello caricato correttamente su cuda:6

2024-12-29 18:58:00,648 - Inizio del training
2024-12-29 18:58:00,648 - optimizer: Adam (
Parameter Group 0
    amsgrad: False
    betas: (0.9, 0.999)
    capturable: False
    differentiable: False
    eps: 1e-08
    foreach: None
    fused: False
    lr: 0.0001
    maximize: False
    weight_decay: 0.0001

Parameter Group 1
    amsgrad: False
    betas: (0.9, 0.999)
    capturable: False
    differentiable: False
    eps: 1e-08
    foreach: None
    fused: False
    lr: 1e-05
    maximize: False
    weight_decay: 0.0001
)
2024-12-29 18:58:00,648 - loss:      BCELossModified()
2024-12-29 18:58:00,649 - epochs:    15
2024-12-29 18:58:00,649 - name:      weights_0

2024-12-29 19:04:30,457 - Epoch    Loss       Val Loss   mIoU       minIoU     maxIoU     LR      
2024-12-29 19:04:30,457 - 0        0.200921   0.086965   0.266281   0.000000   0.814969   1.0e-04 , 1.0e-05 
2024-12-29 19:11:00,367 - 1        0.090675   0.074680   0.289894   0.000000   0.823978   1.0e-04 , 1.0e-05 
2024-12-29 19:11:00,367 - > saved mIoU
2024-12-29 19:17:26,360 - 2        0.081480   0.072722   0.303917   0.000000   0.833765   1.0e-04 , 1.0e-05 
2024-12-29 19:17:26,361 - > saved mIoU
2024-12-29 19:23:53,047 - 3        0.077841   0.071147   0.316653   0.000000   0.835574   1.0e-04 , 1.0e-05 
2024-12-29 19:23:53,048 - > saved mIoU
2024-12-29 19:30:19,387 - 4        0.073835   0.071135   0.322366   0.000000   0.842574   1.0e-04 , 1.0e-05 
2024-12-29 19:30:19,388 - > saved mIoU
2024-12-29 19:36:45,801 - 5        0.071959   0.069031   0.328260   0.000000   0.837835   1.0e-04 , 1.0e-05 
2024-12-29 19:36:45,802 - > saved mIoU
2024-12-29 19:43:12,513 - 6        0.070271   0.070495   0.336930   0.000000   0.844027   1.0e-04 , 1.0e-05 
2024-12-29 19:43:12,513 - > saved mIoU
2024-12-29 19:49:38,835 - 7        0.067960   0.070248   0.341696   0.000000   0.844796   1.0e-04 , 1.0e-05 
2024-12-29 19:49:38,836 - > saved mIoU
2024-12-29 19:56:05,862 - 8        0.067092   0.070236   0.343899   0.000000   0.846165   1.0e-04 , 1.0e-05 
2024-12-29 19:56:05,862 - > saved mIoU
2024-12-29 20:02:32,327 - 9        0.065805   0.070295   0.348137   0.000000   0.844220   1.0e-04 , 1.0e-05 
2024-12-29 20:02:32,327 - > saved mIoU
2024-12-29 20:08:58,552 - 10       0.064395   0.070629   0.350982   0.000000   0.850615   1.0e-04 , 1.0e-05 
2024-12-29 20:08:58,552 - > saved mIoU
2024-12-29 20:15:24,758 - 11       0.064541   0.071362   0.350022   0.000000   0.851559   1.0e-04 , 1.0e-05 
2024-12-29 20:21:50,117 - 12       0.062965   0.069968   0.353128   0.000000   0.851313   5.0e-05 , 5.0e-06 
2024-12-29 20:21:50,117 - > saved mIoU
2024-12-29 20:28:16,199 - 13       0.061112   0.070186   0.356711   0.000000   0.854844   5.0e-05 , 5.0e-06 
2024-12-29 20:28:16,199 - > saved mIoU
2024-12-29 20:34:42,351 - 14       0.060589   0.069741   0.360006   0.000000   0.851482   5.0e-05 , 5.0e-06 
2024-12-29 20:34:42,352 - > saved mIoU
2024-12-29 20:34:42,816 - Fine del training

2024-12-29 20:34:43,054 - 
Caricati i pesi in: /home/piecestola/space/ML4CV/results_4/train_10/ckpts/weights_mIoU_0.pt

2024-12-29 20:34:43,062 - Inizio del training
2024-12-29 20:34:43,062 - optimizer: Adam (
Parameter Group 0
    amsgrad: False
    betas: (0.9, 0.999)
    capturable: False
    differentiable: False
    eps: 1e-08
    foreach: None
    fused: False
    lr: 5e-05
    maximize: False
    weight_decay: 0.0001

Parameter Group 1
    amsgrad: False
    betas: (0.9, 0.999)
    capturable: False
    differentiable: False
    eps: 1e-08
    foreach: None
    fused: False
    lr: 5e-06
    maximize: False
    weight_decay: 0.0001
)
2024-12-29 20:34:43,062 - loss:      BCELossModified()
2024-12-29 20:34:43,062 - epochs:    50
2024-12-29 20:34:43,062 - name:      weights_1

2024-12-29 20:50:29,627 - Epoch    Loss       Val Loss   mIoU       minIoU     maxIoU     LR      
2024-12-29 20:50:29,627 - 0        0.052629   0.054457   0.416425   0.000000   0.891796   5.0e-05 , 5.0e-06 
2024-12-29 21:06:17,277 - 1        0.041768   0.051145   0.452644   0.000000   0.910265   5.0e-05 , 5.0e-06 
2024-12-29 21:06:17,277 - > saved mIoU
2024-12-29 21:22:05,089 - 2        0.034479   0.049125   0.474329   0.000000   0.920643   5.0e-05 , 5.0e-06 
2024-12-29 21:22:05,089 - > saved mIoU
2024-12-29 21:37:54,198 - 3        0.030753   0.047431   0.481372   0.000000   0.920765   5.0e-05 , 5.0e-06 
2024-12-29 21:37:54,198 - > saved mIoU
2024-12-29 21:53:42,447 - 4        0.027092   0.047002   0.497507   0.000000   0.924797   5.0e-05 , 5.0e-06 
2024-12-29 21:53:42,447 - > saved mIoU
2024-12-29 22:09:31,113 - 5        0.024364   0.047082   0.511960   0.013143   0.927562   5.0e-05 , 5.0e-06 
2024-12-29 22:09:31,113 - > saved mIoU
2024-12-29 22:25:19,511 - 6        0.022268   0.048622   0.507647   0.016884   0.926396   5.0e-05 , 5.0e-06 
2024-12-29 22:41:07,523 - 7        0.020734   0.046063   0.527724   0.136522   0.925150   5.0e-05 , 5.0e-06 
2024-12-29 22:41:07,524 - > saved mIoU
2024-12-29 22:56:56,164 - 8        0.019615   0.047489   0.518886   0.055353   0.913022   5.0e-05 , 5.0e-06 
2024-12-29 23:12:43,273 - 9        0.018548   0.044856   0.555735   0.238135   0.934435   5.0e-05 , 5.0e-06 
2024-12-29 23:12:43,274 - > saved mIoU
2024-12-29 23:28:32,134 - 10       0.018184   0.046157   0.558935   0.247033   0.930800   5.0e-05 , 5.0e-06 
2024-12-29 23:28:32,134 - > saved mIoU
2024-12-29 23:44:20,653 - 11       0.017201   0.044863   0.578775   0.251307   0.934359   5.0e-05 , 5.0e-06 
2024-12-29 23:44:20,653 - > saved mIoU
2024-12-30 00:00:09,197 - 12       0.016577   0.046786   0.576603   0.259570   0.930797   5.0e-05 , 5.0e-06 
2024-12-30 00:15:58,330 - 13       0.016122   0.047403   0.560967   0.194779   0.933159   5.0e-05 , 5.0e-06 
2024-12-30 00:31:46,038 - 14       0.016046   0.044232   0.584842   0.217891   0.931767   5.0e-05 , 5.0e-06 
2024-12-30 00:31:46,038 - > saved mIoU
2024-12-30 00:47:34,983 - Epoch    Loss       Val Loss   mIoU       minIoU     maxIoU     LR      
2024-12-30 00:47:34,983 - 15       0.015716   0.048966   0.572512   0.177364   0.933410   5.0e-05 , 5.0e-06 
2024-12-30 01:03:22,066 - 16       0.015152   0.046684   0.581013   0.245549   0.936408   5.0e-05 , 5.0e-06 
2024-12-30 01:19:09,374 - 17       0.014987   0.042620   0.604825   0.265912   0.939623   5.0e-05 , 5.0e-06 
2024-12-30 01:19:09,374 - > saved mIoU
2024-12-30 01:35:00,660 - 18       0.014501   0.043596   0.603220   0.275737   0.938028   5.0e-05 , 5.0e-06 
2024-12-30 01:50:49,096 - 19       0.014274   0.045990   0.589043   0.259543   0.935605   5.0e-05 , 5.0e-06 
2024-12-30 02:06:36,005 - 20       0.013788   0.045144   0.594270   0.282950   0.937653   5.0e-05 , 5.0e-06 
2024-12-30 02:22:22,931 - 21       0.013630   0.045183   0.591698   0.206439   0.936872   5.0e-05 , 5.0e-06 
2024-12-30 02:38:11,164 - 22       0.015012   0.046561   0.596458   0.261249   0.939467   5.0e-05 , 5.0e-06 
2024-12-30 02:53:57,971 - 23       0.014194   0.042766   0.617054   0.280059   0.942139   5.0e-05 , 5.0e-06 
2024-12-30 02:53:57,971 - > saved mIoU
2024-12-30 03:09:46,832 - 24       0.013647   0.044730   0.621669   0.293799   0.940993   2.5e-05 , 2.5e-06 
2024-12-30 03:09:46,832 - > saved mIoU
2024-12-30 03:25:35,972 - 25       0.012969   0.044290   0.617493   0.278017   0.941490   2.5e-05 , 2.5e-06 
2024-12-30 03:41:22,759 - 26       0.012531   0.043229   0.624042   0.289710   0.940840   2.5e-05 , 2.5e-06 
2024-12-30 03:41:22,759 - > saved mIoU
2024-12-30 03:57:12,544 - 27       0.012333   0.044270   0.620310   0.295799   0.941342   2.5e-05 , 2.5e-06 
2024-12-30 04:13:00,221 - 28       0.012180   0.042413   0.624198   0.310186   0.937306   2.5e-05 , 2.5e-06 
2024-12-30 04:13:00,221 - > saved mIoU
2024-12-30 04:28:49,054 - 29       0.012169   0.044677   0.620295   0.307728   0.940466   2.5e-05 , 2.5e-06 
2024-12-30 04:44:36,919 - Epoch    Loss       Val Loss   mIoU       minIoU     maxIoU     LR      
2024-12-30 04:44:36,919 - 30       0.011944   0.042813   0.622801   0.297205   0.940831   2.5e-05 , 2.5e-06 
2024-12-30 05:00:25,011 - 31       0.012005   0.044572   0.612931   0.323353   0.938501   2.5e-05 , 2.5e-06 
2024-12-30 05:16:11,985 - 32       0.011886   0.043404   0.618642   0.309904   0.944094   2.5e-05 , 2.5e-06 
2024-12-30 05:31:59,104 - 33       0.011789   0.046957   0.611781   0.316889   0.943574   2.5e-05 , 2.5e-06 
2024-12-30 05:47:46,249 - 34       0.011901   0.043506   0.622254   0.255296   0.942079   2.5e-05 , 2.5e-06 
2024-12-30 06:03:33,184 - 35       0.011695   0.043697   0.630732   0.305253   0.942088   1.3e-05 , 1.3e-06 
2024-12-30 06:03:33,184 - > saved mIoU
2024-12-30 06:19:24,613 - 36       0.011395   0.043629   0.629744   0.320838   0.941613   1.3e-05 , 1.3e-06 
2024-12-30 06:35:11,966 - 37       0.011185   0.044042   0.628133   0.322196   0.943313   1.3e-05 , 1.3e-06 
2024-12-30 06:51:00,184 - 38       0.011200   0.043728   0.623623   0.326183   0.942503   1.3e-05 , 1.3e-06 
2024-12-30 07:06:46,798 - 39       0.011142   0.044338   0.623535   0.315489   0.940889   1.3e-05 , 1.3e-06 
2024-12-30 07:22:34,824 - 40       0.011024   0.044884   0.622120   0.319216   0.939526   1.3e-05 , 1.3e-06 
2024-12-30 07:38:22,359 - 41       0.011134   0.046299   0.622012   0.322144   0.942019   6.3e-06 , 6.3e-07 
2024-12-30 07:54:09,133 - 42       0.010990   0.045306   0.628363   0.324968   0.939482   6.3e-06 , 6.3e-07 
2024-12-30 08:09:56,772 - 43       0.010877   0.044090   0.628098   0.313258   0.939258   6.3e-06 , 6.3e-07 
2024-12-30 08:25:44,203 - 44       0.010731   0.044408   0.627278   0.316826   0.941184   6.3e-06 , 6.3e-07 
2024-12-30 08:41:32,048 - Epoch    Loss       Val Loss   mIoU       minIoU     maxIoU     LR      
2024-12-30 08:41:32,048 - 45       0.010719   0.043281   0.630197   0.307546   0.941248   6.3e-06 , 6.3e-07 
2024-12-30 08:57:19,702 - 46       0.010714   0.043962   0.626411   0.317395   0.938727   6.3e-06 , 6.3e-07 
2024-12-30 09:13:08,390 - 47       0.010680   0.043408   0.632312   0.319371   0.942708   3.1e-06 , 3.1e-07 
2024-12-30 09:13:08,391 - > saved mIoU
2024-12-30 09:28:57,861 - 48       0.010581   0.044520   0.629250   0.328163   0.942767   3.1e-06 , 3.1e-07 
2024-12-30 09:44:44,964 - 49       0.010537   0.043978   0.628758   0.322011   0.943459   3.1e-06 , 3.1e-07 
2024-12-30 09:44:44,965 - Fine del training

