2025-01-09 22:59:21,500 - device          : cuda:5
2025-01-09 22:59:21,500 - model           : resnet101
2025-01-09 22:59:21,500 - mlp             : 0
2025-01-09 22:59:21,500 - vae             : False
2025-01-09 22:59:21,500 - epochs          : 50
2025-01-09 22:59:21,501 - batch           : 16
2025-01-09 22:59:21,501 - lr              : 0.0001
2025-01-09 22:59:21,501 - crop            : 512
2025-01-09 22:59:21,501 - optimizer       : adam
2025-01-09 22:59:21,501 - biases          : False
2025-01-09 22:59:21,501 - focal_loss      : 0
2025-01-09 22:59:21,501 - activation      : softmax
2025-01-09 22:59:21,501 - class_weights   : False
2025-01-09 22:59:21,501 - norm_weights    : False
2025-01-09 22:59:21,501 - p               : 0.3
2025-01-09 22:59:21,510 - Dataset Creati
2025-01-09 22:59:21,510 - Training images: 5125
2025-01-09 22:59:21,510 - Validation images: 1031

2025-01-09 22:59:21,510 - Dataloader Creati
2025-01-09 22:59:21,510 - Training batches: 320
2025-01-09 22:59:21,511 - Validation batches: 128

2025-01-09 22:59:25,284 - Model: deeplabv3plus_resnet101

2025-01-09 22:59:25,349 - Modello caricato correttamente su cuda:5

2025-01-09 22:59:25,353 - Inizio del training
2025-01-09 22:59:25,353 - optimizer: Adam (
Parameter Group 0
    amsgrad: False
    betas: (0.9, 0.999)
    capturable: False
    differentiable: False
    eps: 1e-08
    foreach: None
    fused: False
    lr: 0.0001
    maximize: False
    weight_decay: 0.0001

Parameter Group 1
    amsgrad: False
    betas: (0.9, 0.999)
    capturable: False
    differentiable: False
    eps: 1e-08
    foreach: None
    fused: False
    lr: 1e-05
    maximize: False
    weight_decay: 0.0001
)
2025-01-09 22:59:25,353 - loss:      CrossEntropyLoss()
2025-01-09 22:59:25,353 - epochs:    50
2025-01-09 22:59:25,353 - name:      weights_1

2025-01-09 23:15:39,296 - Epoch    Loss       Val Loss   mIoU       minIoU     maxIoU     LR      
2025-01-09 23:15:39,296 - 0        0.651544   0.463866   0.404508   0.000000   0.887941   1.0e-04 , 1.0e-05 
2025-01-09 23:31:54,417 - 1        0.394100   0.455744   0.435193   0.000000   0.917184   1.0e-04 , 1.0e-05 
2025-01-09 23:31:54,417 - > saved mIoU
2025-01-09 23:48:10,188 - 2        0.286016   0.408020   0.470151   0.004960   0.917567   1.0e-04 , 1.0e-05 
2025-01-09 23:48:10,189 - > saved mIoU
2025-01-10 00:04:29,955 - 3        0.221463   0.388001   0.500264   0.160934   0.916160   1.0e-04 , 1.0e-05 
2025-01-10 00:04:29,955 - > saved mIoU
2025-01-10 00:20:47,725 - 4        0.187095   0.390024   0.534854   0.186366   0.924335   1.0e-04 , 1.0e-05 
2025-01-10 00:20:47,725 - > saved mIoU
2025-01-10 00:37:02,874 - 5        0.163064   0.380955   0.549404   0.199020   0.923671   1.0e-04 , 1.0e-05 
2025-01-10 00:37:02,874 - > saved mIoU
2025-01-10 00:53:14,645 - 6        0.144343   0.387835   0.550707   0.202766   0.926325   1.0e-04 , 1.0e-05 
2025-01-10 00:53:14,646 - > saved mIoU
2025-01-10 01:09:26,408 - 7        0.132011   0.385519   0.564688   0.226910   0.928818   1.0e-04 , 1.0e-05 
2025-01-10 01:09:26,408 - > saved mIoU
2025-01-10 01:25:39,605 - 8        0.124110   0.391100   0.563860   0.246368   0.927137   1.0e-04 , 1.0e-05 
2025-01-10 01:41:50,250 - 9        0.117323   0.418546   0.559783   0.230984   0.930129   1.0e-04 , 1.0e-05 
2025-01-10 01:58:01,526 - 10       0.110402   0.383769   0.582751   0.280372   0.932427   1.0e-04 , 1.0e-05 
2025-01-10 01:58:01,526 - > saved mIoU
2025-01-10 02:14:12,310 - 11       0.109282   0.394754   0.568525   0.219760   0.931032   1.0e-04 , 1.0e-05 
2025-01-10 02:30:21,974 - 12       0.111097   0.386866   0.591363   0.217340   0.937034   5.0e-05 , 5.0e-06 
2025-01-10 02:30:21,975 - > saved mIoU
2025-01-10 02:46:33,066 - 13       0.100832   0.381998   0.599496   0.243611   0.935722   5.0e-05 , 5.0e-06 
2025-01-10 02:46:33,066 - > saved mIoU
2025-01-10 03:02:44,424 - 14       0.095689   0.382224   0.606073   0.289455   0.934765   5.0e-05 , 5.0e-06 
2025-01-10 03:02:44,424 - > saved mIoU
2025-01-10 03:18:55,919 - Epoch    Loss       Val Loss   mIoU       minIoU     maxIoU     LR      
2025-01-10 03:18:55,920 - 15       0.092910   0.373036   0.611666   0.300419   0.937208   5.0e-05 , 5.0e-06 
2025-01-10 03:18:55,920 - > saved mIoU
2025-01-10 03:35:09,390 - 16       0.089580   0.379086   0.608744   0.295518   0.935901   5.0e-05 , 5.0e-06 
2025-01-10 03:51:22,455 - 17       0.087885   0.374722   0.609641   0.302937   0.934074   5.0e-05 , 5.0e-06 
2025-01-10 04:07:36,237 - 18       0.087062   0.373295   0.612214   0.314701   0.936368   5.0e-05 , 5.0e-06 
2025-01-10 04:07:36,238 - > saved mIoU
2025-01-10 04:23:51,732 - 19       0.084910   0.382117   0.609064   0.306844   0.937811   5.0e-05 , 5.0e-06 
2025-01-10 04:40:05,340 - 20       0.083759   0.386067   0.607481   0.334036   0.925580   5.0e-05 , 5.0e-06 
2025-01-10 04:56:19,711 - 21       0.082195   0.390108   0.615442   0.328429   0.934448   5.0e-05 , 5.0e-06 
2025-01-10 04:56:19,712 - > saved mIoU
2025-01-10 05:12:33,173 - 22       0.081445   0.371221   0.622275   0.324312   0.933138   2.5e-05 , 2.5e-06 
2025-01-10 05:12:33,173 - > saved mIoU
2025-01-10 05:28:45,676 - 23       0.079720   0.393788   0.614966   0.318373   0.927103   2.5e-05 , 2.5e-06 
2025-01-10 05:44:57,371 - 24       0.076591   0.385467   0.620517   0.329276   0.933056   2.5e-05 , 2.5e-06 
2025-01-10 06:01:09,630 - 25       0.075391   0.388590   0.624876   0.322962   0.932509   2.5e-05 , 2.5e-06 
2025-01-10 06:01:09,631 - > saved mIoU
2025-01-10 06:17:22,651 - 26       0.074313   0.394145   0.613683   0.329079   0.936691   2.5e-05 , 2.5e-06 
2025-01-10 06:33:33,763 - 27       0.073854   0.395399   0.616744   0.342277   0.934064   2.5e-05 , 2.5e-06 
2025-01-10 06:49:48,680 - 28       0.073393   0.372280   0.625212   0.339259   0.936954   2.5e-05 , 2.5e-06 
2025-01-10 06:49:48,681 - > saved mIoU
2025-01-10 07:06:03,596 - 29       0.073492   0.391792   0.624997   0.317189   0.935591   1.3e-05 , 1.3e-06 
2025-01-10 07:22:18,875 - Epoch    Loss       Val Loss   mIoU       minIoU     maxIoU     LR      
2025-01-10 07:22:18,875 - 30       0.071943   0.385501   0.626524   0.344472   0.935949   1.3e-05 , 1.3e-06 
2025-01-10 07:22:18,875 - > saved mIoU
2025-01-10 07:38:34,956 - 31       0.071043   0.388306   0.628215   0.334377   0.935498   1.3e-05 , 1.3e-06 
2025-01-10 07:38:34,956 - > saved mIoU
2025-01-10 07:54:51,074 - 32       0.070413   0.388658   0.627997   0.349707   0.937818   1.3e-05 , 1.3e-06 
2025-01-10 08:11:03,386 - 33       0.069801   0.387042   0.631122   0.334979   0.937602   1.3e-05 , 1.3e-06 
2025-01-10 08:11:03,387 - > saved mIoU
2025-01-10 08:27:17,634 - 34       0.069153   0.383990   0.634633   0.343914   0.938478   1.3e-05 , 1.3e-06 
2025-01-10 08:27:17,634 - > saved mIoU
2025-01-10 08:43:31,635 - 35       0.068952   0.390304   0.630557   0.336162   0.939112   6.3e-06 , 6.3e-07 
2025-01-10 08:59:38,345 - 36       0.067931   0.389743   0.630064   0.342304   0.939613   6.3e-06 , 6.3e-07 
2025-01-10 09:15:45,168 - 37       0.068013   0.394624   0.626362   0.343121   0.939032   6.3e-06 , 6.3e-07 
2025-01-10 09:31:50,211 - 38       0.067947   0.384103   0.633981   0.348944   0.939718   6.3e-06 , 6.3e-07 
2025-01-10 09:47:54,711 - 39       0.067258   0.386610   0.634525   0.349898   0.939252   6.3e-06 , 6.3e-07 
2025-01-10 10:04:00,751 - 40       0.067556   0.386733   0.632650   0.340582   0.938950   6.3e-06 , 6.3e-07 
2025-01-10 10:20:05,139 - 41       0.066973   0.382087   0.633381   0.338462   0.938910   3.1e-06 , 3.1e-07 
2025-01-10 10:36:08,250 - 42       0.066283   0.383277   0.633844   0.342091   0.938500   3.1e-06 , 3.1e-07 
2025-01-10 10:52:10,279 - 43       0.066464   0.385211   0.633657   0.340337   0.939246   3.1e-06 , 3.1e-07 
2025-01-10 11:08:13,067 - 44       0.066247   0.382843   0.633120   0.345747   0.938705   3.1e-06 , 3.1e-07 
2025-01-10 11:24:16,439 - Epoch    Loss       Val Loss   mIoU       minIoU     maxIoU     LR      
2025-01-10 11:24:16,439 - 45       0.065759   0.388416   0.635135   0.342166   0.940010   3.1e-06 , 3.1e-07 
2025-01-10 11:24:16,439 - > saved mIoU
2025-01-10 11:40:20,820 - 46       0.065553   0.386038   0.633103   0.344433   0.939719   3.1e-06 , 3.1e-07 
2025-01-10 11:56:24,694 - 47       0.066555   0.384942   0.632810   0.343391   0.939855   1.6e-06 , 1.6e-07 
2025-01-10 12:12:28,522 - 48       0.065174   0.387020   0.631432   0.343967   0.939307   1.6e-06 , 1.6e-07 
2025-01-10 12:28:31,532 - 49       0.065610   0.384998   0.631812   0.343403   0.939105   1.6e-06 , 1.6e-07 
2025-01-10 12:28:31,533 - Fine del training

