2024-12-21 13:13:04,165 - device          : cuda:4
2024-12-21 13:13:04,165 - model           : resnet101
2024-12-21 13:13:04,165 - epochs          : 50
2024-12-21 13:13:04,165 - batch           : 16
2024-12-21 13:13:04,165 - lr              : 0.0001
2024-12-21 13:13:04,165 - crop            : 512
2024-12-21 13:13:04,166 - optimizer       : adam
2024-12-21 13:13:04,166 - biases          : False
2024-12-21 13:13:04,166 - focal_loss      : 2
2024-12-21 13:13:04,166 - activation      : sigmoid
2024-12-21 13:13:04,166 - class_weights   : False
2024-12-21 13:13:04,166 - norm_weights    : False
2024-12-21 13:13:04,174 - Dataset Creati
2024-12-21 13:13:04,175 - Training images: 5125
2024-12-21 13:13:04,175 - Validation images: 1031

2024-12-21 13:13:04,175 - Dataloader Creati
2024-12-21 13:13:04,175 - Training batches: 320
2024-12-21 13:13:04,175 - Validation batches: 128

2024-12-21 13:13:08,259 - Model: deeplabv3plus_resnet101

2024-12-21 13:13:08,324 - Modello caricato correttamente su cuda:4

2024-12-21 13:13:08,327 - Inizio del training
2024-12-21 13:13:08,327 - optimizer: Adam (
Parameter Group 0
    amsgrad: False
    betas: (0.9, 0.999)
    capturable: False
    differentiable: False
    eps: 1e-08
    foreach: None
    fused: False
    lr: 0.0001
    maximize: False
    weight_decay: 0.0001

Parameter Group 1
    amsgrad: False
    betas: (0.9, 0.999)
    capturable: False
    differentiable: False
    eps: 1e-08
    foreach: None
    fused: False
    lr: 1e-05
    maximize: False
    weight_decay: 0.0001
)
2024-12-21 13:13:08,327 - loss:      BCELossModified()
2024-12-21 13:13:08,327 - epochs:    15
2024-12-21 13:13:08,327 - name:      weights_0

2024-12-21 13:19:38,720 - Epoch    Loss       Val Loss   mIoU       minIoU     maxIoU     LR      
2024-12-21 13:19:38,721 - 0        0.292352   0.140241   0.272971   0.000377   0.826641   1.0e-04 , 1.0e-05 
2024-12-21 13:26:06,562 - 1        0.120965   0.094564   0.293096   0.000000   0.828436   1.0e-04 , 1.0e-05 
2024-12-21 13:26:06,563 - > saved mIoU
2024-12-21 13:32:35,115 - 2        0.095647   0.082980   0.306553   0.000000   0.830526   1.0e-04 , 1.0e-05 
2024-12-21 13:32:35,116 - > saved mIoU
2024-12-21 13:39:04,240 - 3        0.084746   0.078046   0.316430   0.000393   0.834646   1.0e-04 , 1.0e-05 
2024-12-21 13:39:04,241 - > saved mIoU
2024-12-21 13:45:32,876 - 4        0.080340   0.074938   0.320876   0.001809   0.838508   1.0e-04 , 1.0e-05 
2024-12-21 13:45:32,877 - > saved mIoU
2024-12-21 13:52:02,591 - 5        0.077099   0.074861   0.328778   0.001500   0.836007   1.0e-04 , 1.0e-05 
2024-12-21 13:52:02,591 - > saved mIoU
2024-12-21 13:58:31,406 - 6        0.074129   0.073854   0.337017   0.002629   0.840660   1.0e-04 , 1.0e-05 
2024-12-21 13:58:31,406 - > saved mIoU
2024-12-21 14:05:00,992 - 7        0.072316   0.072268   0.335577   0.003050   0.840577   1.0e-04 , 1.0e-05 
2024-12-21 14:11:28,565 - 8        0.070930   0.072531   0.343200   0.004118   0.843680   1.0e-04 , 1.0e-05 
2024-12-21 14:11:28,566 - > saved mIoU
2024-12-21 14:17:57,527 - 9        0.069195   0.072425   0.343378   0.005330   0.846801   1.0e-04 , 1.0e-05 
2024-12-21 14:17:57,527 - > saved mIoU
2024-12-21 14:24:25,103 - 10       0.068503   0.072359   0.351122   0.006456   0.850567   1.0e-04 , 1.0e-05 
2024-12-21 14:24:25,103 - > saved mIoU
2024-12-21 14:30:54,112 - 11       0.067784   0.072786   0.344440   0.009899   0.842393   1.0e-04 , 1.0e-05 
2024-12-21 14:37:20,972 - 12       0.067231   0.073580   0.355490   0.007778   0.847305   1.0e-04 , 1.0e-05 
2024-12-21 14:37:20,972 - > saved mIoU
2024-12-21 14:43:48,248 - 13       0.065976   0.072412   0.353571   0.012493   0.846003   1.0e-04 , 1.0e-05 
2024-12-21 14:50:14,823 - 14       0.066328   0.073305   0.355821   0.014863   0.849895   5.0e-05 , 5.0e-06 
2024-12-21 14:50:14,824 - > saved mIoU
2024-12-21 14:50:15,362 - Fine del training

2024-12-21 14:50:15,648 - 
Caricati i pesi in: /home/piecestola/space/ML4CV/results/train_8/ckpts/weights_mIoU_0.pt

2024-12-21 14:50:15,649 - Inizio del training
2024-12-21 14:50:15,650 - optimizer: Adam (
Parameter Group 0
    amsgrad: False
    betas: (0.9, 0.999)
    capturable: False
    differentiable: False
    eps: 1e-08
    foreach: None
    fused: False
    lr: 5e-05
    maximize: False
    weight_decay: 0.0001

Parameter Group 1
    amsgrad: False
    betas: (0.9, 0.999)
    capturable: False
    differentiable: False
    eps: 1e-08
    foreach: None
    fused: False
    lr: 5e-06
    maximize: False
    weight_decay: 0.0001
)
2024-12-21 14:50:15,650 - loss:      FocalLoss()
2024-12-21 14:50:15,650 - epochs:    50
2024-12-21 14:50:15,650 - name:      weights_1

2024-12-21 15:06:03,765 - Epoch    Loss       Val Loss   mIoU       minIoU     maxIoU     LR      
2024-12-21 15:06:03,765 - 0        0.062338   0.034588   0.349013   0.000000   0.851580   5.0e-05 , 5.0e-06 
2024-12-21 15:21:52,303 - 1        0.016271   0.019871   0.339815   0.000000   0.793880   5.0e-05 , 5.0e-06 
2024-12-21 15:37:39,581 - 2        0.005193   0.014244   0.365294   0.000000   0.879227   5.0e-05 , 5.0e-06 
2024-12-21 15:37:39,582 - > saved mIoU
2024-12-21 15:53:29,684 - 3        0.003964   0.013039   0.375634   0.001593   0.859116   5.0e-05 , 5.0e-06 
2024-12-21 15:53:29,684 - > saved mIoU
2024-12-21 16:09:19,901 - 4        0.002059   0.011456   0.387190   0.001674   0.889286   5.0e-05 , 5.0e-06 
2024-12-21 16:09:19,902 - > saved mIoU
2024-12-21 16:25:09,511 - 5        0.001333   0.008953   0.402962   0.002655   0.889079   5.0e-05 , 5.0e-06 
2024-12-21 16:25:09,511 - > saved mIoU
2024-12-21 16:40:58,741 - 6        0.000998   0.007409   0.414020   0.004257   0.881593   5.0e-05 , 5.0e-06 
2024-12-21 16:40:58,742 - > saved mIoU
2024-12-21 16:56:48,048 - 7        0.000744   0.007021   0.419763   0.005622   0.889381   5.0e-05 , 5.0e-06 
2024-12-21 16:56:48,048 - > saved mIoU
2024-12-21 17:12:37,558 - 8        0.000618   0.006643   0.414295   0.007289   0.824403   5.0e-05 , 5.0e-06 
2024-12-21 17:28:26,229 - 9        0.000459   0.006302   0.419722   0.010144   0.884814   5.0e-05 , 5.0e-06 
2024-12-21 17:44:14,109 - 10       0.000318   0.005903   0.426145   0.020687   0.888188   5.0e-05 , 5.0e-06 
2024-12-21 17:44:14,110 - > saved mIoU
2024-12-21 18:00:04,504 - 11       0.000269   0.005929   0.431587   0.033637   0.893093   5.0e-05 , 5.0e-06 
2024-12-21 18:00:04,505 - > saved mIoU
2024-12-21 18:15:54,411 - 12       0.000246   0.004023   0.419360   0.039685   0.877398   5.0e-05 , 5.0e-06 
2024-12-21 18:31:43,067 - 13       0.000230   0.004981   0.397598   0.038966   0.756380   5.0e-05 , 5.0e-06 
2024-12-21 18:47:31,676 - 14       0.000193   0.003214   0.426790   0.050102   0.894767   5.0e-05 , 5.0e-06 
2024-12-21 19:03:19,831 - Epoch    Loss       Val Loss   mIoU       minIoU     maxIoU     LR      
2024-12-21 19:03:19,831 - 15       0.000146   0.003648   0.425838   0.055613   0.888733   5.0e-05 , 5.0e-06 
2024-12-21 19:19:07,881 - 16       0.000139   0.001859   0.397234   0.042089   0.856068   5.0e-05 , 5.0e-06 
2024-12-21 19:34:57,972 - 17       0.000536   0.001501   0.320160   0.000000   0.815629   5.0e-05 , 5.0e-06 
2024-12-21 19:50:47,135 - 18       0.000307   0.001183   0.331466   0.000000   0.835529   5.0e-05 , 5.0e-06 
2024-12-21 20:06:37,085 - 19       0.000338   0.002160   0.338180   0.000000   0.858353   5.0e-05 , 5.0e-06 
2024-12-21 20:22:25,608 - 20       0.000192   0.001053   0.334377   0.000000   0.778517   5.0e-05 , 5.0e-06 
2024-12-21 20:38:16,052 - 21       0.000083   0.000982   0.372553   0.003753   0.784623   5.0e-05 , 5.0e-06 
2024-12-21 20:54:05,482 - 22       0.000058   0.000893   0.362685   0.003215   0.794689   5.0e-05 , 5.0e-06 
2024-12-21 21:09:54,460 - 23       0.000057   0.000945   0.345091   0.000000   0.801554   5.0e-05 , 5.0e-06 
2024-12-21 21:25:42,688 - 24       0.000065   0.000650   0.349236   0.000000   0.805357   5.0e-05 , 5.0e-06 
2024-12-21 21:41:31,035 - 25       0.000058   0.000579   0.336200   0.000000   0.793065   5.0e-05 , 5.0e-06 
2024-12-21 21:57:19,970 - 26       0.000056   0.000771   0.274458   0.000000   0.771690   5.0e-05 , 5.0e-06 
2024-12-21 22:13:08,865 - 27       0.000064   0.000565   0.365567   0.000000   0.834354   5.0e-05 , 5.0e-06 
2024-12-21 22:28:58,368 - 28       0.000070   0.000423   0.338716   0.000000   0.854081   5.0e-05 , 5.0e-06 
2024-12-21 22:44:46,763 - 29       0.000620   0.002279   0.220731   0.000000   0.753919   5.0e-05 , 5.0e-06 
2024-12-21 23:00:34,952 - Epoch    Loss       Val Loss   mIoU       minIoU     maxIoU     LR      
2024-12-21 23:00:34,953 - 30       0.000229   0.000498   0.245180   0.000000   0.767594   5.0e-05 , 5.0e-06 
2024-12-21 23:16:23,503 - 31       0.000093   0.000450   0.247204   0.000000   0.778177   5.0e-05 , 5.0e-06 
2024-12-21 23:32:11,110 - 32       0.000044   0.000414   0.267404   0.000000   0.824916   5.0e-05 , 5.0e-06 
2024-12-21 23:47:59,204 - 33       0.000047   0.000438   0.277208   0.000000   0.766873   5.0e-05 , 5.0e-06 
2024-12-22 00:03:48,686 - 34       0.000052   0.000345   0.270947   0.000000   0.790716   5.0e-05 , 5.0e-06 
2024-12-22 00:19:37,758 - 35       0.000059   0.000485   0.259852   0.000000   0.784362   5.0e-05 , 5.0e-06 
2024-12-22 00:35:27,118 - 36       0.000042   0.000406   0.263283   0.000000   0.796134   5.0e-05 , 5.0e-06 
2024-12-22 00:51:15,518 - 37       0.000035   0.000317   0.298876   0.000000   0.863022   5.0e-05 , 5.0e-06 
2024-12-22 01:07:04,071 - 38       0.000087   0.000390   0.257575   0.000000   0.760772   5.0e-05 , 5.0e-06 
2024-12-22 01:22:53,221 - 39       0.000069   0.000341   0.244457   0.000000   0.847046   5.0e-05 , 5.0e-06 
2024-12-22 01:38:41,928 - 40       0.000048   0.000232   0.256225   0.000000   0.788723   5.0e-05 , 5.0e-06 
2024-12-22 01:54:30,885 - 41       0.000067   0.000246   0.260035   0.000000   0.845154   5.0e-05 , 5.0e-06 
2024-12-22 02:10:19,100 - 42       0.000047   0.000198   0.271552   0.000000   0.870092   5.0e-05 , 5.0e-06 
2024-12-22 02:26:07,520 - 43       0.000058   0.000214   0.259318   0.000000   0.866047   5.0e-05 , 5.0e-06 
2024-12-22 02:41:57,465 - 44       0.000072   0.000242   0.231623   0.000000   0.831775   5.0e-05 , 5.0e-06 
2024-12-22 02:57:45,444 - Epoch    Loss       Val Loss   mIoU       minIoU     maxIoU     LR      
2024-12-22 02:57:45,444 - 45       0.000094   0.000135   0.246200   0.000000   0.827210   5.0e-05 , 5.0e-06 
2024-12-22 03:13:32,843 - 46       0.000075   0.000115   0.248559   0.000000   0.830770   5.0e-05 , 5.0e-06 
2024-12-22 03:29:15,781 - 47       0.000086   0.000153   0.217649   0.000000   0.835976   5.0e-05 , 5.0e-06 
2024-12-22 03:44:59,219 - 48       0.000072   0.000121   0.243491   0.000000   0.838811   5.0e-05 , 5.0e-06 
2024-12-22 04:00:42,172 - 49       0.000117   0.000143   0.223258   0.000000   0.827747   5.0e-05 , 5.0e-06 
2024-12-22 04:00:42,172 - Fine del training

