2024-12-19 16:22:32,771 - device          : cuda:4
2024-12-19 16:22:32,771 - epochs          : 100
2024-12-19 16:22:32,771 - batch           : 32
2024-12-19 16:22:32,772 - lr              : 0.0001
2024-12-19 16:22:32,772 - crop            : 450
2024-12-19 16:22:32,772 - optimizer       : adam
2024-12-19 16:22:32,772 - biases          : False
2024-12-19 16:22:32,772 - focal_loss      : 0
2024-12-19 16:22:32,772 - activation      : sigmoid
2024-12-19 16:22:32,772 - class_weights   : False
2024-12-19 16:22:32,772 - norm_weights    : False
2024-12-19 16:22:32,781 - Dataset Creati
2024-12-19 16:22:32,781 - Training images: 5125
2024-12-19 16:22:32,781 - Validation images: 1031

2024-12-19 16:22:32,781 - Dataloader Creati
2024-12-19 16:22:32,781 - Training batches: 160
2024-12-19 16:22:32,782 - Validation batches: 128

2024-12-19 16:22:34,625 - Modello caricato correttamente su cuda:4

2024-12-19 16:22:34,627 - Inizio del training
2024-12-19 16:22:34,627 - optimizer: Adam (
Parameter Group 0
    amsgrad: False
    betas: (0.9, 0.999)
    capturable: False
    differentiable: False
    eps: 1e-08
    foreach: None
    fused: False
    lr: 0.0001
    maximize: False
    weight_decay: 0.0001

Parameter Group 1
    amsgrad: False
    betas: (0.9, 0.999)
    capturable: False
    differentiable: False
    eps: 1e-08
    foreach: None
    fused: False
    lr: 1e-05
    maximize: False
    weight_decay: 0.0001
)
2024-12-19 16:22:34,627 - loss:      BCELossModified()
2024-12-19 16:22:34,627 - epochs:    15
2024-12-19 16:22:34,627 - name:      weights_0

2024-12-19 16:26:09,259 - Epoch    Loss       Val Loss   mIoU       minIoU     maxIoU     LR      
2024-12-19 16:26:09,260 - 0        0.433578   0.260697   0.288970   0.000000   0.864024   1.0e-04 , 1.0e-05 
2024-12-19 16:29:39,803 - 1        0.218094   0.150821   0.311459   0.000000   0.859461   1.0e-04 , 1.0e-05 
2024-12-19 16:29:39,882 - Modello salvato
2024-12-19 16:29:39,952 - Modello salvato
2024-12-19 16:33:11,883 - 2        0.146515   0.110116   0.323647   0.000000   0.856143   1.0e-04 , 1.0e-05 
2024-12-19 16:33:11,964 - Modello salvato
2024-12-19 16:33:12,046 - Modello salvato
2024-12-19 16:36:41,236 - 3        0.115668   0.091774   0.330903   0.000000   0.856906   1.0e-04 , 1.0e-05 
2024-12-19 16:36:41,319 - Modello salvato
2024-12-19 16:36:41,401 - Modello salvato
2024-12-19 16:40:14,464 - 4        0.100501   0.082716   0.335894   0.000000   0.857550   1.0e-04 , 1.0e-05 
2024-12-19 16:40:14,548 - Modello salvato
2024-12-19 16:40:14,636 - Modello salvato
2024-12-19 16:43:46,807 - 5        0.090699   0.077466   0.336971   0.000000   0.856834   1.0e-04 , 1.0e-05 
2024-12-19 16:43:46,891 - Modello salvato
2024-12-19 16:43:46,970 - Modello salvato
2024-12-19 16:47:15,387 - 6        0.085639   0.073430   0.343139   0.000000   0.857214   1.0e-04 , 1.0e-05 
2024-12-19 16:47:15,476 - Modello salvato
2024-12-19 16:47:15,567 - Modello salvato
2024-12-19 16:50:40,845 - 7        0.080853   0.071228   0.342517   0.000000   0.857115   1.0e-04 , 1.0e-05 
2024-12-19 16:50:40,933 - Modello salvato
2024-12-19 16:54:12,058 - 8        0.078680   0.069484   0.347712   0.000000   0.858636   1.0e-04 , 1.0e-05 
2024-12-19 16:54:12,144 - Modello salvato
2024-12-19 16:54:12,226 - Modello salvato
2024-12-19 16:57:44,698 - 9        0.076069   0.068735   0.352690   0.000000   0.860120   1.0e-04 , 1.0e-05 
2024-12-19 16:57:44,788 - Modello salvato
2024-12-19 16:57:44,880 - Modello salvato
2024-12-19 17:01:16,608 - 10       0.074057   0.067772   0.350302   0.000000   0.857831   1.0e-04 , 1.0e-05 
2024-12-19 17:01:16,692 - Modello salvato
2024-12-19 17:04:49,930 - 11       0.073637   0.066820   0.354448   0.000000   0.859519   1.0e-04 , 1.0e-05 
2024-12-19 17:04:50,023 - Modello salvato
2024-12-19 17:04:50,109 - Modello salvato
2024-12-19 17:08:20,010 - 12       0.072305   0.066604   0.357696   0.000000   0.862143   1.0e-04 , 1.0e-05 
2024-12-19 17:08:20,099 - Modello salvato
2024-12-19 17:08:20,186 - Modello salvato
2024-12-19 17:11:48,337 - 13       0.070413   0.065602   0.358435   0.000000   0.862322   1.0e-04 , 1.0e-05 
2024-12-19 17:11:48,421 - Modello salvato
2024-12-19 17:11:48,499 - Modello salvato
2024-12-19 17:15:21,892 - 14       0.070247   0.065555   0.361234   0.000000   0.861791   1.0e-04 , 1.0e-05 
2024-12-19 17:15:21,976 - Modello salvato
2024-12-19 17:15:22,056 - Modello salvato
2024-12-19 17:15:22,056 - Fine del training

2024-12-19 17:15:22,153 - 
Caricati i pesi in: /home/piecestola/space/ML4CV/results/train_8/ckpts/weights_0.pt

2024-12-19 17:15:22,154 - Inizio del training
2024-12-19 17:15:22,154 - optimizer: Adam (
Parameter Group 0
    amsgrad: False
    betas: (0.9, 0.999)
    capturable: False
    differentiable: False
    eps: 1e-08
    foreach: None
    fused: False
    lr: 0.0001
    maximize: False
    weight_decay: 0.0001

Parameter Group 1
    amsgrad: False
    betas: (0.9, 0.999)
    capturable: False
    differentiable: False
    eps: 1e-08
    foreach: None
    fused: False
    lr: 1e-05
    maximize: False
    weight_decay: 0.0001
)
2024-12-19 17:15:22,154 - loss:      BCELossModified()
2024-12-19 17:15:22,154 - epochs:    100
2024-12-19 17:15:22,154 - name:      weights_1

