2024-12-20 23:40:18,245 - device          : cuda:5
2024-12-20 23:40:18,245 - model           : resnet101
2024-12-20 23:40:18,245 - epochs          : 50
2024-12-20 23:40:18,245 - batch           : 16
2024-12-20 23:40:18,245 - lr              : 0.0001
2024-12-20 23:40:18,245 - crop            : 512
2024-12-20 23:40:18,245 - optimizer       : adam
2024-12-20 23:40:18,246 - biases          : False
2024-12-20 23:40:18,246 - focal_loss      : 0
2024-12-20 23:40:18,246 - activation      : softmax
2024-12-20 23:40:18,246 - class_weights   : False
2024-12-20 23:40:18,246 - norm_weights    : False
2024-12-20 23:40:18,254 - Dataset Creati
2024-12-20 23:40:18,255 - Training images: 5125
2024-12-20 23:40:18,255 - Validation images: 1031

2024-12-20 23:40:18,255 - Dataloader Creati
2024-12-20 23:40:18,255 - Training batches: 320
2024-12-20 23:40:18,255 - Validation batches: 128

2024-12-20 23:40:22,112 - Model: deeplabv3plus_resnet101

2024-12-20 23:40:22,182 - Modello caricato correttamente su cuda:5

2024-12-20 23:40:22,186 - Inizio del training
2024-12-20 23:40:22,186 - optimizer: Adam (
Parameter Group 0
    amsgrad: False
    betas: (0.9, 0.999)
    capturable: False
    differentiable: False
    eps: 1e-08
    foreach: None
    fused: False
    lr: 0.0001
    maximize: False
    weight_decay: 0.0001

Parameter Group 1
    amsgrad: False
    betas: (0.9, 0.999)
    capturable: False
    differentiable: False
    eps: 1e-08
    foreach: None
    fused: False
    lr: 1e-05
    maximize: False
    weight_decay: 0.0001
)
2024-12-20 23:40:22,186 - loss:      CrossEntropyLoss()
2024-12-20 23:40:22,186 - epochs:    15
2024-12-20 23:40:22,186 - name:      weights_0

2024-12-20 23:46:37,019 - Epoch    Loss       Val Loss   mIoU       minIoU     maxIoU     LR      
2024-12-20 23:46:37,020 - 0        0.944662   0.659521   0.291738   0.000000   0.819384   1.0e-04 , 1.0e-05 
2024-12-20 23:52:53,985 - 1        0.676938   0.625854   0.312860   0.000000   0.830434   1.0e-04 , 1.0e-05 
2024-12-20 23:52:54,877 - Modello salvato
2024-12-20 23:59:11,695 - 2        0.615993   0.612119   0.328058   0.000000   0.832100   1.0e-04 , 1.0e-05 
2024-12-20 23:59:12,664 - Modello salvato
2024-12-21 00:05:26,898 - 3        0.571140   0.603817   0.336834   0.000000   0.836503   1.0e-04 , 1.0e-05 
2024-12-21 00:05:27,857 - Modello salvato
2024-12-21 00:11:42,432 - 4        0.554540   0.591227   0.344202   0.000000   0.842348   1.0e-04 , 1.0e-05 
2024-12-21 00:11:43,428 - Modello salvato
2024-12-21 00:17:57,924 - 5        0.538391   0.602319   0.349400   0.010683   0.837209   1.0e-04 , 1.0e-05 
2024-12-21 00:17:58,409 - Modello salvato
2024-12-21 00:24:12,919 - 6        0.517434   0.597677   0.359426   0.011409   0.841383   1.0e-04 , 1.0e-05 
2024-12-21 00:24:13,398 - Modello salvato
2024-12-21 00:30:29,430 - 7        0.504158   0.584866   0.369731   0.015663   0.844830   1.0e-04 , 1.0e-05 
2024-12-21 00:30:30,371 - Modello salvato
2024-12-21 00:36:45,227 - 8        0.493170   0.590359   0.378899   0.018220   0.844867   1.0e-04 , 1.0e-05 
2024-12-21 00:36:45,731 - Modello salvato
2024-12-21 00:43:03,108 - 9        0.480333   0.591473   0.385278   0.019868   0.849316   1.0e-04 , 1.0e-05 
2024-12-21 00:43:03,619 - Modello salvato
2024-12-21 00:49:20,495 - 10       0.473286   0.592047   0.396244   0.024940   0.851494   1.0e-04 , 1.0e-05 
2024-12-21 00:49:20,989 - Modello salvato
2024-12-21 00:55:36,300 - 11       0.466107   0.597596   0.394076   0.025840   0.845439   1.0e-04 , 1.0e-05 
2024-12-21 01:01:50,195 - 12       0.461135   0.601673   0.403501   0.026411   0.847098   1.0e-04 , 1.0e-05 
2024-12-21 01:01:50,690 - Modello salvato
2024-12-21 01:08:05,883 - 13       0.449658   0.595825   0.408243   0.030516   0.849333   1.0e-04 , 1.0e-05 
2024-12-21 01:08:06,367 - Modello salvato
2024-12-21 01:14:22,943 - 14       0.449614   0.600940   0.408417   0.035006   0.849641   5.0e-05 , 5.0e-06 
2024-12-21 01:14:23,447 - Modello salvato
2024-12-21 01:14:23,447 - Fine del training

2024-12-21 01:14:23,718 - 
Caricati i pesi in: /home/piecestola/space/ML4CV/results/train_4/ckpts/weights_0.pt

2024-12-21 01:14:23,720 - Inizio del training
2024-12-21 01:14:23,720 - optimizer: Adam (
Parameter Group 0
    amsgrad: False
    betas: (0.9, 0.999)
    capturable: False
    differentiable: False
    eps: 1e-08
    foreach: None
    fused: False
    lr: 5e-05
    maximize: False
    weight_decay: 0.0001

Parameter Group 1
    amsgrad: False
    betas: (0.9, 0.999)
    capturable: False
    differentiable: False
    eps: 1e-08
    foreach: None
    fused: False
    lr: 5e-06
    maximize: False
    weight_decay: 0.0001
)
2024-12-21 01:14:23,720 - loss:      CrossEntropyLoss()
2024-12-21 01:14:23,720 - epochs:    50
2024-12-21 01:14:23,720 - name:      weights_1

2024-12-21 01:30:17,583 - Epoch    Loss       Val Loss   mIoU       minIoU     maxIoU     LR      
2024-12-21 01:30:17,584 - 0        0.425414   0.470844   0.435424   0.045448   0.904459   5.0e-05 , 5.0e-06 
2024-12-21 01:46:12,730 - 1        0.315152   0.439219   0.467538   0.101341   0.914009   5.0e-05 , 5.0e-06 
2024-12-21 01:46:15,023 - Modello salvato
2024-12-21 02:02:09,482 - 2        0.254675   0.422340   0.491991   0.110323   0.913852   5.0e-05 , 5.0e-06 
2024-12-21 02:02:12,180 - Modello salvato
2024-12-21 02:18:06,628 - 3        0.216643   0.406889   0.507055   0.133795   0.917101   5.0e-05 , 5.0e-06 
2024-12-21 02:18:09,391 - Modello salvato
2024-12-21 02:34:02,471 - 4        0.189225   0.401190   0.521551   0.148614   0.924916   5.0e-05 , 5.0e-06 
2024-12-21 02:34:05,299 - Modello salvato
2024-12-21 02:49:58,250 - 5        0.171585   0.402223   0.532415   0.190608   0.919642   5.0e-05 , 5.0e-06 
2024-12-21 02:49:59,653 - Modello salvato
2024-12-21 03:05:52,965 - 6        0.157269   0.400658   0.543026   0.205101   0.922849   5.0e-05 , 5.0e-06 
2024-12-21 03:05:55,765 - Modello salvato
2024-12-21 03:21:49,703 - 7        0.147608   0.402885   0.543234   0.198067   0.919436   5.0e-05 , 5.0e-06 
2024-12-21 03:21:51,106 - Modello salvato
2024-12-21 03:37:44,350 - 8        0.140069   0.397860   0.550536   0.176592   0.920027   5.0e-05 , 5.0e-06 
2024-12-21 03:37:47,124 - Modello salvato
2024-12-21 03:53:39,425 - 9        0.129926   0.399904   0.561590   0.206862   0.926690   5.0e-05 , 5.0e-06 
2024-12-21 03:53:40,826 - Modello salvato
2024-12-21 04:09:33,737 - 10       0.123527   0.402870   0.570051   0.243977   0.927542   5.0e-05 , 5.0e-06 
2024-12-21 04:09:35,112 - Modello salvato
2024-12-21 04:25:27,131 - 11       0.118020   0.377823   0.574102   0.210577   0.924241   5.0e-05 , 5.0e-06 
2024-12-21 04:25:29,878 - Modello salvato
2024-12-21 04:41:24,026 - 12       0.113076   0.394631   0.575068   0.225384   0.929530   5.0e-05 , 5.0e-06 
2024-12-21 04:41:25,431 - Modello salvato
2024-12-21 04:57:20,024 - 13       0.109603   0.397868   0.575748   0.209615   0.926966   5.0e-05 , 5.0e-06 
2024-12-21 04:57:21,487 - Modello salvato
2024-12-21 05:13:15,039 - 14       0.106522   0.390988   0.585638   0.228428   0.926005   5.0e-05 , 5.0e-06 
2024-12-21 05:13:16,449 - Modello salvato
2024-12-21 05:29:11,833 - Epoch    Loss       Val Loss   mIoU       minIoU     maxIoU     LR      
2024-12-21 05:29:11,833 - 15       0.104646   0.374403   0.577664   0.193996   0.917902   5.0e-05 , 5.0e-06 
2024-12-21 05:45:07,182 - 16       0.100702   0.366587   0.599666   0.270742   0.931079   5.0e-05 , 5.0e-06 
2024-12-21 05:45:09,959 - Modello salvato
2024-12-21 06:01:02,973 - 17       0.098613   0.357517   0.601241   0.265157   0.928331   5.0e-05 , 5.0e-06 
2024-12-21 06:01:05,714 - Modello salvato
2024-12-21 06:16:52,838 - 18       0.095945   0.375065   0.595670   0.276033   0.931135   5.0e-05 , 5.0e-06 
2024-12-21 06:32:37,610 - 19       0.093194   0.372566   0.602612   0.279398   0.933282   5.0e-05 , 5.0e-06 
2024-12-21 06:32:38,953 - Modello salvato
2024-12-21 06:48:24,833 - 20       0.091469   0.370604   0.607075   0.267492   0.932033   5.0e-05 , 5.0e-06 
2024-12-21 06:48:26,195 - Modello salvato
2024-12-21 07:04:12,013 - 21       0.088284   0.379143   0.602594   0.212438   0.935958   5.0e-05 , 5.0e-06 
2024-12-21 07:19:57,897 - 22       0.088000   0.375185   0.606127   0.207201   0.933429   5.0e-05 , 5.0e-06 
2024-12-21 07:35:44,205 - 23       0.088358   0.361727   0.611842   0.206440   0.936655   5.0e-05 , 5.0e-06 
2024-12-21 07:35:45,559 - Modello salvato
2024-12-21 07:51:31,077 - 24       0.087058   0.389194   0.613736   0.321455   0.931365   2.5e-05 , 2.5e-06 
2024-12-21 07:51:32,446 - Modello salvato
2024-12-21 08:07:18,946 - 25       0.083745   0.374638   0.612152   0.299898   0.932951   2.5e-05 , 2.5e-06 
2024-12-21 08:23:04,164 - 26       0.080177   0.373718   0.617687   0.306892   0.932227   2.5e-05 , 2.5e-06 
2024-12-21 08:23:05,536 - Modello salvato
2024-12-21 08:38:51,539 - 27       0.077843   0.381804   0.617987   0.308721   0.935112   2.5e-05 , 2.5e-06 
2024-12-21 08:38:52,861 - Modello salvato
2024-12-21 08:54:39,186 - 28       0.076809   0.372657   0.621095   0.283494   0.935252   2.5e-05 , 2.5e-06 
2024-12-21 08:54:40,551 - Modello salvato
2024-12-21 09:10:26,984 - 29       0.076706   0.378187   0.608883   0.265550   0.933253   2.5e-05 , 2.5e-06 
2024-12-21 09:26:12,212 - Epoch    Loss       Val Loss   mIoU       minIoU     maxIoU     LR      
2024-12-21 09:26:12,213 - 30       0.075926   0.385409   0.621435   0.313440   0.933818   1.3e-05 , 1.3e-06 
2024-12-21 09:26:13,564 - Modello salvato
2024-12-21 09:41:58,528 - 31       0.074221   0.377736   0.626016   0.330370   0.935441   1.3e-05 , 1.3e-06 
2024-12-21 09:41:59,958 - Modello salvato
2024-12-21 09:57:45,743 - 32       0.074279   0.371315   0.627687   0.316279   0.937049   1.3e-05 , 1.3e-06 
2024-12-21 09:57:47,123 - Modello salvato
2024-12-21 10:13:30,082 - 33       0.072162   0.379283   0.621452   0.306991   0.935211   1.3e-05 , 1.3e-06 
2024-12-21 10:29:14,752 - 34       0.072191   0.375227   0.625099   0.315900   0.935531   1.3e-05 , 1.3e-06 
2024-12-21 10:45:00,772 - 35       0.071238   0.369188   0.624074   0.294651   0.933779   1.3e-05 , 1.3e-06 
2024-12-21 11:00:46,273 - 36       0.071073   0.370592   0.630525   0.304603   0.938552   6.3e-06 , 6.3e-07 
2024-12-21 11:00:47,721 - Modello salvato
2024-12-21 11:16:32,891 - 37       0.070145   0.375448   0.629963   0.315445   0.936864   6.3e-06 , 6.3e-07 
2024-12-21 11:32:19,861 - 38       0.070135   0.374775   0.630498   0.327210   0.937561   6.3e-06 , 6.3e-07 
2024-12-21 11:48:07,199 - 39       0.070684   0.370445   0.629691   0.325243   0.937094   6.3e-06 , 6.3e-07 
2024-12-21 12:03:54,804 - 40       0.069235   0.375113   0.629853   0.331598   0.935381   6.3e-06 , 6.3e-07 
2024-12-21 12:19:41,640 - 41       0.068816   0.368481   0.628642   0.310450   0.935775   6.3e-06 , 6.3e-07 
2024-12-21 12:35:25,755 - 42       0.068646   0.369248   0.632592   0.327727   0.935276   3.1e-06 , 3.1e-07 
2024-12-21 12:35:26,905 - Modello salvato
2024-12-21 12:51:10,729 - 43       0.068633   0.366155   0.631227   0.325687   0.936448   3.1e-06 , 3.1e-07 
2024-12-21 13:06:59,299 - 44       0.068912   0.370386   0.629924   0.330699   0.935810   3.1e-06 , 3.1e-07 
2024-12-21 13:22:57,290 - Epoch    Loss       Val Loss   mIoU       minIoU     maxIoU     LR      
2024-12-21 13:22:57,290 - 45       0.068487   0.371054   0.630862   0.332281   0.935892   3.1e-06 , 3.1e-07 
2024-12-21 13:39:04,591 - 46       0.068239   0.370803   0.631077   0.329825   0.935570   3.1e-06 , 3.1e-07 
2024-12-21 13:55:12,652 - 47       0.067929   0.367604   0.630297   0.323777   0.935961   3.1e-06 , 3.1e-07 
2024-12-21 14:11:19,540 - 48       0.067903   0.364255   0.631690   0.315929   0.936806   1.6e-06 , 1.6e-07 
2024-12-21 14:27:25,928 - 49       0.067704   0.366639   0.628515   0.301847   0.936417   1.6e-06 , 1.6e-07 
2024-12-21 14:27:25,928 - Fine del training

