2025-01-07 14:34:12,888 - device          : cuda:3
2025-01-07 14:34:12,889 - folder          : 4
2025-01-07 14:34:12,889 - file            : train_2
2025-01-07 14:34:12,889 - test            : False
2025-01-07 14:34:12,889 - end

2025-01-07 14:34:12,896 - Dataset Creato
2025-01-07 14:34:12,896 - Training images: 5125
2025-01-07 14:34:12,897 - Dataloader Creato
2025-01-07 14:34:12,897 - Training batches: 1281
2025-01-07 14:34:17,400 - Caricati i pesi: /raid/homespace/piecestola/space/ML4CV/results_4/train_2/ckpts/weights_mIoU_1.pt
2025-01-07 14:34:17,401 - Modello caricato correttamente su cuda:3

2025-01-08 18:11:46,848 - Dataset Creati
2025-01-08 18:11:46,848 - Test images: 1024
2025-01-08 18:11:46,848 - Anomalies images: 476

2025-01-08 18:11:46,849 - Dataloader Creati
2025-01-08 18:11:46,849 - Test batches: 256
2025-01-08 18:11:46,849 - Anomalies batches: 119

2025-01-08 18:11:51,048 - Caricati i pesi: /raid/homespace/piecestola/space/ML4CV/results_4/train_2/ckpts/weights_mIoU_1.pt
2025-01-08 18:11:51,048 - Modello caricato correttamente su cuda:3

2025-01-08 18:16:05,328 - AUPR t5: 0.005629627965390682
2025-01-08 18:18:00,243 - AUPR t6: 0.005647287238389254
