2024-12-20 15:05:15,086 - device          : cuda:3
2024-12-20 15:05:15,086 - model           : resnet101
2024-12-20 15:05:15,086 - epochs          : 50
2024-12-20 15:05:15,086 - batch           : 16
2024-12-20 15:05:15,086 - lr              : 0.0001
2024-12-20 15:05:15,087 - crop            : 512
2024-12-20 15:05:15,087 - optimizer       : adam
2024-12-20 15:05:15,087 - biases          : False
2024-12-20 15:05:15,087 - focal_loss      : 0
2024-12-20 15:05:15,087 - activation      : sigmoid
2024-12-20 15:05:15,087 - class_weights   : False
2024-12-20 15:05:15,087 - norm_weights    : False
2024-12-20 15:05:15,095 - Dataset Creati
2024-12-20 15:05:15,095 - Training images: 5125
2024-12-20 15:05:15,095 - Validation images: 1031

2024-12-20 15:05:15,096 - Dataloader Creati
2024-12-20 15:05:15,096 - Training batches: 320
2024-12-20 15:05:15,096 - Validation batches: 128

2024-12-20 15:05:18,872 - Model: deeplabv3plus_resnet101

2024-12-20 15:05:18,941 - Modello caricato correttamente su cuda:3

2024-12-20 15:05:18,944 - Inizio del training
2024-12-20 15:05:18,944 - optimizer: Adam (
Parameter Group 0
    amsgrad: False
    betas: (0.9, 0.999)
    capturable: False
    differentiable: False
    eps: 1e-08
    foreach: None
    fused: False
    lr: 0.0001
    maximize: False
    weight_decay: 0.0001

Parameter Group 1
    amsgrad: False
    betas: (0.9, 0.999)
    capturable: False
    differentiable: False
    eps: 1e-08
    foreach: None
    fused: False
    lr: 1e-05
    maximize: False
    weight_decay: 0.0001
)
2024-12-20 15:05:18,944 - loss:      BCELossModified()
2024-12-20 15:05:18,944 - epochs:    15
2024-12-20 15:05:18,944 - name:      weights_0

2024-12-20 15:11:42,724 - Epoch    Loss       Val Loss   mIoU       minIoU     maxIoU     LR      
2024-12-20 15:11:42,724 - 0        0.292352   0.140241   0.272971   0.000377   0.826641   1.0e-04 , 1.0e-05 
2024-12-20 15:18:07,368 - 1        0.120965   0.094564   0.293096   0.000000   0.828436   1.0e-04 , 1.0e-05 
2024-12-20 15:18:08,185 - Modello salvato
2024-12-20 15:24:33,288 - 2        0.095647   0.082980   0.306553   0.000000   0.830526   1.0e-04 , 1.0e-05 
2024-12-20 15:24:34,321 - Modello salvato
2024-12-20 15:30:59,705 - 3        0.084746   0.078046   0.316431   0.000393   0.834646   1.0e-04 , 1.0e-05 
2024-12-20 15:31:00,685 - Modello salvato
2024-12-20 15:37:26,229 - 4        0.080340   0.074938   0.320877   0.001809   0.838507   1.0e-04 , 1.0e-05 
2024-12-20 15:37:27,245 - Modello salvato
2024-12-20 15:43:52,686 - 5        0.077099   0.074861   0.328778   0.001500   0.836006   1.0e-04 , 1.0e-05 
2024-12-20 15:43:53,649 - Modello salvato
2024-12-20 15:50:19,261 - 6        0.074129   0.073854   0.337017   0.002629   0.840660   1.0e-04 , 1.0e-05 
2024-12-20 15:50:20,259 - Modello salvato
2024-12-20 15:56:45,911 - 7        0.072316   0.072268   0.335576   0.003050   0.840577   1.0e-04 , 1.0e-05 
2024-12-20 16:03:11,276 - 8        0.070930   0.072531   0.343200   0.004118   0.843680   1.0e-04 , 1.0e-05 
2024-12-20 16:03:11,782 - Modello salvato
2024-12-20 16:09:37,133 - 9        0.069195   0.072425   0.343378   0.005330   0.846801   1.0e-04 , 1.0e-05 
2024-12-20 16:09:37,638 - Modello salvato
2024-12-20 16:16:03,331 - 10       0.068503   0.072359   0.351121   0.006457   0.850567   1.0e-04 , 1.0e-05 
2024-12-20 16:16:03,844 - Modello salvato
2024-12-20 16:22:28,362 - 11       0.067784   0.072786   0.344444   0.009898   0.842393   1.0e-04 , 1.0e-05 
2024-12-20 16:28:54,237 - 12       0.067231   0.073580   0.355490   0.007778   0.847305   1.0e-04 , 1.0e-05 
2024-12-20 16:28:54,745 - Modello salvato
2024-12-20 16:35:19,119 - 13       0.065976   0.072412   0.353567   0.012492   0.846003   1.0e-04 , 1.0e-05 
2024-12-20 16:41:43,310 - 14       0.066328   0.073305   0.355822   0.014863   0.849896   5.0e-05 , 5.0e-06 
2024-12-20 16:41:43,791 - Modello salvato
2024-12-20 16:41:43,791 - Fine del training

2024-12-20 16:41:44,037 - 
Caricati i pesi in: /home/piecestola/space/ML4CV/results/train_2/ckpts/weights_0.pt

2024-12-20 16:41:44,043 - Inizio del training
2024-12-20 16:41:44,043 - optimizer: Adam (
Parameter Group 0
    amsgrad: False
    betas: (0.9, 0.999)
    capturable: False
    differentiable: False
    eps: 1e-08
    foreach: None
    fused: False
    lr: 5e-05
    maximize: False
    weight_decay: 0.0001

Parameter Group 1
    amsgrad: False
    betas: (0.9, 0.999)
    capturable: False
    differentiable: False
    eps: 1e-08
    foreach: None
    fused: False
    lr: 5e-06
    maximize: False
    weight_decay: 0.0001
)
2024-12-20 16:41:44,043 - loss:      BCELossModified()
2024-12-20 16:41:44,043 - epochs:    50
2024-12-20 16:41:44,043 - name:      weights_1

2024-12-20 16:57:38,440 - Epoch    Loss       Val Loss   mIoU       minIoU     maxIoU     LR      
2024-12-20 16:57:38,441 - 0        0.060536   0.058478   0.401284   0.000000   0.909969   5.0e-05 , 5.0e-06 
2024-12-20 17:13:33,905 - 1        0.047035   0.054586   0.427335   0.000246   0.915286   5.0e-05 , 5.0e-06 
2024-12-20 17:13:36,170 - Modello salvato
2024-12-20 17:29:32,773 - 2        0.039241   0.051255   0.458203   0.007969   0.914880   5.0e-05 , 5.0e-06 
2024-12-20 17:29:35,698 - Modello salvato
2024-12-20 17:45:31,609 - 3        0.033790   0.048677   0.482763   0.100705   0.918331   5.0e-05 , 5.0e-06 
2024-12-20 17:45:34,396 - Modello salvato
2024-12-20 18:01:31,952 - 4        0.029726   0.047923   0.503266   0.152262   0.926522   5.0e-05 , 5.0e-06 
2024-12-20 18:01:34,720 - Modello salvato
2024-12-20 18:17:30,814 - 5        0.027000   0.048132   0.516850   0.165407   0.921287   5.0e-05 , 5.0e-06 
2024-12-20 18:17:32,205 - Modello salvato
2024-12-20 18:33:27,330 - 6        0.024698   0.048187   0.532097   0.190926   0.928137   5.0e-05 , 5.0e-06 
2024-12-20 18:33:28,690 - Modello salvato
2024-12-20 18:49:24,069 - 7        0.023311   0.047363   0.532060   0.186947   0.919572   5.0e-05 , 5.0e-06 
2024-12-20 19:05:20,714 - 8        0.022079   0.045897   0.558140   0.219283   0.924605   5.0e-05 , 5.0e-06 
2024-12-20 19:05:23,600 - Modello salvato
2024-12-20 19:21:21,121 - 9        0.020516   0.045427   0.564993   0.225141   0.931203   5.0e-05 , 5.0e-06 
2024-12-20 19:21:24,541 - Modello salvato
2024-12-20 19:37:18,488 - 10       0.019640   0.045662   0.570864   0.225985   0.930879   5.0e-05 , 5.0e-06 
2024-12-20 19:37:19,879 - Modello salvato
2024-12-20 19:53:13,245 - 11       0.019107   0.046947   0.562144   0.226535   0.930884   5.0e-05 , 5.0e-06 
2024-12-20 20:09:06,295 - 12       0.018804   0.047730   0.556010   0.211623   0.934741   5.0e-05 , 5.0e-06 
2024-12-20 20:24:59,941 - 13       0.017906   0.045710   0.577261   0.221195   0.933908   5.0e-05 , 5.0e-06 
2024-12-20 20:25:01,341 - Modello salvato
2024-12-20 20:40:54,796 - 14       0.017263   0.043984   0.589604   0.241167   0.927312   5.0e-05 , 5.0e-06 
2024-12-20 20:40:57,526 - Modello salvato
2024-12-20 20:56:52,894 - Epoch    Loss       Val Loss   mIoU       minIoU     maxIoU     LR      
2024-12-20 20:56:52,895 - 15       0.017079   0.046305   0.574795   0.242595   0.917023   5.0e-05 , 5.0e-06 
2024-12-20 21:12:45,760 - 16       0.016452   0.043385   0.592888   0.268370   0.936820   5.0e-05 , 5.0e-06 
2024-12-20 21:12:48,494 - Modello salvato
2024-12-20 21:28:41,663 - 17       0.015954   0.041361   0.603980   0.283021   0.932694   5.0e-05 , 5.0e-06 
2024-12-20 21:28:44,338 - Modello salvato
2024-12-20 21:44:37,254 - 18       0.015602   0.043332   0.600279   0.281715   0.938917   5.0e-05 , 5.0e-06 
2024-12-20 22:00:31,936 - 19       0.015408   0.044761   0.593576   0.251162   0.938585   5.0e-05 , 5.0e-06 
2024-12-20 22:16:25,445 - 20       0.015218   0.044750   0.590636   0.249464   0.939914   5.0e-05 , 5.0e-06 
2024-12-20 22:32:20,448 - 21       0.015114   0.043604   0.597042   0.259319   0.932883   5.0e-05 , 5.0e-06 
2024-12-20 22:48:13,436 - 22       0.015842   0.042906   0.611047   0.287068   0.937260   5.0e-05 , 5.0e-06 
2024-12-20 22:48:14,775 - Modello salvato
2024-12-20 23:04:10,011 - 23       0.015875   0.043297   0.595770   0.273816   0.941100   5.0e-05 , 5.0e-06 
2024-12-20 23:20:04,854 - 24       0.015069   0.042590   0.618496   0.276302   0.939444   2.5e-05 , 2.5e-06 
2024-12-20 23:20:06,237 - Modello salvato
2024-12-20 23:36:00,251 - 25       0.014323   0.041977   0.617057   0.281995   0.940313   2.5e-05 , 2.5e-06 
2024-12-20 23:51:58,315 - 26       0.013759   0.042262   0.621410   0.286515   0.940724   2.5e-05 , 2.5e-06 
2024-12-20 23:51:59,777 - Modello salvato
2024-12-21 00:07:59,437 - 27       0.013465   0.043140   0.616512   0.294763   0.941206   2.5e-05 , 2.5e-06 
2024-12-21 00:23:56,873 - 28       0.013326   0.042306   0.615227   0.295653   0.940591   2.5e-05 , 2.5e-06 
2024-12-21 00:39:53,430 - 29       0.013270   0.043597   0.615283   0.322642   0.941801   2.5e-05 , 2.5e-06 
2024-12-21 00:55:50,858 - Epoch    Loss       Val Loss   mIoU       minIoU     maxIoU     LR      
2024-12-21 00:55:50,858 - 30       0.013034   0.041874   0.622168   0.292184   0.940904   1.3e-05 , 1.3e-06 
2024-12-21 00:55:52,254 - Modello salvato
2024-12-21 01:11:50,223 - 31       0.012826   0.042767   0.622764   0.303590   0.940678   1.3e-05 , 1.3e-06 
2024-12-21 01:11:51,620 - Modello salvato
2024-12-21 01:27:47,798 - 32       0.012836   0.041852   0.628830   0.316466   0.940989   1.3e-05 , 1.3e-06 
2024-12-21 01:27:49,211 - Modello salvato
2024-12-21 01:43:45,562 - 33       0.012581   0.042686   0.621601   0.315169   0.941475   1.3e-05 , 1.3e-06 
2024-12-21 01:59:42,190 - 34       0.012601   0.041702   0.623747   0.301759   0.939529   1.3e-05 , 1.3e-06 
2024-12-21 02:15:39,578 - 35       0.012491   0.042331   0.615879   0.311359   0.939619   1.3e-05 , 1.3e-06 
2024-12-21 02:31:36,244 - 36       0.012519   0.042444   0.625507   0.313158   0.936603   6.3e-06 , 6.3e-07 
2024-12-21 02:47:33,606 - 37       0.012264   0.041292   0.626410   0.311334   0.936450   6.3e-06 , 6.3e-07 
2024-12-21 03:03:30,066 - 38       0.012247   0.041445   0.627446   0.318070   0.937760   6.3e-06 , 6.3e-07 
2024-12-21 03:19:26,697 - 39       0.012292   0.040666   0.625417   0.309537   0.938145   6.3e-06 , 6.3e-07 
2024-12-21 03:35:24,367 - 40       0.012013   0.041048   0.626677   0.320949   0.935510   6.3e-06 , 6.3e-07 
2024-12-21 03:51:20,055 - 41       0.011943   0.041108   0.618591   0.298620   0.935859   6.3e-06 , 6.3e-07 
2024-12-21 04:07:16,290 - 42       0.011884   0.041355   0.622524   0.310097   0.936776   6.3e-06 , 6.3e-07 
2024-12-21 04:23:11,967 - 43       0.011907   0.041545   0.620897   0.317324   0.938438   6.3e-06 , 6.3e-07 
2024-12-21 04:39:08,656 - 44       0.011906   0.041373   0.626391   0.325956   0.937550   6.3e-06 , 6.3e-07 
2024-12-21 04:55:04,408 - Epoch    Loss       Val Loss   mIoU       minIoU     maxIoU     LR      
2024-12-21 04:55:04,409 - 45       0.011828   0.041869   0.620206   0.307275   0.938773   6.3e-06 , 6.3e-07 
2024-12-21 05:11:00,288 - 46       0.011761   0.041709   0.629412   0.322361   0.939066   3.1e-06 , 3.1e-07 
2024-12-21 05:11:01,639 - Modello salvato
2024-12-21 05:26:58,383 - 47       0.011667   0.041428   0.625999   0.319248   0.939312   3.1e-06 , 3.1e-07 
2024-12-21 05:42:55,308 - 48       0.011664   0.041230   0.629413   0.323132   0.941233   3.1e-06 , 3.1e-07 
2024-12-21 05:42:56,697 - Modello salvato
2024-12-21 05:58:52,466 - 49       0.011585   0.041826   0.626503   0.329300   0.939607   3.1e-06 , 3.1e-07 
2024-12-21 05:58:52,466 - Fine del training

