2024-12-19 16:22:05,158 - device          : cuda:0
2024-12-19 16:22:05,158 - epochs          : 100
2024-12-19 16:22:05,158 - batch           : 32
2024-12-19 16:22:05,158 - lr              : 0.0001
2024-12-19 16:22:05,158 - crop            : 450
2024-12-19 16:22:05,158 - optimizer       : adam
2024-12-19 16:22:05,158 - biases          : False
2024-12-19 16:22:05,158 - focal_loss      : 0
2024-12-19 16:22:05,158 - activation      : softmax
2024-12-19 16:22:05,159 - class_weights   : False
2024-12-19 16:22:05,159 - norm_weights    : False
2024-12-19 16:22:05,166 - Dataset Creati
2024-12-19 16:22:05,166 - Training images: 5125
2024-12-19 16:22:05,166 - Validation images: 1031

2024-12-19 16:22:05,167 - Dataloader Creati
2024-12-19 16:22:05,167 - Training batches: 160
2024-12-19 16:22:05,167 - Validation batches: 128

2024-12-19 16:22:06,737 - Modello caricato correttamente su cuda:0

2024-12-19 16:22:06,739 - Inizio del training
2024-12-19 16:22:06,739 - optimizer: Adam (
Parameter Group 0
    amsgrad: False
    betas: (0.9, 0.999)
    capturable: False
    differentiable: False
    eps: 1e-08
    foreach: None
    fused: False
    lr: 0.0001
    maximize: False
    weight_decay: 0.0001

Parameter Group 1
    amsgrad: False
    betas: (0.9, 0.999)
    capturable: False
    differentiable: False
    eps: 1e-08
    foreach: None
    fused: False
    lr: 1e-05
    maximize: False
    weight_decay: 0.0001
)
2024-12-19 16:22:06,739 - loss:      CrossEntropyLoss()
2024-12-19 16:22:06,739 - epochs:    15
2024-12-19 16:22:06,739 - name:      weights_0

2024-12-19 16:25:31,106 - Epoch    Loss       Val Loss   mIoU       minIoU     maxIoU     LR      
2024-12-19 16:25:31,106 - 0        1.016255   0.589618   0.307565   0.000000   0.861081   1.0e-04 , 1.0e-05 
2024-12-19 16:29:02,703 - 1        0.685580   0.554619   0.331585   0.000000   0.857137   1.0e-04 , 1.0e-05 
2024-12-19 16:29:02,793 - Modello salvato
2024-12-19 16:29:02,867 - Modello salvato
2024-12-19 16:32:36,372 - 2        0.617353   0.536410   0.346533   0.000000   0.856719   1.0e-04 , 1.0e-05 
2024-12-19 16:32:36,458 - Modello salvato
2024-12-19 16:32:36,541 - Modello salvato
2024-12-19 16:36:09,926 - 3        0.578014   0.528366   0.358059   0.000000   0.859664   1.0e-04 , 1.0e-05 
2024-12-19 16:36:10,006 - Modello salvato
2024-12-19 16:36:10,083 - Modello salvato
2024-12-19 16:39:40,074 - 4        0.560100   0.527273   0.365067   0.000000   0.861426   1.0e-04 , 1.0e-05 
2024-12-19 16:39:40,156 - Modello salvato
2024-12-19 16:39:40,233 - Modello salvato
2024-12-19 16:43:12,685 - 5        0.533324   0.530561   0.367469   0.000000   0.861846   1.0e-04 , 1.0e-05 
2024-12-19 16:43:12,764 - Modello salvato
2024-12-19 16:46:40,290 - 6        0.529792   0.522498   0.374850   0.000000   0.864000   1.0e-04 , 1.0e-05 
2024-12-19 16:46:40,373 - Modello salvato
2024-12-19 16:46:40,453 - Modello salvato
2024-12-19 16:50:04,890 - 7        0.511004   0.522590   0.374727   0.000000   0.863824   1.0e-04 , 1.0e-05 
2024-12-19 16:53:33,337 - 8        0.509076   0.519370   0.380522   0.000000   0.864555   1.0e-04 , 1.0e-05 
2024-12-19 16:53:33,415 - Modello salvato
2024-12-19 16:53:33,493 - Modello salvato
2024-12-19 16:57:01,040 - 9        0.496826   0.521099   0.385415   0.000000   0.866365   1.0e-04 , 1.0e-05 
2024-12-19 16:57:01,127 - Modello salvato
2024-12-19 17:00:27,919 - 10       0.487604   0.520513   0.383935   0.000000   0.864649   1.0e-04 , 1.0e-05 
2024-12-19 17:03:57,647 - 11       0.489418   0.514478   0.387073   0.000000   0.865399   1.0e-04 , 1.0e-05 
2024-12-19 17:03:57,726 - Modello salvato
2024-12-19 17:03:57,806 - Modello salvato
2024-12-19 17:07:26,188 - 12       0.482410   0.515409   0.391618   0.000000   0.869047   1.0e-04 , 1.0e-05 
2024-12-19 17:07:26,269 - Modello salvato
2024-12-19 17:10:50,715 - 13       0.471111   0.511811   0.391719   0.000000   0.868878   1.0e-04 , 1.0e-05 
2024-12-19 17:10:50,803 - Modello salvato
2024-12-19 17:10:50,889 - Modello salvato
2024-12-19 17:14:19,292 - 14       0.472534   0.515702   0.395376   0.000000   0.868598   1.0e-04 , 1.0e-05 
2024-12-19 17:14:19,379 - Modello salvato
2024-12-19 17:14:19,380 - Fine del training

2024-12-19 17:14:19,477 - 
Caricati i pesi in: /home/piecestola/space/ML4CV/results/train_5/ckpts/weights_0.pt

2024-12-19 17:14:19,478 - Inizio del training
2024-12-19 17:14:19,479 - optimizer: Adam (
Parameter Group 0
    amsgrad: False
    betas: (0.9, 0.999)
    capturable: False
    differentiable: False
    eps: 1e-08
    foreach: None
    fused: False
    lr: 0.0001
    maximize: False
    weight_decay: 0.0001

Parameter Group 1
    amsgrad: False
    betas: (0.9, 0.999)
    capturable: False
    differentiable: False
    eps: 1e-08
    foreach: None
    fused: False
    lr: 1e-05
    maximize: False
    weight_decay: 0.0001
)
2024-12-19 17:14:19,479 - loss:      CrossEntropyLoss()
2024-12-19 17:14:19,479 - epochs:    100
2024-12-19 17:14:19,479 - name:      weights_1

2024-12-19 17:19:08,746 - Epoch    Loss       Val Loss   mIoU       minIoU     maxIoU     LR      
2024-12-19 17:19:08,747 - 0        0.439034   0.472576   0.421902   0.000000   0.897721   1.0e-04 , 1.0e-05 
2024-12-19 17:23:59,335 - 1        0.353517   0.422017   0.444411   0.000000   0.901771   1.0e-04 , 1.0e-05 
2024-12-19 17:23:59,506 - Modello salvato
2024-12-19 17:23:59,650 - Modello salvato
2024-12-19 17:28:46,457 - 2        0.309248   0.419523   0.453494   0.000689   0.900984   1.0e-04 , 1.0e-05 
2024-12-19 17:28:46,647 - Modello salvato
2024-12-19 17:28:46,811 - Modello salvato
2024-12-19 17:33:34,679 - 3        0.276126   0.413397   0.458380   0.012602   0.908569   1.0e-04 , 1.0e-05 
2024-12-19 17:33:34,848 - Modello salvato
2024-12-19 17:33:35,007 - Modello salvato
2024-12-19 17:38:23,275 - 4        0.253678   0.406307   0.473589   0.103911   0.907548   1.0e-04 , 1.0e-05 
2024-12-19 17:38:23,456 - Modello salvato
2024-12-19 17:38:23,630 - Modello salvato
2024-12-19 17:43:10,293 - 5        0.235695   0.402009   0.494718   0.151341   0.910693   1.0e-04 , 1.0e-05 
2024-12-19 17:43:10,477 - Modello salvato
2024-12-19 17:43:10,649 - Modello salvato
2024-12-19 17:48:00,676 - 6        0.216677   0.390887   0.514227   0.171844   0.916536   1.0e-04 , 1.0e-05 
2024-12-19 17:48:00,883 - Modello salvato
2024-12-19 17:48:01,042 - Modello salvato
2024-12-19 17:52:47,291 - 7        0.209380   0.398304   0.517889   0.184296   0.918425   1.0e-04 , 1.0e-05 
2024-12-19 17:52:47,457 - Modello salvato
2024-12-19 17:57:32,787 - 8        0.202116   0.393571   0.527367   0.191081   0.917911   1.0e-04 , 1.0e-05 
2024-12-19 17:57:32,962 - Modello salvato
2024-12-19 18:02:18,407 - 9        0.193054   0.395201   0.527611   0.170249   0.919251   1.0e-04 , 1.0e-05 
2024-12-19 18:02:18,592 - Modello salvato
2024-12-19 18:07:04,529 - 10       0.180141   0.397614   0.529253   0.165132   0.910869   1.0e-04 , 1.0e-05 
2024-12-19 18:07:04,698 - Modello salvato
2024-12-19 18:11:49,983 - 11       0.177069   0.398454   0.529765   0.168792   0.917476   5.0e-05 , 5.0e-06 
2024-12-19 18:11:50,154 - Modello salvato
2024-12-19 18:16:35,714 - 12       0.168861   0.404628   0.534825   0.193193   0.917260   5.0e-05 , 5.0e-06 
2024-12-19 18:16:35,887 - Modello salvato
2024-12-19 18:21:20,862 - 13       0.161352   0.399654   0.536779   0.184343   0.916399   5.0e-05 , 5.0e-06 
2024-12-19 18:21:21,030 - Modello salvato
2024-12-19 18:26:04,956 - 14       0.157175   0.388846   0.545270   0.210162   0.916596   5.0e-05 , 5.0e-06 
2024-12-19 18:26:05,128 - Modello salvato
2024-12-19 18:26:05,291 - Modello salvato
2024-12-19 18:30:51,342 - Epoch    Loss       Val Loss   mIoU       minIoU     maxIoU     LR      
2024-12-19 18:30:51,342 - 15       0.155390   0.393654   0.547703   0.173692   0.914264   5.0e-05 , 5.0e-06 
2024-12-19 18:30:51,524 - Modello salvato
2024-12-19 18:35:39,440 - 16       0.154553   0.391623   0.550263   0.208947   0.919179   5.0e-05 , 5.0e-06 
2024-12-19 18:35:39,629 - Modello salvato
2024-12-19 18:40:26,367 - 17       0.150022   0.396378   0.549919   0.186952   0.920859   5.0e-05 , 5.0e-06 
2024-12-19 18:45:15,770 - 18       0.148727   0.397675   0.551810   0.176107   0.915535   5.0e-05 , 5.0e-06 
2024-12-19 18:45:15,950 - Modello salvato
2024-12-19 18:50:04,383 - 19       0.146076   0.389556   0.549850   0.186828   0.913618   2.5e-05 , 2.5e-06 
2024-12-19 18:54:52,073 - 20       0.142959   0.385852   0.541505   0.182478   0.915658   2.5e-05 , 2.5e-06 
2024-12-19 18:54:52,274 - Modello salvato
2024-12-19 18:59:41,150 - 21       0.143851   0.391812   0.544371   0.180029   0.918860   2.5e-05 , 2.5e-06 
2024-12-19 19:04:26,797 - 22       0.140026   0.387559   0.548234   0.183200   0.916397   2.5e-05 , 2.5e-06 
2024-12-19 19:09:12,514 - 23       0.137087   0.386378   0.548346   0.191051   0.916487   2.5e-05 , 2.5e-06 
2024-12-19 19:13:59,002 - 24       0.138103   0.387433   0.553282   0.204733   0.917513   2.5e-05 , 2.5e-06 
2024-12-19 19:13:59,180 - Modello salvato
2024-12-19 19:18:45,775 - 25       0.134137   0.384017   0.552290   0.183312   0.916228   1.3e-05 , 1.3e-06 
2024-12-19 19:18:45,973 - Modello salvato
2024-12-19 19:23:33,159 - 26       0.134136   0.385172   0.552571   0.186926   0.916403   1.3e-05 , 1.3e-06 
2024-12-19 19:28:24,865 - 27       0.133003   0.380331   0.556162   0.189785   0.915260   1.3e-05 , 1.3e-06 
2024-12-19 19:28:25,039 - Modello salvato
2024-12-19 19:28:25,207 - Modello salvato
2024-12-19 19:33:16,535 - 28       0.132838   0.380295   0.556760   0.190024   0.914993   1.3e-05 , 1.3e-06 
2024-12-19 19:33:16,710 - Modello salvato
2024-12-19 19:33:16,870 - Modello salvato
2024-12-19 19:38:06,011 - 29       0.133335   0.380694   0.558627   0.182353   0.916428   1.3e-05 , 1.3e-06 
2024-12-19 19:38:06,187 - Modello salvato
2024-12-19 19:42:54,594 - Epoch    Loss       Val Loss   mIoU       minIoU     maxIoU     LR      
2024-12-19 19:42:54,594 - 30       0.131184   0.384181   0.556274   0.181951   0.916880   1.3e-05 , 1.3e-06 
2024-12-19 19:47:45,190 - 31       0.130223   0.384985   0.554783   0.179116   0.917739   1.3e-05 , 1.3e-06 
2024-12-19 19:52:33,559 - 32       0.130090   0.380001   0.554197   0.186468   0.917361   6.3e-06 , 6.3e-07 
2024-12-19 19:52:33,731 - Modello salvato
2024-12-19 19:57:21,039 - 33       0.129231   0.380812   0.554978   0.189059   0.918749   6.3e-06 , 6.3e-07 
2024-12-19 20:02:12,394 - 34       0.126352   0.379474   0.554062   0.188006   0.916736   6.3e-06 , 6.3e-07 
2024-12-19 20:02:12,571 - Modello salvato
2024-12-19 20:07:00,384 - 35       0.129244   0.379951   0.556204   0.194663   0.917372   6.3e-06 , 6.3e-07 
2024-12-19 20:11:51,833 - 36       0.127651   0.383904   0.555313   0.199786   0.917484   6.3e-06 , 6.3e-07 
2024-12-19 20:16:41,886 - 37       0.127026   0.380599   0.557186   0.192198   0.916247   6.3e-06 , 6.3e-07 
2024-12-19 20:21:31,152 - 38       0.127829   0.385402   0.556108   0.181564   0.916531   6.3e-06 , 6.3e-07 
2024-12-19 20:26:21,117 - 39       0.126573   0.382908   0.555998   0.183561   0.916189   3.1e-06 , 3.1e-07 
2024-12-19 20:31:10,876 - 40       0.126525   0.383384   0.555939   0.183585   0.916778   3.1e-06 , 3.1e-07 
2024-12-19 20:36:01,158 - 41       0.126218   0.383123   0.557060   0.180728   0.915698   3.1e-06 , 3.1e-07 
2024-12-19 20:40:52,091 - 42       0.125418   0.385598   0.554820   0.184858   0.916769   3.1e-06 , 3.1e-07 
2024-12-19 20:45:45,542 - 43       0.126346   0.382699   0.555283   0.186866   0.917149   1.6e-06 , 1.6e-07 
2024-12-19 20:50:39,447 - 44       0.125736   0.385222   0.554916   0.188910   0.916103   1.6e-06 , 1.6e-07 
2024-12-19 20:55:25,972 - Epoch    Loss       Val Loss   mIoU       minIoU     maxIoU     LR      
2024-12-19 20:55:25,973 - 45       0.124835   0.383543   0.556120   0.190088   0.916717   1.6e-06 , 1.6e-07 
2024-12-19 21:00:16,367 - 46       0.126250   0.385186   0.556235   0.187357   0.914882   1.6e-06 , 1.6e-07 
2024-12-19 21:05:05,779 - 47       0.125787   0.385979   0.555130   0.184673   0.916720   7.8e-07 , 7.8e-08 
2024-12-19 21:09:56,726 - 48       0.125165   0.384861   0.556587   0.191033   0.916032   7.8e-07 , 7.8e-08 
2024-12-19 21:14:48,608 - 49       0.126207   0.382679   0.556692   0.193655   0.916235   7.8e-07 , 7.8e-08 
2024-12-19 21:19:38,444 - 50       0.124343   0.384636   0.555401   0.188634   0.915776   7.8e-07 , 7.8e-08 
2024-12-19 21:24:27,047 - 51       0.125339   0.383416   0.556104   0.191634   0.916623   3.9e-07 , 3.9e-08 
2024-12-19 21:29:13,427 - 52       0.124934   0.387037   0.554896   0.184443   0.914847   3.9e-07 , 3.9e-08 
2024-12-19 21:34:02,862 - 53       0.125864   0.384101   0.555622   0.185933   0.917703   3.9e-07 , 3.9e-08 
2024-12-19 21:38:53,415 - 54       0.124966   0.385049   0.555376   0.188980   0.915728   3.9e-07 , 3.9e-08 
2024-12-19 21:43:43,555 - 55       0.126999   0.385735   0.555135   0.187615   0.915632   2.0e-07 , 2.0e-08 
2024-12-19 21:48:33,000 - 56       0.124978   0.385641   0.554357   0.187098   0.915791   2.0e-07 , 2.0e-08 
2024-12-19 21:53:17,959 - 57       0.124728   0.383934   0.555576   0.187167   0.915581   2.0e-07 , 2.0e-08 
2024-12-19 21:58:03,312 - 58       0.124635   0.385730   0.554961   0.190654   0.916078   2.0e-07 , 2.0e-08 
2024-12-19 22:02:51,513 - 59       0.124640   0.384321   0.555170   0.189439   0.915250   9.8e-08 , 2.0e-08 
2024-12-19 22:07:36,914 - Epoch    Loss       Val Loss   mIoU       minIoU     maxIoU     LR      
2024-12-19 22:07:36,914 - 60       0.125602   0.383723   0.555793   0.187832   0.915902   9.8e-08 , 2.0e-08 
2024-12-19 22:12:16,106 - 61       0.126607   0.381977   0.555964   0.190641   0.916796   9.8e-08 , 2.0e-08 
2024-12-19 22:16:53,417 - 62       0.126792   0.383652   0.556781   0.187339   0.915862   9.8e-08 , 2.0e-08 
2024-12-19 22:21:31,965 - 63       0.123953   0.386247   0.555500   0.188960   0.915882   4.9e-08 , 2.0e-08 
2024-12-19 22:26:09,853 - 64       0.125214   0.384898   0.554562   0.190902   0.916149   4.9e-08 , 2.0e-08 
2024-12-19 22:30:49,837 - 65       0.126187   0.386121   0.555140   0.189886   0.916491   4.9e-08 , 2.0e-08 
2024-12-19 22:35:27,912 - 66       0.124315   0.385668   0.555639   0.189921   0.914808   4.9e-08 , 2.0e-08 
2024-12-19 22:40:05,781 - 67       0.125510   0.385674   0.553858   0.186820   0.915684   2.4e-08 , 2.0e-08 
2024-12-19 22:44:43,400 - 68       0.125185   0.383614   0.555269   0.195498   0.916814   2.4e-08 , 2.0e-08 
2024-12-19 22:49:20,978 - 69       0.124928   0.387464   0.555339   0.186548   0.914711   2.4e-08 , 2.0e-08 
2024-12-19 22:53:57,465 - 70       0.125545   0.384203   0.556595   0.192000   0.916539   2.4e-08 , 2.0e-08 
2024-12-19 22:58:35,102 - 71       0.125015   0.382629   0.556178   0.190568   0.916635   1.2e-08 , 2.0e-08 
2024-12-19 23:03:13,388 - 72       0.124481   0.386028   0.554738   0.186619   0.916513   1.2e-08 , 2.0e-08 
2024-12-19 23:07:48,914 - 73       0.123984   0.386660   0.554758   0.183967   0.916690   1.2e-08 , 2.0e-08 
2024-12-19 23:12:25,626 - 74       0.124056   0.386009   0.555433   0.187842   0.916143   1.2e-08 , 2.0e-08 
2024-12-19 23:17:02,992 - Epoch    Loss       Val Loss   mIoU       minIoU     maxIoU     LR      
2024-12-19 23:17:02,993 - 75       0.123892   0.380230   0.557182   0.194446   0.917480   1.2e-08 , 2.0e-08 
2024-12-19 23:21:38,063 - 76       0.125798   0.385999   0.555579   0.188511   0.915162   1.2e-08 , 2.0e-08 
2024-12-19 23:26:14,185 - 77       0.125585   0.383834   0.554715   0.187968   0.916963   1.2e-08 , 2.0e-08 
2024-12-19 23:30:51,534 - 78       0.125580   0.384127   0.555671   0.191014   0.916264   1.2e-08 , 2.0e-08 
2024-12-19 23:35:29,082 - 79       0.124515   0.384034   0.555506   0.192339   0.915697   1.2e-08 , 2.0e-08 
2024-12-19 23:40:07,011 - 80       0.122824   0.382699   0.556423   0.188205   0.915958   1.2e-08 , 2.0e-08 
2024-12-19 23:44:43,509 - 81       0.124454   0.385636   0.555057   0.189988   0.915587   1.2e-08 , 2.0e-08 
2024-12-19 23:49:21,212 - 82       0.124549   0.384775   0.555251   0.192158   0.915898   1.2e-08 , 2.0e-08 
2024-12-19 23:53:59,910 - 83       0.124905   0.383612   0.555409   0.189972   0.916595   1.2e-08 , 2.0e-08 
2024-12-19 23:58:38,010 - 84       0.124678   0.384809   0.555156   0.191163   0.916270   1.2e-08 , 2.0e-08 
2024-12-20 00:03:15,819 - 85       0.124707   0.383200   0.555178   0.191963   0.917184   1.2e-08 , 2.0e-08 
2024-12-20 00:07:54,922 - 86       0.123151   0.384545   0.555198   0.182791   0.916242   1.2e-08 , 2.0e-08 
2024-12-20 00:12:31,859 - 87       0.124227   0.385608   0.554489   0.187390   0.915862   1.2e-08 , 2.0e-08 
2024-12-20 00:17:10,411 - 88       0.126287   0.387888   0.554744   0.188007   0.915545   1.2e-08 , 2.0e-08 
2024-12-20 00:21:48,673 - 89       0.126022   0.384366   0.555691   0.185416   0.917199   1.2e-08 , 2.0e-08 
2024-12-20 00:26:25,246 - Epoch    Loss       Val Loss   mIoU       minIoU     maxIoU     LR      
2024-12-20 00:26:25,247 - 90       0.125964   0.383872   0.556800   0.192242   0.916510   1.2e-08 , 2.0e-08 
2024-12-20 00:31:04,262 - 91       0.124764   0.384435   0.556437   0.189063   0.917248   1.2e-08 , 2.0e-08 
2024-12-20 00:35:43,255 - 92       0.123729   0.386070   0.555846   0.188998   0.916193   1.2e-08 , 2.0e-08 
2024-12-20 00:40:21,254 - 93       0.125203   0.388214   0.555976   0.185914   0.915064   1.2e-08 , 2.0e-08 
2024-12-20 00:45:01,203 - 94       0.126323   0.385744   0.555469   0.185033   0.915605   1.2e-08 , 2.0e-08 
2024-12-20 00:49:39,499 - 95       0.125007   0.385374   0.555849   0.192371   0.916427   1.2e-08 , 2.0e-08 
2024-12-20 00:54:18,586 - 96       0.125678   0.380803   0.557058   0.195399   0.916500   1.2e-08 , 2.0e-08 
2024-12-20 00:58:57,106 - 97       0.125508   0.384927   0.554820   0.190101   0.915879   1.2e-08 , 2.0e-08 
2024-12-20 01:03:35,710 - 98       0.124486   0.385540   0.554602   0.189025   0.915487   1.2e-08 , 2.0e-08 
2024-12-20 01:08:14,305 - 99       0.125357   0.386484   0.555912   0.193650   0.914314   1.2e-08 , 2.0e-08 
2024-12-20 01:08:14,306 - Fine del training

