2024-12-21 13:13:08,055 - device          : cuda:6
2024-12-21 13:13:08,055 - model           : resnet101
2024-12-21 13:13:08,055 - epochs          : 50
2024-12-21 13:13:08,055 - batch           : 16
2024-12-21 13:13:08,055 - lr              : 0.0001
2024-12-21 13:13:08,055 - crop            : 512
2024-12-21 13:13:08,055 - optimizer       : adam
2024-12-21 13:13:08,055 - biases          : False
2024-12-21 13:13:08,055 - focal_loss      : 2
2024-12-21 13:13:08,055 - activation      : softmax
2024-12-21 13:13:08,056 - class_weights   : False
2024-12-21 13:13:08,056 - norm_weights    : False
2024-12-21 13:13:08,065 - Dataset Creati
2024-12-21 13:13:08,065 - Training images: 5125
2024-12-21 13:13:08,065 - Validation images: 1031

2024-12-21 13:13:08,065 - Dataloader Creati
2024-12-21 13:13:08,065 - Training batches: 320
2024-12-21 13:13:08,066 - Validation batches: 128

2024-12-21 13:13:12,008 - Model: deeplabv3plus_resnet101

2024-12-21 13:13:12,074 - Modello caricato correttamente su cuda:6

2024-12-21 13:13:12,076 - Inizio del training
2024-12-21 13:13:12,077 - optimizer: Adam (
Parameter Group 0
    amsgrad: False
    betas: (0.9, 0.999)
    capturable: False
    differentiable: False
    eps: 1e-08
    foreach: None
    fused: False
    lr: 0.0001
    maximize: False
    weight_decay: 0.0001

Parameter Group 1
    amsgrad: False
    betas: (0.9, 0.999)
    capturable: False
    differentiable: False
    eps: 1e-08
    foreach: None
    fused: False
    lr: 1e-05
    maximize: False
    weight_decay: 0.0001
)
2024-12-21 13:13:12,077 - loss:      CrossEntropyLoss()
2024-12-21 13:13:12,077 - epochs:    15
2024-12-21 13:13:12,077 - name:      weights_0

2024-12-21 13:19:26,079 - Epoch    Loss       Val Loss   mIoU       minIoU     maxIoU     LR      
2024-12-21 13:19:26,079 - 0        0.944662   0.659522   0.291738   0.000000   0.819384   1.0e-04 , 1.0e-05 
2024-12-21 13:25:39,500 - 1        0.676938   0.625854   0.312860   0.000000   0.830433   1.0e-04 , 1.0e-05 
2024-12-21 13:25:39,501 - > saved mIoU
2024-12-21 13:31:54,749 - 2        0.615993   0.612119   0.328058   0.000000   0.832100   1.0e-04 , 1.0e-05 
2024-12-21 13:31:54,750 - > saved mIoU
2024-12-21 13:38:07,940 - 3        0.571140   0.603817   0.336834   0.000000   0.836502   1.0e-04 , 1.0e-05 
2024-12-21 13:38:07,941 - > saved mIoU
2024-12-21 13:44:22,095 - 4        0.554540   0.591227   0.344202   0.000000   0.842348   1.0e-04 , 1.0e-05 
2024-12-21 13:44:22,096 - > saved mIoU
2024-12-21 13:50:35,180 - 5        0.538391   0.602319   0.349403   0.010683   0.837209   1.0e-04 , 1.0e-05 
2024-12-21 13:50:35,181 - > saved mIoU
2024-12-21 13:56:49,076 - 6        0.517434   0.597676   0.359425   0.011409   0.841383   1.0e-04 , 1.0e-05 
2024-12-21 13:56:49,076 - > saved mIoU
2024-12-21 14:03:02,402 - 7        0.504158   0.584866   0.369738   0.015663   0.844830   1.0e-04 , 1.0e-05 
2024-12-21 14:03:02,403 - > saved mIoU
2024-12-21 14:09:16,476 - 8        0.493170   0.590359   0.378898   0.018220   0.844867   1.0e-04 , 1.0e-05 
2024-12-21 14:09:16,476 - > saved mIoU
2024-12-21 14:15:29,756 - 9        0.480333   0.591472   0.385278   0.019868   0.849316   1.0e-04 , 1.0e-05 
2024-12-21 14:15:29,757 - > saved mIoU
2024-12-21 14:21:43,437 - 10       0.473286   0.592047   0.396244   0.024940   0.851494   1.0e-04 , 1.0e-05 
2024-12-21 14:21:43,437 - > saved mIoU
2024-12-21 14:27:57,454 - 11       0.466107   0.597595   0.394075   0.025841   0.845439   1.0e-04 , 1.0e-05 
2024-12-21 14:34:09,024 - 12       0.461135   0.601672   0.403504   0.026412   0.847098   1.0e-04 , 1.0e-05 
2024-12-21 14:34:09,025 - > saved mIoU
2024-12-21 14:40:20,763 - 13       0.449658   0.595824   0.408243   0.030516   0.849332   1.0e-04 , 1.0e-05 
2024-12-21 14:40:20,764 - > saved mIoU
2024-12-21 14:46:33,795 - 14       0.449614   0.600939   0.408417   0.035006   0.849641   5.0e-05 , 5.0e-06 
2024-12-21 14:46:33,795 - > saved mIoU
2024-12-21 14:46:34,293 - Fine del training

2024-12-21 14:46:34,564 - 
Caricati i pesi in: /home/piecestola/space/ML4CV/results/train_9/ckpts/weights_mIoU_0.pt

2024-12-21 14:46:34,566 - Inizio del training
2024-12-21 14:46:34,566 - optimizer: Adam (
Parameter Group 0
    amsgrad: False
    betas: (0.9, 0.999)
    capturable: False
    differentiable: False
    eps: 1e-08
    foreach: None
    fused: False
    lr: 5e-05
    maximize: False
    weight_decay: 0.0001

Parameter Group 1
    amsgrad: False
    betas: (0.9, 0.999)
    capturable: False
    differentiable: False
    eps: 1e-08
    foreach: None
    fused: False
    lr: 5e-06
    maximize: False
    weight_decay: 0.0001
)
2024-12-21 14:46:34,566 - loss:      FocalLoss()
2024-12-21 14:46:34,566 - epochs:    50
2024-12-21 14:46:34,566 - name:      weights_1

2024-12-21 15:02:22,512 - Epoch    Loss       Val Loss   mIoU       minIoU     maxIoU     LR      
2024-12-21 15:02:22,513 - 0        0.208643   0.329873   0.464536   0.061765   0.882995   5.0e-05 , 5.0e-06 
2024-12-21 15:18:09,761 - 1        0.142614   0.291353   0.494169   0.108161   0.900844   5.0e-05 , 5.0e-06 
2024-12-21 15:18:09,762 - > saved mIoU
2024-12-21 15:33:58,129 - 2        0.112307   0.275731   0.505531   0.113270   0.900219   5.0e-05 , 5.0e-06 
2024-12-21 15:33:58,130 - > saved mIoU
2024-12-21 15:49:45,517 - 3        0.095141   0.265326   0.511934   0.126139   0.905561   5.0e-05 , 5.0e-06 
2024-12-21 15:49:45,517 - > saved mIoU
2024-12-21 16:05:33,607 - 4        0.082874   0.262491   0.518180   0.134502   0.911922   5.0e-05 , 5.0e-06 
2024-12-21 16:05:33,608 - > saved mIoU
2024-12-21 16:21:20,868 - 5        0.074249   0.264667   0.526115   0.148735   0.909137   5.0e-05 , 5.0e-06 
2024-12-21 16:21:20,869 - > saved mIoU
2024-12-21 16:37:07,910 - 6        0.068045   0.262284   0.529856   0.151813   0.915403   5.0e-05 , 5.0e-06 
2024-12-21 16:37:07,911 - > saved mIoU
2024-12-21 16:52:55,007 - 7        0.063369   0.257343   0.538413   0.195392   0.913125   5.0e-05 , 5.0e-06 
2024-12-21 16:52:55,007 - > saved mIoU
2024-12-21 17:08:42,376 - 8        0.059886   0.258851   0.539234   0.179729   0.916083   5.0e-05 , 5.0e-06 
2024-12-21 17:08:42,377 - > saved mIoU
2024-12-21 17:24:30,868 - 9        0.054714   0.261635   0.547009   0.202047   0.915956   5.0e-05 , 5.0e-06 
2024-12-21 17:24:30,869 - > saved mIoU
2024-12-21 17:40:18,636 - 10       0.051734   0.250992   0.558847   0.192173   0.918966   5.0e-05 , 5.0e-06 
2024-12-21 17:40:18,637 - > saved mIoU
2024-12-21 17:56:06,677 - 11       0.049235   0.243763   0.552736   0.213894   0.916954   5.0e-05 , 5.0e-06 
2024-12-21 18:11:53,988 - 12       0.046623   0.248506   0.554503   0.235200   0.920655   5.0e-05 , 5.0e-06 
2024-12-21 18:27:40,636 - 13       0.045029   0.251576   0.563229   0.210919   0.921687   5.0e-05 , 5.0e-06 
2024-12-21 18:27:40,637 - > saved mIoU
2024-12-21 18:43:29,127 - 14       0.043685   0.242952   0.575877   0.229041   0.921657   5.0e-05 , 5.0e-06 
2024-12-21 18:43:29,128 - > saved mIoU
2024-12-21 18:59:16,611 - Epoch    Loss       Val Loss   mIoU       minIoU     maxIoU     LR      
2024-12-21 18:59:16,612 - 15       0.042653   0.241572   0.555733   0.232520   0.918452   5.0e-05 , 5.0e-06 
2024-12-21 19:15:02,219 - 16       0.041066   0.231758   0.570895   0.247728   0.922814   5.0e-05 , 5.0e-06 
2024-12-21 19:30:47,776 - 17       0.040650   0.226802   0.553878   0.235171   0.913766   5.0e-05 , 5.0e-06 
2024-12-21 19:46:34,107 - 18       0.041040   0.242749   0.566593   0.239707   0.913982   5.0e-05 , 5.0e-06 
2024-12-21 20:02:21,701 - 19       0.040974   0.233197   0.573086   0.265459   0.928162   5.0e-05 , 5.0e-06 
2024-12-21 20:18:08,579 - 20       0.037915   0.243442   0.580030   0.243514   0.927533   5.0e-05 , 5.0e-06 
2024-12-21 20:18:08,579 - > saved mIoU
2024-12-21 20:33:56,216 - 21       0.035444   0.231438   0.581434   0.256936   0.925838   5.0e-05 , 5.0e-06 
2024-12-21 20:33:56,217 - > saved mIoU
2024-12-21 20:49:46,005 - 22       0.034435   0.248313   0.572213   0.226397   0.919498   5.0e-05 , 5.0e-06 
2024-12-21 21:05:33,338 - 23       0.034731   0.231593   0.587150   0.221546   0.922253   5.0e-05 , 5.0e-06 
2024-12-21 21:05:33,339 - > saved mIoU
2024-12-21 21:21:21,315 - 24       0.034382   0.235324   0.583959   0.316390   0.918153   2.5e-05 , 2.5e-06 
2024-12-21 21:37:07,277 - 25       0.032270   0.232589   0.593518   0.311086   0.921686   2.5e-05 , 2.5e-06 
2024-12-21 21:37:07,277 - > saved mIoU
2024-12-21 21:52:55,735 - 26       0.030761   0.235163   0.593220   0.282937   0.922520   2.5e-05 , 2.5e-06 
2024-12-21 22:08:42,385 - 27       0.029759   0.233355   0.602823   0.314511   0.926017   2.5e-05 , 2.5e-06 
2024-12-21 22:08:42,386 - > saved mIoU
2024-12-21 22:24:31,634 - 28       0.029340   0.234770   0.590615   0.254918   0.925611   2.5e-05 , 2.5e-06 
2024-12-21 22:40:18,398 - 29       0.029182   0.242247   0.587247   0.283287   0.923165   2.5e-05 , 2.5e-06 
2024-12-21 22:56:03,914 - Epoch    Loss       Val Loss   mIoU       minIoU     maxIoU     LR      
2024-12-21 22:56:03,915 - 30       0.028553   0.238944   0.598134   0.325326   0.921363   1.3e-05 , 1.3e-06 
2024-12-21 23:11:49,566 - 31       0.027819   0.233366   0.602133   0.329967   0.923246   1.3e-05 , 1.3e-06 
2024-12-21 23:27:35,347 - 32       0.027759   0.230073   0.609106   0.324724   0.926487   1.3e-05 , 1.3e-06 
2024-12-21 23:27:35,347 - > saved mIoU
2024-12-21 23:43:22,674 - 33       0.026897   0.240901   0.593677   0.269956   0.926279   1.3e-05 , 1.3e-06 
2024-12-21 23:59:08,928 - 34       0.026914   0.235078   0.602643   0.318930   0.926598   1.3e-05 , 1.3e-06 
2024-12-22 00:14:56,043 - 35       0.026494   0.230770   0.597692   0.289772   0.920778   1.3e-05 , 1.3e-06 
2024-12-22 00:30:43,938 - 36       0.026504   0.229642   0.605684   0.310645   0.927927   6.3e-06 , 6.3e-07 
2024-12-22 00:46:30,102 - 37       0.025925   0.231361   0.604040   0.297992   0.926995   6.3e-06 , 6.3e-07 
2024-12-22 01:02:16,654 - 38       0.025740   0.233195   0.607058   0.330237   0.927541   6.3e-06 , 6.3e-07 
2024-12-22 01:18:02,846 - 39       0.025893   0.232625   0.604599   0.335416   0.927566   6.3e-06 , 6.3e-07 
2024-12-22 01:33:49,650 - 40       0.025196   0.234076   0.604107   0.336991   0.925959   6.3e-06 , 6.3e-07 
2024-12-22 01:49:36,065 - 41       0.025026   0.229554   0.607047   0.319164   0.926509   6.3e-06 , 6.3e-07 
2024-12-22 02:05:22,359 - 42       0.024957   0.227400   0.613154   0.336317   0.926309   3.1e-06 , 3.1e-07 
2024-12-22 02:05:22,360 - > saved mIoU
2024-12-22 02:21:10,365 - 43       0.024924   0.227252   0.608939   0.334145   0.927612   3.1e-06 , 3.1e-07 
2024-12-22 02:36:57,214 - 44       0.024989   0.230027   0.607783   0.338425   0.925474   3.1e-06 , 3.1e-07 
2024-12-22 02:52:43,355 - Epoch    Loss       Val Loss   mIoU       minIoU     maxIoU     LR      
2024-12-22 02:52:43,355 - 45       0.024779   0.230254   0.609419   0.337590   0.925434   3.1e-06 , 3.1e-07 
2024-12-22 03:08:29,180 - 46       0.024712   0.227027   0.610826   0.338111   0.928051   3.1e-06 , 3.1e-07 
2024-12-22 03:24:10,782 - 47       0.024523   0.226334   0.608042   0.329781   0.926907   3.1e-06 , 3.1e-07 
2024-12-22 03:39:51,574 - 48       0.024462   0.226081   0.612331   0.333652   0.928594   3.1e-06 , 3.1e-07 
2024-12-22 03:55:32,251 - 49       0.024333   0.229581   0.607726   0.321176   0.928167   3.1e-06 , 3.1e-07 
2024-12-22 03:55:32,251 - Fine del training

