2025-01-31 15:16:23,591 - device          : cuda:5
2025-01-31 15:16:23,591 - model           : resnet101
2025-01-31 15:16:23,591 - mlp             : 0
2025-01-31 15:16:23,591 - p               : 0
2025-01-31 15:16:23,591 - epochs          : 50
2025-01-31 15:16:23,591 - batch           : 16
2025-01-31 15:16:23,591 - lr              : 0.0001
2025-01-31 15:16:23,591 - crop            : 512
2025-01-31 15:16:23,591 - optimizer       : adam
2025-01-31 15:16:23,591 - focal_loss      : 0
2025-01-31 15:16:23,591 - activation      : softmax
2025-01-31 15:16:23,591 - class_weights   : False
2025-01-31 15:16:23,592 - norm_weights    : False
2025-01-31 15:16:23,592 - entropy         : 0
2025-01-31 15:16:23,600 - Dataset Creati
2025-01-31 15:16:23,600 - Training images: 5125
2025-01-31 15:16:23,600 - Validation images: 1031

2025-01-31 15:16:23,601 - Dataloader Creati
2025-01-31 15:16:23,601 - Training batches: 320
2025-01-31 15:16:23,601 - Validation batches: 128

2025-01-31 15:16:27,475 - Model: deeplabv3plus_resnet101

2025-01-31 15:16:27,543 - Modello caricato correttamente su cuda:5

2025-01-31 15:16:27,547 - Inizio del training
2025-01-31 15:16:27,547 - optimizer: Adam (
Parameter Group 0
    amsgrad: False
    betas: (0.9, 0.999)
    capturable: False
    differentiable: False
    eps: 1e-08
    foreach: None
    fused: False
    lr: 0.0001
    maximize: False
    weight_decay: 0.0001

Parameter Group 1
    amsgrad: False
    betas: (0.9, 0.999)
    capturable: False
    differentiable: False
    eps: 1e-08
    foreach: None
    fused: False
    lr: 1e-05
    maximize: False
    weight_decay: 0.0001
)
2025-01-31 15:16:27,547 - loss:      CrossEntropyLoss()
2025-01-31 15:16:27,547 - epochs:    15
2025-01-31 15:16:27,547 - name:      weights_0

2025-01-31 15:22:49,820 - Epoch    Loss       Val Loss   mIoU       minIoU     maxIoU     LR      
2025-01-31 15:22:49,820 - 0        2.496709   1.219368   0.247576   0.000000   0.783778   1.0e-04 , 1.0e-05 
2025-01-31 15:29:14,079 - 1        1.007698   1.127144   0.268206   0.000000   0.767003   1.0e-04 , 1.0e-05 
2025-01-31 15:29:14,079 - > saved mIoU
2025-01-31 15:35:36,968 - 2        0.839894   0.982217   0.283748   0.000000   0.796300   1.0e-04 , 1.0e-05 
2025-01-31 15:35:36,969 - > saved mIoU
2025-01-31 15:41:59,783 - 3        0.739291   0.937674   0.291968   0.000000   0.802223   1.0e-04 , 1.0e-05 
2025-01-31 15:41:59,783 - > saved mIoU
2025-01-31 15:48:23,146 - 4        0.661833   0.887778   0.307505   0.000000   0.802024   1.0e-04 , 1.0e-05 
2025-01-31 15:48:23,146 - > saved mIoU
2025-01-31 15:54:46,776 - 5        0.623247   0.899264   0.303865   0.000000   0.797598   1.0e-04 , 1.0e-05 
2025-01-31 16:01:09,550 - 6        0.587400   0.808316   0.332464   0.023617   0.814290   1.0e-04 , 1.0e-05 
2025-01-31 16:01:09,550 - > saved mIoU
2025-01-31 16:07:35,089 - 7        0.551971   0.840975   0.335057   0.027959   0.805011   1.0e-04 , 1.0e-05 
2025-01-31 16:07:35,090 - > saved mIoU
2025-01-31 16:13:58,731 - 8        0.540406   0.814169   0.347687   0.032166   0.812450   1.0e-04 , 1.0e-05 
2025-01-31 16:13:58,731 - > saved mIoU
2025-01-31 16:20:22,371 - 9        0.508502   0.793982   0.354096   0.042814   0.806578   1.0e-04 , 1.0e-05 
2025-01-31 16:20:22,371 - > saved mIoU
2025-01-31 16:26:47,153 - 10       0.491583   0.793282   0.344692   0.039388   0.823952   1.0e-04 , 1.0e-05 
2025-01-31 16:33:11,317 - 11       0.471700   0.750901   0.362626   0.049404   0.819702   1.0e-04 , 1.0e-05 
2025-01-31 16:33:11,317 - > saved mIoU
2025-01-31 16:39:36,975 - 12       0.460511   0.739068   0.364558   0.049008   0.818441   1.0e-04 , 1.0e-05 
2025-01-31 16:39:36,975 - > saved mIoU
2025-01-31 16:46:03,205 - 13       0.449084   0.728225   0.363148   0.057201   0.826643   1.0e-04 , 1.0e-05 
2025-01-31 16:52:28,187 - 14       0.436443   0.802742   0.350854   0.055260   0.798781   1.0e-04 , 1.0e-05 
2025-01-31 16:52:28,188 - Fine del training

2025-01-31 16:52:28,480 - 
Caricati i pesi in: /raid/homespace/piecestola/space/ML4CV/results/train_4/ckpts/weights_mIoU_0.pt

2025-01-31 16:52:28,485 - Inizio del training
2025-01-31 16:52:28,485 - optimizer: Adam (
Parameter Group 0
    amsgrad: False
    betas: (0.9, 0.999)
    capturable: False
    differentiable: False
    eps: 1e-08
    foreach: None
    fused: False
    lr: 0.0001
    maximize: False
    weight_decay: 0.0001

Parameter Group 1
    amsgrad: False
    betas: (0.9, 0.999)
    capturable: False
    differentiable: False
    eps: 1e-08
    foreach: None
    fused: False
    lr: 1e-05
    maximize: False
    weight_decay: 0.0001
)
2025-01-31 16:52:28,485 - loss:      CrossEntropyLoss()
2025-01-31 16:52:28,485 - epochs:    50
2025-01-31 16:52:28,485 - name:      weights_1

2025-01-31 17:08:38,735 - Epoch    Loss       Val Loss   mIoU       minIoU     maxIoU     LR      
2025-01-31 17:08:38,735 - 0        0.449746   0.541213   0.439567   0.043271   0.887953   1.0e-04 , 1.0e-05 
2025-01-31 17:24:49,460 - 1        0.320367   0.535682   0.417920   0.078053   0.889368   1.0e-04 , 1.0e-05 
2025-01-31 17:40:59,022 - 2        0.239189   0.452815   0.471451   0.139293   0.909936   1.0e-04 , 1.0e-05 
2025-01-31 17:40:59,022 - > saved mIoU
2025-01-31 17:57:10,830 - 3        0.205087   0.465978   0.471126   0.160622   0.919124   1.0e-04 , 1.0e-05 
2025-01-31 18:13:19,620 - 4        0.172515   0.425173   0.489945   0.166667   0.922722   1.0e-04 , 1.0e-05 
2025-01-31 18:13:19,620 - > saved mIoU
2025-01-31 18:29:24,166 - 5        0.153057   0.414459   0.518000   0.213392   0.922696   1.0e-04 , 1.0e-05 
2025-01-31 18:29:24,167 - > saved mIoU
2025-01-31 18:45:30,583 - 6        0.145272   0.420883   0.514298   0.188608   0.922425   1.0e-04 , 1.0e-05 
2025-01-31 19:01:41,381 - 7        0.137567   0.415946   0.529256   0.161207   0.922135   1.0e-04 , 1.0e-05 
2025-01-31 19:01:41,382 - > saved mIoU
2025-01-31 19:17:53,803 - 8        0.129630   0.407291   0.537023   0.205097   0.928093   1.0e-04 , 1.0e-05 
2025-01-31 19:17:53,804 - > saved mIoU
2025-01-31 19:34:06,641 - 9        0.122118   0.401702   0.560500   0.208072   0.931612   1.0e-04 , 1.0e-05 
2025-01-31 19:34:06,641 - > saved mIoU
2025-01-31 19:50:17,943 - 10       0.113455   0.396909   0.543126   0.179094   0.923096   1.0e-04 , 1.0e-05 
2025-01-31 20:06:28,098 - 11       0.110283   0.386323   0.561541   0.180421   0.929184   1.0e-04 , 1.0e-05 
2025-01-31 20:06:28,098 - > saved mIoU
2025-01-31 20:22:39,979 - 12       0.105995   0.414737   0.529040   0.190068   0.921281   1.0e-04 , 1.0e-05 
2025-01-31 20:38:46,735 - 13       0.103230   0.372394   0.549874   0.205478   0.927908   1.0e-04 , 1.0e-05 
2025-01-31 20:54:53,112 - 14       0.102141   0.395373   0.532483   0.174240   0.919339   1.0e-04 , 1.0e-05 
2025-01-31 21:10:59,960 - Epoch    Loss       Val Loss   mIoU       minIoU     maxIoU     LR      
2025-01-31 21:10:59,961 - 15       0.101429   0.409888   0.559120   0.179148   0.924293   1.0e-04 , 1.0e-05 
2025-01-31 21:27:07,044 - 16       0.103395   0.383351   0.568011   0.265778   0.929733   1.0e-04 , 1.0e-05 
2025-01-31 21:27:07,044 - > saved mIoU
2025-01-31 21:43:15,457 - 17       0.106969   0.490055   0.528179   0.167787   0.927193   1.0e-04 , 1.0e-05 
2025-01-31 21:59:22,131 - 18       0.104058   0.386729   0.560546   0.269777   0.935593   1.0e-04 , 1.0e-05 
2025-01-31 22:15:28,057 - 19       0.098090   0.377484   0.581277   0.283045   0.929023   1.0e-04 , 1.0e-05 
2025-01-31 22:15:28,058 - > saved mIoU
2025-01-31 22:31:34,831 - 20       0.095984   0.401179   0.579087   0.227741   0.929124   5.0e-05 , 5.0e-06 
2025-01-31 22:47:41,355 - 21       0.088022   0.412917   0.581492   0.276682   0.931122   5.0e-05 , 5.0e-06 
2025-01-31 22:47:41,356 - > saved mIoU
2025-01-31 23:03:48,928 - 22       0.083504   0.417966   0.577984   0.270851   0.931396   5.0e-05 , 5.0e-06 
2025-01-31 23:19:55,294 - 23       0.081290   0.418446   0.582261   0.275581   0.930454   5.0e-05 , 5.0e-06 
2025-01-31 23:19:55,295 - > saved mIoU
2025-01-31 23:36:03,679 - 24       0.079076   0.403450   0.589817   0.277394   0.929887   5.0e-05 , 5.0e-06 
2025-01-31 23:36:03,679 - > saved mIoU
2025-01-31 23:52:11,549 - 25       0.076786   0.395629   0.597070   0.288569   0.934142   5.0e-05 , 5.0e-06 
2025-01-31 23:52:11,550 - > saved mIoU
2025-02-01 00:08:21,283 - 26       0.078306   0.410474   0.592465   0.301208   0.931999   2.5e-05 , 2.5e-06 
2025-02-01 00:24:26,913 - 27       0.074980   0.421161   0.585843   0.288208   0.929966   2.5e-05 , 2.5e-06 
2025-02-01 00:40:32,974 - 28       0.073937   0.414503   0.594417   0.291796   0.932334   2.5e-05 , 2.5e-06 
2025-02-01 00:56:39,344 - 29       0.071882   0.439801   0.584832   0.283228   0.931803   2.5e-05 , 2.5e-06 
2025-02-01 01:12:46,346 - Epoch    Loss       Val Loss   mIoU       minIoU     maxIoU     LR      
2025-02-01 01:12:46,347 - 30       0.071296   0.417552   0.593045   0.294460   0.933252   2.5e-05 , 2.5e-06 
2025-02-01 01:28:54,045 - 31       0.071305   0.445139   0.572182   0.244624   0.929424   2.5e-05 , 2.5e-06 
2025-02-01 01:45:00,987 - 32       0.071295   0.440932   0.579552   0.286094   0.930550   1.3e-05 , 1.3e-06 
2025-02-01 02:01:08,961 - 33       0.069533   0.457145   0.580825   0.284661   0.929420   1.3e-05 , 1.3e-06 
2025-02-01 02:17:13,988 - 34       0.068540   0.446964   0.583207   0.295910   0.927228   1.3e-05 , 1.3e-06 
2025-02-01 02:33:19,941 - 35       0.067988   0.458592   0.587238   0.294895   0.931201   1.3e-05 , 1.3e-06 
2025-02-01 02:49:27,269 - 36       0.067589   0.442565   0.590940   0.293064   0.929795   1.3e-05 , 1.3e-06 
2025-02-01 03:05:34,086 - 37       0.067264   0.469551   0.585580   0.291470   0.929964   1.3e-05 , 1.3e-06 
2025-02-01 03:21:40,937 - 38       0.066851   0.440242   0.594802   0.301362   0.932123   6.3e-06 , 6.3e-07 
2025-02-01 03:37:48,183 - 39       0.065598   0.452594   0.593407   0.306273   0.932998   6.3e-06 , 6.3e-07 
2025-02-01 03:53:55,584 - 40       0.065505   0.436935   0.599150   0.303017   0.933274   6.3e-06 , 6.3e-07 
2025-02-01 03:53:55,585 - > saved mIoU
2025-02-01 04:10:03,468 - 41       0.065186   0.438981   0.600536   0.309704   0.934060   6.3e-06 , 6.3e-07 
2025-02-01 04:10:03,468 - > saved mIoU
2025-02-01 04:26:09,765 - 42       0.064893   0.435156   0.599786   0.309674   0.933923   6.3e-06 , 6.3e-07 
2025-02-01 04:42:16,182 - 43       0.064437   0.436966   0.599533   0.312992   0.934039   6.3e-06 , 6.3e-07 
2025-02-01 04:58:19,451 - 44       0.064519   0.434924   0.600593   0.313899   0.933965   3.1e-06 , 3.1e-07 
2025-02-01 04:58:19,451 - > saved mIoU
2025-02-01 05:14:24,253 - Epoch    Loss       Val Loss   mIoU       minIoU     maxIoU     LR      
2025-02-01 05:14:24,254 - 45       0.064384   0.437237   0.600983   0.313096   0.934919   3.1e-06 , 3.1e-07 
2025-02-01 05:14:24,254 - > saved mIoU
2025-02-01 05:30:30,201 - 46       0.063906   0.436617   0.599338   0.310543   0.935497   3.1e-06 , 3.1e-07 
2025-02-01 05:46:33,088 - 47       0.063952   0.435227   0.601295   0.310427   0.935281   3.1e-06 , 3.1e-07 
2025-02-01 05:46:33,089 - > saved mIoU
2025-02-01 06:02:38,207 - 48       0.063399   0.437509   0.598801   0.297575   0.935201   3.1e-06 , 3.1e-07 
2025-02-01 06:18:41,572 - 49       0.063567   0.435552   0.598849   0.301714   0.934032   3.1e-06 , 3.1e-07 
2025-02-01 06:18:41,573 - Fine del training

