2025-01-13 22:34:17,627 - device          : cuda:0
2025-01-13 22:34:17,627 - model           : resnet101
2025-01-13 22:34:17,627 - mlp             : 0
2025-01-13 22:34:17,627 - vae             : False
2025-01-13 22:34:17,627 - epochs          : 50
2025-01-13 22:34:17,627 - batch           : 16
2025-01-13 22:34:17,627 - lr              : 0.0001
2025-01-13 22:34:17,627 - crop            : 512
2025-01-13 22:34:17,627 - optimizer       : adam
2025-01-13 22:34:17,627 - biases          : False
2025-01-13 22:34:17,627 - focal_loss      : 0
2025-01-13 22:34:17,628 - activation      : softmax
2025-01-13 22:34:17,628 - class_weights   : False
2025-01-13 22:34:17,628 - norm_weights    : True
2025-01-13 22:34:17,628 - p               : 0.3
2025-01-13 22:34:17,628 - entropy         : 0
2025-01-13 22:34:17,638 - Dataset Creati
2025-01-13 22:34:17,638 - Training images: 5125
2025-01-13 22:34:17,638 - Validation images: 1031

2025-01-13 22:34:17,639 - Dataloader Creati
2025-01-13 22:34:17,639 - Training batches: 320
2025-01-13 22:34:17,639 - Validation batches: 128

2025-01-13 22:34:22,360 - Model: deeplabv3plus_resnet101

2025-01-13 22:34:22,424 - Modello caricato correttamente su cuda:0

2025-01-13 22:34:22,427 - Inizio del training
2025-01-13 22:34:22,427 - optimizer: Adam (
Parameter Group 0
    amsgrad: False
    betas: (0.9, 0.999)
    eps: 1e-08
    lr: 0.0001
    weight_decay: 0.0001

Parameter Group 1
    amsgrad: False
    betas: (0.9, 0.999)
    eps: 1e-08
    lr: 1e-05
    weight_decay: 0.0001
)
2025-01-13 22:34:22,428 - loss:      ArcFaceLoss(
  (loss): CrossEntropyLoss()
)
2025-01-13 22:34:22,428 - epochs:    50
2025-01-13 22:34:22,428 - name:      weights_1

