2025-01-18 15:26:47,351 - device          : cuda:0
2025-01-18 15:26:47,351 - model           : resnet101
2025-01-18 15:26:47,352 - mlp             : 0
2025-01-18 15:26:47,352 - vae             : False
2025-01-18 15:26:47,352 - epochs          : 50
2025-01-18 15:26:47,352 - batch           : 10
2025-01-18 15:26:47,352 - lr              : 0.0001
2025-01-18 15:26:47,352 - crop            : 512
2025-01-18 15:26:47,352 - optimizer       : adam
2025-01-18 15:26:47,352 - biases          : False
2025-01-18 15:26:47,352 - focal_loss      : 0
2025-01-18 15:26:47,352 - activation      : softmax
2025-01-18 15:26:47,352 - class_weights   : False
2025-01-18 15:26:47,352 - norm_weights    : True
2025-01-18 15:26:47,352 - p               : 0.3
2025-01-18 15:26:47,352 - entropy         : 0
2025-01-18 15:26:47,360 - Dataset Creati
2025-01-18 15:26:47,360 - Training images: 5125
2025-01-18 15:26:47,360 - Validation images: 1031

2025-01-18 15:26:47,360 - Dataloader Creati
2025-01-18 15:26:47,360 - Training batches: 512
2025-01-18 15:26:47,361 - Validation batches: 128

2025-01-18 15:26:50,847 - Model: deeplabv3plus_resnet101

2025-01-18 15:26:50,918 - Modello caricato correttamente su cuda:0

2025-01-18 15:26:50,921 - Inizio del training
2025-01-18 15:26:50,921 - optimizer: Adam (
Parameter Group 0
    amsgrad: False
    betas: (0.9, 0.999)
    capturable: False
    differentiable: False
    eps: 1e-08
    foreach: None
    fused: False
    lr: 0.0001
    maximize: False
    weight_decay: 0.0001

Parameter Group 1
    amsgrad: False
    betas: (0.9, 0.999)
    capturable: False
    differentiable: False
    eps: 1e-08
    foreach: None
    fused: False
    lr: 1e-05
    maximize: False
    weight_decay: 0.0001
)
2025-01-18 15:26:50,921 - loss:      ArcFaceLoss(
  (loss): CrossEntropyLoss()
)
2025-01-18 15:26:50,921 - epochs:    15
2025-01-18 15:26:50,921 - name:      weights_0

2025-01-18 15:33:34,844 - Epoch    Loss       Val Loss   mIoU       minIoU     maxIoU     LR      
2025-01-18 15:33:34,844 - 0        15.344292  11.147561  0.146730   0.000017   0.671412   1.0e-04 , 1.0e-05 
2025-01-18 15:40:17,932 - 1        10.771828  9.917944   0.157069   0.000025   0.727407   1.0e-04 , 1.0e-05 
2025-01-18 15:40:17,933 - > saved mIoU
2025-01-18 15:47:01,640 - 2        9.649453   9.151552   0.166429   0.000015   0.791894   1.0e-04 , 1.0e-05 
2025-01-18 15:47:01,640 - > saved mIoU
2025-01-18 15:53:45,063 - 3        9.085769   8.478808   0.182004   0.000007   0.821611   1.0e-04 , 1.0e-05 
2025-01-18 15:53:45,064 - > saved mIoU
2025-01-18 16:00:28,569 - 4        8.583871   8.529655   0.191335   0.000025   0.807290   1.0e-04 , 1.0e-05 
2025-01-18 16:00:28,570 - > saved mIoU
2025-01-18 16:07:12,666 - 5        8.160940   8.112686   0.207284   0.000082   0.813426   1.0e-04 , 1.0e-05 
2025-01-18 16:07:12,666 - > saved mIoU
2025-01-18 16:13:56,390 - 6        7.671113   8.178776   0.214690   0.000096   0.801129   1.0e-04 , 1.0e-05 
2025-01-18 16:13:56,391 - > saved mIoU
2025-01-18 16:20:40,735 - 7        7.395396   7.940168   0.221510   0.000109   0.807171   1.0e-04 , 1.0e-05 
2025-01-18 16:20:40,735 - > saved mIoU
2025-01-18 16:27:24,564 - 8        7.157138   7.874861   0.217890   0.000125   0.806294   1.0e-04 , 1.0e-05 
2025-01-18 16:34:07,715 - 9        7.029577   7.646043   0.220579   0.000136   0.810038   1.0e-04 , 1.0e-05 
2025-01-18 16:40:51,099 - 10       6.857160   7.470670   0.218669   0.000128   0.815145   1.0e-04 , 1.0e-05 
2025-01-18 16:47:34,109 - 11       6.771536   7.615391   0.213432   0.000068   0.811752   1.0e-04 , 1.0e-05 
2025-01-18 16:54:17,122 - 12       6.694031   7.306523   0.221657   0.000097   0.818452   1.0e-04 , 1.0e-05 
2025-01-18 16:54:17,123 - > saved mIoU
2025-01-18 17:01:00,674 - 13       6.564910   7.250834   0.217936   0.000123   0.827558   1.0e-04 , 1.0e-05 
2025-01-18 17:07:44,049 - 14       6.511367   7.599265   0.212377   0.000118   0.798699   1.0e-04 , 1.0e-05 
2025-01-18 17:07:44,050 - Fine del training

2025-01-18 17:07:44,320 - 
Caricati i pesi in: /raid/homespace/piecestola/space/ML4CV/results/train_7/ckpts/weights_mIoU_0.pt

2025-01-18 17:07:44,327 - Inizio del training
2025-01-18 17:07:44,327 - optimizer: Adam (
Parameter Group 0
    amsgrad: False
    betas: (0.9, 0.999)
    capturable: False
    differentiable: False
    eps: 1e-08
    foreach: None
    fused: False
    lr: 0.0001
    maximize: False
    weight_decay: 0.0001

Parameter Group 1
    amsgrad: False
    betas: (0.9, 0.999)
    capturable: False
    differentiable: False
    eps: 1e-08
    foreach: None
    fused: False
    lr: 1e-05
    maximize: False
    weight_decay: 0.0001
)
2025-01-18 17:07:44,327 - loss:      ArcFaceLoss(
  (loss): CrossEntropyLoss()
)
2025-01-18 17:07:44,327 - epochs:    50
2025-01-18 17:07:44,327 - name:      weights_1

2025-01-18 17:26:09,998 - Epoch    Loss       Val Loss   mIoU       minIoU     maxIoU     LR      
2025-01-18 17:26:09,998 - 0        5.758658   5.706732   0.245663   0.000274   0.900885   1.0e-04 , 1.0e-05 
2025-01-18 17:44:35,525 - 1        5.067680   6.062897   0.248367   0.000542   0.854820   1.0e-04 , 1.0e-05 
2025-01-18 17:44:35,526 - > saved mIoU
2025-01-18 18:03:05,620 - 2        4.633404   6.184730   0.209849   0.000000   0.876688   1.0e-04 , 1.0e-05 
2025-01-18 18:03:05,621 - > saved minIoU
2025-01-18 18:21:30,845 - 3        4.239421   5.209429   0.273911   0.000460   0.869235   1.0e-04 , 1.0e-05 
2025-01-18 18:21:30,845 - > saved mIoU
2025-01-18 18:39:56,724 - 4        3.827553   4.767387   0.298347   0.000050   0.890648   1.0e-04 , 1.0e-05 
2025-01-18 18:39:56,724 - > saved mIoU
2025-01-18 18:58:22,626 - 5        3.462910   4.338498   0.300103   0.000015   0.901605   1.0e-04 , 1.0e-05 
2025-01-18 18:58:22,627 - > saved mIoU
2025-01-18 19:16:50,262 - 6        3.247423   4.151603   0.330993   0.000013   0.914446   1.0e-04 , 1.0e-05 
2025-01-18 19:16:50,263 - > saved mIoU
2025-01-18 19:35:16,239 - 7        3.072171   4.433887   0.334446   0.000017   0.914439   1.0e-04 , 1.0e-05 
2025-01-18 19:35:16,239 - > saved mIoU
2025-01-18 19:53:42,389 - 8        2.936762   4.173986   0.337013   0.000380   0.913797   1.0e-04 , 1.0e-05 
2025-01-18 19:53:42,390 - > saved mIoU
2025-01-18 20:12:09,926 - 9        2.762398   3.724544   0.362567   0.003245   0.925080   1.0e-04 , 1.0e-05 
2025-01-18 20:12:09,927 - > saved mIoU
2025-01-18 20:30:36,366 - 10       2.650797   3.856739   0.373540   0.006300   0.922451   1.0e-04 , 1.0e-05 
2025-01-18 20:30:36,367 - > saved mIoU
2025-01-18 20:49:02,474 - 11       2.548787   3.643593   0.369673   0.003573   0.929224   1.0e-04 , 1.0e-05 
2025-01-18 21:07:27,316 - 12       2.478152   3.648751   0.393121   0.004843   0.921794   1.0e-04 , 1.0e-05 
2025-01-18 21:07:27,317 - > saved mIoU
2025-01-18 21:25:53,573 - 13       2.409052   3.682892   0.412504   0.004299   0.923447   1.0e-04 , 1.0e-05 
2025-01-18 21:25:53,573 - > saved mIoU
2025-01-18 21:44:20,105 - 14       2.392976   3.954320   0.364687   0.005326   0.909895   1.0e-04 , 1.0e-05 
2025-01-18 22:02:49,389 - Epoch    Loss       Val Loss   mIoU       minIoU     maxIoU     LR      
2025-01-18 22:02:49,389 - 15       2.381557   3.650047   0.369596   0.004654   0.921059   1.0e-04 , 1.0e-05 
2025-01-18 22:21:14,628 - 16       2.352178   3.637754   0.383956   0.006550   0.926820   1.0e-04 , 1.0e-05 
2025-01-18 22:39:40,491 - 17       2.344817   3.547428   0.406628   0.004577   0.924983   1.0e-04 , 1.0e-05 
2025-01-18 22:58:05,895 - 18       2.302237   3.491592   0.424154   0.005331   0.918805   1.0e-04 , 1.0e-05 
2025-01-18 22:58:05,895 - > saved mIoU
2025-01-18 23:16:32,595 - 19       2.290136   3.560291   0.432521   0.004559   0.930232   1.0e-04 , 1.0e-05 
2025-01-18 23:16:32,596 - > saved mIoU
2025-01-18 23:34:59,910 - 20       2.261598   3.321208   0.423348   0.006349   0.931158   1.0e-04 , 1.0e-05 
2025-01-18 23:53:25,622 - 21       2.252639   3.603124   0.425805   0.003372   0.918645   1.0e-04 , 1.0e-05 
2025-01-19 00:11:50,878 - 22       2.224103   3.498173   0.436730   0.005905   0.929839   1.0e-04 , 1.0e-05 
2025-01-19 00:11:50,878 - > saved mIoU
2025-01-19 00:30:17,995 - 23       2.204169   3.623428   0.424000   0.003519   0.928547   1.0e-04 , 1.0e-05 
2025-01-19 00:48:42,950 - 24       2.171482   3.429168   0.439795   0.004451   0.932919   1.0e-04 , 1.0e-05 
2025-01-19 00:48:42,950 - > saved mIoU
2025-01-19 01:07:09,953 - 25       2.151411   3.488834   0.439819   0.005322   0.926602   1.0e-04 , 1.0e-05 
2025-01-19 01:07:09,954 - > saved mIoU
2025-01-19 01:25:36,945 - 26       2.062685   3.358229   0.422675   0.002440   0.927302   1.0e-04 , 1.0e-05 
2025-01-19 01:44:02,112 - 27       1.962310   3.209399   0.445060   0.009364   0.934664   5.0e-05 , 5.0e-06 
2025-01-19 01:44:02,113 - > saved mIoU
2025-01-19 02:02:28,665 - 28       1.908877   3.347654   0.437432   0.002642   0.925256   5.0e-05 , 5.0e-06 
2025-01-19 02:20:53,969 - 29       1.822262   3.233745   0.436121   0.006474   0.932599   5.0e-05 , 5.0e-06 
2025-01-19 02:39:19,369 - Epoch    Loss       Val Loss   mIoU       minIoU     maxIoU     LR      
2025-01-19 02:39:19,370 - 30       1.771151   3.190593   0.434571   0.005337   0.933386   5.0e-05 , 5.0e-06 
2025-01-19 02:57:44,909 - 31       1.728775   3.101653   0.439856   0.008732   0.936863   5.0e-05 , 5.0e-06 
2025-01-19 03:16:10,369 - 32       1.696719   3.044779   0.431976   0.007856   0.938210   5.0e-05 , 5.0e-06 
2025-01-19 03:34:35,481 - 33       1.664365   2.972064   0.435059   0.005737   0.938343   5.0e-05 , 5.0e-06 
2025-01-19 03:53:01,183 - 34       1.643179   3.076533   0.443654   0.006600   0.935967   5.0e-05 , 5.0e-06 
2025-01-19 04:11:26,584 - 35       1.625034   3.009882   0.449228   0.008271   0.938516   5.0e-05 , 5.0e-06 
2025-01-19 04:11:26,584 - > saved mIoU
2025-01-19 04:29:53,138 - 36       1.628673   3.247008   0.414521   0.003610   0.934130   5.0e-05 , 5.0e-06 
2025-01-19 04:48:19,097 - 37       1.622539   3.126012   0.422468   0.007908   0.936537   5.0e-05 , 5.0e-06 
2025-01-19 05:06:44,698 - 38       1.594255   3.137875   0.415803   0.015017   0.936626   5.0e-05 , 5.0e-06 
2025-01-19 05:25:10,790 - 39       1.583890   3.126461   0.421237   0.011423   0.936978   5.0e-05 , 5.0e-06 
2025-01-19 05:43:36,287 - 40       1.592759   3.142898   0.417750   0.008001   0.937602   2.5e-05 , 2.5e-06 
2025-01-19 06:02:01,820 - 41       1.576237   3.123856   0.412856   0.007781   0.939385   2.5e-05 , 2.5e-06 
2025-01-19 06:20:27,371 - 42       1.561864   3.114630   0.409787   0.008658   0.939271   2.5e-05 , 2.5e-06 
2025-01-19 06:38:53,353 - 43       1.559929   3.148746   0.405544   0.010110   0.939570   2.5e-05 , 2.5e-06 
2025-01-19 06:57:19,531 - 44       1.555528   3.096379   0.409418   0.009587   0.940958   2.5e-05 , 2.5e-06 
2025-01-19 07:15:45,556 - Epoch    Loss       Val Loss   mIoU       minIoU     maxIoU     LR      
2025-01-19 07:15:45,556 - 45       1.555262   3.048114   0.415058   0.010067   0.940019   2.5e-05 , 2.5e-06 
2025-01-19 07:34:11,378 - 46       1.541334   3.051696   0.412524   0.008168   0.940252   1.3e-05 , 1.3e-06 
2025-01-19 07:52:37,414 - 47       1.541735   3.063287   0.414446   0.008828   0.939955   1.3e-05 , 1.3e-06 
2025-01-19 08:11:03,221 - 48       1.538323   3.068657   0.413760   0.007436   0.940515   1.3e-05 , 1.3e-06 
2025-01-19 08:29:29,191 - 49       1.532487   3.039038   0.416791   0.008554   0.940684   1.3e-05 , 1.3e-06 
2025-01-19 08:29:29,192 - Fine del training

