2024-12-14 02:06:58,490 - device          : cuda:1
2024-12-14 02:06:58,490 - epochs          : 150
2024-12-14 02:06:58,490 - batch           : 16
2024-12-14 02:06:58,490 - lr              : 0.0001
2024-12-14 02:06:58,490 - crop            : 512
2024-12-14 02:06:58,490 - optimizer       : adam
2024-12-14 02:06:58,490 - biases          : False
2024-12-14 02:06:58,491 - focal_loss      : 0
2024-12-14 02:06:58,491 - activation      : softmax
2024-12-14 02:06:58,491 - class_weights   : True
2024-12-14 02:06:58,491 - norm_weights    : False
2024-12-14 02:06:58,499 - Dataset Creati
2024-12-14 02:06:58,499 - Training images: 5125
2024-12-14 02:06:58,499 - Validation images: 1031

2024-12-14 02:06:58,500 - Dataloader Creati
2024-12-14 02:06:58,500 - Training batches: 320
2024-12-14 02:06:58,500 - Validation batches: 128

2024-12-14 02:07:00,237 - Modello caricato correttamente su cuda:1

2024-12-14 02:07:00,238 - Inizio del training
2024-12-14 02:07:00,239 - optimizer: Adam (
Parameter Group 0
    amsgrad: False
    betas: (0.9, 0.999)
    capturable: False
    differentiable: False
    eps: 1e-08
    foreach: None
    fused: False
    lr: 0.0001
    maximize: False
    weight_decay: 0.0001

Parameter Group 1
    amsgrad: False
    betas: (0.9, 0.999)
    capturable: False
    differentiable: False
    eps: 1e-08
    foreach: None
    fused: False
    lr: 1e-05
    maximize: False
    weight_decay: 0.0001
)
2024-12-14 02:07:00,239 - loss:      CrossEntropyLoss()
2024-12-14 02:07:00,239 - epochs:    15
2024-12-14 02:07:00,239 - name:      weights_0

2024-12-14 02:11:12,453 - Epoch    Loss       Val Loss   mIoU       minIoU     maxIoU     LR      
2024-12-14 02:11:12,454 - 0        0.083822   0.161336   0.306655   0.007028   0.821473   1.0e-04 , 1.0e-05 
2024-12-14 02:15:14,740 - 1        0.064334   0.149769   0.323821   0.008098   0.831723   1.0e-04 , 1.0e-05 
2024-12-14 02:19:20,062 - 2        0.058516   0.148765   0.331571   0.011865   0.841277   1.0e-04 , 1.0e-05 
2024-12-14 02:23:25,292 - 3        0.055991   0.143996   0.331973   0.011429   0.842024   1.0e-04 , 1.0e-05 
2024-12-14 02:27:37,202 - 4        0.054563   0.145514   0.338148   0.011496   0.850137   1.0e-04 , 1.0e-05 
2024-12-14 02:31:42,910 - 5        0.051797   0.143440   0.339057   0.016116   0.848807   1.0e-04 , 1.0e-05 
2024-12-14 02:35:43,531 - 6        0.051117   0.143917   0.340876   0.019904   0.852004   1.0e-04 , 1.0e-05 
2024-12-14 02:39:41,973 - 7        0.050015   0.143023   0.343578   0.018691   0.849737   1.0e-04 , 1.0e-05 
2024-12-14 02:43:39,742 - 8        0.049964   0.140100   0.344353   0.013294   0.852430   1.0e-04 , 1.0e-05 
2024-12-14 02:47:35,145 - 9        0.048216   0.141896   0.344179   0.013968   0.854121   1.0e-04 , 1.0e-05 
2024-12-14 02:51:34,216 - 10       0.047966   0.143914   0.347670   0.013166   0.854761   1.0e-04 , 1.0e-05 
2024-12-14 02:55:35,003 - 11       0.047025   0.138840   0.348213   0.013188   0.855430   1.0e-04 , 1.0e-05 
2024-12-14 02:59:31,026 - 12       0.046210   0.141311   0.346308   0.016228   0.856984   1.0e-04 , 1.0e-05 
2024-12-14 03:03:31,602 - 13       0.045473   0.139667   0.350420   0.013601   0.858072   1.0e-04 , 1.0e-05 
2024-12-14 03:07:27,856 - 14       0.045083   0.140410   0.349625   0.019867   0.857623   1.0e-04 , 1.0e-05 
2024-12-14 03:07:27,857 - Fine del training

2024-12-14 03:07:27,944 - 
Caricati i pesi in: /home/piecestola/space/ML4CV/results/train_1/ckpts/weights_0.pt

2024-12-14 03:07:27,945 - Inizio del training
2024-12-14 03:07:27,945 - optimizer: Adam (
Parameter Group 0
    amsgrad: False
    betas: (0.9, 0.999)
    capturable: False
    differentiable: False
    eps: 1e-08
    foreach: None
    fused: False
    lr: 1.0000000000000002e-06
    maximize: False
    weight_decay: 0.0001

Parameter Group 1
    amsgrad: False
    betas: (0.9, 0.999)
    capturable: False
    differentiable: False
    eps: 1e-08
    foreach: None
    fused: False
    lr: 1e-05
    maximize: False
    weight_decay: 0.0001
)
2024-12-14 03:07:27,946 - loss:      CrossEntropyLoss()
2024-12-14 03:07:27,946 - epochs:    150
2024-12-14 03:07:27,946 - name:      weights_1

2024-12-14 03:12:05,313 - Epoch    Loss       Val Loss   mIoU       minIoU     maxIoU     LR      
2024-12-14 03:12:05,314 - 0        0.044970   0.122722   0.382260   0.021339   0.869048   1.0e-06 , 1.0e-05 
2024-12-14 03:16:44,715 - 1        0.039353   0.118476   0.395063   0.030414   0.870066   1.0e-06 , 1.0e-05 
2024-12-14 03:21:23,378 - 2        0.037452   0.117972   0.400719   0.034009   0.872895   1.0e-06 , 1.0e-05 
2024-12-14 03:26:04,198 - 3        0.035078   0.115884   0.405289   0.037746   0.872287   1.0e-06 , 1.0e-05 
2024-12-14 03:30:42,270 - 4        0.033353   0.113842   0.411986   0.039007   0.875157   1.0e-06 , 1.0e-05 
2024-12-14 03:35:23,358 - 5        0.031914   0.109424   0.413476   0.046228   0.875666   1.0e-06 , 1.0e-05 
2024-12-14 03:40:05,089 - 6        0.031725   0.107894   0.418324   0.048966   0.876041   1.0e-06 , 1.0e-05 
2024-12-14 03:44:44,943 - 7        0.030500   0.105279   0.422019   0.047467   0.875903   1.0e-06 , 1.0e-05 
2024-12-14 03:49:26,231 - 8        0.029463   0.105321   0.420678   0.057675   0.877239   1.0e-06 , 1.0e-05 
2024-12-14 03:54:05,452 - 9        0.028616   0.103940   0.426424   0.062914   0.880620   1.0e-06 , 1.0e-05 
2024-12-14 03:58:47,137 - 10       0.027667   0.103315   0.427647   0.051644   0.881834   1.0e-06 , 1.0e-05 
2024-12-14 04:03:27,473 - 11       0.026890   0.103440   0.424328   0.048305   0.881580   1.0e-06 , 1.0e-05 
2024-12-14 04:08:07,238 - 12       0.026671   0.102429   0.426991   0.046703   0.882758   1.0e-06 , 1.0e-05 
2024-12-14 04:12:48,766 - 13       0.025987   0.102733   0.430131   0.045165   0.882249   1.0e-06 , 1.0e-05 
2024-12-14 04:17:29,352 - 14       0.025289   0.099118   0.435937   0.049197   0.881620   1.0e-06 , 1.0e-05 
2024-12-14 04:22:10,655 - Epoch    Loss       Val Loss   mIoU       minIoU     maxIoU     LR      
2024-12-14 04:22:10,656 - 15       0.025074   0.101464   0.427245   0.048870   0.882914   1.0e-06 , 1.0e-05 
2024-12-14 04:26:48,916 - 16       0.025438   0.099594   0.433988   0.062811   0.883510   1.0e-06 , 1.0e-05 
2024-12-14 04:31:29,860 - 17       0.024004   0.100501   0.432927   0.056812   0.884813   1.0e-06 , 1.0e-05 
2024-12-14 04:36:08,514 - 18       0.024162   0.101487   0.442079   0.059515   0.885600   1.0e-06 , 1.0e-05 
2024-12-14 04:40:47,101 - 19       0.023135   0.099859   0.441139   0.063410   0.886214   5.0e-07 , 5.0e-06 
2024-12-14 04:45:26,494 - 20       0.023126   0.097555   0.442292   0.061951   0.887204   5.0e-07 , 5.0e-06 
2024-12-14 04:50:04,943 - 21       0.022804   0.096386   0.442290   0.051314   0.885637   5.0e-07 , 5.0e-06 
2024-12-14 04:54:45,225 - 22       0.022978   0.095085   0.444163   0.063718   0.884457   5.0e-07 , 5.0e-06 
2024-12-14 04:59:23,260 - 23       0.022305   0.096529   0.442852   0.072201   0.885566   5.0e-07 , 5.0e-06 
2024-12-14 05:04:04,626 - 24       0.022273   0.094826   0.443566   0.066328   0.886171   5.0e-07 , 5.0e-06 
2024-12-14 05:08:46,378 - 25       0.021989   0.098631   0.437675   0.056925   0.886707   5.0e-07 , 5.0e-06 
2024-12-14 05:13:25,996 - 26       0.021736   0.097123   0.438401   0.061046   0.887345   5.0e-07 , 5.0e-06 
2024-12-14 05:18:05,867 - 27       0.021639   0.098000   0.444276   0.057631   0.886977   5.0e-07 , 5.0e-06 
2024-12-14 05:22:47,779 - 28       0.021512   0.097970   0.446337   0.060630   0.888882   5.0e-07 , 5.0e-06 
2024-12-14 05:27:34,866 - 29       0.021274   0.096932   0.450727   0.060972   0.885717   2.5e-07 , 2.5e-06 
2024-12-14 05:32:21,180 - Epoch    Loss       Val Loss   mIoU       minIoU     maxIoU     LR      
2024-12-14 05:32:21,181 - 30       0.020931   0.098417   0.448292   0.063140   0.887992   2.5e-07 , 2.5e-06 
2024-12-14 05:37:05,975 - 31       0.021043   0.097534   0.446855   0.065521   0.888892   2.5e-07 , 2.5e-06 
2024-12-14 05:41:54,583 - 32       0.021005   0.096776   0.444719   0.060723   0.887995   2.5e-07 , 2.5e-06 
2024-12-14 05:46:38,802 - 33       0.021260   0.097664   0.446479   0.061562   0.888282   1.3e-07 , 1.3e-06 
2024-12-14 05:51:27,145 - 34       0.021066   0.096014   0.448812   0.063383   0.887894   1.3e-07 , 1.3e-06 
2024-12-14 05:56:12,068 - 35       0.020704   0.096619   0.448183   0.059632   0.888057   1.3e-07 , 1.3e-06 
2024-12-14 06:00:55,948 - 36       0.020478   0.096500   0.449135   0.058631   0.887942   1.3e-07 , 1.3e-06 
2024-12-14 06:05:36,155 - 37       0.020655   0.098105   0.450595   0.057770   0.888619   6.3e-08 , 6.3e-07 
2024-12-14 06:10:17,235 - 38       0.020816   0.099078   0.446224   0.062480   0.889178   6.3e-08 , 6.3e-07 
2024-12-14 06:15:02,618 - 39       0.020567   0.099067   0.449038   0.060945   0.888202   6.3e-08 , 6.3e-07 
2024-12-14 06:19:49,877 - 40       0.020464   0.097960   0.448588   0.055837   0.888869   6.3e-08 , 6.3e-07 
2024-12-14 06:24:35,024 - 41       0.020556   0.098535   0.450319   0.060025   0.888478   3.1e-08 , 3.1e-07 
2024-12-14 06:29:21,879 - 42       0.020331   0.098351   0.449058   0.060630   0.888966   3.1e-08 , 3.1e-07 
2024-12-14 06:34:05,871 - 43       0.020351   0.096815   0.450332   0.060654   0.887733   3.1e-08 , 3.1e-07 
2024-12-14 06:38:48,060 - 44       0.020575   0.098014   0.449855   0.059114   0.889202   3.1e-08 , 3.1e-07 
2024-12-14 06:43:29,970 - Epoch    Loss       Val Loss   mIoU       minIoU     maxIoU     LR      
2024-12-14 06:43:29,970 - 45       0.020644   0.097421   0.453723   0.063623   0.888159   1.6e-08 , 1.6e-07 
2024-12-14 06:48:16,426 - 46       0.020614   0.099377   0.450599   0.064651   0.889128   1.6e-08 , 1.6e-07 
2024-12-14 06:52:58,182 - 47       0.020642   0.099639   0.449308   0.061476   0.888936   1.6e-08 , 1.6e-07 
2024-12-14 06:57:40,183 - 48       0.020374   0.097683   0.450431   0.060975   0.888048   1.6e-08 , 1.6e-07 
2024-12-14 07:02:26,354 - 49       0.020847   0.096218   0.454557   0.061319   0.888242   1.6e-08 , 7.8e-08 
2024-12-14 07:07:07,735 - 50       0.020483   0.096924   0.454111   0.059856   0.888693   1.6e-08 , 7.8e-08 
2024-12-14 07:11:47,208 - 51       0.020670   0.097477   0.453322   0.057291   0.888381   1.6e-08 , 7.8e-08 
2024-12-14 07:16:26,349 - 52       0.020577   0.098699   0.449393   0.060578   0.888860   1.6e-08 , 7.8e-08 
2024-12-14 07:21:08,563 - 53       0.020464   0.098063   0.450492   0.059649   0.888761   1.6e-08 , 3.9e-08 
2024-12-14 07:25:48,508 - 54       0.020649   0.099084   0.450985   0.059812   0.888566   1.6e-08 , 3.9e-08 
2024-12-14 07:30:29,247 - 55       0.020393   0.098539   0.448307   0.060362   0.888773   1.6e-08 , 3.9e-08 
2024-12-14 07:35:11,034 - 56       0.020413   0.099147   0.449459   0.058430   0.889720   1.6e-08 , 3.9e-08 
2024-12-14 07:39:51,605 - 57       0.021108   0.098103   0.450859   0.060717   0.888392   1.6e-08 , 2.0e-08 
2024-12-14 07:44:31,977 - 58       0.020730   0.098730   0.450524   0.059852   0.889053   1.6e-08 , 2.0e-08 
2024-12-14 07:49:10,786 - 59       0.020630   0.098175   0.451509   0.057316   0.888527   1.6e-08 , 2.0e-08 
2024-12-14 07:53:49,416 - Epoch    Loss       Val Loss   mIoU       minIoU     maxIoU     LR      
2024-12-14 07:53:49,416 - 60       0.020655   0.097327   0.451966   0.058802   0.888149   1.6e-08 , 2.0e-08 
2024-12-14 07:58:28,872 - 61       0.020725   0.096992   0.452387   0.062052   0.888867   1.6e-08 , 2.0e-08 
2024-12-14 08:03:10,180 - 62       0.020855   0.096919   0.452142   0.064027   0.888747   1.6e-08 , 2.0e-08 
2024-12-14 08:07:53,739 - 63       0.020437   0.099531   0.449365   0.059464   0.888811   1.6e-08 , 2.0e-08 
2024-12-14 08:12:37,110 - 64       0.020672   0.098699   0.450504   0.058915   0.888695   1.6e-08 , 2.0e-08 
2024-12-14 08:17:18,646 - 65       0.020328   0.098038   0.454077   0.060043   0.889296   1.6e-08 , 2.0e-08 
2024-12-14 08:22:02,634 - 66       0.020445   0.098932   0.450508   0.062274   0.888662   1.6e-08 , 2.0e-08 
2024-12-14 08:26:44,633 - 67       0.020551   0.099256   0.449803   0.056986   0.888743   1.6e-08 , 2.0e-08 
2024-12-14 08:31:24,862 - 68       0.020745   0.098529   0.450212   0.061019   0.888773   1.6e-08 , 2.0e-08 
2024-12-14 08:36:07,221 - 69       0.020223   0.098992   0.451306   0.063920   0.889024   1.6e-08 , 2.0e-08 
2024-12-14 08:40:48,408 - 70       0.020132   0.099044   0.449660   0.060063   0.888317   1.6e-08 , 2.0e-08 
2024-12-14 08:45:29,519 - 71       0.020694   0.097720   0.454558   0.058660   0.888935   1.6e-08 , 2.0e-08 
2024-12-14 08:50:11,192 - 72       0.020523   0.098877   0.449104   0.061258   0.889157   1.6e-08 , 2.0e-08 
2024-12-14 08:54:53,424 - 73       0.020192   0.099162   0.450381   0.064093   0.888677   1.6e-08 , 2.0e-08 
2024-12-14 08:59:35,153 - 74       0.020212   0.097903   0.453333   0.063226   0.888885   1.6e-08 , 2.0e-08 
2024-12-14 09:04:18,793 - Epoch    Loss       Val Loss   mIoU       minIoU     maxIoU     LR      
2024-12-14 09:04:18,794 - 75       0.020358   0.096442   0.455196   0.065275   0.886801   1.6e-08 , 2.0e-08 
2024-12-14 09:09:00,088 - 76       0.020533   0.098574   0.451928   0.061083   0.888927   1.6e-08 , 2.0e-08 
2024-12-14 09:13:42,363 - 77       0.020384   0.097531   0.452261   0.056201   0.888539   1.6e-08 , 2.0e-08 
2024-12-14 09:18:22,497 - 78       0.020749   0.098367   0.450364   0.060332   0.888589   1.6e-08 , 2.0e-08 
2024-12-14 09:23:03,517 - 79       0.020306   0.097748   0.450390   0.062383   0.888966   1.6e-08 , 2.0e-08 
2024-12-14 09:27:46,274 - 80       0.020154   0.097678   0.450672   0.062945   0.888558   1.6e-08 , 2.0e-08 
2024-12-14 09:32:28,649 - 81       0.020590   0.097896   0.452025   0.058469   0.889731   1.6e-08 , 2.0e-08 
2024-12-14 09:37:12,856 - 82       0.020285   0.098411   0.450957   0.060927   0.889673   1.6e-08 , 2.0e-08 
2024-12-14 09:41:55,982 - 83       0.020218   0.096809   0.454355   0.061956   0.888509   1.6e-08 , 2.0e-08 
2024-12-14 09:46:39,065 - 84       0.020611   0.097510   0.451984   0.061879   0.888642   1.6e-08 , 2.0e-08 
2024-12-14 09:51:18,762 - 85       0.020480   0.097310   0.450292   0.059392   0.888318   1.6e-08 , 2.0e-08 
2024-12-14 09:55:57,072 - 86       0.020474   0.097332   0.451026   0.058402   0.888060   1.6e-08 , 2.0e-08 
2024-12-14 10:00:35,816 - 87       0.020417   0.097324   0.450875   0.060214   0.889331   1.6e-08 , 2.0e-08 
2024-12-14 10:05:15,267 - 88       0.020716   0.099253   0.448074   0.062763   0.889048   1.6e-08 , 2.0e-08 
2024-12-14 10:09:53,178 - 89       0.020815   0.098825   0.454340   0.059906   0.888539   1.6e-08 , 2.0e-08 
2024-12-14 10:14:32,657 - Epoch    Loss       Val Loss   mIoU       minIoU     maxIoU     LR      
2024-12-14 10:14:32,657 - 90       0.020480   0.097829   0.452775   0.064401   0.888519   1.6e-08 , 2.0e-08 
2024-12-14 10:19:13,229 - 91       0.020510   0.098745   0.450779   0.063494   0.888570   1.6e-08 , 2.0e-08 
2024-12-14 10:23:50,053 - 92       0.020308   0.099447   0.449322   0.061245   0.887849   1.6e-08 , 2.0e-08 
2024-12-14 10:28:26,938 - 93       0.020807   0.098886   0.452312   0.065100   0.888886   1.6e-08 , 2.0e-08 
2024-12-14 10:33:12,717 - 94       0.020565   0.098311   0.451492   0.059373   0.888974   1.6e-08 , 2.0e-08 
2024-12-14 10:37:52,648 - 95       0.020537   0.097907   0.452425   0.063585   0.888869   1.6e-08 , 2.0e-08 
2024-12-14 10:42:37,650 - 96       0.020724   0.096771   0.453670   0.060702   0.888242   1.6e-08 , 2.0e-08 
2024-12-14 10:47:20,125 - 97       0.020419   0.099175   0.448501   0.058991   0.888077   1.6e-08 , 2.0e-08 
2024-12-14 10:52:01,881 - 98       0.020466   0.098851   0.450101   0.061537   0.888797   1.6e-08 , 2.0e-08 
2024-12-14 10:56:43,986 - 99       0.020629   0.098528   0.448489   0.065424   0.888450   1.6e-08 , 2.0e-08 
2024-12-14 11:01:26,759 - 100      0.020266   0.099008   0.449920   0.060390   0.888824   1.6e-08 , 2.0e-08 
2024-12-14 11:06:08,801 - 101      0.020186   0.097200   0.454108   0.061274   0.887863   1.6e-08 , 2.0e-08 
2024-12-14 11:10:53,899 - 102      0.020157   0.097746   0.453413   0.059643   0.888471   1.6e-08 , 2.0e-08 
2024-12-14 11:15:38,349 - 103      0.020216   0.099881   0.447277   0.063665   0.888396   1.6e-08 , 2.0e-08 
2024-12-14 11:20:17,640 - 104      0.020359   0.098858   0.452948   0.059948   0.888149   1.6e-08 , 2.0e-08 
2024-12-14 11:24:59,689 - Epoch    Loss       Val Loss   mIoU       minIoU     maxIoU     LR      
2024-12-14 11:24:59,689 - 105      0.020574   0.096452   0.452320   0.062225   0.888307   1.6e-08 , 2.0e-08 
2024-12-14 11:29:38,918 - 106      0.020573   0.098552   0.451191   0.059533   0.889899   1.6e-08 , 2.0e-08 
2024-12-14 11:34:22,137 - 107      0.020736   0.098906   0.450372   0.063083   0.889079   1.6e-08 , 2.0e-08 
2024-12-14 11:38:59,952 - 108      0.020451   0.099214   0.450786   0.060242   0.888250   1.6e-08 , 2.0e-08 
2024-12-14 11:43:38,050 - 109      0.020469   0.098487   0.450622   0.060345   0.889160   1.6e-08 , 2.0e-08 
2024-12-14 11:48:15,905 - 110      0.020502   0.098561   0.450746   0.062588   0.888288   1.6e-08 , 2.0e-08 
2024-12-14 11:52:54,024 - 111      0.020218   0.100503   0.448346   0.059085   0.889431   1.6e-08 , 2.0e-08 
2024-12-14 11:57:32,457 - 112      0.020152   0.097616   0.452799   0.060614   0.888596   1.6e-08 , 2.0e-08 
2024-12-14 12:02:13,306 - 113      0.020374   0.098190   0.453422   0.062102   0.888861   1.6e-08 , 2.0e-08 
2024-12-14 12:06:55,217 - 114      0.020380   0.100434   0.447431   0.065214   0.889426   1.6e-08 , 2.0e-08 
2024-12-14 12:11:33,699 - 115      0.020520   0.098424   0.448461   0.063492   0.887723   1.6e-08 , 2.0e-08 
2024-12-14 12:16:12,098 - 116      0.020405   0.098087   0.452041   0.062905   0.889210   1.6e-08 , 2.0e-08 
2024-12-14 12:20:49,644 - 117      0.020436   0.099350   0.451833   0.062049   0.889024   1.6e-08 , 2.0e-08 
2024-12-14 12:25:33,911 - 118      0.020663   0.097396   0.452503   0.060941   0.889572   1.6e-08 , 2.0e-08 
2024-12-14 12:30:15,611 - 119      0.020095   0.097984   0.452181   0.056587   0.889314   1.6e-08 , 2.0e-08 
2024-12-14 12:34:58,195 - Epoch    Loss       Val Loss   mIoU       minIoU     maxIoU     LR      
2024-12-14 12:34:58,195 - 120      0.020336   0.098914   0.452229   0.062449   0.889680   1.6e-08 , 2.0e-08 
2024-12-14 12:39:40,424 - 121      0.020552   0.098302   0.451001   0.062792   0.889534   1.6e-08 , 2.0e-08 
2024-12-14 12:44:22,579 - 122      0.020355   0.097940   0.452776   0.060332   0.889314   1.6e-08 , 2.0e-08 
2024-12-14 12:49:02,256 - 123      0.020646   0.098617   0.451275   0.061077   0.889783   1.6e-08 , 2.0e-08 
2024-12-14 12:53:42,325 - 124      0.020597   0.098387   0.451388   0.061570   0.889426   1.6e-08 , 2.0e-08 
2024-12-14 12:58:23,231 - 125      0.020544   0.097922   0.451014   0.059776   0.889093   1.6e-08 , 2.0e-08 
2024-12-14 13:03:05,975 - 126      0.020324   0.098249   0.452959   0.061107   0.889216   1.6e-08 , 2.0e-08 
2024-12-14 13:07:46,300 - 127      0.020407   0.096597   0.454329   0.060651   0.888949   1.6e-08 , 2.0e-08 
2024-12-14 13:12:25,741 - 128      0.020144   0.098777   0.450979   0.064775   0.889122   1.6e-08 , 2.0e-08 
2024-12-14 13:17:06,002 - 129      0.020236   0.099848   0.449743   0.063102   0.888325   1.6e-08 , 2.0e-08 
2024-12-14 13:21:43,595 - 130      0.020636   0.099603   0.452005   0.060754   0.888930   1.6e-08 , 2.0e-08 
2024-12-14 13:26:22,472 - 131      0.020620   0.099213   0.451645   0.060133   0.888956   1.6e-08 , 2.0e-08 
2024-12-14 13:31:00,904 - 132      0.020529   0.099926   0.446253   0.063131   0.888956   1.6e-08 , 2.0e-08 
2024-12-14 13:35:42,563 - 133      0.020386   0.097244   0.453470   0.057221   0.889449   1.6e-08 , 2.0e-08 
2024-12-14 13:40:25,978 - 134      0.020450   0.098310   0.452419   0.060731   0.889282   1.6e-08 , 2.0e-08 
2024-12-14 13:45:10,248 - Epoch    Loss       Val Loss   mIoU       minIoU     maxIoU     LR      
2024-12-14 13:45:10,248 - 135      0.020288   0.098968   0.451435   0.063604   0.888757   1.6e-08 , 2.0e-08 
2024-12-14 13:49:55,052 - 136      0.020408   0.098532   0.451486   0.065930   0.889017   1.6e-08 , 2.0e-08 
2024-12-14 13:54:38,095 - 137      0.020621   0.098578   0.454260   0.066712   0.888671   1.6e-08 , 2.0e-08 
2024-12-14 13:59:21,916 - 138      0.020772   0.097491   0.455098   0.061247   0.888752   1.6e-08 , 2.0e-08 
2024-12-14 14:04:04,368 - 139      0.020233   0.098388   0.453293   0.060177   0.889413   1.6e-08 , 2.0e-08 
2024-12-14 14:08:45,816 - 140      0.020401   0.098973   0.454424   0.064718   0.889299   1.6e-08 , 2.0e-08 
2024-12-14 14:13:28,972 - 141      0.020396   0.099443   0.451714   0.065378   0.888729   1.6e-08 , 2.0e-08 
2024-12-14 14:18:11,517 - 142      0.020294   0.098599   0.451540   0.061377   0.888769   1.6e-08 , 2.0e-08 
2024-12-14 14:22:52,935 - 143      0.020276   0.099708   0.451044   0.060245   0.889807   1.6e-08 , 2.0e-08 
2024-12-14 14:27:32,134 - 144      0.020406   0.099687   0.450587   0.059873   0.888645   1.6e-08 , 2.0e-08 
2024-12-14 14:32:13,026 - 145      0.020572   0.099013   0.450411   0.064375   0.889112   1.6e-08 , 2.0e-08 
2024-12-14 14:36:58,505 - 146      0.020318   0.097420   0.453182   0.059040   0.888813   1.6e-08 , 2.0e-08 
2024-12-14 14:41:41,391 - 147      0.020272   0.099875   0.450203   0.064253   0.889952   1.6e-08 , 2.0e-08 
2024-12-14 14:46:24,923 - 148      0.020356   0.099099   0.452130   0.064024   0.888799   1.6e-08 , 2.0e-08 
2024-12-14 14:51:08,414 - 149      0.019992   0.096886   0.451815   0.060975   0.888663   1.6e-08 , 2.0e-08 
2024-12-14 14:51:08,414 - Fine del training

