2024-12-29 18:57:42,690 - device          : cuda:5
2024-12-29 18:57:42,690 - model           : resnet101
2024-12-29 18:57:42,691 - mlp             : 1
2024-12-29 18:57:42,691 - vae             : False
2024-12-29 18:57:42,691 - epochs          : 50
2024-12-29 18:57:42,691 - batch           : 16
2024-12-29 18:57:42,691 - lr              : 0.0001
2024-12-29 18:57:42,691 - crop            : 512
2024-12-29 18:57:42,691 - optimizer       : adam
2024-12-29 18:57:42,691 - biases          : False
2024-12-29 18:57:42,691 - focal_loss      : 0
2024-12-29 18:57:42,691 - activation      : softmax
2024-12-29 18:57:42,691 - class_weights   : False
2024-12-29 18:57:42,691 - norm_weights    : False
2024-12-29 18:57:42,700 - Dataset Creati
2024-12-29 18:57:42,700 - Training images: 5125
2024-12-29 18:57:42,700 - Validation images: 1031

2024-12-29 18:57:42,701 - Dataloader Creati
2024-12-29 18:57:42,701 - Training batches: 320
2024-12-29 18:57:42,701 - Validation batches: 128

2024-12-29 18:57:46,680 - Model: deeplabv3plus_resnet101

2024-12-29 18:57:46,749 - Modello caricato correttamente su cuda:5

2024-12-29 18:57:46,752 - Inizio del training
2024-12-29 18:57:46,752 - optimizer: Adam (
Parameter Group 0
    amsgrad: False
    betas: (0.9, 0.999)
    capturable: False
    differentiable: False
    eps: 1e-08
    foreach: None
    fused: False
    lr: 0.0001
    maximize: False
    weight_decay: 0.0001

Parameter Group 1
    amsgrad: False
    betas: (0.9, 0.999)
    capturable: False
    differentiable: False
    eps: 1e-08
    foreach: None
    fused: False
    lr: 1e-05
    maximize: False
    weight_decay: 0.0001
)
2024-12-29 18:57:46,752 - loss:      CrossEntropyLoss()
2024-12-29 18:57:46,752 - epochs:    15
2024-12-29 18:57:46,752 - name:      weights_0

2024-12-29 19:04:09,657 - Epoch    Loss       Val Loss   mIoU       minIoU     maxIoU     LR      
2024-12-29 19:04:09,657 - 0        0.963640   0.658556   0.269624   0.000000   0.820674   1.0e-04 , 1.0e-05 
2024-12-29 19:10:32,518 - 1        0.662936   0.604450   0.307311   0.000000   0.830684   1.0e-04 , 1.0e-05 
2024-12-29 19:10:32,518 - > saved mIoU
2024-12-29 19:16:53,011 - 2        0.600284   0.593816   0.331197   0.000000   0.841467   1.0e-04 , 1.0e-05 
2024-12-29 19:16:53,011 - > saved mIoU
2024-12-29 19:23:09,623 - 3        0.570986   0.580996   0.341394   0.000000   0.842469   1.0e-04 , 1.0e-05 
2024-12-29 19:23:09,623 - > saved mIoU
2024-12-29 19:29:26,106 - 4        0.536370   0.580689   0.345018   0.000000   0.846020   1.0e-04 , 1.0e-05 
2024-12-29 19:29:26,107 - > saved mIoU
2024-12-29 19:35:43,499 - 5        0.520202   0.560840   0.352696   0.000604   0.846138   1.0e-04 , 1.0e-05 
2024-12-29 19:35:43,499 - > saved mIoU
2024-12-29 19:42:00,045 - 6        0.502926   0.571510   0.358237   0.005796   0.849908   1.0e-04 , 1.0e-05 
2024-12-29 19:42:00,046 - > saved mIoU
2024-12-29 19:48:17,186 - 7        0.482721   0.573564   0.362165   0.021610   0.849629   1.0e-04 , 1.0e-05 
2024-12-29 19:48:17,186 - > saved mIoU
2024-12-29 19:54:33,401 - 8        0.472733   0.575610   0.372580   0.024573   0.851341   1.0e-04 , 1.0e-05 
2024-12-29 19:54:33,401 - > saved mIoU
2024-12-29 20:00:50,467 - 9        0.461028   0.575197   0.376962   0.035299   0.849534   1.0e-04 , 1.0e-05 
2024-12-29 20:00:50,468 - > saved mIoU
2024-12-29 20:07:06,970 - 10       0.446428   0.580144   0.384199   0.037976   0.853859   1.0e-04 , 1.0e-05 
2024-12-29 20:07:06,971 - > saved mIoU
2024-12-29 20:13:24,643 - 11       0.445399   0.592928   0.379070   0.035500   0.852692   1.0e-04 , 1.0e-05 
2024-12-29 20:19:41,375 - 12       0.430973   0.576177   0.395855   0.039280   0.854487   5.0e-05 , 5.0e-06 
2024-12-29 20:19:41,376 - > saved mIoU
2024-12-29 20:25:58,203 - 13       0.415979   0.577746   0.399031   0.041338   0.855211   5.0e-05 , 5.0e-06 
2024-12-29 20:25:58,203 - > saved mIoU
2024-12-29 20:32:14,728 - 14       0.412117   0.575228   0.401633   0.043447   0.853797   5.0e-05 , 5.0e-06 
2024-12-29 20:32:14,728 - > saved mIoU
2024-12-29 20:32:15,211 - Fine del training

2024-12-29 20:32:15,459 - 
Caricati i pesi in: /home/piecestola/space/ML4CV/results_4/train_9/ckpts/weights_mIoU_0.pt

2024-12-29 20:32:15,460 - Inizio del training
2024-12-29 20:32:15,460 - optimizer: Adam (
Parameter Group 0
    amsgrad: False
    betas: (0.9, 0.999)
    capturable: False
    differentiable: False
    eps: 1e-08
    foreach: None
    fused: False
    lr: 5e-05
    maximize: False
    weight_decay: 0.0001

Parameter Group 1
    amsgrad: False
    betas: (0.9, 0.999)
    capturable: False
    differentiable: False
    eps: 1e-08
    foreach: None
    fused: False
    lr: 5e-06
    maximize: False
    weight_decay: 0.0001
)
2024-12-29 20:32:15,460 - loss:      CrossEntropyLoss()
2024-12-29 20:32:15,460 - epochs:    50
2024-12-29 20:32:15,460 - name:      weights_1

2024-12-29 20:48:03,432 - Epoch    Loss       Val Loss   mIoU       minIoU     maxIoU     LR      
2024-12-29 20:48:03,432 - 0        0.356867   0.464618   0.448423   0.068688   0.884856   5.0e-05 , 5.0e-06 
2024-12-29 21:03:51,906 - 1        0.276021   0.441008   0.488553   0.116172   0.906574   5.0e-05 , 5.0e-06 
2024-12-29 21:03:51,906 - > saved mIoU
2024-12-29 21:19:41,667 - 2        0.221175   0.416009   0.515991   0.153897   0.914097   5.0e-05 , 5.0e-06 
2024-12-29 21:19:41,667 - > saved mIoU
2024-12-29 21:35:31,321 - 3        0.197622   0.418866   0.517978   0.136577   0.913961   5.0e-05 , 5.0e-06 
2024-12-29 21:35:31,322 - > saved mIoU
2024-12-29 21:51:20,679 - 4        0.175040   0.428368   0.530059   0.153655   0.919460   5.0e-05 , 5.0e-06 
2024-12-29 21:51:20,679 - > saved mIoU
2024-12-29 22:07:10,467 - 5        0.157976   0.418181   0.536429   0.159447   0.921100   5.0e-05 , 5.0e-06 
2024-12-29 22:07:10,467 - > saved mIoU
2024-12-29 22:23:00,266 - 6        0.144145   0.411801   0.547694   0.171516   0.924012   5.0e-05 , 5.0e-06 
2024-12-29 22:23:00,267 - > saved mIoU
2024-12-29 22:38:50,309 - 7        0.133932   0.397826   0.552673   0.177849   0.920294   5.0e-05 , 5.0e-06 
2024-12-29 22:38:50,310 - > saved mIoU
2024-12-29 22:54:40,385 - 8        0.126117   0.397664   0.549271   0.188632   0.923092   5.0e-05 , 5.0e-06 
2024-12-29 23:10:28,428 - 9        0.119464   0.403733   0.562911   0.179726   0.926545   5.0e-05 , 5.0e-06 
2024-12-29 23:10:28,429 - > saved mIoU
2024-12-29 23:26:18,491 - 10       0.115280   0.417631   0.557428   0.185982   0.926631   5.0e-05 , 5.0e-06 
2024-12-29 23:42:06,936 - 11       0.111009   0.383480   0.573968   0.235269   0.931433   5.0e-05 , 5.0e-06 
2024-12-29 23:42:06,936 - > saved mIoU
2024-12-29 23:57:57,622 - 12       0.105604   0.400500   0.565397   0.244994   0.927688   5.0e-05 , 5.0e-06 
2024-12-30 00:13:46,644 - 13       0.103239   0.407360   0.568426   0.175605   0.929099   5.0e-05 , 5.0e-06 
2024-12-30 00:29:35,730 - 14       0.101013   0.385109   0.583044   0.213677   0.924555   5.0e-05 , 5.0e-06 
2024-12-30 00:29:35,731 - > saved mIoU
2024-12-30 00:45:26,016 - Epoch    Loss       Val Loss   mIoU       minIoU     maxIoU     LR      
2024-12-30 00:45:26,017 - 15       0.097956   0.377326   0.582237   0.273594   0.931174   5.0e-05 , 5.0e-06 
2024-12-30 01:01:14,373 - 16       0.094251   0.374366   0.588294   0.223084   0.932909   5.0e-05 , 5.0e-06 
2024-12-30 01:01:14,374 - > saved mIoU
2024-12-30 01:17:04,248 - 17       0.092215   0.384855   0.587316   0.216612   0.931406   5.0e-05 , 5.0e-06 
2024-12-30 01:32:52,425 - 18       0.091994   0.380091   0.589018   0.193971   0.931740   5.0e-05 , 5.0e-06 
2024-12-30 01:32:52,426 - > saved mIoU
2024-12-30 01:48:41,622 - 19       0.089176   0.402280   0.576665   0.227259   0.930518   5.0e-05 , 5.0e-06 
2024-12-30 02:04:30,123 - 20       0.086678   0.398038   0.582540   0.222535   0.934105   5.0e-05 , 5.0e-06 
2024-12-30 02:20:19,256 - 21       0.084258   0.373857   0.597687   0.272373   0.931829   5.0e-05 , 5.0e-06 
2024-12-30 02:20:19,256 - > saved mIoU
2024-12-30 02:36:09,548 - 22       0.083338   0.403214   0.589548   0.266806   0.933321   5.0e-05 , 5.0e-06 
2024-12-30 02:51:58,067 - 23       0.081587   0.366650   0.606556   0.302312   0.935051   5.0e-05 , 5.0e-06 
2024-12-30 02:51:58,067 - > saved mIoU
2024-12-30 03:07:47,894 - 24       0.080089   0.384987   0.602929   0.270289   0.933452   5.0e-05 , 5.0e-06 
2024-12-30 03:23:36,780 - 25       0.079970   0.386966   0.595510   0.244620   0.930472   5.0e-05 , 5.0e-06 
2024-12-30 03:39:25,773 - 26       0.079014   0.403182   0.581877   0.223254   0.934031   5.0e-05 , 5.0e-06 
2024-12-30 03:55:13,965 - 27       0.080180   0.421564   0.592056   0.274606   0.931780   5.0e-05 , 5.0e-06 
2024-12-30 04:11:02,731 - 28       0.079758   0.416924   0.589095   0.240920   0.929536   5.0e-05 , 5.0e-06 
2024-12-30 04:26:51,737 - 29       0.077109   0.390700   0.605687   0.251826   0.938470   5.0e-05 , 5.0e-06 
2024-12-30 04:42:40,566 - Epoch    Loss       Val Loss   mIoU       minIoU     maxIoU     LR      
2024-12-30 04:42:40,566 - 30       0.074686   0.391560   0.612377   0.333742   0.935235   2.5e-05 , 2.5e-06 
2024-12-30 04:42:40,566 - > saved mIoU
2024-12-30 04:58:30,805 - 31       0.072170   0.382864   0.617297   0.332455   0.932075   2.5e-05 , 2.5e-06 
2024-12-30 04:58:30,805 - > saved mIoU
2024-12-30 05:14:20,804 - 32       0.070076   0.393842   0.607842   0.314641   0.929503   2.5e-05 , 2.5e-06 
2024-12-30 05:30:09,859 - 33       0.068733   0.407642   0.613145   0.333106   0.930641   2.5e-05 , 2.5e-06 
2024-12-30 05:45:59,255 - 34       0.069038   0.400642   0.613549   0.313215   0.934891   2.5e-05 , 2.5e-06 
2024-12-30 06:01:48,704 - 35       0.067901   0.400815   0.618781   0.282006   0.934076   2.5e-05 , 2.5e-06 
2024-12-30 06:01:48,704 - > saved mIoU
2024-12-30 06:17:38,786 - 36       0.068008   0.390731   0.621664   0.322878   0.935813   1.3e-05 , 1.3e-06 
2024-12-30 06:17:38,786 - > saved mIoU
2024-12-30 06:33:29,479 - 37       0.066241   0.384015   0.622222   0.314407   0.936488   1.3e-05 , 1.3e-06 
2024-12-30 06:33:29,479 - > saved mIoU
2024-12-30 06:49:19,629 - 38       0.065964   0.397509   0.617724   0.337477   0.935567   1.3e-05 , 1.3e-06 
2024-12-30 07:05:08,638 - 39       0.065333   0.391144   0.621209   0.315203   0.935082   1.3e-05 , 1.3e-06 
2024-12-30 07:20:57,675 - 40       0.064513   0.404516   0.617751   0.337113   0.935783   1.3e-05 , 1.3e-06 
2024-12-30 07:36:46,548 - 41       0.064778   0.409408   0.620461   0.322969   0.938693   1.3e-05 , 1.3e-06 
2024-12-30 07:52:34,927 - 42       0.064713   0.411507   0.619367   0.331662   0.937789   6.3e-06 , 6.3e-07 
2024-12-30 08:08:24,103 - 43       0.063796   0.402561   0.621810   0.323569   0.935963   6.3e-06 , 6.3e-07 
2024-12-30 08:24:13,456 - 44       0.063078   0.405984   0.622392   0.334334   0.937227   6.3e-06 , 6.3e-07 
2024-12-30 08:24:13,457 - > saved mIoU
2024-12-30 08:40:03,354 - Epoch    Loss       Val Loss   mIoU       minIoU     maxIoU     LR      
2024-12-30 08:40:03,354 - 45       0.063040   0.399320   0.622415   0.335298   0.937563   6.3e-06 , 6.3e-07 
2024-12-30 08:40:03,355 - > saved mIoU
2024-12-30 08:55:53,505 - 46       0.063079   0.398377   0.624550   0.330325   0.937399   6.3e-06 , 6.3e-07 
2024-12-30 08:55:53,506 - > saved mIoU
2024-12-30 09:11:43,423 - 47       0.062858   0.397265   0.626542   0.338213   0.937996   6.3e-06 , 6.3e-07 
2024-12-30 09:11:43,423 - > saved mIoU
2024-12-30 09:27:34,299 - 48       0.062515   0.391448   0.625639   0.326848   0.936022   3.1e-06 , 3.1e-07 
2024-12-30 09:43:23,458 - 49       0.062273   0.392847   0.623134   0.321555   0.937386   3.1e-06 , 3.1e-07 
2024-12-30 09:43:23,459 - Fine del training

