2025-01-14 15:12:25,499 - device          : cuda:0
2025-01-14 15:12:25,500 - model           : resnet101
2025-01-14 15:12:25,500 - mlp             : 0
2025-01-14 15:12:25,500 - vae             : False
2025-01-14 15:12:25,500 - epochs          : 50
2025-01-14 15:12:25,500 - batch           : 10
2025-01-14 15:12:25,500 - lr              : 0.0001
2025-01-14 15:12:25,500 - crop            : 512
2025-01-14 15:12:25,500 - optimizer       : adam
2025-01-14 15:12:25,500 - biases          : False
2025-01-14 15:12:25,500 - focal_loss      : 0
2025-01-14 15:12:25,500 - activation      : softmax
2025-01-14 15:12:25,500 - class_weights   : False
2025-01-14 15:12:25,500 - norm_weights    : True
2025-01-14 15:12:25,500 - p               : 0.3
2025-01-14 15:12:25,500 - entropy         : 0
2025-01-14 15:12:25,508 - Dataset Creati
2025-01-14 15:12:25,508 - Training images: 5125
2025-01-14 15:12:25,509 - Validation images: 1031

2025-01-14 15:12:25,509 - Dataloader Creati
2025-01-14 15:12:25,509 - Training batches: 512
2025-01-14 15:12:25,509 - Validation batches: 128

2025-01-14 15:12:28,966 - Model: deeplabv3plus_resnet101

2025-01-14 15:12:29,029 - Modello caricato correttamente su cuda:0

2025-01-14 15:12:29,032 - Inizio del training
2025-01-14 15:12:29,032 - optimizer: Adam (
Parameter Group 0
    amsgrad: False
    betas: (0.9, 0.999)
    capturable: False
    differentiable: False
    eps: 1e-08
    foreach: None
    fused: False
    lr: 0.0001
    maximize: False
    weight_decay: 0.0001

Parameter Group 1
    amsgrad: False
    betas: (0.9, 0.999)
    capturable: False
    differentiable: False
    eps: 1e-08
    foreach: None
    fused: False
    lr: 1e-05
    maximize: False
    weight_decay: 0.0001
)
2025-01-14 15:12:29,033 - loss:      ArcFaceLoss(
  (loss): CrossEntropyLoss()
)
2025-01-14 15:12:29,033 - epochs:    15
2025-01-14 15:12:29,033 - name:      weights_0

2025-01-14 15:19:12,220 - Epoch    Loss       Val Loss   mIoU       minIoU     maxIoU     LR      
2025-01-14 15:19:12,220 - 0        16.187857  12.277161  0.108302   0.000000   0.533568   1.0e-04 , 1.0e-05 
2025-01-14 15:25:54,943 - 1        12.036292  11.574398  0.115168   0.000000   0.537845   1.0e-04 , 1.0e-05 
2025-01-14 15:25:54,943 - > saved mIoU
2025-01-14 15:32:38,178 - 2        11.051953  10.548126  0.135472   0.000049   0.611310   1.0e-04 , 1.0e-05 
2025-01-14 15:32:38,178 - > saved mIoU
2025-01-14 15:39:21,723 - 3        10.399191  9.510014   0.144102   0.000032   0.718245   1.0e-04 , 1.0e-05 
2025-01-14 15:39:21,723 - > saved mIoU
2025-01-14 15:46:05,203 - 4        9.833130   9.018634   0.172958   0.000340   0.731701   1.0e-04 , 1.0e-05 
2025-01-14 15:46:05,203 - > saved mIoU
2025-01-14 15:52:49,319 - 5        9.465772   8.537040   0.165653   0.000151   0.769217   1.0e-04 , 1.0e-05 
2025-01-14 15:59:32,978 - 6        8.993202   8.116327   0.172918   0.000200   0.776725   1.0e-04 , 1.0e-05 
2025-01-14 16:06:16,884 - 7        8.621735   7.579077   0.171797   0.000272   0.788748   1.0e-04 , 1.0e-05 
2025-01-14 16:13:00,834 - 8        8.154334   7.535067   0.178250   0.000375   0.777178   1.0e-04 , 1.0e-05 
2025-01-14 16:13:00,834 - > saved mIoU
2025-01-14 16:19:45,060 - 9        7.844153   7.404938   0.174582   0.000432   0.774157   1.0e-04 , 1.0e-05 
2025-01-14 16:26:28,388 - 10       7.533338   7.457902   0.177141   0.000355   0.761282   1.0e-04 , 1.0e-05 
2025-01-14 16:33:11,784 - 11       7.374715   7.398448   0.177135   0.000450   0.760637   1.0e-04 , 1.0e-05 
2025-01-14 16:39:54,903 - 12       7.243133   7.455204   0.176182   0.000563   0.753332   1.0e-04 , 1.0e-05 
2025-01-14 16:46:38,030 - 13       7.063945   6.882953   0.179943   0.000644   0.787309   1.0e-04 , 1.0e-05 
2025-01-14 16:46:38,031 - > saved mIoU
2025-01-14 16:53:21,269 - 14       7.000214   7.093034   0.183258   0.000860   0.765580   1.0e-04 , 1.0e-05 
2025-01-14 16:53:21,269 - > saved mIoU
2025-01-14 16:53:21,726 - Fine del training

2025-01-14 16:53:21,961 - 
Caricati i pesi in: /raid/homespace/piecestola/space/ML4CV/results/train_6/ckpts/weights_mIoU_0.pt

2025-01-14 16:53:21,967 - Inizio del training
2025-01-14 16:53:21,967 - optimizer: Adam (
Parameter Group 0
    amsgrad: False
    betas: (0.9, 0.999)
    capturable: False
    differentiable: False
    eps: 1e-08
    foreach: None
    fused: False
    lr: 0.0001
    maximize: False
    weight_decay: 0.0001

Parameter Group 1
    amsgrad: False
    betas: (0.9, 0.999)
    capturable: False
    differentiable: False
    eps: 1e-08
    foreach: None
    fused: False
    lr: 1e-05
    maximize: False
    weight_decay: 0.0001
)
2025-01-14 16:53:21,967 - loss:      ArcFaceLoss(
  (loss): CrossEntropyLoss()
)
2025-01-14 16:53:21,967 - epochs:    50
2025-01-14 16:53:21,967 - name:      weights_1

2025-01-14 17:11:45,686 - Epoch    Loss       Val Loss   mIoU       minIoU     maxIoU     LR      
2025-01-14 17:11:45,686 - 0        5.439080   4.932923   0.243367   0.000143   0.896422   1.0e-04 , 1.0e-05 
2025-01-14 17:30:09,880 - 1        4.599792   4.960206   0.273578   0.003140   0.869610   1.0e-04 , 1.0e-05 
2025-01-14 17:30:09,880 - > saved mIoU
2025-01-14 17:48:34,958 - 2        4.176224   4.731982   0.261727   0.001739   0.882816   1.0e-04 , 1.0e-05 
2025-01-14 18:06:58,884 - 3        3.859791   4.612825   0.301272   0.002907   0.887400   1.0e-04 , 1.0e-05 
2025-01-14 18:06:58,885 - > saved mIoU
2025-01-14 18:25:24,009 - 4        3.616309   4.006797   0.348015   0.002505   0.921880   1.0e-04 , 1.0e-05 
2025-01-14 18:25:24,009 - > saved mIoU
2025-01-14 18:43:49,555 - 5        3.454439   4.084199   0.363209   0.003305   0.910103   1.0e-04 , 1.0e-05 
2025-01-14 18:43:49,555 - > saved mIoU
2025-01-14 19:02:15,048 - 6        3.328424   4.050680   0.371919   0.000918   0.921944   1.0e-04 , 1.0e-05 
2025-01-14 19:02:15,048 - > saved mIoU
2025-01-14 19:20:40,181 - 7        3.127550   3.939342   0.384390   0.002482   0.925901   1.0e-04 , 1.0e-05 
2025-01-14 19:20:40,181 - > saved mIoU
2025-01-14 19:39:05,316 - 8        3.020109   3.891581   0.391531   0.002002   0.910674   1.0e-04 , 1.0e-05 
2025-01-14 19:39:05,316 - > saved mIoU
2025-01-14 19:57:30,642 - 9        2.841619   4.140052   0.384286   0.000427   0.908210   1.0e-04 , 1.0e-05 
2025-01-14 20:15:54,716 - 10       2.748510   3.581732   0.420568   0.001502   0.922078   1.0e-04 , 1.0e-05 
2025-01-14 20:15:54,717 - > saved mIoU
2025-01-14 20:34:20,036 - 11       2.605263   3.548519   0.422551   0.000658   0.924348   1.0e-04 , 1.0e-05 
2025-01-14 20:34:20,036 - > saved mIoU
2025-01-14 20:52:45,447 - 12       2.518489   3.550134   0.410772   0.000565   0.917157   1.0e-04 , 1.0e-05 
2025-01-14 21:11:09,575 - 13       2.398412   3.574750   0.422452   0.002272   0.921790   1.0e-04 , 1.0e-05 
2025-01-14 21:29:33,642 - 14       2.286627   3.331239   0.430789   0.002397   0.930284   1.0e-04 , 1.0e-05 
2025-01-14 21:29:33,643 - > saved mIoU
2025-01-14 21:48:03,999 - Epoch    Loss       Val Loss   mIoU       minIoU     maxIoU     LR      
2025-01-14 21:48:03,999 - 15       2.169849   3.232823   0.408916   0.002351   0.932770   1.0e-04 , 1.0e-05 
2025-01-14 22:06:33,555 - 16       2.071335   3.414447   0.400922   0.002542   0.917672   1.0e-04 , 1.0e-05 
2025-01-14 22:25:03,729 - 17       1.965055   3.075239   0.419950   0.007104   0.935704   1.0e-04 , 1.0e-05 
2025-01-14 22:43:33,595 - 18       1.885872   2.938886   0.423433   0.003826   0.939506   1.0e-04 , 1.0e-05 
2025-01-14 23:02:02,973 - 19       1.821947   3.242172   0.415146   0.008702   0.917044   1.0e-04 , 1.0e-05 
2025-01-14 23:20:31,443 - 20       1.786193   3.115376   0.413797   0.006830   0.923910   1.0e-04 , 1.0e-05 
2025-01-14 23:38:56,689 - 21       1.797204   3.222817   0.407786   0.006113   0.922467   1.0e-04 , 1.0e-05 
2025-01-14 23:57:21,539 - 22       1.732601   2.994710   0.427457   0.003700   0.929946   1.0e-04 , 1.0e-05 
2025-01-15 00:15:47,009 - 23       1.753089   3.095448   0.400643   0.005281   0.928017   1.0e-04 , 1.0e-05 
2025-01-15 00:34:12,567 - 24       1.713939   2.949820   0.397916   0.007827   0.924845   1.0e-04 , 1.0e-05 
2025-01-15 00:52:37,725 - 25       1.706840   3.150179   0.402806   0.007151   0.911218   1.0e-04 , 1.0e-05 
2025-01-15 01:11:02,991 - 26       1.669879   2.921520   0.420832   0.005409   0.930346   1.0e-04 , 1.0e-05 
2025-01-15 01:29:28,233 - 27       1.645159   3.041383   0.413551   0.007494   0.928078   1.0e-04 , 1.0e-05 
2025-01-15 01:47:53,226 - 28       1.686875   3.164780   0.409460   0.008496   0.920416   1.0e-04 , 1.0e-05 
2025-01-15 02:06:18,234 - 29       1.640022   3.155927   0.420985   0.003612   0.927082   1.0e-04 , 1.0e-05 
2025-01-15 02:24:44,496 - Epoch    Loss       Val Loss   mIoU       minIoU     maxIoU     LR      
2025-01-15 02:24:44,496 - 30       1.625609   3.399482   0.408930   0.005774   0.929705   1.0e-04 , 1.0e-05 
2025-01-15 02:43:10,004 - 31       1.637152   2.847403   0.435081   0.006320   0.936314   1.0e-04 , 1.0e-05 
2025-01-15 02:43:10,005 - > saved mIoU
2025-01-15 03:01:36,227 - 32       1.618897   2.911736   0.434540   0.004949   0.936089   1.0e-04 , 1.0e-05 
2025-01-15 03:20:01,633 - 33       1.613343   3.114866   0.432185   0.005803   0.932489   1.0e-04 , 1.0e-05 
2025-01-15 03:38:27,190 - 34       1.595172   2.932476   0.441809   0.004693   0.934896   1.0e-04 , 1.0e-05 
2025-01-15 03:38:27,190 - > saved mIoU
2025-01-15 03:56:53,955 - 35       1.582573   3.094124   0.430303   0.007260   0.932370   1.0e-04 , 1.0e-05 
2025-01-15 04:15:19,940 - 36       1.590809   3.033792   0.408448   0.006268   0.935598   1.0e-04 , 1.0e-05 
2025-01-15 04:33:45,243 - 37       1.588924   3.123936   0.426083   0.005941   0.928418   1.0e-04 , 1.0e-05 
2025-01-15 04:52:10,692 - 38       1.570737   3.050501   0.441219   0.005032   0.928818   1.0e-04 , 1.0e-05 
2025-01-15 05:10:36,226 - 39       1.599274   3.121738   0.422498   0.007218   0.918195   1.0e-04 , 1.0e-05 
2025-01-15 05:29:01,929 - 40       1.594445   3.242246   0.429924   0.005790   0.910979   1.0e-04 , 1.0e-05 
2025-01-15 05:47:27,547 - 41       1.569481   3.080960   0.443361   0.005702   0.925576   1.0e-04 , 1.0e-05 
2025-01-15 05:47:27,547 - > saved mIoU
2025-01-15 06:05:54,467 - 42       1.558570   3.090951   0.449940   0.007205   0.925517   1.0e-04 , 1.0e-05 
2025-01-15 06:05:54,468 - > saved mIoU
2025-01-15 06:24:21,501 - 43       1.541074   3.055746   0.447164   0.008408   0.928135   1.0e-04 , 1.0e-05 
2025-01-15 06:42:47,210 - 44       1.528808   2.975664   0.456744   0.006852   0.927646   1.0e-04 , 1.0e-05 
2025-01-15 06:42:47,211 - > saved mIoU
2025-01-15 07:01:14,459 - Epoch    Loss       Val Loss   mIoU       minIoU     maxIoU     LR      
2025-01-15 07:01:14,459 - 45       1.540953   3.127255   0.454245   0.005483   0.917077   5.0e-05 , 5.0e-06 
2025-01-15 07:19:39,475 - 46       1.508639   2.950828   0.457525   0.003989   0.929728   5.0e-05 , 5.0e-06 
2025-01-15 07:19:39,475 - > saved mIoU
2025-01-15 07:38:06,977 - 47       1.506299   2.935946   0.463325   0.007059   0.932723   5.0e-05 , 5.0e-06 
2025-01-15 07:38:06,977 - > saved mIoU
2025-01-15 07:56:34,660 - 48       1.499350   2.939438   0.461241   0.005712   0.933679   5.0e-05 , 5.0e-06 
2025-01-15 08:15:00,319 - 49       1.494440   2.995015   0.462097   0.004004   0.930190   5.0e-05 , 5.0e-06 
2025-01-15 08:15:00,320 - Fine del training

