2025-01-31 15:16:04,553 - device          : cuda:4
2025-01-31 15:16:04,553 - model           : resnet101
2025-01-31 15:16:04,553 - mlp             : 0
2025-01-31 15:16:04,553 - p               : 0
2025-01-31 15:16:04,553 - epochs          : 50
2025-01-31 15:16:04,553 - batch           : 16
2025-01-31 15:16:04,553 - lr              : 0.0001
2025-01-31 15:16:04,553 - crop            : 512
2025-01-31 15:16:04,554 - optimizer       : adam
2025-01-31 15:16:04,554 - focal_loss      : 0
2025-01-31 15:16:04,554 - activation      : softmax
2025-01-31 15:16:04,554 - class_weights   : False
2025-01-31 15:16:04,554 - norm_weights    : False
2025-01-31 15:16:04,554 - entropy         : 0
2025-01-31 15:16:04,562 - Dataset Creati
2025-01-31 15:16:04,562 - Training images: 5125
2025-01-31 15:16:04,562 - Validation images: 1031

2025-01-31 15:16:04,563 - Dataloader Creati
2025-01-31 15:16:04,563 - Training batches: 320
2025-01-31 15:16:04,563 - Validation batches: 128

2025-01-31 15:16:08,189 - Model: deeplabv3plus_resnet101

2025-01-31 15:16:08,257 - Modello caricato correttamente su cuda:4

2025-01-31 15:16:08,260 - Inizio del training
2025-01-31 15:16:08,260 - optimizer: Adam (
Parameter Group 0
    amsgrad: False
    betas: (0.9, 0.999)
    capturable: False
    differentiable: False
    eps: 1e-08
    foreach: None
    fused: False
    lr: 0.0001
    maximize: False
    weight_decay: 0.0001

Parameter Group 1
    amsgrad: False
    betas: (0.9, 0.999)
    capturable: False
    differentiable: False
    eps: 1e-08
    foreach: None
    fused: False
    lr: 1e-05
    maximize: False
    weight_decay: 0.0001
)
2025-01-31 15:16:08,261 - loss:      CrossEntropyLoss()
2025-01-31 15:16:08,261 - epochs:    15
2025-01-31 15:16:08,261 - name:      weights_0

2025-01-31 15:22:30,805 - Epoch    Loss       Val Loss   mIoU       minIoU     maxIoU     LR      
2025-01-31 15:22:30,806 - 0        1.006250   0.772250   0.309949   0.000000   0.804591   1.0e-04 , 1.0e-05 
2025-01-31 15:28:54,938 - 1        0.670386   0.697425   0.329514   0.000142   0.818151   1.0e-04 , 1.0e-05 
2025-01-31 15:28:54,939 - > saved mIoU
2025-01-31 15:35:18,063 - 2        0.608650   0.652733   0.355573   0.000235   0.819299   1.0e-04 , 1.0e-05 
2025-01-31 15:35:18,063 - > saved mIoU
2025-01-31 15:41:40,567 - 3        0.571021   0.650671   0.362835   0.001135   0.822687   1.0e-04 , 1.0e-05 
2025-01-31 15:41:40,567 - > saved mIoU
2025-01-31 15:48:04,197 - 4        0.545714   0.653540   0.362504   0.002159   0.826843   1.0e-04 , 1.0e-05 
2025-01-31 15:54:27,008 - 5        0.526029   0.655518   0.360361   0.004131   0.827079   1.0e-04 , 1.0e-05 
2025-01-31 16:00:49,552 - 6        0.502374   0.650952   0.367883   0.005261   0.823299   1.0e-04 , 1.0e-05 
2025-01-31 16:00:49,552 - > saved mIoU
2025-01-31 16:07:15,049 - 7        0.487374   0.653604   0.369037   0.006870   0.822712   1.0e-04 , 1.0e-05 
2025-01-31 16:07:15,049 - > saved mIoU
2025-01-31 16:13:38,141 - 8        0.475232   0.651159   0.367021   0.008530   0.825258   1.0e-04 , 1.0e-05 
2025-01-31 16:20:00,827 - 9        0.464547   0.656603   0.369295   0.012175   0.823010   1.0e-04 , 1.0e-05 
2025-01-31 16:20:00,828 - > saved mIoU
2025-01-31 16:26:25,024 - 10       0.455220   0.612308   0.387431   0.020004   0.844706   5.0e-05 , 5.0e-06 
2025-01-31 16:26:25,025 - > saved mIoU
2025-01-31 16:32:49,624 - 11       0.438117   0.618706   0.389332   0.019616   0.844129   5.0e-05 , 5.0e-06 
2025-01-31 16:32:49,625 - > saved mIoU
2025-01-31 16:39:14,731 - 12       0.433571   0.614566   0.387696   0.021536   0.844603   5.0e-05 , 5.0e-06 
2025-01-31 16:45:39,614 - 13       0.435374   0.612820   0.389488   0.022519   0.841059   5.0e-05 , 5.0e-06 
2025-01-31 16:45:39,614 - > saved mIoU
2025-01-31 16:52:04,426 - 14       0.414815   0.625966   0.385852   0.024106   0.845074   5.0e-05 , 5.0e-06 
2025-01-31 16:52:04,427 - Fine del training

2025-01-31 16:52:04,683 - 
Caricati i pesi in: /raid/homespace/piecestola/space/ML4CV/results/train_3/ckpts/weights_mIoU_0.pt

2025-01-31 16:52:04,684 - Inizio del training
2025-01-31 16:52:04,684 - optimizer: Adam (
Parameter Group 0
    amsgrad: False
    betas: (0.9, 0.999)
    capturable: False
    differentiable: False
    eps: 1e-08
    foreach: None
    fused: False
    lr: 5e-05
    maximize: False
    weight_decay: 0.0001

Parameter Group 1
    amsgrad: False
    betas: (0.9, 0.999)
    capturable: False
    differentiable: False
    eps: 1e-08
    foreach: None
    fused: False
    lr: 5e-06
    maximize: False
    weight_decay: 0.0001
)
2025-01-31 16:52:04,684 - loss:      CrossEntropyLoss()
2025-01-31 16:52:04,685 - epochs:    50
2025-01-31 16:52:04,685 - name:      weights_1

2025-01-31 17:08:13,121 - Epoch    Loss       Val Loss   mIoU       minIoU     maxIoU     LR      
2025-01-31 17:08:13,122 - 0        0.373688   0.465498   0.463998   0.057636   0.887006   5.0e-05 , 5.0e-06 
2025-01-31 17:24:22,701 - 1        0.281792   0.449501   0.483328   0.090420   0.908364   5.0e-05 , 5.0e-06 
2025-01-31 17:24:22,701 - > saved mIoU
2025-01-31 17:40:32,921 - 2        0.228786   0.428019   0.493973   0.103195   0.916355   5.0e-05 , 5.0e-06 
2025-01-31 17:40:32,921 - > saved mIoU
2025-01-31 17:56:43,088 - 3        0.193482   0.433402   0.504876   0.117154   0.910664   5.0e-05 , 5.0e-06 
2025-01-31 17:56:43,088 - > saved mIoU
2025-01-31 18:12:51,757 - 4        0.172795   0.432584   0.516462   0.129930   0.913642   5.0e-05 , 5.0e-06 
2025-01-31 18:12:51,758 - > saved mIoU
2025-01-31 18:28:54,011 - 5        0.154522   0.434749   0.524533   0.151255   0.919657   5.0e-05 , 5.0e-06 
2025-01-31 18:28:54,011 - > saved mIoU
2025-01-31 18:44:58,388 - 6        0.142243   0.444947   0.518251   0.116129   0.911876   5.0e-05 , 5.0e-06 
2025-01-31 19:01:08,185 - 7        0.132974   0.420123   0.542655   0.149781   0.918478   5.0e-05 , 5.0e-06 
2025-01-31 19:01:08,185 - > saved mIoU
2025-01-31 19:17:18,323 - 8        0.124285   0.436825   0.539499   0.150887   0.916691   5.0e-05 , 5.0e-06 
2025-01-31 19:33:28,369 - 9        0.119649   0.429727   0.548901   0.150229   0.927133   5.0e-05 , 5.0e-06 
2025-01-31 19:33:28,369 - > saved mIoU
2025-01-31 19:49:40,822 - 10       0.114546   0.430864   0.552123   0.135294   0.924570   5.0e-05 , 5.0e-06 
2025-01-31 19:49:40,822 - > saved mIoU
2025-01-31 20:05:52,424 - 11       0.108742   0.447288   0.545747   0.166889   0.927363   5.0e-05 , 5.0e-06 
2025-01-31 20:22:02,064 - 12       0.106495   0.426047   0.549865   0.156657   0.925715   5.0e-05 , 5.0e-06 
2025-01-31 20:38:08,125 - 13       0.102422   0.417439   0.568653   0.173453   0.927326   5.0e-05 , 5.0e-06 
2025-01-31 20:38:08,126 - > saved mIoU
2025-01-31 20:54:15,302 - 14       0.099855   0.428238   0.564181   0.195171   0.924907   5.0e-05 , 5.0e-06 
2025-01-31 21:10:21,870 - Epoch    Loss       Val Loss   mIoU       minIoU     maxIoU     LR      
2025-01-31 21:10:21,871 - 15       0.097041   0.451953   0.559510   0.216872   0.923019   5.0e-05 , 5.0e-06 
2025-01-31 21:26:26,177 - 16       0.094571   0.423012   0.583319   0.272531   0.926048   5.0e-05 , 5.0e-06 
2025-01-31 21:26:26,178 - > saved mIoU
2025-01-31 21:42:32,585 - 17       0.092824   0.425304   0.573478   0.235023   0.930815   5.0e-05 , 5.0e-06 
2025-01-31 21:58:36,859 - 18       0.091057   0.422097   0.556458   0.185156   0.926552   5.0e-05 , 5.0e-06 
2025-01-31 22:14:43,152 - 19       0.093735   0.448248   0.563031   0.200784   0.919043   5.0e-05 , 5.0e-06 
2025-01-31 22:30:46,522 - 20       0.089353   0.425470   0.586414   0.296531   0.926368   2.5e-05 , 2.5e-06 
2025-01-31 22:30:46,523 - > saved mIoU
2025-01-31 22:46:53,767 - 21       0.083994   0.426181   0.584922   0.281847   0.927774   2.5e-05 , 2.5e-06 
2025-01-31 23:02:59,068 - 22       0.082345   0.445638   0.589101   0.290781   0.925813   2.5e-05 , 2.5e-06 
2025-01-31 23:02:59,068 - > saved mIoU
2025-01-31 23:19:06,336 - 23       0.079893   0.427838   0.595680   0.292180   0.931589   2.5e-05 , 2.5e-06 
2025-01-31 23:19:06,336 - > saved mIoU
2025-01-31 23:35:13,983 - 24       0.079242   0.431633   0.593658   0.302007   0.930221   2.5e-05 , 2.5e-06 
2025-01-31 23:51:18,787 - 25       0.077294   0.456237   0.594222   0.269605   0.932577   2.5e-05 , 2.5e-06 
2025-02-01 00:07:24,032 - 26       0.077660   0.438359   0.590520   0.295391   0.927207   1.3e-05 , 1.3e-06 
2025-02-01 00:23:29,566 - 27       0.076162   0.426927   0.596336   0.318534   0.927622   1.3e-05 , 1.3e-06 
2025-02-01 00:23:29,567 - > saved mIoU
2025-02-01 00:39:36,216 - 28       0.075292   0.437914   0.590910   0.307205   0.924513   1.3e-05 , 1.3e-06 
2025-02-01 00:55:42,601 - 29       0.074623   0.433427   0.594426   0.324796   0.929914   1.3e-05 , 1.3e-06 
2025-02-01 01:11:49,633 - Epoch    Loss       Val Loss   mIoU       minIoU     maxIoU     LR      
2025-02-01 01:11:49,633 - 30       0.073218   0.423185   0.599995   0.314134   0.930475   1.3e-05 , 1.3e-06 
2025-02-01 01:11:49,633 - > saved mIoU
2025-02-01 01:27:57,316 - 31       0.072880   0.430443   0.604699   0.305141   0.931150   1.3e-05 , 1.3e-06 
2025-02-01 01:27:57,316 - > saved mIoU
2025-02-01 01:44:05,879 - 32       0.072856   0.439459   0.598683   0.308603   0.934435   6.3e-06 , 6.3e-07 
2025-02-01 02:00:11,884 - 33       0.071774   0.443807   0.598080   0.288906   0.932981   6.3e-06 , 6.3e-07 
2025-02-01 02:16:17,195 - 34       0.071686   0.437811   0.601745   0.304074   0.932141   6.3e-06 , 6.3e-07 
2025-02-01 02:32:22,821 - 35       0.070322   0.440157   0.602196   0.294533   0.933539   6.3e-06 , 6.3e-07 
2025-02-01 02:48:27,613 - 36       0.070403   0.440150   0.601688   0.308706   0.933265   6.3e-06 , 6.3e-07 
2025-02-01 03:04:32,619 - 37       0.069780   0.440985   0.602522   0.309610   0.931888   6.3e-06 , 6.3e-07 
2025-02-01 03:20:39,523 - 38       0.069653   0.434362   0.609155   0.327501   0.932757   3.1e-06 , 3.1e-07 
2025-02-01 03:20:39,524 - > saved mIoU
2025-02-01 03:36:46,456 - 39       0.069509   0.427184   0.609834   0.315396   0.932523   3.1e-06 , 3.1e-07 
2025-02-01 03:36:46,457 - > saved mIoU
2025-02-01 03:52:53,505 - 40       0.069841   0.427705   0.609805   0.325564   0.931468   3.1e-06 , 3.1e-07 
2025-02-01 04:08:59,397 - 41       0.069260   0.426907   0.609858   0.322354   0.932036   3.1e-06 , 3.1e-07 
2025-02-01 04:08:59,397 - > saved mIoU
2025-02-01 04:25:05,637 - 42       0.068416   0.430279   0.612533   0.326817   0.932837   3.1e-06 , 3.1e-07 
2025-02-01 04:25:05,637 - > saved mIoU
2025-02-01 04:41:11,832 - 43       0.068471   0.424476   0.611680   0.328406   0.933247   3.1e-06 , 3.1e-07 
2025-02-01 04:57:13,480 - 44       0.068557   0.425874   0.610716   0.315724   0.930869   1.6e-06 , 1.6e-07 
2025-02-01 05:13:15,884 - Epoch    Loss       Val Loss   mIoU       minIoU     maxIoU     LR      
2025-02-01 05:13:15,884 - 45       0.068138   0.423822   0.613102   0.325512   0.931061   1.6e-06 , 1.6e-07 
2025-02-01 05:13:15,884 - > saved mIoU
2025-02-01 05:29:18,720 - 46       0.067966   0.422596   0.612841   0.317699   0.932116   1.6e-06 , 1.6e-07 
2025-02-01 05:45:19,724 - 47       0.067590   0.422804   0.613082   0.313878   0.932227   1.6e-06 , 1.6e-07 
2025-02-01 06:01:21,894 - 48       0.067999   0.427556   0.611584   0.314533   0.931405   1.6e-06 , 1.6e-07 
2025-02-01 06:17:23,214 - 49       0.067378   0.424292   0.612618   0.313160   0.931533   1.6e-06 , 1.6e-07 
2025-02-01 06:17:23,214 - Fine del training

