2024-12-25 11:49:29,642 - device          : cuda:1
2024-12-25 11:49:29,643 - model           : resnet101
2024-12-25 11:49:29,643 - epochs          : 50
2024-12-25 11:49:29,643 - batch           : 16
2024-12-25 11:49:29,643 - lr              : 0.0001
2024-12-25 11:49:29,643 - crop            : 512
2024-12-25 11:49:29,643 - optimizer       : adam
2024-12-25 11:49:29,643 - biases          : False
2024-12-25 11:49:29,643 - focal_loss      : 0
2024-12-25 11:49:29,643 - activation      : sigmoid
2024-12-25 11:49:29,643 - class_weights   : False
2024-12-25 11:49:29,643 - norm_weights    : False
2024-12-25 11:49:29,651 - Dataset Creati
2024-12-25 11:49:29,651 - Training images: 5125
2024-12-25 11:49:29,651 - Validation images: 1031

2024-12-25 11:49:29,652 - Dataloader Creati
2024-12-25 11:49:29,652 - Training batches: 320
2024-12-25 11:49:29,652 - Validation batches: 128

2024-12-25 11:49:33,459 - Model: deeplabv3plus_resnet101

2024-12-25 11:49:33,522 - Modello caricato correttamente su cuda:1

2024-12-25 11:49:33,525 - Inizio del training
2024-12-25 11:49:33,525 - optimizer: Adam (
Parameter Group 0
    amsgrad: False
    betas: (0.9, 0.999)
    capturable: False
    differentiable: False
    eps: 1e-08
    foreach: None
    fused: False
    lr: 0.0001
    maximize: False
    weight_decay: 0.0001

Parameter Group 1
    amsgrad: False
    betas: (0.9, 0.999)
    capturable: False
    differentiable: False
    eps: 1e-08
    foreach: None
    fused: False
    lr: 1e-05
    maximize: False
    weight_decay: 0.0001
)
2024-12-25 11:49:33,525 - loss:      BCELossModified()
2024-12-25 11:49:33,525 - epochs:    15
2024-12-25 11:49:33,525 - name:      weights_0

2024-12-25 11:56:05,379 - Epoch    Loss       Val Loss   mIoU       minIoU     maxIoU     LR      
2024-12-25 11:56:05,379 - 0        0.216331   0.089998   0.253623   0.000000   0.812302   1.0e-04 , 1.0e-05 
2024-12-25 12:02:38,900 - 1        0.092214   0.075886   0.285703   0.000000   0.822270   1.0e-04 , 1.0e-05 
2024-12-25 12:02:38,900 - > saved mIoU
2024-12-25 12:09:11,691 - 2        0.081649   0.072913   0.304058   0.000000   0.828859   1.0e-04 , 1.0e-05 
2024-12-25 12:09:11,692 - > saved mIoU
2024-12-25 12:15:43,412 - 3        0.077577   0.073035   0.315353   0.000000   0.839852   1.0e-04 , 1.0e-05 
2024-12-25 12:15:43,412 - > saved mIoU
2024-12-25 12:22:15,715 - 4        0.073459   0.071537   0.326067   0.000000   0.844120   1.0e-04 , 1.0e-05 
2024-12-25 12:22:15,715 - > saved mIoU
2024-12-25 12:28:48,104 - 5        0.071626   0.072288   0.331679   0.000000   0.844131   1.0e-04 , 1.0e-05 
2024-12-25 12:28:48,105 - > saved mIoU
2024-12-25 12:35:22,139 - 6        0.069741   0.071653   0.341575   0.000000   0.849316   1.0e-04 , 1.0e-05 
2024-12-25 12:35:22,140 - > saved mIoU
2024-12-25 12:41:55,955 - 7        0.067545   0.071258   0.341428   0.000000   0.842497   1.0e-04 , 1.0e-05 
2024-12-25 12:48:27,396 - 8        0.066253   0.071823   0.352064   0.000000   0.847672   1.0e-04 , 1.0e-05 
2024-12-25 12:48:27,397 - > saved mIoU
2024-12-25 12:55:00,230 - 9        0.065324   0.071581   0.348682   0.000000   0.842708   1.0e-04 , 1.0e-05 
2024-12-25 13:01:31,447 - 10       0.064619   0.071908   0.355082   0.000000   0.854978   1.0e-04 , 1.0e-05 
2024-12-25 13:01:31,448 - > saved mIoU
2024-12-25 13:08:02,687 - 11       0.064287   0.071813   0.359109   0.000000   0.848481   1.0e-04 , 1.0e-05 
2024-12-25 13:08:02,688 - > saved mIoU
2024-12-25 13:14:34,641 - 12       0.062001   0.071544   0.361652   0.000000   0.848705   1.0e-04 , 1.0e-05 
2024-12-25 13:14:34,642 - > saved mIoU
2024-12-25 13:21:06,092 - 13       0.062450   0.071340   0.357288   0.000000   0.848923   1.0e-04 , 1.0e-05 
2024-12-25 13:27:36,846 - 14       0.061814   0.072383   0.363957   0.000000   0.855517   5.0e-05 , 5.0e-06 
2024-12-25 13:27:36,847 - > saved mIoU
2024-12-25 13:27:37,318 - Fine del training

2024-12-25 13:27:37,548 - 
Caricati i pesi in: /home/piecestola/space/ML4CV/results/train_11/ckpts/weights_mIoU_0.pt

2024-12-25 13:27:37,549 - Inizio del training
2024-12-25 13:27:37,549 - optimizer: Adam (
Parameter Group 0
    amsgrad: False
    betas: (0.9, 0.999)
    capturable: False
    differentiable: False
    eps: 1e-08
    foreach: None
    fused: False
    lr: 5e-05
    maximize: False
    weight_decay: 0.0001

Parameter Group 1
    amsgrad: False
    betas: (0.9, 0.999)
    capturable: False
    differentiable: False
    eps: 1e-08
    foreach: None
    fused: False
    lr: 5e-06
    maximize: False
    weight_decay: 0.0001
)
2024-12-25 13:27:37,550 - loss:      BCELossModified()
2024-12-25 13:27:37,550 - epochs:    50
2024-12-25 13:27:37,550 - name:      weights_1

2024-12-25 13:43:34,977 - Epoch    Loss       Val Loss   mIoU       minIoU     maxIoU     LR      
2024-12-25 13:43:34,978 - 0        0.052989   0.055936   0.425124   0.000000   0.904311   5.0e-05 , 5.0e-06 
2024-12-25 13:59:32,919 - 1        0.040725   0.052470   0.461211   0.001083   0.914585   5.0e-05 , 5.0e-06 
2024-12-25 13:59:32,920 - > saved mIoU
2024-12-25 14:15:32,021 - 2        0.034924   0.049926   0.478189   0.009451   0.917536   5.0e-05 , 5.0e-06 
2024-12-25 14:15:32,021 - > saved mIoU
2024-12-25 14:31:31,226 - 3        0.030129   0.050201   0.491865   0.054402   0.922426   5.0e-05 , 5.0e-06 
2024-12-25 14:31:31,226 - > saved mIoU
2024-12-25 14:47:30,317 - 4        0.026498   0.048426   0.515162   0.165218   0.925662   5.0e-05 , 5.0e-06 
2024-12-25 14:47:30,318 - > saved mIoU
2024-12-25 15:03:30,033 - 5        0.023904   0.048339   0.521131   0.174155   0.913425   5.0e-05 , 5.0e-06 
2024-12-25 15:03:30,034 - > saved mIoU
2024-12-25 15:19:29,409 - 6        0.021980   0.047633   0.537656   0.210309   0.927625   5.0e-05 , 5.0e-06 
2024-12-25 15:19:29,409 - > saved mIoU
2024-12-25 15:35:28,775 - 7        0.020564   0.048419   0.548084   0.226352   0.917159   5.0e-05 , 5.0e-06 
2024-12-25 15:35:28,775 - > saved mIoU
2024-12-25 15:51:28,186 - 8        0.020024   0.048437   0.550502   0.231435   0.918122   5.0e-05 , 5.0e-06 
2024-12-25 15:51:28,187 - > saved mIoU
2024-12-25 16:07:28,336 - 9        0.019183   0.047018   0.552004   0.210136   0.930944   5.0e-05 , 5.0e-06 
2024-12-25 16:07:28,337 - > saved mIoU
2024-12-25 16:23:27,596 - 10       0.018622   0.047989   0.565755   0.226540   0.930380   5.0e-05 , 5.0e-06 
2024-12-25 16:23:27,597 - > saved mIoU
2024-12-25 16:39:27,017 - 11       0.017365   0.048260   0.577862   0.258520   0.929672   5.0e-05 , 5.0e-06 
2024-12-25 16:39:27,018 - > saved mIoU
2024-12-25 16:55:26,075 - 12       0.016861   0.045709   0.576553   0.264405   0.931969   5.0e-05 , 5.0e-06 
2024-12-25 17:11:24,263 - 13       0.016265   0.046372   0.579421   0.261749   0.931013   5.0e-05 , 5.0e-06 
2024-12-25 17:11:24,263 - > saved mIoU
2024-12-25 17:27:23,308 - 14       0.015848   0.046522   0.587654   0.262451   0.933597   5.0e-05 , 5.0e-06 
2024-12-25 17:27:23,308 - > saved mIoU
2024-12-25 17:43:22,734 - Epoch    Loss       Val Loss   mIoU       minIoU     maxIoU     LR      
2024-12-25 17:43:22,735 - 15       0.015811   0.046322   0.579466   0.241205   0.930243   5.0e-05 , 5.0e-06 
2024-12-25 17:59:21,517 - 16       0.016257   0.045926   0.595672   0.255771   0.935774   5.0e-05 , 5.0e-06 
2024-12-25 17:59:21,517 - > saved mIoU
2024-12-25 18:15:21,840 - 17       0.015372   0.044183   0.594343   0.242712   0.937818   5.0e-05 , 5.0e-06 
2024-12-25 18:31:19,299 - 18       0.014569   0.045346   0.604080   0.294797   0.935692   5.0e-05 , 5.0e-06 
2024-12-25 18:31:19,299 - > saved mIoU
2024-12-25 18:47:17,238 - 19       0.014088   0.046867   0.596826   0.291653   0.938345   5.0e-05 , 5.0e-06 
2024-12-25 19:03:14,491 - 20       0.013873   0.045700   0.600821   0.290789   0.939889   5.0e-05 , 5.0e-06 
2024-12-25 19:19:13,023 - 21       0.013973   0.048749   0.580947   0.266349   0.928991   5.0e-05 , 5.0e-06 
2024-12-25 19:35:10,262 - 22       0.014556   0.058198   0.554412   0.213846   0.874319   5.0e-05 , 5.0e-06 
2024-12-25 19:51:08,784 - 23       0.014223   0.046058   0.591863   0.293646   0.938625   5.0e-05 , 5.0e-06 
2024-12-25 20:07:07,073 - 24       0.013748   0.043423   0.617175   0.284932   0.937891   2.5e-05 , 2.5e-06 
2024-12-25 20:07:07,073 - > saved mIoU
2024-12-25 20:23:06,776 - 25       0.013002   0.043633   0.615012   0.295378   0.937381   2.5e-05 , 2.5e-06 
2024-12-25 20:39:05,060 - 26       0.012507   0.042598   0.627859   0.303850   0.937400   2.5e-05 , 2.5e-06 
2024-12-25 20:39:05,060 - > saved mIoU
2024-12-25 20:55:07,142 - 27       0.012408   0.042902   0.626245   0.306643   0.938870   2.5e-05 , 2.5e-06 
2024-12-25 21:11:05,183 - 28       0.012324   0.042280   0.620624   0.317007   0.938271   2.5e-05 , 2.5e-06 
2024-12-25 21:27:03,794 - 29       0.012148   0.043902   0.623213   0.326037   0.938227   2.5e-05 , 2.5e-06 
2024-12-25 21:43:01,795 - Epoch    Loss       Val Loss   mIoU       minIoU     maxIoU     LR      
2024-12-25 21:43:01,795 - 30       0.012258   0.044217   0.613485   0.296035   0.941437   2.5e-05 , 2.5e-06 
2024-12-25 21:58:59,341 - 31       0.012164   0.045040   0.614961   0.318085   0.941556   2.5e-05 , 2.5e-06 
2024-12-25 22:14:55,988 - 32       0.012158   0.046729   0.609820   0.331758   0.939172   2.5e-05 , 2.5e-06 
2024-12-25 22:30:53,167 - 33       0.012100   0.048321   0.603539   0.235653   0.929980   2.5e-05 , 2.5e-06 
2024-12-25 22:46:51,254 - 34       0.012080   0.043514   0.607963   0.319932   0.939503   2.5e-05 , 2.5e-06 
2024-12-25 23:02:49,147 - 35       0.012033   0.045363   0.624632   0.296155   0.940901   1.3e-05 , 1.3e-06 
2024-12-25 23:18:46,009 - 36       0.011676   0.045207   0.631261   0.330888   0.940879   1.3e-05 , 1.3e-06 
2024-12-25 23:18:46,009 - > saved mIoU
2024-12-25 23:34:44,924 - 37       0.011543   0.045381   0.630696   0.332251   0.941236   1.3e-05 , 1.3e-06 
2024-12-25 23:50:44,423 - 38       0.011401   0.043826   0.626813   0.333075   0.940375   1.3e-05 , 1.3e-06 
2024-12-26 00:06:43,269 - 39       0.011272   0.045316   0.622279   0.335635   0.938991   1.3e-05 , 1.3e-06 
2024-12-26 00:22:41,307 - 40       0.011069   0.045418   0.624824   0.334719   0.939309   1.3e-05 , 1.3e-06 
2024-12-26 00:38:38,600 - 41       0.011176   0.045101   0.628678   0.320199   0.937402   6.3e-06 , 6.3e-07 
2024-12-26 00:54:36,885 - 42       0.011016   0.045648   0.627638   0.340035   0.939558   6.3e-06 , 6.3e-07 
2024-12-26 01:10:35,952 - 43       0.010982   0.044987   0.627512   0.327060   0.938318   6.3e-06 , 6.3e-07 
2024-12-26 01:26:33,610 - 44       0.010849   0.043989   0.630256   0.344767   0.940027   6.3e-06 , 6.3e-07 
2024-12-26 01:42:31,370 - Epoch    Loss       Val Loss   mIoU       minIoU     maxIoU     LR      
2024-12-26 01:42:31,371 - 45       0.010833   0.044053   0.625773   0.319029   0.941536   6.3e-06 , 6.3e-07 
2024-12-26 01:58:28,527 - 46       0.010763   0.044399   0.629893   0.349479   0.940088   6.3e-06 , 6.3e-07 
2024-12-26 02:14:26,416 - 47       0.010777   0.044630   0.628141   0.323316   0.941762   3.1e-06 , 3.1e-07 
2024-12-26 02:30:24,726 - 48       0.010670   0.044796   0.629482   0.340252   0.942423   3.1e-06 , 3.1e-07 
2024-12-26 02:46:20,858 - 49       0.010616   0.045455   0.625881   0.331778   0.942156   3.1e-06 , 3.1e-07 
2024-12-26 02:46:20,859 - Fine del training

