2024-12-19 16:22:16,071 - device          : cuda:3
2024-12-19 16:22:16,071 - epochs          : 100
2024-12-19 16:22:16,071 - batch           : 32
2024-12-19 16:22:16,072 - lr              : 0.0001
2024-12-19 16:22:16,072 - crop            : 450
2024-12-19 16:22:16,072 - optimizer       : adam
2024-12-19 16:22:16,072 - biases          : False
2024-12-19 16:22:16,072 - focal_loss      : 0
2024-12-19 16:22:16,072 - activation      : softmax
2024-12-19 16:22:16,072 - class_weights   : True
2024-12-19 16:22:16,072 - norm_weights    : False
2024-12-19 16:22:16,080 - Dataset Creati
2024-12-19 16:22:16,080 - Training images: 5125
2024-12-19 16:22:16,080 - Validation images: 1031

2024-12-19 16:22:16,081 - Dataloader Creati
2024-12-19 16:22:16,081 - Training batches: 160
2024-12-19 16:22:16,081 - Validation batches: 128

2024-12-19 16:22:17,779 - Modello caricato correttamente su cuda:3

2024-12-19 16:22:17,780 - Inizio del training
2024-12-19 16:22:17,781 - optimizer: Adam (
Parameter Group 0
    amsgrad: False
    betas: (0.9, 0.999)
    capturable: False
    differentiable: False
    eps: 1e-08
    foreach: None
    fused: False
    lr: 0.0001
    maximize: False
    weight_decay: 0.0001

Parameter Group 1
    amsgrad: False
    betas: (0.9, 0.999)
    capturable: False
    differentiable: False
    eps: 1e-08
    foreach: None
    fused: False
    lr: 1e-05
    maximize: False
    weight_decay: 0.0001
)
2024-12-19 16:22:17,781 - loss:      CrossEntropyLoss()
2024-12-19 16:22:17,781 - epochs:    15
2024-12-19 16:22:17,781 - name:      weights_0

2024-12-19 16:25:41,760 - Epoch    Loss       Val Loss   mIoU       minIoU     maxIoU     LR      
2024-12-19 16:25:41,760 - 0        1.568708   1.299396   0.326274   0.005509   0.832620   1.0e-04 , 1.0e-05 
2024-12-19 16:29:07,631 - 1        1.139361   1.230866   0.344016   0.009033   0.849521   1.0e-04 , 1.0e-05 
2024-12-19 16:29:07,768 - Modello salvato
2024-12-19 16:29:07,840 - Modello salvato
2024-12-19 16:32:33,842 - 2        1.025488   1.201119   0.349514   0.011637   0.856895   1.0e-04 , 1.0e-05 
2024-12-19 16:32:33,923 - Modello salvato
2024-12-19 16:32:34,001 - Modello salvato
2024-12-19 16:36:06,420 - 3        0.975383   1.185854   0.354043   0.011967   0.859888   1.0e-04 , 1.0e-05 
2024-12-19 16:36:06,507 - Modello salvato
2024-12-19 16:36:06,590 - Modello salvato
2024-12-19 16:39:39,435 - 4        0.938816   1.206253   0.356293   0.013258   0.862586   1.0e-04 , 1.0e-05 
2024-12-19 16:39:39,522 - Modello salvato
2024-12-19 16:43:11,448 - 5        0.891624   1.193365   0.354139   0.013409   0.861794   1.0e-04 , 1.0e-05 
2024-12-19 16:46:42,390 - 6        0.879067   1.183260   0.356549   0.013330   0.861531   1.0e-04 , 1.0e-05 
2024-12-19 16:46:42,473 - Modello salvato
2024-12-19 16:46:42,560 - Modello salvato
2024-12-19 16:50:16,336 - 7        0.867550   1.183513   0.359104   0.013659   0.862728   1.0e-04 , 1.0e-05 
2024-12-19 16:50:16,415 - Modello salvato
2024-12-19 16:53:45,724 - 8        0.863959   1.162148   0.366359   0.011478   0.864383   1.0e-04 , 1.0e-05 
2024-12-19 16:53:45,809 - Modello salvato
2024-12-19 16:53:45,889 - Modello salvato
2024-12-19 16:57:18,572 - 9        0.825835   1.155802   0.366940   0.012118   0.864837   1.0e-04 , 1.0e-05 
2024-12-19 16:57:18,656 - Modello salvato
2024-12-19 16:57:18,737 - Modello salvato
2024-12-19 17:00:50,119 - 10       0.822920   1.171478   0.362599   0.008965   0.866223   1.0e-04 , 1.0e-05 
2024-12-19 17:04:18,532 - 11       0.800230   1.132341   0.363659   0.010016   0.866536   1.0e-04 , 1.0e-05 
2024-12-19 17:04:18,620 - Modello salvato
2024-12-19 17:07:49,203 - 12       0.798794   1.160718   0.364349   0.010402   0.865836   1.0e-04 , 1.0e-05 
2024-12-19 17:11:21,217 - 13       0.793823   1.153735   0.361139   0.014401   0.865038   1.0e-04 , 1.0e-05 
2024-12-19 17:14:56,438 - 14       0.776829   1.164009   0.366808   0.014060   0.867181   1.0e-04 , 1.0e-05 
2024-12-19 17:14:56,439 - Fine del training

2024-12-19 17:14:56,529 - 
Caricati i pesi in: /home/piecestola/space/ML4CV/results/train_7/ckpts/weights_0.pt

2024-12-19 17:14:56,530 - Inizio del training
2024-12-19 17:14:56,530 - optimizer: Adam (
Parameter Group 0
    amsgrad: False
    betas: (0.9, 0.999)
    capturable: False
    differentiable: False
    eps: 1e-08
    foreach: None
    fused: False
    lr: 0.0001
    maximize: False
    weight_decay: 0.0001

Parameter Group 1
    amsgrad: False
    betas: (0.9, 0.999)
    capturable: False
    differentiable: False
    eps: 1e-08
    foreach: None
    fused: False
    lr: 1e-05
    maximize: False
    weight_decay: 0.0001
)
2024-12-19 17:14:56,530 - loss:      CrossEntropyLoss()
2024-12-19 17:14:56,530 - epochs:    100
2024-12-19 17:14:56,531 - name:      weights_1

2024-12-19 17:19:44,824 - Epoch    Loss       Val Loss   mIoU       minIoU     maxIoU     LR      
2024-12-19 17:19:44,824 - 0        0.748345   1.047228   0.387258   0.041943   0.869512   1.0e-04 , 1.0e-05 
2024-12-19 17:24:34,004 - 1        0.598859   0.965438   0.407000   0.033156   0.875891   1.0e-04 , 1.0e-05 
2024-12-19 17:24:34,183 - Modello salvato
2024-12-19 17:24:34,326 - Modello salvato
2024-12-19 17:29:24,094 - 2        0.531980   0.957350   0.410732   0.029505   0.872070   1.0e-04 , 1.0e-05 
2024-12-19 17:29:24,279 - Modello salvato
2024-12-19 17:29:24,452 - Modello salvato
2024-12-19 17:34:13,070 - 3        0.464761   0.960669   0.423763   0.062600   0.872212   1.0e-04 , 1.0e-05 
2024-12-19 17:34:13,232 - Modello salvato
2024-12-19 17:39:03,645 - 4        0.425057   0.926463   0.420140   0.031910   0.874858   1.0e-04 , 1.0e-05 
2024-12-19 17:39:03,822 - Modello salvato
2024-12-19 17:43:55,352 - 5        0.396763   0.917884   0.432631   0.047577   0.873920   1.0e-04 , 1.0e-05 
2024-12-19 17:43:55,546 - Modello salvato
2024-12-19 17:43:55,732 - Modello salvato
2024-12-19 17:48:44,227 - 6        0.384463   0.884044   0.440139   0.046808   0.875709   1.0e-04 , 1.0e-05 
2024-12-19 17:48:44,407 - Modello salvato
2024-12-19 17:48:44,580 - Modello salvato
2024-12-19 17:53:31,570 - 7        0.361940   0.920140   0.438476   0.046671   0.876513   1.0e-04 , 1.0e-05 
2024-12-19 17:58:20,065 - 8        0.349085   0.879180   0.434619   0.034379   0.873294   1.0e-04 , 1.0e-05 
2024-12-19 17:58:20,243 - Modello salvato
2024-12-19 18:03:07,926 - 9        0.334428   0.913579   0.440644   0.045529   0.876471   1.0e-04 , 1.0e-05 
2024-12-19 18:03:08,100 - Modello salvato
2024-12-19 18:07:56,876 - 10       0.314407   0.941598   0.439630   0.060805   0.878098   1.0e-04 , 1.0e-05 
2024-12-19 18:12:44,451 - 11       0.310284   0.970283   0.441998   0.117768   0.875578   1.0e-04 , 1.0e-05 
2024-12-19 18:12:44,621 - Modello salvato
2024-12-19 18:17:31,813 - 12       0.295366   0.952327   0.467877   0.170936   0.871626   1.0e-04 , 1.0e-05 
2024-12-19 18:17:31,983 - Modello salvato
2024-12-19 18:22:19,724 - 13       0.276782   0.925412   0.468192   0.059296   0.888976   5.0e-05 , 5.0e-06 
2024-12-19 18:22:19,896 - Modello salvato
2024-12-19 18:27:06,501 - 14       0.267883   0.904893   0.473987   0.133578   0.888786   5.0e-05 , 5.0e-06 
2024-12-19 18:27:06,688 - Modello salvato
2024-12-19 18:31:54,013 - Epoch    Loss       Val Loss   mIoU       minIoU     maxIoU     LR      
2024-12-19 18:31:54,014 - 15       0.264354   0.967386   0.466020   0.083972   0.880264   5.0e-05 , 5.0e-06 
2024-12-19 18:36:42,260 - 16       0.265199   0.902017   0.471506   0.129959   0.885859   5.0e-05 , 5.0e-06 
2024-12-19 18:41:28,515 - 17       0.255264   0.943079   0.475627   0.117122   0.889994   2.5e-05 , 2.5e-06 
2024-12-19 18:41:28,687 - Modello salvato
2024-12-19 18:46:14,931 - 18       0.247849   0.950699   0.479958   0.150508   0.888632   2.5e-05 , 2.5e-06 
2024-12-19 18:46:15,100 - Modello salvato
2024-12-19 18:51:03,277 - 19       0.248706   0.951782   0.470546   0.153606   0.884626   2.5e-05 , 2.5e-06 
2024-12-19 18:55:51,722 - 20       0.248570   0.935683   0.464639   0.148689   0.890980   2.5e-05 , 2.5e-06 
2024-12-19 19:00:39,850 - 21       0.255034   0.930307   0.472821   0.157846   0.890901   1.3e-05 , 1.3e-06 
2024-12-19 19:05:25,104 - 22       0.240255   0.931655   0.475907   0.146531   0.888712   1.3e-05 , 1.3e-06 
2024-12-19 19:10:08,730 - 23       0.237157   0.940989   0.475568   0.173588   0.891184   1.3e-05 , 1.3e-06 
2024-12-19 19:14:52,532 - 24       0.237003   0.923713   0.478098   0.149163   0.890767   1.3e-05 , 1.3e-06 
2024-12-19 19:19:38,416 - 25       0.230623   0.946489   0.479091   0.159500   0.891147   6.3e-06 , 6.3e-07 
2024-12-19 19:24:24,152 - 26       0.231580   0.950492   0.476427   0.155962   0.890781   6.3e-06 , 6.3e-07 
2024-12-19 19:29:08,810 - 27       0.233613   0.938115   0.479845   0.156357   0.891087   6.3e-06 , 6.3e-07 
2024-12-19 19:33:53,050 - 28       0.229716   0.941700   0.479622   0.167949   0.891796   6.3e-06 , 6.3e-07 
2024-12-19 19:38:40,532 - 29       0.228789   0.942927   0.482402   0.172048   0.891831   3.1e-06 , 3.1e-07 
2024-12-19 19:38:40,709 - Modello salvato
2024-12-19 19:43:25,419 - Epoch    Loss       Val Loss   mIoU       minIoU     maxIoU     LR      
2024-12-19 19:43:25,419 - 30       0.227418   0.947263   0.480364   0.166325   0.891039   3.1e-06 , 3.1e-07 
2024-12-19 19:48:13,266 - 31       0.228443   0.957736   0.483357   0.166180   0.891364   3.1e-06 , 3.1e-07 
2024-12-19 19:48:13,437 - Modello salvato
2024-12-19 19:52:59,805 - 32       0.228001   0.953639   0.479971   0.159687   0.892307   3.1e-06 , 3.1e-07 
2024-12-19 19:57:44,636 - 33       0.226750   0.949374   0.482377   0.170785   0.892357   1.6e-06 , 1.6e-07 
2024-12-19 20:02:31,079 - 34       0.225824   0.944914   0.481068   0.159523   0.892339   1.6e-06 , 1.6e-07 
2024-12-19 20:07:16,270 - 35       0.227159   0.951201   0.483956   0.169092   0.892597   1.6e-06 , 1.6e-07 
2024-12-19 20:07:16,445 - Modello salvato
2024-12-19 20:12:03,163 - 36       0.227954   0.946551   0.481438   0.169955   0.892559   1.6e-06 , 1.6e-07 
2024-12-19 20:16:50,726 - 37       0.225586   0.952809   0.482268   0.166638   0.891504   7.8e-07 , 7.8e-08 
2024-12-19 20:21:36,416 - 38       0.228756   0.963918   0.480065   0.167649   0.891409   7.8e-07 , 7.8e-08 
2024-12-19 20:26:23,823 - 39       0.226049   0.966346   0.482853   0.174014   0.891886   7.8e-07 , 7.8e-08 
2024-12-19 20:31:12,537 - 40       0.226541   0.958127   0.481449   0.174019   0.891820   7.8e-07 , 7.8e-08 
2024-12-19 20:36:00,768 - 41       0.224245   0.957730   0.483767   0.170469   0.891673   3.9e-07 , 3.9e-08 
2024-12-19 20:40:49,180 - 42       0.224561   0.960229   0.481282   0.166053   0.891904   3.9e-07 , 3.9e-08 
2024-12-19 20:45:35,397 - 43       0.226790   0.952459   0.480893   0.162387   0.891486   3.9e-07 , 3.9e-08 
2024-12-19 20:50:21,776 - 44       0.227585   0.951052   0.479614   0.168784   0.891995   3.9e-07 , 3.9e-08 
2024-12-19 20:55:07,989 - Epoch    Loss       Val Loss   mIoU       minIoU     maxIoU     LR      
2024-12-19 20:55:07,989 - 45       0.224026   0.952478   0.484973   0.175777   0.891504   2.0e-07 , 2.0e-08 
2024-12-19 20:55:08,161 - Modello salvato
2024-12-19 20:59:53,816 - 46       0.226610   0.963303   0.482680   0.173324   0.891627   2.0e-07 , 2.0e-08 
2024-12-19 21:04:41,395 - 47       0.222811   0.969475   0.482052   0.173168   0.892051   2.0e-07 , 2.0e-08 
2024-12-19 21:09:29,183 - 48       0.226164   0.953585   0.482091   0.182824   0.890608   2.0e-07 , 2.0e-08 
2024-12-19 21:14:15,298 - 49       0.226307   0.944332   0.482157   0.164490   0.892063   9.8e-08 , 2.0e-08 
2024-12-19 21:18:59,336 - 50       0.224519   0.960291   0.482754   0.176738   0.892005   9.8e-08 , 2.0e-08 
2024-12-19 21:23:44,362 - 51       0.227853   0.949407   0.482300   0.164759   0.892307   9.8e-08 , 2.0e-08 
2024-12-19 21:28:28,869 - 52       0.223663   0.968379   0.482746   0.175178   0.891734   9.8e-08 , 2.0e-08 
2024-12-19 21:33:12,727 - 53       0.227316   0.959465   0.483977   0.178071   0.890686   4.9e-08 , 2.0e-08 
2024-12-19 21:37:58,608 - 54       0.225253   0.956288   0.481837   0.167233   0.892339   4.9e-08 , 2.0e-08 
2024-12-19 21:42:45,298 - 55       0.227072   0.960387   0.479899   0.171286   0.891992   4.9e-08 , 2.0e-08 
2024-12-19 21:47:29,484 - 56       0.226022   0.961804   0.480914   0.170308   0.892572   4.9e-08 , 2.0e-08 
2024-12-19 21:52:14,021 - 57       0.233435   0.951157   0.482457   0.175795   0.891832   2.4e-08 , 2.0e-08 
2024-12-19 21:56:58,050 - 58       0.228720   0.958807   0.482895   0.168657   0.892506   2.4e-08 , 2.0e-08 
2024-12-19 22:01:41,675 - 59       0.226092   0.956412   0.482518   0.163156   0.891546   2.4e-08 , 2.0e-08 
2024-12-19 22:06:27,817 - Epoch    Loss       Val Loss   mIoU       minIoU     maxIoU     LR      
2024-12-19 22:06:27,817 - 60       0.226755   0.953740   0.482444   0.174137   0.891815   2.4e-08 , 2.0e-08 
2024-12-19 22:11:09,365 - 61       0.232900   0.958475   0.482618   0.165990   0.891899   1.2e-08 , 2.0e-08 
2024-12-19 22:15:46,802 - 62       0.228095   0.961618   0.483539   0.176860   0.892313   1.2e-08 , 2.0e-08 
2024-12-19 22:20:25,708 - 63       0.222212   0.958234   0.481927   0.173573   0.891406   1.2e-08 , 2.0e-08 
2024-12-19 22:25:04,084 - 64       0.223368   0.959566   0.480009   0.165366   0.892520   1.2e-08 , 2.0e-08 
2024-12-19 22:29:41,878 - 65       0.226199   0.965169   0.481441   0.169941   0.892489   1.2e-08 , 2.0e-08 
2024-12-19 22:34:20,642 - 66       0.226144   0.957709   0.481715   0.174848   0.891353   1.2e-08 , 2.0e-08 
2024-12-19 22:38:59,085 - 67       0.223568   0.954335   0.480296   0.170407   0.891804   1.2e-08 , 2.0e-08 
2024-12-19 22:43:36,547 - 68       0.226322   0.953802   0.482782   0.171513   0.893010   1.2e-08 , 2.0e-08 
2024-12-19 22:48:15,858 - 69       0.225078   0.962950   0.480758   0.180593   0.891792   1.2e-08 , 2.0e-08 
2024-12-19 22:52:54,564 - 70       0.223545   0.954492   0.482177   0.175041   0.892359   1.2e-08 , 2.0e-08 
2024-12-19 22:57:31,955 - 71       0.225607   0.950890   0.483425   0.183027   0.891358   1.2e-08 , 2.0e-08 
2024-12-19 23:02:09,230 - 72       0.225910   0.963431   0.480500   0.177592   0.891569   1.2e-08 , 2.0e-08 
2024-12-19 23:06:46,075 - 73       0.224822   0.969889   0.482155   0.179952   0.891216   1.2e-08 , 2.0e-08 
2024-12-19 23:11:23,040 - 74       0.226227   0.963765   0.481867   0.175921   0.891668   1.2e-08 , 2.0e-08 
2024-12-19 23:16:02,596 - Epoch    Loss       Val Loss   mIoU       minIoU     maxIoU     LR      
2024-12-19 23:16:02,597 - 75       0.224998   0.944628   0.484389   0.170874   0.891995   1.2e-08 , 2.0e-08 
2024-12-19 23:20:40,400 - 76       0.225234   0.958729   0.481331   0.172789   0.891420   1.2e-08 , 2.0e-08 
2024-12-19 23:25:18,028 - 77       0.225099   0.952891   0.482440   0.167239   0.892243   1.2e-08 , 2.0e-08 
2024-12-19 23:29:56,244 - 78       0.226542   0.953703   0.482969   0.171662   0.893211   1.2e-08 , 2.0e-08 
2024-12-19 23:34:34,232 - 79       0.227215   0.956937   0.482552   0.174359   0.891106   1.2e-08 , 2.0e-08 
2024-12-19 23:39:13,428 - 80       0.222576   0.957458   0.483395   0.180705   0.890639   1.2e-08 , 2.0e-08 
2024-12-19 23:43:50,618 - 81       0.227195   0.959942   0.480696   0.168271   0.891936   1.2e-08 , 2.0e-08 
2024-12-19 23:48:30,186 - 82       0.222947   0.959605   0.481135   0.166566   0.892276   1.2e-08 , 2.0e-08 
2024-12-19 23:53:10,240 - 83       0.225720   0.954322   0.483876   0.172604   0.891454   1.2e-08 , 2.0e-08 
2024-12-19 23:57:49,909 - 84       0.227255   0.960227   0.482870   0.175490   0.892340   1.2e-08 , 2.0e-08 
2024-12-20 00:02:30,265 - 85       0.225497   0.950196   0.481861   0.167321   0.891892   1.2e-08 , 2.0e-08 
2024-12-20 00:07:10,050 - 86       0.224402   0.955271   0.482116   0.169252   0.891699   1.2e-08 , 2.0e-08 
2024-12-20 00:11:47,557 - 87       0.224867   0.959547   0.481022   0.174656   0.892410   1.2e-08 , 2.0e-08 
2024-12-20 00:16:26,708 - 88       0.228135   0.965979   0.480032   0.170876   0.892807   1.2e-08 , 2.0e-08 
2024-12-20 00:21:05,106 - 89       0.224292   0.958160   0.484766   0.170474   0.891249   1.2e-08 , 2.0e-08 
2024-12-20 00:25:41,424 - Epoch    Loss       Val Loss   mIoU       minIoU     maxIoU     LR      
2024-12-20 00:25:41,424 - 90       0.228066   0.957600   0.482955   0.174937   0.891309   1.2e-08 , 2.0e-08 
2024-12-20 00:30:20,314 - 91       0.225921   0.967427   0.482470   0.174000   0.891890   1.2e-08 , 2.0e-08 
2024-12-20 00:34:59,662 - 92       0.225323   0.967839   0.482545   0.178899   0.891651   1.2e-08 , 2.0e-08 
2024-12-20 00:39:37,336 - 93       0.225647   0.971755   0.481940   0.187304   0.891406   1.2e-08 , 2.0e-08 
2024-12-20 00:44:15,600 - 94       0.229216   0.957921   0.482147   0.171942   0.891633   1.2e-08 , 2.0e-08 
2024-12-20 00:48:54,936 - 95       0.225651   0.956491   0.483730   0.174154   0.892364   1.2e-08 , 2.0e-08 
2024-12-20 00:53:34,254 - 96       0.230595   0.947357   0.483850   0.172775   0.892301   1.2e-08 , 2.0e-08 
2024-12-20 00:58:13,332 - 97       0.225787   0.953466   0.480236   0.167365   0.891875   1.2e-08 , 2.0e-08 
2024-12-20 01:02:53,110 - 98       0.228134   0.957069   0.481016   0.162801   0.892407   1.2e-08 , 2.0e-08 
2024-12-20 01:07:31,971 - 99       0.226758   0.962097   0.479985   0.174317   0.890993   1.2e-08 , 2.0e-08 
2024-12-20 01:07:31,972 - Fine del training

