2024-12-21 13:12:55,140 - device          : cuda:1
2024-12-21 13:12:55,140 - model           : resnet101
2024-12-21 13:12:55,140 - epochs          : 50
2024-12-21 13:12:55,140 - batch           : 16
2024-12-21 13:12:55,140 - lr              : 0.0001
2024-12-21 13:12:55,140 - crop            : 450
2024-12-21 13:12:55,141 - optimizer       : adam
2024-12-21 13:12:55,141 - biases          : False
2024-12-21 13:12:55,141 - focal_loss      : 0
2024-12-21 13:12:55,141 - activation      : softmax
2024-12-21 13:12:55,141 - class_weights   : True
2024-12-21 13:12:55,141 - norm_weights    : True
2024-12-21 13:12:55,149 - Dataset Creati
2024-12-21 13:12:55,149 - Training images: 5125
2024-12-21 13:12:55,149 - Validation images: 1031

2024-12-21 13:12:55,150 - Dataloader Creati
2024-12-21 13:12:55,150 - Training batches: 320
2024-12-21 13:12:55,150 - Validation batches: 128

2024-12-21 13:12:58,882 - Model: deeplabv3plus_resnet101

2024-12-21 13:12:58,954 - Modello caricato correttamente su cuda:1

2024-12-21 13:12:58,957 - Inizio del training
2024-12-21 13:12:58,958 - optimizer: Adam (
Parameter Group 0
    amsgrad: False
    betas: (0.9, 0.999)
    capturable: False
    differentiable: False
    eps: 1e-08
    foreach: None
    fused: False
    lr: 0.0001
    maximize: False
    weight_decay: 0.0001

Parameter Group 1
    amsgrad: False
    betas: (0.9, 0.999)
    capturable: False
    differentiable: False
    eps: 1e-08
    foreach: None
    fused: False
    lr: 1e-05
    maximize: False
    weight_decay: 0.0001
)
2024-12-21 13:12:58,958 - loss:      ArcFaceLoss(
  (loss): CrossEntropyLoss()
)
2024-12-21 13:12:58,958 - epochs:    15
2024-12-21 13:12:58,958 - name:      weights_0

2024-12-21 13:19:29,890 - Epoch    Loss       Val Loss   mIoU       minIoU     maxIoU     LR      
2024-12-21 13:19:29,891 - 0        14.722958  13.557644  0.273025   0.002397   0.774546   1.0e-04 , 1.0e-05 
2024-12-21 13:26:01,580 - 1        12.858448  12.884255  0.284903   0.002736   0.811333   1.0e-04 , 1.0e-05 
2024-12-21 13:26:01,580 - > saved mIoU
2024-12-21 13:32:33,537 - 2        12.179477  12.473325  0.289538   0.003909   0.820297   1.0e-04 , 1.0e-05 
2024-12-21 13:32:33,538 - > saved mIoU
2024-12-21 13:39:04,343 - 3        11.759643  12.371065  0.296815   0.003517   0.825084   1.0e-04 , 1.0e-05 
2024-12-21 13:39:04,344 - > saved mIoU
2024-12-21 13:45:35,277 - 4        11.404881  12.237131  0.298915   0.005427   0.818220   1.0e-04 , 1.0e-05 
2024-12-21 13:45:35,277 - > saved mIoU
2024-12-21 13:52:05,738 - 5        11.148461  12.138091  0.299863   0.005033   0.820720   1.0e-04 , 1.0e-05 
2024-12-21 13:52:05,738 - > saved mIoU
2024-12-21 13:58:37,163 - 6        10.942537  12.220131  0.300498   0.004988   0.815661   1.0e-04 , 1.0e-05 
2024-12-21 13:58:37,163 - > saved mIoU
2024-12-21 14:05:08,084 - 7        10.738496  12.044650  0.306232   0.006037   0.826707   1.0e-04 , 1.0e-05 
2024-12-21 14:05:08,085 - > saved mIoU
2024-12-21 14:11:39,045 - 8        10.617968  11.946058  0.307988   0.007110   0.821124   1.0e-04 , 1.0e-05 
2024-12-21 14:11:39,046 - > saved mIoU
2024-12-21 14:18:09,450 - 9        10.460562  11.996421  0.309975   0.005602   0.833430   1.0e-04 , 1.0e-05 
2024-12-21 14:18:09,450 - > saved mIoU
2024-12-21 14:24:39,931 - 10       10.351034  12.055158  0.306048   0.006029   0.818564   1.0e-04 , 1.0e-05 
2024-12-21 14:31:12,325 - 11       10.101375  12.121086  0.304686   0.006144   0.822527   1.0e-04 , 1.0e-05 
2024-12-21 14:37:41,078 - 12       10.129639  12.030002  0.308371   0.005903   0.823876   1.0e-04 , 1.0e-05 
2024-12-21 14:44:10,177 - 13       9.961145   11.950620  0.311841   0.006372   0.817573   1.0e-04 , 1.0e-05 
2024-12-21 14:44:10,177 - > saved mIoU
2024-12-21 14:50:41,897 - 14       9.917702   12.013443  0.312055   0.005657   0.824308   1.0e-04 , 1.0e-05 
2024-12-21 14:50:41,897 - > saved mIoU
2024-12-21 14:50:42,433 - Fine del training

2024-12-21 14:50:42,733 - 
Caricati i pesi in: /home/piecestola/space/ML4CV/results/train_6/ckpts/weights_mIoU_0.pt

2024-12-21 14:50:42,735 - Inizio del training
2024-12-21 14:50:42,735 - optimizer: Adam (
Parameter Group 0
    amsgrad: False
    betas: (0.9, 0.999)
    capturable: False
    differentiable: False
    eps: 1e-08
    foreach: None
    fused: False
    lr: 5e-05
    maximize: False
    weight_decay: 0.0001

Parameter Group 1
    amsgrad: False
    betas: (0.9, 0.999)
    capturable: False
    differentiable: False
    eps: 1e-08
    foreach: None
    fused: False
    lr: 5e-06
    maximize: False
    weight_decay: 0.0001
)
2024-12-21 14:50:42,735 - loss:      ArcFaceLoss(
  (loss): CrossEntropyLoss()
)
2024-12-21 14:50:42,735 - epochs:    50
2024-12-21 14:50:42,735 - name:      weights_1

2024-12-21 15:05:27,531 - Epoch    Loss       Val Loss   mIoU       minIoU     maxIoU     LR      
2024-12-21 15:05:27,531 - 0        8.465887   10.240022  0.361524   0.052439   0.848972   5.0e-05 , 5.0e-06 
2024-12-21 15:20:13,968 - 1        6.504686   9.154155   0.391547   0.055263   0.849472   5.0e-05 , 5.0e-06 
2024-12-21 15:20:13,968 - > saved mIoU
2024-12-21 15:35:01,205 - 2        5.470113   8.696704   0.413770   0.062508   0.847589   5.0e-05 , 5.0e-06 
2024-12-21 15:35:01,205 - > saved mIoU
2024-12-21 15:49:47,639 - 3        4.830172   8.249159   0.430875   0.080620   0.859590   5.0e-05 , 5.0e-06 
2024-12-21 15:49:47,640 - > saved mIoU
2024-12-21 16:04:33,547 - 4        4.252350   7.854518   0.432117   0.075610   0.851771   5.0e-05 , 5.0e-06 
2024-12-21 16:04:33,547 - > saved mIoU
2024-12-21 16:19:20,554 - 5        3.833848   7.701588   0.454438   0.150932   0.859783   5.0e-05 , 5.0e-06 
2024-12-21 16:19:20,555 - > saved mIoU
2024-12-21 16:34:06,623 - 6        3.528452   7.412697   0.457206   0.082194   0.867407   5.0e-05 , 5.0e-06 
2024-12-21 16:34:06,623 - > saved mIoU
2024-12-21 16:48:54,522 - 7        3.308805   8.073513   0.453453   0.140708   0.865626   5.0e-05 , 5.0e-06 
2024-12-21 17:03:40,832 - 8        3.059402   7.514322   0.452621   0.127075   0.861428   5.0e-05 , 5.0e-06 
2024-12-21 17:18:27,240 - 9        2.902185   7.544314   0.467790   0.180860   0.861270   5.0e-05 , 5.0e-06 
2024-12-21 17:18:27,240 - > saved mIoU
2024-12-21 17:33:15,040 - 10       2.759748   7.764191   0.465611   0.174187   0.863186   5.0e-05 , 5.0e-06 
2024-12-21 17:48:01,434 - 11       2.683067   7.448095   0.467911   0.185478   0.861495   5.0e-05 , 5.0e-06 
2024-12-21 17:48:01,434 - > saved mIoU
2024-12-21 18:02:49,582 - 12       2.526858   7.525621   0.472039   0.168094   0.869169   5.0e-05 , 5.0e-06 
2024-12-21 18:02:49,583 - > saved mIoU
2024-12-21 18:17:37,859 - 13       2.462124   7.360040   0.468639   0.156971   0.870749   2.5e-05 , 2.5e-06 
2024-12-21 18:32:24,018 - 14       2.337321   7.474118   0.474432   0.174217   0.870593   2.5e-05 , 2.5e-06 
2024-12-21 18:32:24,018 - > saved mIoU
2024-12-21 18:47:09,868 - Epoch    Loss       Val Loss   mIoU       minIoU     maxIoU     LR      
2024-12-21 18:47:09,869 - 15       2.309082   7.699835   0.477805   0.198728   0.876684   2.5e-05 , 2.5e-06 
2024-12-21 18:47:09,869 - > saved mIoU
2024-12-21 19:01:55,862 - 16       2.282638   7.387873   0.481407   0.174100   0.876710   2.5e-05 , 2.5e-06 
2024-12-21 19:01:55,862 - > saved mIoU
2024-12-21 19:16:42,525 - 17       2.231405   7.581141   0.472789   0.164372   0.873843   2.5e-05 , 2.5e-06 
2024-12-21 19:31:29,460 - 18       2.168176   7.721773   0.476723   0.219236   0.875302   2.5e-05 , 2.5e-06 
2024-12-21 19:46:15,575 - 19       2.143719   7.679762   0.490901   0.226406   0.875612   2.5e-05 , 2.5e-06 
2024-12-21 19:46:15,575 - > saved mIoU
2024-12-21 20:01:03,290 - 20       2.075276   7.879934   0.481846   0.210661   0.882482   1.3e-05 , 1.3e-06 
2024-12-21 20:15:51,072 - 21       2.060530   7.747711   0.489886   0.225140   0.879778   1.3e-05 , 1.3e-06 
2024-12-21 20:30:38,886 - 22       2.045243   7.731406   0.482669   0.223261   0.880706   1.3e-05 , 1.3e-06 
2024-12-21 20:45:26,215 - 23       2.017434   7.815144   0.484629   0.230462   0.876696   1.3e-05 , 1.3e-06 
2024-12-21 21:00:14,020 - 24       1.988186   7.881238   0.488025   0.216132   0.880509   1.3e-05 , 1.3e-06 
2024-12-21 21:15:01,227 - 25       1.964859   7.817856   0.487166   0.204669   0.878682   1.3e-05 , 1.3e-06 
2024-12-21 21:29:48,876 - 26       1.990466   7.933179   0.486848   0.203845   0.882186   6.3e-06 , 6.3e-07 
2024-12-21 21:44:35,340 - 27       1.935353   7.812298   0.491251   0.229541   0.883150   6.3e-06 , 6.3e-07 
2024-12-21 21:44:35,340 - > saved mIoU
2024-12-21 21:59:24,353 - 28       1.919942   8.097516   0.488147   0.227737   0.883211   6.3e-06 , 6.3e-07 
2024-12-21 22:14:10,273 - 29       1.901424   8.066498   0.484973   0.218872   0.881145   6.3e-06 , 6.3e-07 
2024-12-21 22:28:56,182 - Epoch    Loss       Val Loss   mIoU       minIoU     maxIoU     LR      
2024-12-21 22:28:56,182 - 30       1.927318   8.065625   0.487110   0.226156   0.882568   6.3e-06 , 6.3e-07 
2024-12-21 22:43:42,342 - 31       1.903291   7.992122   0.487541   0.199517   0.882978   6.3e-06 , 6.3e-07 
2024-12-21 22:58:29,189 - 32       1.898378   8.167366   0.491365   0.231064   0.883076   3.1e-06 , 3.1e-07 
2024-12-21 22:58:29,189 - > saved mIoU
2024-12-21 23:13:15,677 - 33       1.899764   8.094748   0.492752   0.231265   0.883208   3.1e-06 , 3.1e-07 
2024-12-21 23:13:15,678 - > saved mIoU
2024-12-21 23:28:03,258 - 34       1.895495   8.037504   0.491776   0.226536   0.883350   3.1e-06 , 3.1e-07 
2024-12-21 23:42:50,380 - 35       1.864676   8.050444   0.491365   0.228056   0.881668   3.1e-06 , 3.1e-07 
2024-12-21 23:57:37,974 - 36       1.888378   8.063508   0.493393   0.228562   0.883937   3.1e-06 , 3.1e-07 
2024-12-21 23:57:37,974 - > saved mIoU
2024-12-22 00:12:26,368 - 37       1.862791   8.037903   0.491235   0.226518   0.883853   3.1e-06 , 3.1e-07 
2024-12-22 00:27:13,337 - 38       1.853767   8.056764   0.491858   0.229072   0.885189   1.6e-06 , 1.6e-07 
2024-12-22 00:42:00,842 - 39       1.851281   8.006823   0.491435   0.227554   0.883974   1.6e-06 , 1.6e-07 
2024-12-22 00:56:48,123 - 40       1.869010   8.071706   0.493983   0.230289   0.883156   1.6e-06 , 1.6e-07 
2024-12-22 00:56:48,123 - > saved mIoU
2024-12-22 01:11:36,507 - 41       1.871691   8.105743   0.491283   0.229213   0.884234   1.6e-06 , 1.6e-07 
2024-12-22 01:26:23,525 - 42       1.842588   8.106471   0.491329   0.227273   0.883359   1.6e-06 , 1.6e-07 
2024-12-22 01:41:10,953 - 43       1.853336   7.992317   0.490474   0.223199   0.883368   1.6e-06 , 1.6e-07 
2024-12-22 01:55:56,389 - 44       1.851599   8.056277   0.492424   0.225147   0.883075   7.8e-07 , 7.8e-08 
2024-12-22 02:10:42,038 - Epoch    Loss       Val Loss   mIoU       minIoU     maxIoU     LR      
2024-12-22 02:10:42,038 - 45       1.849732   8.058476   0.491396   0.228424   0.883321   7.8e-07 , 7.8e-08 
2024-12-22 02:25:27,919 - 46       1.830840   8.174558   0.490762   0.232324   0.884408   7.8e-07 , 7.8e-08 
2024-12-22 02:40:14,939 - 47       1.856317   8.114295   0.491762   0.227207   0.884152   7.8e-07 , 7.8e-08 
2024-12-22 02:55:02,067 - 48       1.835362   7.992186   0.491494   0.224458   0.883706   7.8e-07 , 7.8e-08 
2024-12-22 03:09:49,359 - 49       1.825629   8.092127   0.491652   0.227852   0.883366   7.8e-07 , 7.8e-08 
2024-12-22 03:09:49,359 - Fine del training

