2024-12-25 11:49:21,545 - device          : cuda:0
2024-12-25 11:49:21,545 - model           : resnet101
2024-12-25 11:49:21,545 - epochs          : 50
2024-12-25 11:49:21,545 - batch           : 16
2024-12-25 11:49:21,545 - lr              : 0.0001
2024-12-25 11:49:21,546 - crop            : 512
2024-12-25 11:49:21,546 - optimizer       : adam
2024-12-25 11:49:21,546 - biases          : False
2024-12-25 11:49:21,546 - focal_loss      : 0
2024-12-25 11:49:21,546 - activation      : softmax
2024-12-25 11:49:21,546 - class_weights   : False
2024-12-25 11:49:21,546 - norm_weights    : False
2024-12-25 11:49:21,554 - Dataset Creati
2024-12-25 11:49:21,555 - Training images: 5125
2024-12-25 11:49:21,555 - Validation images: 1031

2024-12-25 11:49:21,555 - Dataloader Creati
2024-12-25 11:49:21,555 - Training batches: 320
2024-12-25 11:49:21,555 - Validation batches: 128

2024-12-25 11:49:25,157 - Model: deeplabv3plus_resnet101

2024-12-25 11:49:25,218 - Modello caricato correttamente su cuda:0

2024-12-25 11:49:25,220 - Inizio del training
2024-12-25 11:49:25,221 - optimizer: Adam (
Parameter Group 0
    amsgrad: False
    betas: (0.9, 0.999)
    capturable: False
    differentiable: False
    eps: 1e-08
    foreach: None
    fused: False
    lr: 0.0001
    maximize: False
    weight_decay: 0.0001

Parameter Group 1
    amsgrad: False
    betas: (0.9, 0.999)
    capturable: False
    differentiable: False
    eps: 1e-08
    foreach: None
    fused: False
    lr: 1e-05
    maximize: False
    weight_decay: 0.0001
)
2024-12-25 11:49:25,221 - loss:      CrossEntropyLoss()
2024-12-25 11:49:25,221 - epochs:    15
2024-12-25 11:49:25,221 - name:      weights_0

2024-12-25 11:55:46,331 - Epoch    Loss       Val Loss   mIoU       minIoU     maxIoU     LR      
2024-12-25 11:55:46,332 - 0        0.984729   0.655501   0.261429   0.000000   0.820225   1.0e-04 , 1.0e-05 
2024-12-25 12:02:04,727 - 1        0.667424   0.591856   0.298633   0.000000   0.827784   1.0e-04 , 1.0e-05 
2024-12-25 12:02:04,728 - > saved mIoU
2024-12-25 12:08:24,555 - 2        0.596525   0.585780   0.325321   0.000000   0.834698   1.0e-04 , 1.0e-05 
2024-12-25 12:08:24,555 - > saved mIoU
2024-12-25 12:14:43,312 - 3        0.566953   0.597162   0.335119   0.000000   0.842154   1.0e-04 , 1.0e-05 
2024-12-25 12:14:43,312 - > saved mIoU
2024-12-25 12:21:03,223 - 4        0.533831   0.583903   0.345536   0.000000   0.845913   1.0e-04 , 1.0e-05 
2024-12-25 12:21:03,223 - > saved mIoU
2024-12-25 12:27:21,875 - 5        0.517366   0.592019   0.349472   0.000000   0.843111   1.0e-04 , 1.0e-05 
2024-12-25 12:27:21,875 - > saved mIoU
2024-12-25 12:33:41,905 - 6        0.497810   0.589243   0.357428   0.000000   0.847229   1.0e-04 , 1.0e-05 
2024-12-25 12:33:41,906 - > saved mIoU
2024-12-25 12:40:02,970 - 7        0.479270   0.581622   0.360578   0.000000   0.844071   1.0e-04 , 1.0e-05 
2024-12-25 12:40:02,970 - > saved mIoU
2024-12-25 12:46:22,195 - 8        0.466815   0.582032   0.368723   0.000000   0.844961   1.0e-04 , 1.0e-05 
2024-12-25 12:46:22,195 - > saved mIoU
2024-12-25 12:52:42,237 - 9        0.457677   0.583781   0.370580   0.000541   0.843326   1.0e-04 , 1.0e-05 
2024-12-25 12:52:42,238 - > saved mIoU
2024-12-25 12:59:02,232 - 10       0.448963   0.585950   0.374516   0.000098   0.851890   1.0e-04 , 1.0e-05 
2024-12-25 12:59:02,233 - > saved mIoU
2024-12-25 13:05:22,508 - 11       0.444374   0.587218   0.380068   0.003691   0.847962   1.0e-04 , 1.0e-05 
2024-12-25 13:05:22,509 - > saved mIoU
2024-12-25 13:11:42,348 - 12       0.424797   0.580617   0.385491   0.019975   0.848377   1.0e-04 , 1.0e-05 
2024-12-25 13:11:42,349 - > saved mIoU
2024-12-25 13:18:03,021 - 13       0.425234   0.582711   0.383292   0.019189   0.849170   1.0e-04 , 1.0e-05 
2024-12-25 13:24:21,924 - 14       0.422324   0.603455   0.388077   0.022070   0.847550   1.0e-04 , 1.0e-05 
2024-12-25 13:24:21,924 - > saved mIoU
2024-12-25 13:24:22,389 - Fine del training

2024-12-25 13:24:22,624 - 
Caricati i pesi in: /home/piecestola/space/ML4CV/results/train_10/ckpts/weights_mIoU_0.pt

2024-12-25 13:24:22,625 - Inizio del training
2024-12-25 13:24:22,625 - optimizer: Adam (
Parameter Group 0
    amsgrad: False
    betas: (0.9, 0.999)
    capturable: False
    differentiable: False
    eps: 1e-08
    foreach: None
    fused: False
    lr: 0.0001
    maximize: False
    weight_decay: 0.0001

Parameter Group 1
    amsgrad: False
    betas: (0.9, 0.999)
    capturable: False
    differentiable: False
    eps: 1e-08
    foreach: None
    fused: False
    lr: 1e-05
    maximize: False
    weight_decay: 0.0001
)
2024-12-25 13:24:22,625 - loss:      CrossEntropyLoss()
2024-12-25 13:24:22,625 - epochs:    50
2024-12-25 13:24:22,625 - name:      weights_1

2024-12-25 13:40:16,506 - Epoch    Loss       Val Loss   mIoU       minIoU     maxIoU     LR      
2024-12-25 13:40:16,506 - 0        0.372919   0.501486   0.445143   0.051697   0.895242   1.0e-04 , 1.0e-05 
2024-12-25 13:56:12,609 - 1        0.267379   0.404687   0.510094   0.098770   0.913521   1.0e-04 , 1.0e-05 
2024-12-25 13:56:12,610 - > saved mIoU
2024-12-25 14:12:08,554 - 2        0.216053   0.380194   0.535967   0.167928   0.920902   1.0e-04 , 1.0e-05 
2024-12-25 14:12:08,555 - > saved mIoU
2024-12-25 14:28:05,367 - 3        0.180147   0.388837   0.528262   0.169139   0.922531   1.0e-04 , 1.0e-05 
2024-12-25 14:43:59,587 - 4        0.154496   0.377683   0.559870   0.233287   0.929894   1.0e-04 , 1.0e-05 
2024-12-25 14:43:59,587 - > saved mIoU
2024-12-25 14:59:54,964 - 5        0.138845   0.373642   0.569285   0.237371   0.928775   1.0e-04 , 1.0e-05 
2024-12-25 14:59:54,964 - > saved mIoU
2024-12-25 15:15:50,791 - 6        0.125801   0.362441   0.576684   0.264248   0.930748   1.0e-04 , 1.0e-05 
2024-12-25 15:15:50,791 - > saved mIoU
2024-12-25 15:31:46,401 - 7        0.117575   0.362964   0.584977   0.264016   0.929296   1.0e-04 , 1.0e-05 
2024-12-25 15:31:46,401 - > saved mIoU
2024-12-25 15:47:43,052 - 8        0.111449   0.360979   0.589367   0.226109   0.931502   1.0e-04 , 1.0e-05 
2024-12-25 15:47:43,053 - > saved mIoU
2024-12-25 16:03:38,627 - 9        0.106158   0.380582   0.573841   0.199378   0.929646   1.0e-04 , 1.0e-05 
2024-12-25 16:19:32,864 - 10       0.101908   0.349875   0.599204   0.224006   0.931186   1.0e-04 , 1.0e-05 
2024-12-25 16:19:32,865 - > saved mIoU
2024-12-25 16:35:27,742 - 11       0.096798   0.385667   0.572275   0.189580   0.928026   1.0e-04 , 1.0e-05 
2024-12-25 16:51:22,060 - 12       0.097001   0.347754   0.609347   0.213313   0.932314   1.0e-04 , 1.0e-05 
2024-12-25 16:51:22,060 - > saved mIoU
2024-12-25 17:07:17,482 - 13       0.094462   0.366185   0.590699   0.235142   0.930486   1.0e-04 , 1.0e-05 
2024-12-25 17:23:12,163 - 14       0.091794   0.330296   0.608997   0.297015   0.928440   1.0e-04 , 1.0e-05 
2024-12-25 17:39:06,349 - Epoch    Loss       Val Loss   mIoU       minIoU     maxIoU     LR      
2024-12-25 17:39:06,349 - 15       0.096015   0.368760   0.573593   0.281705   0.920781   1.0e-04 , 1.0e-05 
2024-12-25 17:55:00,515 - 16       0.103959   0.363519   0.588570   0.221109   0.935539   1.0e-04 , 1.0e-05 
2024-12-25 18:10:55,271 - 17       0.102420   0.380769   0.585122   0.258280   0.928648   1.0e-04 , 1.0e-05 
2024-12-25 18:26:49,575 - 18       0.091295   0.333799   0.623529   0.323258   0.935680   1.0e-04 , 1.0e-05 
2024-12-25 18:26:49,575 - > saved mIoU
2024-12-25 18:42:44,801 - 19       0.083678   0.338180   0.616181   0.270859   0.935799   1.0e-04 , 1.0e-05 
2024-12-25 18:58:38,202 - 20       0.080095   0.338918   0.624117   0.321760   0.936535   1.0e-04 , 1.0e-05 
2024-12-25 18:58:38,202 - > saved mIoU
2024-12-25 19:14:33,351 - 21       0.079164   0.353780   0.626803   0.327083   0.935122   5.0e-05 , 5.0e-06 
2024-12-25 19:14:33,352 - > saved mIoU
2024-12-25 19:30:28,859 - 22       0.076002   0.366291   0.627077   0.301331   0.934760   5.0e-05 , 5.0e-06 
2024-12-25 19:30:28,860 - > saved mIoU
2024-12-25 19:46:23,694 - 23       0.075063   0.380258   0.618729   0.335143   0.934737   5.0e-05 , 5.0e-06 
2024-12-25 20:02:17,873 - 24       0.073127   0.353185   0.629825   0.311101   0.937365   5.0e-05 , 5.0e-06 
2024-12-25 20:02:17,873 - > saved mIoU
2024-12-25 20:18:13,726 - 25       0.071389   0.358593   0.634073   0.326973   0.931957   5.0e-05 , 5.0e-06 
2024-12-25 20:18:13,726 - > saved mIoU
2024-12-25 20:34:08,695 - 26       0.070159   0.352263   0.630336   0.335138   0.935625   5.0e-05 , 5.0e-06 
2024-12-25 20:50:05,302 - 27       0.070675   0.372381   0.632256   0.324701   0.932429   2.5e-05 , 2.5e-06 
2024-12-25 21:05:58,809 - 28       0.069267   0.355466   0.633764   0.348254   0.934067   2.5e-05 , 2.5e-06 
2024-12-25 21:21:52,546 - 29       0.068107   0.374598   0.634756   0.300340   0.930983   2.5e-05 , 2.5e-06 
2024-12-25 21:21:52,546 - > saved mIoU
2024-12-25 21:37:48,361 - Epoch    Loss       Val Loss   mIoU       minIoU     maxIoU     LR      
2024-12-25 21:37:48,361 - 30       0.067880   0.362111   0.635709   0.339495   0.934071   2.5e-05 , 2.5e-06 
2024-12-25 21:37:48,362 - > saved mIoU
2024-12-25 21:53:44,151 - 31       0.066941   0.352887   0.633295   0.281280   0.933219   2.5e-05 , 2.5e-06 
2024-12-25 22:09:38,300 - 32       0.066532   0.370098   0.625061   0.354350   0.932005   2.5e-05 , 2.5e-06 
2024-12-25 22:25:33,206 - 33       0.066476   0.366711   0.638048   0.321070   0.935271   1.3e-05 , 1.3e-06 
2024-12-25 22:25:33,206 - > saved mIoU
2024-12-25 22:41:28,716 - 34       0.064660   0.371676   0.639151   0.330167   0.937330   1.3e-05 , 1.3e-06 
2024-12-25 22:41:28,717 - > saved mIoU
2024-12-25 22:57:24,247 - 35       0.063292   0.372914   0.638459   0.327517   0.937840   1.3e-05 , 1.3e-06 
2024-12-25 23:13:18,699 - 36       0.063095   0.373562   0.640294   0.341272   0.938047   1.3e-05 , 1.3e-06 
2024-12-25 23:13:18,699 - > saved mIoU
2024-12-25 23:29:15,140 - 37       0.063350   0.360756   0.643058   0.333229   0.938535   1.3e-05 , 1.3e-06 
2024-12-25 23:29:15,141 - > saved mIoU
2024-12-25 23:45:12,786 - 38       0.062679   0.367443   0.644106   0.343912   0.938237   1.3e-05 , 1.3e-06 
2024-12-25 23:45:12,786 - > saved mIoU
2024-12-26 00:01:08,150 - 39       0.062456   0.376001   0.640901   0.346561   0.937404   6.3e-06 , 6.3e-07 
2024-12-26 00:17:03,413 - 40       0.061503   0.372903   0.643135   0.344311   0.937661   6.3e-06 , 6.3e-07 
2024-12-26 00:32:58,805 - 41       0.061566   0.369887   0.643729   0.342222   0.938506   6.3e-06 , 6.3e-07 
2024-12-26 00:48:52,418 - 42       0.061020   0.377785   0.642996   0.345422   0.937850   6.3e-06 , 6.3e-07 
2024-12-26 01:04:46,188 - 43       0.061276   0.371872   0.641664   0.341921   0.937632   6.3e-06 , 6.3e-07 
2024-12-26 01:20:40,267 - 44       0.060691   0.371839   0.641576   0.352656   0.938647   6.3e-06 , 6.3e-07 
2024-12-26 01:36:33,661 - Epoch    Loss       Val Loss   mIoU       minIoU     maxIoU     LR      
2024-12-26 01:36:33,662 - 45       0.060510   0.369528   0.640775   0.344533   0.938648   3.1e-06 , 3.1e-07 
2024-12-26 01:52:27,512 - 46       0.060465   0.371226   0.639574   0.350957   0.938893   3.1e-06 , 3.1e-07 
2024-12-26 02:08:23,131 - 47       0.060384   0.373947   0.639805   0.347914   0.938439   3.1e-06 , 3.1e-07 
2024-12-26 02:24:18,534 - 48       0.060185   0.365951   0.640803   0.343357   0.938046   3.1e-06 , 3.1e-07 
2024-12-26 02:40:12,622 - 49       0.059996   0.373753   0.640289   0.345864   0.938181   3.1e-06 , 3.1e-07 
2024-12-26 02:40:12,622 - Fine del training

