2025-01-09 22:53:07,804 - device          : cuda:0
2025-01-09 22:53:07,804 - model           : resnet101
2025-01-09 22:53:07,804 - mlp             : 0
2025-01-09 22:53:07,804 - vae             : False
2025-01-09 22:53:07,805 - epochs          : 50
2025-01-09 22:53:07,805 - batch           : 32
2025-01-09 22:53:07,805 - lr              : 0.0001
2025-01-09 22:53:07,805 - crop            : 512
2025-01-09 22:53:07,805 - optimizer       : adam
2025-01-09 22:53:07,805 - biases          : False
2025-01-09 22:53:07,805 - focal_loss      : 0
2025-01-09 22:53:07,805 - activation      : softmax
2025-01-09 22:53:07,805 - class_weights   : False
2025-01-09 22:53:07,805 - norm_weights    : False
2025-01-09 22:53:07,805 - p               : 0.3
2025-01-09 22:53:07,813 - Dataset Creati
2025-01-09 22:53:07,813 - Training images: 5125
2025-01-09 22:53:07,813 - Validation images: 1031

2025-01-09 22:53:07,813 - Dataloader Creati
2025-01-09 22:53:07,813 - Training batches: 160
2025-01-09 22:53:07,814 - Validation batches: 128

2025-01-09 22:53:11,341 - Model: deeplabv3plus_resnet101

2025-01-09 22:53:11,410 - Modello caricato correttamente su cuda:0

2025-01-09 22:53:11,413 - Inizio del training
2025-01-09 22:53:11,413 - optimizer: Adam (
Parameter Group 0
    amsgrad: False
    betas: (0.9, 0.999)
    capturable: False
    differentiable: False
    eps: 1e-08
    foreach: None
    fused: False
    lr: 0.0001
    maximize: False
    weight_decay: 0.0001

Parameter Group 1
    amsgrad: False
    betas: (0.9, 0.999)
    capturable: False
    differentiable: False
    eps: 1e-08
    foreach: None
    fused: False
    lr: 1e-05
    maximize: False
    weight_decay: 0.0001
)
2025-01-09 22:53:11,413 - loss:      CrossEntropyLoss()
2025-01-09 22:53:11,413 - epochs:    15
2025-01-09 22:53:11,414 - name:      weights_0

2025-01-09 23:01:58,999 - Epoch    Loss       Val Loss   mIoU       minIoU     maxIoU     LR      
2025-01-09 23:01:58,999 - 0        2.166567   1.544921   0.143614   0.000001   0.638018   1.0e-04 , 1.0e-05 
2025-01-09 23:11:12,597 - 1        1.814917   1.384880   0.166797   0.000328   0.668209   1.0e-04 , 1.0e-05 
2025-01-09 23:11:12,598 - > saved mIoU
2025-01-09 23:20:21,367 - 2        1.722122   1.407427   0.172319   0.003066   0.663916   1.0e-04 , 1.0e-05 
2025-01-09 23:20:21,367 - > saved mIoU
2025-01-09 23:29:29,145 - 3        1.654277   1.456219   0.187090   0.004162   0.669528   1.0e-04 , 1.0e-05 
2025-01-09 23:29:29,146 - > saved mIoU
2025-01-09 23:38:41,150 - 4        1.614122   1.491885   0.197333   0.003658   0.671021   1.0e-04 , 1.0e-05 
2025-01-09 23:38:41,150 - > saved mIoU
2025-01-09 23:47:50,820 - 5        1.601136   1.419822   0.200663   0.005586   0.679837   1.0e-04 , 1.0e-05 
2025-01-09 23:47:50,821 - > saved mIoU
2025-01-09 23:57:01,770 - 6        1.575252   1.299903   0.210928   0.008235   0.666208   1.0e-04 , 1.0e-05 
2025-01-09 23:57:01,770 - > saved mIoU
2025-01-10 00:06:14,441 - 7        1.548628   1.268147   0.211348   0.013847   0.676574   1.0e-04 , 1.0e-05 
2025-01-10 00:06:14,442 - > saved mIoU
2025-01-10 00:15:20,190 - 8        1.524884   1.296747   0.217593   0.007108   0.677838   1.0e-04 , 1.0e-05 
2025-01-10 00:15:20,191 - > saved mIoU
2025-01-10 00:24:37,200 - 9        1.512016   1.219713   0.219523   0.013976   0.673093   1.0e-04 , 1.0e-05 
2025-01-10 00:24:37,201 - > saved mIoU
2025-01-10 00:33:41,503 - 10       1.494130   1.268069   0.220892   0.015484   0.671224   1.0e-04 , 1.0e-05 
2025-01-10 00:33:41,503 - > saved mIoU
2025-01-10 00:42:41,213 - 11       1.487269   1.350852   0.219449   0.009150   0.666760   1.0e-04 , 1.0e-05 
2025-01-10 00:51:44,185 - 12       1.472876   1.290235   0.231413   0.016507   0.677646   1.0e-04 , 1.0e-05 
2025-01-10 00:51:44,186 - > saved mIoU
2025-01-10 01:00:46,625 - 13       1.452053   1.323967   0.228629   0.014270   0.679722   1.0e-04 , 1.0e-05 
2025-01-10 01:09:45,196 - 14       1.455795   1.408212   0.216241   0.007715   0.668542   1.0e-04 , 1.0e-05 
2025-01-10 01:09:45,196 - Fine del training

2025-01-10 01:09:45,476 - 
Caricati i pesi in: /raid/homespace/piecestola/space/ML4CV/results/train_1/ckpts/weights_mIoU_0.pt

2025-01-10 01:09:45,478 - Inizio del training
2025-01-10 01:09:45,478 - optimizer: Adam (
Parameter Group 0
    amsgrad: False
    betas: (0.9, 0.999)
    capturable: False
    differentiable: False
    eps: 1e-08
    foreach: None
    fused: False
    lr: 0.0001
    maximize: False
    weight_decay: 0.0001

Parameter Group 1
    amsgrad: False
    betas: (0.9, 0.999)
    capturable: False
    differentiable: False
    eps: 1e-08
    foreach: None
    fused: False
    lr: 1e-05
    maximize: False
    weight_decay: 0.0001
)
2025-01-10 01:09:45,478 - loss:      CrossEntropyLoss()
2025-01-10 01:09:45,478 - epochs:    50
2025-01-10 01:09:45,478 - name:      weights_1

2025-01-10 01:18:41,992 - Epoch    Loss       Val Loss   mIoU       minIoU     maxIoU     LR      
2025-01-10 01:18:41,993 - 0        1.414958   0.965971   0.282196   0.020576   0.754214   1.0e-04 , 1.0e-05 
2025-01-10 01:27:45,437 - 1        1.236231   0.926291   0.295444   0.011214   0.793265   1.0e-04 , 1.0e-05 
2025-01-10 01:27:45,437 - > saved mIoU
2025-01-10 01:36:51,470 - 2        1.114785   1.141362   0.286593   0.003187   0.749483   1.0e-04 , 1.0e-05 
2025-01-10 01:36:51,470 - > saved minIoU
2025-01-10 01:45:46,517 - 3        1.018106   1.243570   0.276424   0.002802   0.731403   1.0e-04 , 1.0e-05 
2025-01-10 01:45:46,517 - > saved minIoU
2025-01-10 01:54:45,417 - 4        0.929828   1.055979   0.283038   0.005376   0.754656   1.0e-04 , 1.0e-05 
2025-01-10 02:03:46,304 - 5        0.853255   1.172254   0.289540   0.004806   0.739295   1.0e-04 , 1.0e-05 
2025-01-10 02:12:52,095 - 6        0.787331   1.003019   0.301260   0.008524   0.725565   1.0e-04 , 1.0e-05 
2025-01-10 02:12:52,095 - > saved mIoU
2025-01-10 02:21:57,347 - 7        0.737707   1.031686   0.297456   0.010534   0.742690   1.0e-04 , 1.0e-05 
2025-01-10 02:30:57,625 - 8        0.687712   1.182705   0.306999   0.027644   0.753864   5.0e-05 , 5.0e-06 
2025-01-10 02:30:57,626 - > saved mIoU
2025-01-10 02:39:56,587 - 9        0.652483   1.313439   0.295715   0.021767   0.730776   5.0e-05 , 5.0e-06 
2025-01-10 02:49:03,687 - 10       0.617076   1.291032   0.300080   0.018493   0.754929   5.0e-05 , 5.0e-06 
2025-01-10 02:58:06,793 - 11       0.586089   1.233042   0.311911   0.016157   0.746964   5.0e-05 , 5.0e-06 
2025-01-10 02:58:06,794 - > saved mIoU
2025-01-10 03:07:08,953 - 12       0.566594   1.139479   0.308287   0.019407   0.748527   5.0e-05 , 5.0e-06 
2025-01-10 03:16:16,730 - 13       0.546910   1.288817   0.291979   0.018606   0.740117   5.0e-05 , 5.0e-06 
2025-01-10 03:25:11,426 - 14       0.529817   1.437622   0.281114   0.026897   0.731180   2.5e-05 , 2.5e-06 
2025-01-10 03:34:04,892 - Epoch    Loss       Val Loss   mIoU       minIoU     maxIoU     LR      
2025-01-10 03:34:04,893 - 15       0.506520   1.311078   0.293825   0.021888   0.730881   2.5e-05 , 2.5e-06 
2025-01-10 03:42:50,418 - 16       0.499545   1.517467   0.278390   0.040110   0.718246   2.5e-05 , 2.5e-06 
2025-01-10 03:51:33,238 - 17       0.488326   1.376118   0.288145   0.027146   0.731230   2.5e-05 , 2.5e-06 
2025-01-10 04:00:27,540 - 18       0.478451   1.751713   0.276782   0.036641   0.723208   2.5e-05 , 2.5e-06 
2025-01-10 04:09:16,286 - 19       0.468902   1.388399   0.287205   0.030931   0.748363   2.5e-05 , 2.5e-06 
2025-01-10 04:18:17,000 - 20       0.452992   1.722239   0.270386   0.018578   0.717011   1.3e-05 , 1.3e-06 
2025-01-10 04:27:10,201 - 21       0.447150   1.584156   0.272903   0.028601   0.720206   1.3e-05 , 1.3e-06 
2025-01-10 04:36:03,772 - 22       0.452792   1.489785   0.274426   0.018896   0.730017   1.3e-05 , 1.3e-06 
2025-01-10 04:45:02,827 - 23       0.440961   1.692316   0.271333   0.025075   0.714087   1.3e-05 , 1.3e-06 
2025-01-10 04:53:52,822 - 24       0.439596   1.700045   0.270471   0.017870   0.714681   1.3e-05 , 1.3e-06 
2025-01-10 05:02:46,842 - 25       0.429034   1.577067   0.272820   0.016539   0.723574   1.3e-05 , 1.3e-06 
2025-01-10 05:11:53,902 - 26       0.422826   1.398979   0.279508   0.013960   0.726030   6.3e-06 , 6.3e-07 
2025-01-10 05:21:05,194 - 27       0.421008   1.530143   0.271866   0.019253   0.722439   6.3e-06 , 6.3e-07 
2025-01-10 05:30:10,043 - 28       0.415792   1.730367   0.270037   0.018365   0.700979   6.3e-06 , 6.3e-07 
2025-01-10 05:39:11,940 - 29       0.417084   1.521101   0.270139   0.018659   0.700387   6.3e-06 , 6.3e-07 
2025-01-10 05:48:16,672 - Epoch    Loss       Val Loss   mIoU       minIoU     maxIoU     LR      
2025-01-10 05:48:16,672 - 30       0.423901   1.544999   0.275529   0.021495   0.713965   6.3e-06 , 6.3e-07 
2025-01-10 05:57:28,260 - 31       0.413216   1.562981   0.270218   0.027306   0.694086   6.3e-06 , 6.3e-07 
2025-01-10 06:06:19,122 - 32       0.410582   1.395169   0.277500   0.027677   0.716820   3.1e-06 , 3.1e-07 
2025-01-10 06:15:06,589 - 33       0.407753   1.398893   0.279743   0.029313   0.721274   3.1e-06 , 3.1e-07 
2025-01-10 06:23:59,327 - 34       0.405839   1.319022   0.282658   0.024318   0.715764   3.1e-06 , 3.1e-07 
2025-01-10 06:32:49,495 - 35       0.406871   1.404359   0.275955   0.030140   0.705523   3.1e-06 , 3.1e-07 
2025-01-10 06:41:42,127 - 36       0.405265   1.365286   0.275272   0.019663   0.712855   3.1e-06 , 3.1e-07 
2025-01-10 06:50:27,935 - 37       0.402943   1.420926   0.271089   0.025231   0.704221   3.1e-06 , 3.1e-07 
2025-01-10 06:59:14,893 - 38       0.400345   1.826221   0.266731   0.019786   0.689270   1.6e-06 , 1.6e-07 
2025-01-10 07:08:09,815 - 39       0.400727   1.473181   0.273293   0.023672   0.703546   1.6e-06 , 1.6e-07 
2025-01-10 07:16:57,434 - 40       0.400684   1.459270   0.276110   0.025370   0.709308   1.6e-06 , 1.6e-07 
2025-01-10 07:25:45,282 - 41       0.398933   1.374265   0.278519   0.022577   0.722377   1.6e-06 , 1.6e-07 
2025-01-10 07:34:31,360 - 42       0.394470   1.408105   0.277984   0.023873   0.719209   1.6e-06 , 1.6e-07 
2025-01-10 07:43:16,558 - 43       0.398925   1.338200   0.276456   0.024948   0.719017   1.6e-06 , 1.6e-07 
2025-01-10 07:52:11,129 - 44       0.395521   1.366080   0.276143   0.027468   0.719115   7.8e-07 , 7.8e-08 
2025-01-10 08:01:07,009 - Epoch    Loss       Val Loss   mIoU       minIoU     maxIoU     LR      
2025-01-10 08:01:07,010 - 45       0.393621   1.446806   0.272719   0.026730   0.707049   7.8e-07 , 7.8e-08 
2025-01-10 08:10:02,202 - 46       0.395799   1.439855   0.278049   0.024627   0.715764   7.8e-07 , 7.8e-08 
2025-01-10 08:18:57,727 - 47       0.396264   1.498489   0.270837   0.025291   0.705372   7.8e-07 , 7.8e-08 
2025-01-10 08:27:45,154 - 48       0.396330   1.419707   0.271953   0.027906   0.721034   7.8e-07 , 7.8e-08 
2025-01-10 08:36:42,789 - 49       0.401915   1.436510   0.273162   0.033232   0.715270   7.8e-07 , 7.8e-08 
2025-01-10 08:36:42,790 - Fine del training

